<Event xmlns="http://schemas.microsoft.com/win/2004/08/events/event"><System><Provider Name="Microsoft-Windows-Power-Troubleshooter" Guid="{cdc05e28-c449-49c6-b9d2-88cf761644df}"></Provider>
<EventID Qualifiers="">1</EventID>
<Version>3</Version>
<Level>4</Level>
<Task>0</Task>
<Opcode>0</Opcode>
<Keywords>0x8000000000000000</Keywords>
<TimeCreated SystemTime="2024-06-29 18:10:43.652048+00:00"></TimeCreated>
<EventRecordID>300420</EventRecordID>
<Correlation ActivityID="{a6f6c80f-36c0-4d3f-9f02-c39fb7af2993}" RelatedActivityID=""></Correlation>
<Execution ProcessID="5600" ThreadID="20804"></Execution>
<Channel>System</Channel>
<Computer>DESKTOP-LLF4HB6</Computer>
<Security UserID="S-1-5-19"></Security>
</System>
<EventData><Data Name="SleepTime">2024-06-29 17:44:32.604750+00:00</Data>
<Data Name="WakeTime">2024-06-29 18:10:42.204844+00:00</Data>
<Data Name="SleepDuration">2848</Data>
<Data Name="WakeDuration">703</Data>
<Data Name="DriverInitDuration">682</Data>
<Data Name="BiosInitDuration">1786</Data>
<Data Name="HiberWriteDuration">0</Data>
<Data Name="HiberReadDuration">0</Data>
<Data Name="HiberPagesWritten">0</Data>
<Data Name="Attributes">1912621088</Data>
<Data Name="TargetState">4</Data>
<Data Name="EffectiveState">4</Data>
<Data Name="WakeSourceType">1</Data>
<Data Name="WakeSourceTextLength">0</Data>
<Data Name="WakeSourceText"></Data>
<Data Name="WakeTimerOwnerLength">0</Data>
<Data Name="WakeTimerContextLength">0</Data>
<Data Name="NoMultiStageResumeReason">0</Data>
<Data Name="WakeTimerOwner"></Data>
<Data Name="WakeTimerContext"></Data>
<Data Name="CheckpointDuration">48</Data>
</EventData>
</Event>

<Event xmlns="http://schemas.microsoft.com/win/2004/08/events/event"><System><Provider Name="Netwtw10"></Provider>
<EventID Qualifiers="16384">7021</EventID>
<Version>0</Version>
<Level>4</Level>
<Task>0</Task>
<Opcode>0</Opcode>
<Keywords>0x0080000000000000</Keywords>
<TimeCreated SystemTime="2024-06-29 18:10:44.397879+00:00"></TimeCreated>
<EventRecordID>300421</EventRecordID>
<Correlation ActivityID="" RelatedActivityID=""></Correlation>
<Execution ProcessID="4" ThreadID="9960"></Execution>
<Channel>System</Channel>
<Computer>DESKTOP-LLF4HB6</Computer>
<Security UserID=""></Security>
</System>
<EventData><Data>&lt;string&gt;&lt;/string&gt;
</Data>
<Binary>AACAAAEArAAAAAAAbRsAQAAAAAAAAAAAAAAAAAAAAAAAAAAAAAAAAAAAAAAHAAAACgAAAKyExutyzgAAM3JkIEZsb29yIAAAAAAAAAAAAAAAAAAAAAAAAAAAAACXpQ8Au1EwAQEAAAABAAAABQAAAAEAAAAAAAAAAAAAAAAAAAAAAAAAAAAAAAAAAAAAAAAAAwcG2AIAAAAwMAcBAgEAAAAAAAAAAAAA</Binary>
</EventData>
</Event>

<Event xmlns="http://schemas.microsoft.com/win/2004/08/events/event"><System><Provider Name="Netwtw10"></Provider>
<EventID Qualifiers="16384">7021</EventID>
<Version>0</Version>
<Level>4</Level>
<Task>0</Task>
<Opcode>0</Opcode>
<Keywords>0x0080000000000000</Keywords>
<TimeCreated SystemTime="2024-06-29 18:10:56.969364+00:00"></TimeCreated>
<EventRecordID>300422</EventRecordID>
<Correlation ActivityID="" RelatedActivityID=""></Correlation>
<Execution ProcessID="4" ThreadID="5704"></Execution>
<Channel>System</Channel>
<Computer>DESKTOP-LLF4HB6</Computer>
<Security UserID=""></Security>
</System>
<EventData><Data>&lt;string&gt;&lt;/string&gt;
</Data>
<Binary>AACAAAEArAAAAAAAbRsAQAAAAAAAAAAAAAAAAAAAAAAAAAAAAAAAAAAAAAAHAAAACgAAAKyExutyzgAAM3JkIEZsb29yIAAAAAAAAAAAAAAAAAAAAAAAAAAAAAAuSxUAZpOuCAEAAAABAAAABwAAAAEAAAAAAAAAAAAAAAAAAAAAAAAAAAAAAAAAAAAAAAAAAwcG0wIAAABVQQcBAgEAAAAAAAAAAAAA</Binary>
</EventData>
</Event>

<Event xmlns="http://schemas.microsoft.com/win/2004/08/events/event"><System><Provider Name="nhi"></Provider>
<EventID Qualifiers="16388">9007</EventID>
<Version>0</Version>
<Level>4</Level>
<Task>0</Task>
<Opcode>0</Opcode>
<Keywords>0x0080000000000000</Keywords>
<TimeCreated SystemTime="2024-06-29 18:10:58.897579+00:00"></TimeCreated>
<EventRecordID>300423</EventRecordID>
<Correlation ActivityID="" RelatedActivityID=""></Correlation>
<Execution ProcessID="4" ThreadID="20832"></Execution>
<Channel>System</Channel>
<Computer>DESKTOP-LLF4HB6</Computer>
<Security UserID=""></Security>
</System>
<EventData><Data>&lt;string&gt;&lt;/string&gt;
</Data>
<Binary>AAAAAAEAAAAAAAAALyMEQAAAAAAAAAAAAAAAAAAAAAAAAAAAAAAAAA==</Binary>
</EventData>
</Event>

<Event xmlns="http://schemas.microsoft.com/win/2004/08/events/event"><System><Provider Name="Netwtw10"></Provider>
<EventID Qualifiers="16384">7021</EventID>
<Version>0</Version>
<Level>4</Level>
<Task>0</Task>
<Opcode>0</Opcode>
<Keywords>0x0080000000000000</Keywords>
<TimeCreated SystemTime="2024-06-29 18:11:15.399565+00:00"></TimeCreated>
<EventRecordID>300424</EventRecordID>
<Correlation ActivityID="" RelatedActivityID=""></Correlation>
<Execution ProcessID="4" ThreadID="21696"></Execution>
<Channel>System</Channel>
<Computer>DESKTOP-LLF4HB6</Computer>
<Security UserID=""></Security>
</System>
<EventData><Data>&lt;string&gt;&lt;/string&gt;
</Data>
<Binary>AACAAAEArAAAAAAAbRsAQAAAAAAAAAAAAAAAAAAAAAAAAAAAAAAAAAAAAAAHAAAACgAAAKyExutyzgAAM3JkIEZsb29yIAAAAAAAAAAAAAAAAAAAAAAAAAAAAAAvOAwAF82qEwEAAAABAAAABwAAAAEAAAAAAAAAAAAAAAAAAAAAAAAAAAAAAAAAAAAAAAAAAwcG1wIAAABVQQcBAgEAAAAAAAAAAAAA</Binary>
</EventData>
</Event>

<Event xmlns="http://schemas.microsoft.com/win/2004/08/events/event"><System><Provider Name="Netwtw10"></Provider>
<EventID Qualifiers="32768">6062</EventID>
<Version>0</Version>
<Level>3</Level>
<Task>0</Task>
<Opcode>0</Opcode>
<Keywords>0x0080000000000000</Keywords>
<TimeCreated SystemTime="2024-06-29 18:11:21.052629+00:00"></TimeCreated>
<EventRecordID>300425</EventRecordID>
<Correlation ActivityID="" RelatedActivityID=""></Correlation>
<Execution ProcessID="4" ThreadID="19140"></Execution>
<Channel>System</Channel>
<Computer>DESKTOP-LLF4HB6</Computer>
<Security UserID=""></Security>
</System>
<EventData><Data>&lt;string&gt;\Device\NDMP6&lt;/string&gt;
&lt;string&gt;Intel(R) Wi-Fi 6 AX200 160MHz&lt;/string&gt;
</Data>
<Binary>AAAAAAIAMAAAAAAArhcAgAAAAAAAAAAAAAAAAAAAAAAAAAAAAAAAAA==</Binary>
</EventData>
</Event>

<Event xmlns="http://schemas.microsoft.com/win/2004/08/events/event"><System><Provider Name="Microsoft-Windows-DNS-Client" Guid="{1c95126e-7eea-49a9-a3fe-a378b03ddb4d}"></Provider>
<EventID Qualifiers="">1014</EventID>
<Version>1</Version>
<Level>3</Level>
<Task>1014</Task>
<Opcode>0</Opcode>
<Keywords>0x4000000010000000</Keywords>
<TimeCreated SystemTime="2024-06-29 18:11:33.464533+00:00"></TimeCreated>
<EventRecordID>300426</EventRecordID>
<Correlation ActivityID="" RelatedActivityID=""></Correlation>
<Execution ProcessID="2540" ThreadID="21756"></Execution>
<Channel>System</Channel>
<Computer>DESKTOP-LLF4HB6</Computer>
<Security UserID="S-1-5-20"></Security>
</System>
<EventData><Data Name="QueryName">www.bing.com</Data>
<Data Name="AddressLength">128</Data>
<Data Name="Address">AgAAAMCoAAEAAAAAAAAAAAAAAAAAAAAAAAAAAAAAAAAAAAAAAAAAAAAAAAAAAAAAAAAAAAAAAAAAAAAAAAAAAAAAAAAAAAAAAAAAAAAAAAAAAAAAAAAAAAAAAAAAAAAAAAAAAAAAAAAAAAAAAAAAAAAAAAAAAAAAAAAAAAAAAAA=</Data>
<Data Name="ClientPID">9112</Data>
</EventData>
</Event>

<Event xmlns="http://schemas.microsoft.com/win/2004/08/events/event"><System><Provider Name="Netwtw10"></Provider>
<EventID Qualifiers="16384">7021</EventID>
<Version>0</Version>
<Level>4</Level>
<Task>0</Task>
<Opcode>0</Opcode>
<Keywords>0x0080000000000000</Keywords>
<TimeCreated SystemTime="2024-06-29 18:20:54.672522+00:00"></TimeCreated>
<EventRecordID>300427</EventRecordID>
<Correlation ActivityID="" RelatedActivityID=""></Correlation>
<Execution ProcessID="4" ThreadID="9684"></Execution>
<Channel>System</Channel>
<Computer>DESKTOP-LLF4HB6</Computer>
<Security UserID=""></Security>
</System>
<EventData><Data>&lt;string&gt;&lt;/string&gt;
</Data>
<Binary>AACAAAEArAAAAAAAbRsAQAAAAAAAAAAAAAAAAAAAAAAAAAAAAAAAAAAAAAAHAAAACgAAAKyExutyzgAAM3JkIEZsb29yIAAAAAAAAAAAAAAAAAAAAAAAAAAAAAAg6g0A8NbwbAEAAAABAAAACQAAAAEAAABUUC1MaW5rAFRMLVdSODQANi4wAAAAAAAAAAAAAwcG1gMAAABVQQcBAgEAAAAAAAAAAAAA</Binary>
</EventData>
</Event>

<Event xmlns="http://schemas.microsoft.com/win/2004/08/events/event"><System><Provider Name="Netwtw10"></Provider>
<EventID Qualifiers="16384">7021</EventID>
<Version>0</Version>
<Level>4</Level>
<Task>0</Task>
<Opcode>0</Opcode>
<Keywords>0x0080000000000000</Keywords>
<TimeCreated SystemTime="2024-06-29 18:21:01.102909+00:00"></TimeCreated>
<EventRecordID>300428</EventRecordID>
<Correlation ActivityID="" RelatedActivityID=""></Correlation>
<Execution ProcessID="4" ThreadID="20256"></Execution>
<Channel>System</Channel>
<Computer>DESKTOP-LLF4HB6</Computer>
<Security UserID=""></Security>
</System>
<EventData><Data>&lt;string&gt;&lt;/string&gt;
</Data>
<Binary>AACAAAEArAAAAAAAbRsAQAAAAAAAAAAAAAAAAAAAAAAAAAAAAAAAAAAAAAAHAAAACgAAAKyExutyzgAAM3JkIEZsb29yIAAAAAAAAAAAAAAAAAAAAAAAAAAAAAAkbhAABArGcAEAAAABAAAACQAAAAEAAABUUC1MaW5rAFRMLVdSODQANi4wAAAAAAAAAAAAAwcG2QMAAABVQQcBAgEAAAAAAAAAAAAA</Binary>
</EventData>
</Event>

<Event xmlns="http://schemas.microsoft.com/win/2004/08/events/event"><System><Provider Name="Microsoft-Windows-DNS-Client" Guid="{1c95126e-7eea-49a9-a3fe-a378b03ddb4d}"></Provider>
<EventID Qualifiers="">1014</EventID>
<Version>1</Version>
<Level>3</Level>
<Task>1014</Task>
<Opcode>0</Opcode>
<Keywords>0x4000000010000000</Keywords>
<TimeCreated SystemTime="2024-06-29 18:21:02.377394+00:00"></TimeCreated>
<EventRecordID>300429</EventRecordID>
<Correlation ActivityID="" RelatedActivityID=""></Correlation>
<Execution ProcessID="2540" ThreadID="20852"></Execution>
<Channel>System</Channel>
<Computer>DESKTOP-LLF4HB6</Computer>
<Security UserID="S-1-5-20"></Security>
</System>
<EventData><Data Name="QueryName">www.googleadservices.com</Data>
<Data Name="AddressLength">128</Data>
<Data Name="Address">AgAAAMCoAAEAAAAAAAAAAAAAAAAAAAAAAAAAAAAAAAAAAAAAAAAAAAAAAAAAAAAAAAAAAAAAAAAAAAAAAAAAAAAAAAAAAAAAAAAAAAAAAAAAAAAAAAAAAAAAAAAAAAAAAAAAAAAAAAAAAAAAAAAAAAAAAAAAAAAAAAAAAAAAAAA=</Data>
<Data Name="ClientPID">12820</Data>
</EventData>
</Event>

<Event xmlns="http://schemas.microsoft.com/win/2004/08/events/event"><System><Provider Name="Netwtw10"></Provider>
<EventID Qualifiers="32768">6062</EventID>
<Version>0</Version>
<Level>3</Level>
<Task>0</Task>
<Opcode>0</Opcode>
<Keywords>0x0080000000000000</Keywords>
<TimeCreated SystemTime="2024-06-29 18:21:05.570112+00:00"></TimeCreated>
<EventRecordID>300430</EventRecordID>
<Correlation ActivityID="" RelatedActivityID=""></Correlation>
<Execution ProcessID="4" ThreadID="20256"></Execution>
<Channel>System</Channel>
<Computer>DESKTOP-LLF4HB6</Computer>
<Security UserID=""></Security>
</System>
<EventData><Data>&lt;string&gt;\Device\NDMP6&lt;/string&gt;
&lt;string&gt;Intel(R) Wi-Fi 6 AX200 160MHz&lt;/string&gt;
</Data>
<Binary>AAAAAAIAMAAAAAAArhcAgAAAAAAAAAAAAAAAAAAAAAAAAAAAAAAAAA==</Binary>
</EventData>
</Event>

<Event xmlns="http://schemas.microsoft.com/win/2004/08/events/event"><System><Provider Name="Microsoft-Windows-DNS-Client" Guid="{1c95126e-7eea-49a9-a3fe-a378b03ddb4d}"></Provider>
<EventID Qualifiers="">1014</EventID>
<Version>1</Version>
<Level>3</Level>
<Task>1014</Task>
<Opcode>0</Opcode>
<Keywords>0x4000000010000000</Keywords>
<TimeCreated SystemTime="2024-06-29 18:21:08.046083+00:00"></TimeCreated>
<EventRecordID>300431</EventRecordID>
<Correlation ActivityID="" RelatedActivityID=""></Correlation>
<Execution ProcessID="2540" ThreadID="20216"></Execution>
<Channel>System</Channel>
<Computer>DESKTOP-LLF4HB6</Computer>
<Security UserID="S-1-5-20"></Security>
</System>
<EventData><Data Name="QueryName">ade.googlesyndication.com</Data>
<Data Name="AddressLength">128</Data>
<Data Name="Address">AgAAAMCoAAEAAAAAAAAAAAAAAAAAAAAAAAAAAAAAAAAAAAAAAAAAAAAAAAAAAAAAAAAAAAAAAAAAAAAAAAAAAAAAAAAAAAAAAAAAAAAAAAAAAAAAAAAAAAAAAAAAAAAAAAAAAAAAAAAAAAAAAAAAAAAAAAAAAAAAAAAAAAAAAAA=</Data>
<Data Name="ClientPID">12820</Data>
</EventData>
</Event>

<Event xmlns="http://schemas.microsoft.com/win/2004/08/events/event"><System><Provider Name="Microsoft-Windows-DNS-Client" Guid="{1c95126e-7eea-49a9-a3fe-a378b03ddb4d}"></Provider>
<EventID Qualifiers="">1014</EventID>
<Version>1</Version>
<Level>3</Level>
<Task>1014</Task>
<Opcode>0</Opcode>
<Keywords>0x4000000010000000</Keywords>
<TimeCreated SystemTime="2024-06-29 18:21:20.927183+00:00"></TimeCreated>
<EventRecordID>300432</EventRecordID>
<Correlation ActivityID="" RelatedActivityID=""></Correlation>
<Execution ProcessID="2540" ThreadID="14580"></Execution>
<Channel>System</Channel>
<Computer>DESKTOP-LLF4HB6</Computer>
<Security UserID="S-1-5-20"></Security>
</System>
<EventData><Data Name="QueryName">client.wns.windows.com</Data>
<Data Name="AddressLength">128</Data>
<Data Name="Address">AgAAAMCoAAEAAAAAAAAAAAAAAAAAAAAAAAAAAAAAAAAAAAAAAAAAAAAAAAAAAAAAAAAAAAAAAAAAAAAAAAAAAAAAAAAAAAAAAAAAAAAAAAAAAAAAAAAAAAAAAAAAAAAAAAAAAAAAAAAAAAAAAAAAAAAAAAAAAAAAAAAAAAAAAAA=</Data>
<Data Name="ClientPID">6164</Data>
</EventData>
</Event>

<Event xmlns="http://schemas.microsoft.com/win/2004/08/events/event"><System><Provider Name="Netwtw10"></Provider>
<EventID Qualifiers="16384">7021</EventID>
<Version>0</Version>
<Level>4</Level>
<Task>0</Task>
<Opcode>0</Opcode>
<Keywords>0x0080000000000000</Keywords>
<TimeCreated SystemTime="2024-06-29 18:21:40.670540+00:00"></TimeCreated>
<EventRecordID>300433</EventRecordID>
<Correlation ActivityID="" RelatedActivityID=""></Correlation>
<Execution ProcessID="4" ThreadID="5704"></Execution>
<Channel>System</Channel>
<Computer>DESKTOP-LLF4HB6</Computer>
<Security UserID=""></Security>
</System>
<EventData><Data>&lt;string&gt;&lt;/string&gt;
</Data>
<Binary>AACAAAEArAAAAAAAbRsAQAAAAAAAAAAAAAAAAAAAAAAAAAAAAAAAAAAAAAAHAAAACgAAAKyExutyzgAAM3JkIEZsb29yIAAAAAAAAAAAAAAAAAAAAAAAAAAAAADILSMAPm1biAEAAAABAAAACQAAAAEAAABUUC1MaW5rAFRMLVdSODQANi4wAAAAAAAAAAAAAwcG2QMAAABVQQcBAgEAAAAAAAAAAAAA</Binary>
</EventData>
</Event>

<Event xmlns="http://schemas.microsoft.com/win/2004/08/events/event"><System><Provider Name="Microsoft-Windows-DNS-Client" Guid="{1c95126e-7eea-49a9-a3fe-a378b03ddb4d}"></Provider>
<EventID Qualifiers="">1014</EventID>
<Version>1</Version>
<Level>3</Level>
<Task>1014</Task>
<Opcode>0</Opcode>
<Keywords>0x4000000010000000</Keywords>
<TimeCreated SystemTime="2024-06-29 18:21:44.129429+00:00"></TimeCreated>
<EventRecordID>300434</EventRecordID>
<Correlation ActivityID="" RelatedActivityID=""></Correlation>
<Execution ProcessID="2540" ThreadID="24252"></Execution>
<Channel>System</Channel>
<Computer>DESKTOP-LLF4HB6</Computer>
<Security UserID="S-1-5-20"></Security>
</System>
<EventData><Data Name="QueryName">ade.googlesyndication.com</Data>
<Data Name="AddressLength">128</Data>
<Data Name="Address">AgAAAMCoAAEAAAAAAAAAAAAAAAAAAAAAAAAAAAAAAAAAAAAAAAAAAAAAAAAAAAAAAAAAAAAAAAAAAAAAAAAAAAAAAAAAAAAAAAAAAAAAAAAAAAAAAAAAAAAAAAAAAAAAAAAAAAAAAAAAAAAAAAAAAAAAAAAAAAAAAAAAAAAAAAA=</Data>
<Data Name="ClientPID">12820</Data>
</EventData>
</Event>

<Event xmlns="http://schemas.microsoft.com/win/2004/08/events/event"><System><Provider Name="Netwtw10"></Provider>
<EventID Qualifiers="32768">6062</EventID>
<Version>0</Version>
<Level>3</Level>
<Task>0</Task>
<Opcode>0</Opcode>
<Keywords>0x0080000000000000</Keywords>
<TimeCreated SystemTime="2024-06-29 18:21:47.725496+00:00"></TimeCreated>
<EventRecordID>300435</EventRecordID>
<Correlation ActivityID="" RelatedActivityID=""></Correlation>
<Execution ProcessID="4" ThreadID="5704"></Execution>
<Channel>System</Channel>
<Computer>DESKTOP-LLF4HB6</Computer>
<Security UserID=""></Security>
</System>
<EventData><Data>&lt;string&gt;\Device\NDMP6&lt;/string&gt;
&lt;string&gt;Intel(R) Wi-Fi 6 AX200 160MHz&lt;/string&gt;
</Data>
<Binary>AAAAAAIAMAAAAAAArhcAgAAAAAAAAAAAAAAAAAAAAAAAAAAAAAAAAA==</Binary>
</EventData>
</Event>

<Event xmlns="http://schemas.microsoft.com/win/2004/08/events/event"><System><Provider Name="Microsoft-Windows-DNS-Client" Guid="{1c95126e-7eea-49a9-a3fe-a378b03ddb4d}"></Provider>
<EventID Qualifiers="">1014</EventID>
<Version>1</Version>
<Level>3</Level>
<Task>1014</Task>
<Opcode>0</Opcode>
<Keywords>0x4000000010000000</Keywords>
<TimeCreated SystemTime="2024-06-29 18:21:47.909079+00:00"></TimeCreated>
<EventRecordID>300436</EventRecordID>
<Correlation ActivityID="" RelatedActivityID=""></Correlation>
<Execution ProcessID="2540" ThreadID="8560"></Execution>
<Channel>System</Channel>
<Computer>DESKTOP-LLF4HB6</Computer>
<Security UserID="S-1-5-20"></Security>
</System>
<EventData><Data Name="QueryName">www.msftconnecttest.com</Data>
<Data Name="AddressLength">128</Data>
<Data Name="Address">AgAAAMCoAAEAAAAAAAAAAAAAAAAAAAAAAAAAAAAAAAAAAAAAAAAAAAAAAAAAAAAAAAAAAAAAAAAAAAAAAAAAAAAAAAAAAAAAAAAAAAAAAAAAAAAAAAAAAAAAAAAAAAAAAAAAAAAAAAAAAAAAAAAAAAAAAAAAAAAAAAAAAAAAAAA=</Data>
<Data Name="ClientPID">868</Data>
</EventData>
</Event>

<Event xmlns="http://schemas.microsoft.com/win/2004/08/events/event"><System><Provider Name="Service Control Manager" Guid="{555908d1-a6d7-4695-8e1e-26931d2012f4}" EventSourceName="Service Control Manager"></Provider>
<EventID Qualifiers="16384">7040</EventID>
<Version>0</Version>
<Level>4</Level>
<Task>0</Task>
<Opcode>0</Opcode>
<Keywords>0x8080000000000000</Keywords>
<TimeCreated SystemTime="2024-06-29 18:26:22.958328+00:00"></TimeCreated>
<EventRecordID>300437</EventRecordID>
<Correlation ActivityID="" RelatedActivityID=""></Correlation>
<Execution ProcessID="1100" ThreadID="20944"></Execution>
<Channel>System</Channel>
<Computer>DESKTOP-LLF4HB6</Computer>
<Security UserID="S-1-5-18"></Security>
</System>
<EventData><Data Name="param1">Background Intelligent Transfer Service</Data>
<Data Name="param2">demand start</Data>
<Data Name="param3">auto start</Data>
<Data Name="param4">BITS</Data>
</EventData>
</Event>

<Event xmlns="http://schemas.microsoft.com/win/2004/08/events/event"><System><Provider Name="Microsoft-Windows-HttpService" Guid="{dd5ef90a-6398-47a4-ad34-4dcecdef795f}"></Provider>
<EventID Qualifiers="">113</EventID>
<Version>0</Version>
<Level>4</Level>
<Task>5</Task>
<Opcode>122</Opcode>
<Keywords>0x4000000000000040</Keywords>
<TimeCreated SystemTime="2024-06-29 18:26:28.089325+00:00"></TimeCreated>
<EventRecordID>300438</EventRecordID>
<Correlation ActivityID="" RelatedActivityID=""></Correlation>
<Execution ProcessID="15952" ThreadID="2424"></Execution>
<Channel>System</Channel>
<Computer>DESKTOP-LLF4HB6</Computer>
<Security UserID="S-1-5-19"></Security>
</System>
<EventData><Data Name="UrlGroupId">18302628890465533955</Data>
<Data Name="Url">http://*:2869/upnp/eventing/</Data>
<Data Name="Status">0</Data>
<Data Name="ProcessId">15952</Data>
<Data Name="ExecutablePath">\Device\HarddiskVolume3\Windows\System32\svchost.exe</Data>
<Data Name="UserSid">S-1-5-19</Data>
</EventData>
</Event>

<Event xmlns="http://schemas.microsoft.com/win/2004/08/events/event"><System><Provider Name="Microsoft-Windows-HttpService" Guid="{dd5ef90a-6398-47a4-ad34-4dcecdef795f}"></Provider>
<EventID Qualifiers="">114</EventID>
<Version>0</Version>
<Level>4</Level>
<Task>5</Task>
<Opcode>123</Opcode>
<Keywords>0x4000000000000040</Keywords>
<TimeCreated SystemTime="2024-06-29 18:26:32.007446+00:00"></TimeCreated>
<EventRecordID>300439</EventRecordID>
<Correlation ActivityID="" RelatedActivityID=""></Correlation>
<Execution ProcessID="15952" ThreadID="21064"></Execution>
<Channel>System</Channel>
<Computer>DESKTOP-LLF4HB6</Computer>
<Security UserID="S-1-5-19"></Security>
</System>
<EventData><Data Name="UrlGroupId">18302628890465533955</Data>
<Data Name="Url">http://*:2869/upnp/eventing/</Data>
<Data Name="ProcessId">15952</Data>
<Data Name="ExecutablePath">\Device\HarddiskVolume3\Windows\System32\svchost.exe</Data>
<Data Name="UserSid">S-1-5-19</Data>
</EventData>
</Event>

<Event xmlns="http://schemas.microsoft.com/win/2004/08/events/event"><System><Provider Name="Microsoft-Windows-HttpService" Guid="{dd5ef90a-6398-47a4-ad34-4dcecdef795f}"></Provider>
<EventID Qualifiers="">113</EventID>
<Version>0</Version>
<Level>4</Level>
<Task>5</Task>
<Opcode>122</Opcode>
<Keywords>0x4000000000000040</Keywords>
<TimeCreated SystemTime="2024-06-29 18:26:35.992741+00:00"></TimeCreated>
<EventRecordID>300440</EventRecordID>
<Correlation ActivityID="" RelatedActivityID=""></Correlation>
<Execution ProcessID="15952" ThreadID="18664"></Execution>
<Channel>System</Channel>
<Computer>DESKTOP-LLF4HB6</Computer>
<Security UserID="S-1-5-19"></Security>
</System>
<EventData><Data Name="UrlGroupId">18302628899055468545</Data>
<Data Name="Url">http://*:2869/upnp/eventing/</Data>
<Data Name="Status">0</Data>
<Data Name="ProcessId">15952</Data>
<Data Name="ExecutablePath">\Device\HarddiskVolume3\Windows\System32\svchost.exe</Data>
<Data Name="UserSid">S-1-5-19</Data>
</EventData>
</Event>

<Event xmlns="http://schemas.microsoft.com/win/2004/08/events/event"><System><Provider Name="Microsoft-Windows-HttpService" Guid="{dd5ef90a-6398-47a4-ad34-4dcecdef795f}"></Provider>
<EventID Qualifiers="">114</EventID>
<Version>0</Version>
<Level>4</Level>
<Task>5</Task>
<Opcode>123</Opcode>
<Keywords>0x4000000000000040</Keywords>
<TimeCreated SystemTime="2024-06-29 18:26:50.246176+00:00"></TimeCreated>
<EventRecordID>300441</EventRecordID>
<Correlation ActivityID="" RelatedActivityID=""></Correlation>
<Execution ProcessID="15952" ThreadID="2424"></Execution>
<Channel>System</Channel>
<Computer>DESKTOP-LLF4HB6</Computer>
<Security UserID="S-1-5-19"></Security>
</System>
<EventData><Data Name="UrlGroupId">18302628899055468545</Data>
<Data Name="Url">http://*:2869/upnp/eventing/</Data>
<Data Name="ProcessId">15952</Data>
<Data Name="ExecutablePath">\Device\HarddiskVolume3\Windows\System32\svchost.exe</Data>
<Data Name="UserSid">S-1-5-19</Data>
</EventData>
</Event>

<Event xmlns="http://schemas.microsoft.com/win/2004/08/events/event"><System><Provider Name="Microsoft-Windows-HttpService" Guid="{dd5ef90a-6398-47a4-ad34-4dcecdef795f}"></Provider>
<EventID Qualifiers="">113</EventID>
<Version>0</Version>
<Level>4</Level>
<Task>5</Task>
<Opcode>122</Opcode>
<Keywords>0x4000000000000040</Keywords>
<TimeCreated SystemTime="2024-06-29 18:26:50.395855+00:00"></TimeCreated>
<EventRecordID>300442</EventRecordID>
<Correlation ActivityID="" RelatedActivityID=""></Correlation>
<Execution ProcessID="15952" ThreadID="2424"></Execution>
<Channel>System</Channel>
<Computer>DESKTOP-LLF4HB6</Computer>
<Security UserID="S-1-5-19"></Security>
</System>
<EventData><Data Name="UrlGroupId">18302628916235337729</Data>
<Data Name="Url">http://*:2869/upnp/eventing/</Data>
<Data Name="Status">0</Data>
<Data Name="ProcessId">15952</Data>
<Data Name="ExecutablePath">\Device\HarddiskVolume3\Windows\System32\svchost.exe</Data>
<Data Name="UserSid">S-1-5-19</Data>
</EventData>
</Event>

<Event xmlns="http://schemas.microsoft.com/win/2004/08/events/event"><System><Provider Name="Microsoft-Windows-HttpService" Guid="{dd5ef90a-6398-47a4-ad34-4dcecdef795f}"></Provider>
<EventID Qualifiers="">114</EventID>
<Version>0</Version>
<Level>4</Level>
<Task>5</Task>
<Opcode>123</Opcode>
<Keywords>0x4000000000000040</Keywords>
<TimeCreated SystemTime="2024-06-29 18:26:50.806175+00:00"></TimeCreated>
<EventRecordID>300443</EventRecordID>
<Correlation ActivityID="" RelatedActivityID=""></Correlation>
<Execution ProcessID="15952" ThreadID="18664"></Execution>
<Channel>System</Channel>
<Computer>DESKTOP-LLF4HB6</Computer>
<Security UserID="S-1-5-19"></Security>
</System>
<EventData><Data Name="UrlGroupId">18302628916235337729</Data>
<Data Name="Url">http://*:2869/upnp/eventing/</Data>
<Data Name="ProcessId">15952</Data>
<Data Name="ExecutablePath">\Device\HarddiskVolume3\Windows\System32\svchost.exe</Data>
<Data Name="UserSid">S-1-5-19</Data>
</EventData>
</Event>

<Event xmlns="http://schemas.microsoft.com/win/2004/08/events/event"><System><Provider Name="Microsoft-Windows-HttpService" Guid="{dd5ef90a-6398-47a4-ad34-4dcecdef795f}"></Provider>
<EventID Qualifiers="">113</EventID>
<Version>0</Version>
<Level>4</Level>
<Task>5</Task>
<Opcode>122</Opcode>
<Keywords>0x4000000000000040</Keywords>
<TimeCreated SystemTime="2024-06-29 18:26:51.011520+00:00"></TimeCreated>
<EventRecordID>300444</EventRecordID>
<Correlation ActivityID="" RelatedActivityID=""></Correlation>
<Execution ProcessID="15952" ThreadID="18664"></Execution>
<Channel>System</Channel>
<Computer>DESKTOP-LLF4HB6</Computer>
<Security UserID="S-1-5-19"></Security>
</System>
<EventData><Data Name="UrlGroupId">18302628911940370433</Data>
<Data Name="Url">http://*:2869/upnp/eventing/</Data>
<Data Name="Status">0</Data>
<Data Name="ProcessId">15952</Data>
<Data Name="ExecutablePath">\Device\HarddiskVolume3\Windows\System32\svchost.exe</Data>
<Data Name="UserSid">S-1-5-19</Data>
</EventData>
</Event>

<Event xmlns="http://schemas.microsoft.com/win/2004/08/events/event"><System><Provider Name="Service Control Manager" Guid="{555908d1-a6d7-4695-8e1e-26931d2012f4}" EventSourceName="Service Control Manager"></Provider>
<EventID Qualifiers="16384">7040</EventID>
<Version>0</Version>
<Level>4</Level>
<Task>0</Task>
<Opcode>0</Opcode>
<Keywords>0x8080000000000000</Keywords>
<TimeCreated SystemTime="2024-06-29 18:28:55.391226+00:00"></TimeCreated>
<EventRecordID>300445</EventRecordID>
<Correlation ActivityID="" RelatedActivityID=""></Correlation>
<Execution ProcessID="1100" ThreadID="24268"></Execution>
<Channel>System</Channel>
<Computer>DESKTOP-LLF4HB6</Computer>
<Security UserID="S-1-5-18"></Security>
</System>
<EventData><Data Name="param1">Background Intelligent Transfer Service</Data>
<Data Name="param2">auto start</Data>
<Data Name="param3">demand start</Data>
<Data Name="param4">BITS</Data>
</EventData>
</Event>

<Event xmlns="http://schemas.microsoft.com/win/2004/08/events/event"><System><Provider Name="Microsoft-Windows-HttpService" Guid="{dd5ef90a-6398-47a4-ad34-4dcecdef795f}"></Provider>
<EventID Qualifiers="">114</EventID>
<Version>0</Version>
<Level>4</Level>
<Task>5</Task>
<Opcode>123</Opcode>
<Keywords>0x4000000000000040</Keywords>
<TimeCreated SystemTime="2024-06-29 18:28:55.401831+00:00"></TimeCreated>
<EventRecordID>300446</EventRecordID>
<Correlation ActivityID="" RelatedActivityID=""></Correlation>
<Execution ProcessID="15952" ThreadID="2424"></Execution>
<Channel>System</Channel>
<Computer>DESKTOP-LLF4HB6</Computer>
<Security UserID="S-1-5-19"></Security>
</System>
<EventData><Data Name="UrlGroupId">18302628911940370433</Data>
<Data Name="Url">http://*:2869/upnp/eventing/</Data>
<Data Name="ProcessId">15952</Data>
<Data Name="ExecutablePath">\Device\HarddiskVolume3\Windows\System32\svchost.exe</Data>
<Data Name="UserSid">S-1-5-19</Data>
</EventData>
</Event>

<Event xmlns="http://schemas.microsoft.com/win/2004/08/events/event"><System><Provider Name="Netwtw10"></Provider>
<EventID Qualifiers="16384">7021</EventID>
<Version>0</Version>
<Level>4</Level>
<Task>0</Task>
<Opcode>0</Opcode>
<Keywords>0x0080000000000000</Keywords>
<TimeCreated SystemTime="2024-06-29 18:29:27.143991+00:00"></TimeCreated>
<EventRecordID>300447</EventRecordID>
<Correlation ActivityID="" RelatedActivityID=""></Correlation>
<Execution ProcessID="4" ThreadID="20196"></Execution>
<Channel>System</Channel>
<Computer>DESKTOP-LLF4HB6</Computer>
<Security UserID=""></Security>
</System>
<EventData><Data>&lt;string&gt;&lt;/string&gt;
</Data>
<Binary>AACAAAEArAAAAAAAbRsAQAAAAAAAAAAAAAAAAAAAAAAAAAAAAAAAAAAAAAAHAAAACgAAANgNF31W0gAAM3JkIEZsb29yIDIAAAAAAAAAAAAAAAAAAAAAAAAAAADnpBYAvsdlngEAAAABAAAACQAAAAEAAABUUC1MaW5rAFRMLVdSODQANi4wAAAAAAAAAAAABAcGvQIAAABVQQcBAgEAAAAAAAAAAAAA</Binary>
</EventData>
</Event>

<Event xmlns="http://schemas.microsoft.com/win/2004/08/events/event"><System><Provider Name="Netwtw10"></Provider>
<EventID Qualifiers="32768">6062</EventID>
<Version>0</Version>
<Level>3</Level>
<Task>0</Task>
<Opcode>0</Opcode>
<Keywords>0x0080000000000000</Keywords>
<TimeCreated SystemTime="2024-06-29 18:29:43.790081+00:00"></TimeCreated>
<EventRecordID>300448</EventRecordID>
<Correlation ActivityID="" RelatedActivityID=""></Correlation>
<Execution ProcessID="4" ThreadID="14064"></Execution>
<Channel>System</Channel>
<Computer>DESKTOP-LLF4HB6</Computer>
<Security UserID=""></Security>
</System>
<EventData><Data>&lt;string&gt;\Device\NDMP6&lt;/string&gt;
&lt;string&gt;Intel(R) Wi-Fi 6 AX200 160MHz&lt;/string&gt;
</Data>
<Binary>AAAAAAIAMAAAAAAArhcAgAAAAAAAAAAAAAAAAAAAAAAAAAAAAAAAAA==</Binary>
</EventData>
</Event>

<Event xmlns="http://schemas.microsoft.com/win/2004/08/events/event"><System><Provider Name="Microsoft-Windows-DNS-Client" Guid="{1c95126e-7eea-49a9-a3fe-a378b03ddb4d}"></Provider>
<EventID Qualifiers="">1014</EventID>
<Version>1</Version>
<Level>3</Level>
<Task>1014</Task>
<Opcode>0</Opcode>
<Keywords>0x4000000010000000</Keywords>
<TimeCreated SystemTime="2024-06-29 18:29:50.805912+00:00"></TimeCreated>
<EventRecordID>300449</EventRecordID>
<Correlation ActivityID="" RelatedActivityID=""></Correlation>
<Execution ProcessID="2540" ThreadID="25332"></Execution>
<Channel>System</Channel>
<Computer>DESKTOP-LLF4HB6</Computer>
<Security UserID="S-1-5-20"></Security>
</System>
<EventData><Data Name="QueryName">truedirt.world</Data>
<Data Name="AddressLength">128</Data>
<Data Name="Address">AgAAAMCoAAEAAAAAAAAAAAAAAAAAAAAAAAAAAAAAAAAAAAAAAAAAAAAAAAAAAAAAAAAAAAAAAAAAAAAAAAAAAAAAAAAAAAAAAAAAAAAAAAAAAAAAAAAAAAAAAAAAAAAAAAAAAAAAAAAAAAAAAAAAAAAAAAAAAAAAAAAAAAAAAAA=</Data>
<Data Name="ClientPID">12820</Data>
</EventData>
</Event>

<Event xmlns="http://schemas.microsoft.com/win/2004/08/events/event"><System><Provider Name="Netwtw10"></Provider>
<EventID Qualifiers="16384">7021</EventID>
<Version>0</Version>
<Level>4</Level>
<Task>0</Task>
<Opcode>0</Opcode>
<Keywords>0x0080000000000000</Keywords>
<TimeCreated SystemTime="2024-06-29 18:33:28.069368+00:00"></TimeCreated>
<EventRecordID>300450</EventRecordID>
<Correlation ActivityID="" RelatedActivityID=""></Correlation>
<Execution ProcessID="4" ThreadID="2976"></Execution>
<Channel>System</Channel>
<Computer>DESKTOP-LLF4HB6</Computer>
<Security UserID=""></Security>
</System>
<EventData><Data>&lt;string&gt;&lt;/string&gt;
</Data>
<Binary>AACAAAEArAAAAAAAbRsAQAAAAAAAAAAAAAAAAAAAAAAAAAAAAAAAAAAAAAAHAAAACgAAANgNF31W0gAAM3JkIEZsb29yIDIAAAAAAAAAAAAAAAAAAAAAAAAAAAAYmBIARxMALgEAAAABAAAABgAAAAEAAABUUC1MaW5rAFRMLVdSODQANi4wAAAAAAAAAAAABAcGvQMAAABVQQcBAgEAAAAAAAAAAAAA</Binary>
</EventData>
</Event>

<Event xmlns="http://schemas.microsoft.com/win/2004/08/events/event"><System><Provider Name="Netwtw10"></Provider>
<EventID Qualifiers="16384">7021</EventID>
<Version>0</Version>
<Level>4</Level>
<Task>0</Task>
<Opcode>0</Opcode>
<Keywords>0x0080000000000000</Keywords>
<TimeCreated SystemTime="2024-06-29 18:33:34.809034+00:00"></TimeCreated>
<EventRecordID>300451</EventRecordID>
<Correlation ActivityID="" RelatedActivityID=""></Correlation>
<Execution ProcessID="4" ThreadID="20196"></Execution>
<Channel>System</Channel>
<Computer>DESKTOP-LLF4HB6</Computer>
<Security UserID=""></Security>
</System>
<EventData><Data>&lt;string&gt;&lt;/string&gt;
</Data>
<Binary>AACAAAEArAAAAAAAbRsAQAAAAAAAAAAAAAAAAAAAAAAAAAAAAAAAAAAAAAAHAAAACgAAAKyExutyzgAAM3JkIEZsb29yIAAAAAAAAAAAAAAAAAAAAAAAAAAAAADVTwwAeHcEMgEAAAABAAAABgAAAAEAAABUUC1MaW5rAFRMLVdSODQANi4wAAAAAAAAAAAAAwcG0gMAAABVQQcBAgEAAAAAAAAAAAAA</Binary>
</EventData>
</Event>

<Event xmlns="http://schemas.microsoft.com/win/2004/08/events/event"><System><Provider Name="Netwtw10"></Provider>
<EventID Qualifiers="32768">6062</EventID>
<Version>0</Version>
<Level>3</Level>
<Task>0</Task>
<Opcode>0</Opcode>
<Keywords>0x0080000000000000</Keywords>
<TimeCreated SystemTime="2024-06-29 18:33:43.178926+00:00"></TimeCreated>
<EventRecordID>300452</EventRecordID>
<Correlation ActivityID="" RelatedActivityID=""></Correlation>
<Execution ProcessID="4" ThreadID="9684"></Execution>
<Channel>System</Channel>
<Computer>DESKTOP-LLF4HB6</Computer>
<Security UserID=""></Security>
</System>
<EventData><Data>&lt;string&gt;\Device\NDMP6&lt;/string&gt;
&lt;string&gt;Intel(R) Wi-Fi 6 AX200 160MHz&lt;/string&gt;
</Data>
<Binary>AAAAAAIAMAAAAAAArhcAgAAAAAAAAAAAAAAAAAAAAAAAAAAAAAAAAA==</Binary>
</EventData>
</Event>

<Event xmlns="http://schemas.microsoft.com/win/2004/08/events/event"><System><Provider Name="Netwtw10"></Provider>
<EventID Qualifiers="16384">7021</EventID>
<Version>0</Version>
<Level>4</Level>
<Task>0</Task>
<Opcode>0</Opcode>
<Keywords>0x0080000000000000</Keywords>
<TimeCreated SystemTime="2024-06-29 18:36:29.824318+00:00"></TimeCreated>
<EventRecordID>300453</EventRecordID>
<Correlation ActivityID="" RelatedActivityID=""></Correlation>
<Execution ProcessID="4" ThreadID="22952"></Execution>
<Channel>System</Channel>
<Computer>DESKTOP-LLF4HB6</Computer>
<Security UserID=""></Security>
</System>
<EventData><Data>&lt;string&gt;&lt;/string&gt;
</Data>
<Binary>AACAAAEArAAAAAAAbRsAQAAAAAAAAAAAAAAAAAAAAAAAAAAAAAAAAAAAAAAHAAAACgAAANgNF31W0gAAM3JkIEZsb29yIDIAAAAAAAAAAAAAAAAAAAAAAAAAAAAC/RYAAq5VmgEAAAABAAAABQAAAAEAAABUUC1MaW5rAFRMLVdSODQANi4wAAAAAAAAAAAABAcGxQMAAABVQQcBAgEAAAAAAAAAAAAA</Binary>
</EventData>
</Event>

<Event xmlns="http://schemas.microsoft.com/win/2004/08/events/event"><System><Provider Name="Microsoft-Windows-DNS-Client" Guid="{1c95126e-7eea-49a9-a3fe-a378b03ddb4d}"></Provider>
<EventID Qualifiers="">1014</EventID>
<Version>1</Version>
<Level>3</Level>
<Task>1014</Task>
<Opcode>0</Opcode>
<Keywords>0x4000000010000000</Keywords>
<TimeCreated SystemTime="2024-06-29 18:36:34.792015+00:00"></TimeCreated>
<EventRecordID>300454</EventRecordID>
<Correlation ActivityID="" RelatedActivityID=""></Correlation>
<Execution ProcessID="2540" ThreadID="13168"></Execution>
<Channel>System</Channel>
<Computer>DESKTOP-LLF4HB6</Computer>
<Security UserID="S-1-5-20"></Security>
</System>
<EventData><Data Name="QueryName">2024.uiuc.tf</Data>
<Data Name="AddressLength">128</Data>
<Data Name="Address">AgAAAMCoAAEAAAAAAAAAAAAAAAAAAAAAAAAAAAAAAAAAAAAAAAAAAAAAAAAAAAAAAAAAAAAAAAAAAAAAAAAAAAAAAAAAAAAAAAAAAAAAAAAAAAAAAAAAAAAAAAAAAAAAAAAAAAAAAAAAAAAAAAAAAAAAAAAAAAAAAAAAAAAAAAA=</Data>
<Data Name="ClientPID">12820</Data>
</EventData>
</Event>

<Event xmlns="http://schemas.microsoft.com/win/2004/08/events/event"><System><Provider Name="Netwtw10"></Provider>
<EventID Qualifiers="16384">7021</EventID>
<Version>0</Version>
<Level>4</Level>
<Task>0</Task>
<Opcode>0</Opcode>
<Keywords>0x0080000000000000</Keywords>
<TimeCreated SystemTime="2024-06-29 18:36:43.864473+00:00"></TimeCreated>
<EventRecordID>300455</EventRecordID>
<Correlation ActivityID="" RelatedActivityID=""></Correlation>
<Execution ProcessID="4" ThreadID="22708"></Execution>
<Channel>System</Channel>
<Computer>DESKTOP-LLF4HB6</Computer>
<Security UserID=""></Security>
</System>
<EventData><Data>&lt;string&gt;&lt;/string&gt;
</Data>
<Binary>AACAAAEArAAAAAAAbRsAQAAAAAAAAAAAAAAAAAAAAAAAAAAAAAAAAAAAAAAHAAAACgAAANgNF31W0gAAM3JkIEZsb29yIDIAAAAAAAAAAAAAAAAAAAAAAAAAAAAJQwkAjQm0ogEAAAABAAAABAAAAAEAAABUUC1MaW5rAFRMLVdSODQANi4wAAAAAAAAAAAABAcGxAMAAABVQQcBAgEAAAAAAAAAAAAA</Binary>
</EventData>
</Event>

<Event xmlns="http://schemas.microsoft.com/win/2004/08/events/event"><System><Provider Name="Netwtw10"></Provider>
<EventID Qualifiers="32768">6062</EventID>
<Version>0</Version>
<Level>3</Level>
<Task>0</Task>
<Opcode>0</Opcode>
<Keywords>0x0080000000000000</Keywords>
<TimeCreated SystemTime="2024-06-29 18:36:51.056334+00:00"></TimeCreated>
<EventRecordID>300456</EventRecordID>
<Correlation ActivityID="" RelatedActivityID=""></Correlation>
<Execution ProcessID="4" ThreadID="9384"></Execution>
<Channel>System</Channel>
<Computer>DESKTOP-LLF4HB6</Computer>
<Security UserID=""></Security>
</System>
<EventData><Data>&lt;string&gt;\Device\NDMP6&lt;/string&gt;
&lt;string&gt;Intel(R) Wi-Fi 6 AX200 160MHz&lt;/string&gt;
</Data>
<Binary>AAAAAAIAMAAAAAAArhcAgAAAAAAAAAAAAAAAAAAAAAAAAAAAAAAAAA==</Binary>
</EventData>
</Event>

<Event xmlns="http://schemas.microsoft.com/win/2004/08/events/event"><System><Provider Name="Microsoft-Windows-DNS-Client" Guid="{1c95126e-7eea-49a9-a3fe-a378b03ddb4d}"></Provider>
<EventID Qualifiers="">1014</EventID>
<Version>1</Version>
<Level>3</Level>
<Task>1014</Task>
<Opcode>0</Opcode>
<Keywords>0x4000000010000000</Keywords>
<TimeCreated SystemTime="2024-06-29 18:37:14.698317+00:00"></TimeCreated>
<EventRecordID>300457</EventRecordID>
<Correlation ActivityID="" RelatedActivityID=""></Correlation>
<Execution ProcessID="2540" ThreadID="20832"></Execution>
<Channel>System</Channel>
<Computer>DESKTOP-LLF4HB6</Computer>
<Security UserID="S-1-5-20"></Security>
</System>
<EventData><Data Name="QueryName">play.google.com</Data>
<Data Name="AddressLength">128</Data>
<Data Name="Address">AgAAAMCoAAEAAAAAAAAAAAAAAAAAAAAAAAAAAAAAAAAAAAAAAAAAAAAAAAAAAAAAAAAAAAAAAAAAAAAAAAAAAAAAAAAAAAAAAAAAAAAAAAAAAAAAAAAAAAAAAAAAAAAAAAAAAAAAAAAAAAAAAAAAAAAAAAAAAAAAAAAAAAAAAAA=</Data>
<Data Name="ClientPID">12820</Data>
</EventData>
</Event>

<Event xmlns="http://schemas.microsoft.com/win/2004/08/events/event"><System><Provider Name="Microsoft-Windows-DNS-Client" Guid="{1c95126e-7eea-49a9-a3fe-a378b03ddb4d}"></Provider>
<EventID Qualifiers="">1014</EventID>
<Version>1</Version>
<Level>3</Level>
<Task>1014</Task>
<Opcode>0</Opcode>
<Keywords>0x4000000010000000</Keywords>
<TimeCreated SystemTime="2024-06-29 18:37:37.725292+00:00"></TimeCreated>
<EventRecordID>300458</EventRecordID>
<Correlation ActivityID="" RelatedActivityID=""></Correlation>
<Execution ProcessID="2540" ThreadID="6852"></Execution>
<Channel>System</Channel>
<Computer>DESKTOP-LLF4HB6</Computer>
<Security UserID="S-1-5-20"></Security>
</System>
<EventData><Data Name="QueryName">waa-pa.clients6.google.com</Data>
<Data Name="AddressLength">128</Data>
<Data Name="Address">AgAAAMCoAAEAAAAAAAAAAAAAAAAAAAAAAAAAAAAAAAAAAAAAAAAAAAAAAAAAAAAAAAAAAAAAAAAAAAAAAAAAAAAAAAAAAAAAAAAAAAAAAAAAAAAAAAAAAAAAAAAAAAAAAAAAAAAAAAAAAAAAAAAAAAAAAAAAAAAAAAAAAAAAAAA=</Data>
<Data Name="ClientPID">12820</Data>
</EventData>
</Event>

<Event xmlns="http://schemas.microsoft.com/win/2004/08/events/event"><System><Provider Name="Netwtw10"></Provider>
<EventID Qualifiers="16384">7012</EventID>
<Version>0</Version>
<Level>4</Level>
<Task>0</Task>
<Opcode>0</Opcode>
<Keywords>0x0080000000000000</Keywords>
<TimeCreated SystemTime="2024-06-29 18:37:38.650112+00:00"></TimeCreated>
<EventRecordID>300459</EventRecordID>
<Correlation ActivityID="" RelatedActivityID=""></Correlation>
<Execution ProcessID="4" ThreadID="22708"></Execution>
<Channel>System</Channel>
<Computer>DESKTOP-LLF4HB6</Computer>
<Security UserID=""></Security>
</System>
<EventData><Data>&lt;string&gt;\Device\NDMP6&lt;/string&gt;
&lt;string&gt;Intel(R) Wi-Fi 6 AX200 160MHz&lt;/string&gt;
</Data>
<Binary>AAAAAAIAMAAAAAAAZBsAQAAAAAAAAAAAAAAAAAAAAAAAAAAAAAAAAA==</Binary>
</EventData>
</Event>

<Event xmlns="http://schemas.microsoft.com/win/2004/08/events/event"><System><Provider Name="Netwtw10"></Provider>
<EventID Qualifiers="16384">7011</EventID>
<Version>0</Version>
<Level>4</Level>
<Task>0</Task>
<Opcode>0</Opcode>
<Keywords>0x0080000000000000</Keywords>
<TimeCreated SystemTime="2024-06-29 18:37:40.702688+00:00"></TimeCreated>
<EventRecordID>300460</EventRecordID>
<Correlation ActivityID="" RelatedActivityID=""></Correlation>
<Execution ProcessID="4" ThreadID="17916"></Execution>
<Channel>System</Channel>
<Computer>DESKTOP-LLF4HB6</Computer>
<Security UserID=""></Security>
</System>
<EventData><Data>&lt;string&gt;\Device\NDMP6&lt;/string&gt;
&lt;string&gt;Intel(R) Wi-Fi 6 AX200 160MHz&lt;/string&gt;
</Data>
<Binary>AAAAAAIAMAAAAAAAYxsAQAAAAAAAAAAAAAAAAAAAAAAAAAAAAAAAAA==</Binary>
</EventData>
</Event>

<Event xmlns="http://schemas.microsoft.com/win/2004/08/events/event"><System><Provider Name="Netwtw10"></Provider>
<EventID Qualifiers="16384">7023</EventID>
<Version>0</Version>
<Level>4</Level>
<Task>0</Task>
<Opcode>0</Opcode>
<Keywords>0x0080000000000000</Keywords>
<TimeCreated SystemTime="2024-06-29 18:37:40.942238+00:00"></TimeCreated>
<EventRecordID>300461</EventRecordID>
<Correlation ActivityID="" RelatedActivityID=""></Correlation>
<Execution ProcessID="4" ThreadID="22952"></Execution>
<Channel>System</Channel>
<Computer>DESKTOP-LLF4HB6</Computer>
<Security UserID=""></Security>
</System>
<EventData><Data>&lt;string&gt;&lt;/string&gt;
</Data>
<Binary>AAAYAAEARAAAAAAAbxsAQAAAAAAAAAAAAAAAAAAAAAAAAAAAAAAAAAAAAAAAAAAAAAAAAAAAAAAAAAAC/////w==</Binary>
</EventData>
</Event>

<Event xmlns="http://schemas.microsoft.com/win/2004/08/events/event"><System><Provider Name="Netwtw10"></Provider>
<EventID Qualifiers="16384">7021</EventID>
<Version>0</Version>
<Level>4</Level>
<Task>0</Task>
<Opcode>0</Opcode>
<Keywords>0x0080000000000000</Keywords>
<TimeCreated SystemTime="2024-06-29 18:37:44.378689+00:00"></TimeCreated>
<EventRecordID>300462</EventRecordID>
<Correlation ActivityID="" RelatedActivityID=""></Correlation>
<Execution ProcessID="4" ThreadID="12708"></Execution>
<Channel>System</Channel>
<Computer>DESKTOP-LLF4HB6</Computer>
<Security UserID=""></Security>
</System>
<EventData><Data>&lt;string&gt;&lt;/string&gt;
</Data>
<Binary>AACAAAEArAAAAAAAbRsAQAAAAAAAAAAAAAAAAAAAAAAAAAAAAAAAAAAAAAAHAAAACgAAAKyExutyzgAAM3JkIEZsb29yIAAAAAAAAAAAAAAAAAAAAAAAAAAAAABfthQAHsbFxgEAAAABAAAACAAAAAEAAABUUC1MaW5rAFRMLVdSODQANi4wAAAAAAAAAAAAAwcG1gMAAAAwMAcBAgEAAAAAAAAAAAAA</Binary>
</EventData>
</Event>

<Event xmlns="http://schemas.microsoft.com/win/2004/08/events/event"><System><Provider Name="Microsoft-Windows-DNS-Client" Guid="{1c95126e-7eea-49a9-a3fe-a378b03ddb4d}"></Provider>
<EventID Qualifiers="">1014</EventID>
<Version>1</Version>
<Level>3</Level>
<Task>1014</Task>
<Opcode>0</Opcode>
<Keywords>0x4000000010000000</Keywords>
<TimeCreated SystemTime="2024-06-29 18:38:00.487188+00:00"></TimeCreated>
<EventRecordID>300463</EventRecordID>
<Correlation ActivityID="" RelatedActivityID=""></Correlation>
<Execution ProcessID="2540" ThreadID="14416"></Execution>
<Channel>System</Channel>
<Computer>DESKTOP-LLF4HB6</Computer>
<Security UserID="S-1-5-20"></Security>
</System>
<EventData><Data Name="QueryName">kv801.prod.do.dsp.mp.microsoft.com</Data>
<Data Name="AddressLength">128</Data>
<Data Name="Address">AAAAAAAAAAAAAAAAAAAAAAAAAAAAAAAAAAAAAAAAAAAAAAAAAAAAAAAAAAAAAAAAAAAAAAAAAAAAAAAAAAAAAAAAAAAAAAAAAAAAAAAAAAAAAAAAAAAAAAAAAAAAAAAAAAAAAAAAAAAAAAAAAAAAAAAAAAAAAAAAAAAAAAAAAAA=</Data>
<Data Name="ClientPID">15808</Data>
</EventData>
</Event>

<Event xmlns="http://schemas.microsoft.com/win/2004/08/events/event"><System><Provider Name="Netwtw10"></Provider>
<EventID Qualifiers="16384">7021</EventID>
<Version>0</Version>
<Level>4</Level>
<Task>0</Task>
<Opcode>0</Opcode>
<Keywords>0x0080000000000000</Keywords>
<TimeCreated SystemTime="2024-06-29 18:38:01.993187+00:00"></TimeCreated>
<EventRecordID>300464</EventRecordID>
<Correlation ActivityID="" RelatedActivityID=""></Correlation>
<Execution ProcessID="4" ThreadID="22708"></Execution>
<Channel>System</Channel>
<Computer>DESKTOP-LLF4HB6</Computer>
<Security UserID=""></Security>
</System>
<EventData><Data>&lt;string&gt;&lt;/string&gt;
</Data>
<Binary>AACAAAEArAAAAAAAbRsAQAAAAAAAAAAAAAAAAAAAAAAAAAAAAAAAAAAAAAAHAAAACgAAAKyExutyzgAAM3JkIEZsb29yIAAAAAAAAAAAAAAAAAAAAAAAAAAAAAAavxMAaIhF0QEAAAABAAAACQAAAAEAAABUUC1MaW5rAFRMLVdSODQANi4wAAAAAAAAAAAAAwcG1gQAAABVQQcBAgEAAAAAAAAAAAAA</Binary>
</EventData>
</Event>

<Event xmlns="http://schemas.microsoft.com/win/2004/08/events/event"><System><Provider Name="Microsoft-Windows-DNS-Client" Guid="{1c95126e-7eea-49a9-a3fe-a378b03ddb4d}"></Provider>
<EventID Qualifiers="">1014</EventID>
<Version>1</Version>
<Level>3</Level>
<Task>1014</Task>
<Opcode>0</Opcode>
<Keywords>0x4000000010000000</Keywords>
<TimeCreated SystemTime="2024-06-29 18:38:07.302986+00:00"></TimeCreated>
<EventRecordID>300465</EventRecordID>
<Correlation ActivityID="" RelatedActivityID=""></Correlation>
<Execution ProcessID="2540" ThreadID="13740"></Execution>
<Channel>System</Channel>
<Computer>DESKTOP-LLF4HB6</Computer>
<Security UserID="S-1-5-20"></Security>
</System>
<EventData><Data Name="QueryName">mtalk.google.com</Data>
<Data Name="AddressLength">128</Data>
<Data Name="Address">AAAAAAAAAAAAAAAAAAAAAAAAAAAAAAAAAAAAAAAAAAAAAAAAAAAAAAAAAAAAAAAAAAAAAAAAAAAAAAAAAAAAAAAAAAAAAAAAAAAAAAAAAAAAAAAAAAAAAAAAAAAAAAAAAAAAAAAAAAAAAAAAAAAAAAAAAAAAAAAAAAAAAAAAAAA=</Data>
<Data Name="ClientPID">12820</Data>
</EventData>
</Event>

<Event xmlns="http://schemas.microsoft.com/win/2004/08/events/event"><System><Provider Name="Netwtw10"></Provider>
<EventID Qualifiers="16384">7021</EventID>
<Version>0</Version>
<Level>4</Level>
<Task>0</Task>
<Opcode>0</Opcode>
<Keywords>0x0080000000000000</Keywords>
<TimeCreated SystemTime="2024-06-29 18:38:08.383854+00:00"></TimeCreated>
<EventRecordID>300466</EventRecordID>
<Correlation ActivityID="" RelatedActivityID=""></Correlation>
<Execution ProcessID="4" ThreadID="4800"></Execution>
<Channel>System</Channel>
<Computer>DESKTOP-LLF4HB6</Computer>
<Security UserID=""></Security>
</System>
<EventData><Data>&lt;string&gt;&lt;/string&gt;
</Data>
<Binary>AACAAAEArAAAAAAAbRsAQAAAAAAAAAAAAAAAAAAAAAAAAAAAAAAAAAAAAAAHAAAACgAAAKyExutyzgAAM3JkIEZsb29yIAAAAAAAAAAAAAAAAAAAAAAAAAAAAAAAewkA2qsU1QEAAAABAAAACQAAAAEAAABUUC1MaW5rAFRMLVdSODQANi4wAAAAAAAAAAAAAwcG1QUAAABVQQcBAgEAAAAAAAAAAAAA</Binary>
</EventData>
</Event>

<Event xmlns="http://schemas.microsoft.com/win/2004/08/events/event"><System><Provider Name="Netwtw10"></Provider>
<EventID Qualifiers="32768">6062</EventID>
<Version>0</Version>
<Level>3</Level>
<Task>0</Task>
<Opcode>0</Opcode>
<Keywords>0x0080000000000000</Keywords>
<TimeCreated SystemTime="2024-06-29 18:38:11.086838+00:00"></TimeCreated>
<EventRecordID>300467</EventRecordID>
<Correlation ActivityID="" RelatedActivityID=""></Correlation>
<Execution ProcessID="4" ThreadID="22708"></Execution>
<Channel>System</Channel>
<Computer>DESKTOP-LLF4HB6</Computer>
<Security UserID=""></Security>
</System>
<EventData><Data>&lt;string&gt;\Device\NDMP6&lt;/string&gt;
&lt;string&gt;Intel(R) Wi-Fi 6 AX200 160MHz&lt;/string&gt;
</Data>
<Binary>AAAAAAIAMAAAAAAArhcAgAAAAAAAAAAAAAAAAAAAAAAAAAAAAAAAAA==</Binary>
</EventData>
</Event>

<Event xmlns="http://schemas.microsoft.com/win/2004/08/events/event"><System><Provider Name="Microsoft-Windows-DNS-Client" Guid="{1c95126e-7eea-49a9-a3fe-a378b03ddb4d}"></Provider>
<EventID Qualifiers="">1014</EventID>
<Version>1</Version>
<Level>3</Level>
<Task>1014</Task>
<Opcode>0</Opcode>
<Keywords>0x4000000010000000</Keywords>
<TimeCreated SystemTime="2024-06-29 18:38:11.220407+00:00"></TimeCreated>
<EventRecordID>300468</EventRecordID>
<Correlation ActivityID="" RelatedActivityID=""></Correlation>
<Execution ProcessID="2540" ThreadID="14416"></Execution>
<Channel>System</Channel>
<Computer>DESKTOP-LLF4HB6</Computer>
<Security UserID="S-1-5-20"></Security>
</System>
<EventData><Data Name="QueryName">teams.live.com</Data>
<Data Name="AddressLength">128</Data>
<Data Name="Address">AAAAAAAAAAAAAAAAAAAAAAAAAAAAAAAAAAAAAAAAAAAAAAAAAAAAAAAAAAAAAAAAAAAAAAAAAAAAAAAAAAAAAAAAAAAAAAAAAAAAAAAAAAAAAAAAAAAAAAAAAAAAAAAAAAAAAAAAAAAAAAAAAAAAAAAAAAAAAAAAAAAAAAAAAAA=</Data>
<Data Name="ClientPID">5788</Data>
</EventData>
</Event>

<Event xmlns="http://schemas.microsoft.com/win/2004/08/events/event"><System><Provider Name="Microsoft-Windows-DNS-Client" Guid="{1c95126e-7eea-49a9-a3fe-a378b03ddb4d}"></Provider>
<EventID Qualifiers="">1014</EventID>
<Version>1</Version>
<Level>3</Level>
<Task>1014</Task>
<Opcode>0</Opcode>
<Keywords>0x4000000010000000</Keywords>
<TimeCreated SystemTime="2024-06-29 18:40:49.925739+00:00"></TimeCreated>
<EventRecordID>300469</EventRecordID>
<Correlation ActivityID="" RelatedActivityID=""></Correlation>
<Execution ProcessID="2540" ThreadID="23904"></Execution>
<Channel>System</Channel>
<Computer>DESKTOP-LLF4HB6</Computer>
<Security UserID="S-1-5-20"></Security>
</System>
<EventData><Data Name="QueryName">google.com</Data>
<Data Name="AddressLength">128</Data>
<Data Name="Address">AgAAAMCoAAEAAAAAAAAAAAAAAAAAAAAAAAAAAAAAAAAAAAAAAAAAAAAAAAAAAAAAAAAAAAAAAAAAAAAAAAAAAAAAAAAAAAAAAAAAAAAAAAAAAAAAAAAAAAAAAAAAAAAAAAAAAAAAAAAAAAAAAAAAAAAAAAAAAAAAAAAAAAAAAAA=</Data>
<Data Name="ClientPID">12820</Data>
</EventData>
</Event>

<Event xmlns="http://schemas.microsoft.com/win/2004/08/events/event"><System><Provider Name="Netwtw10"></Provider>
<EventID Qualifiers="16384">7021</EventID>
<Version>0</Version>
<Level>4</Level>
<Task>0</Task>
<Opcode>0</Opcode>
<Keywords>0x0080000000000000</Keywords>
<TimeCreated SystemTime="2024-06-29 18:46:01.574635+00:00"></TimeCreated>
<EventRecordID>300470</EventRecordID>
<Correlation ActivityID="" RelatedActivityID=""></Correlation>
<Execution ProcessID="4" ThreadID="12708"></Execution>
<Channel>System</Channel>
<Computer>DESKTOP-LLF4HB6</Computer>
<Security UserID=""></Security>
</System>
<EventData><Data>&lt;string&gt;&lt;/string&gt;
</Data>
<Binary>AACAAAEArAAAAAAAbRsAQAAAAAAAAAAAAAAAAAAAAAAAAAAAAAAAAAAAAAAHAAAACgAAAKyExutyzgAAM3JkIEZsb29yIAAAAAAAAAAAAAAAAAAAAAAAAAAAAACH/xQAxNof7wEAAAABAAAACAAAAAEAAABUUC1MaW5rAFRMLVdSODQANi4wAAAAAAAAAAAAAwcG2QMAAABVQQcBAgEAAAAAAAAAAAAA</Binary>
</EventData>
</Event>

<Event xmlns="http://schemas.microsoft.com/win/2004/08/events/event"><System><Provider Name="Netwtw10"></Provider>
<EventID Qualifiers="16384">7021</EventID>
<Version>0</Version>
<Level>4</Level>
<Task>0</Task>
<Opcode>0</Opcode>
<Keywords>0x0080000000000000</Keywords>
<TimeCreated SystemTime="2024-06-29 18:46:08.012203+00:00"></TimeCreated>
<EventRecordID>300471</EventRecordID>
<Correlation ActivityID="" RelatedActivityID=""></Correlation>
<Execution ProcessID="4" ThreadID="14064"></Execution>
<Channel>System</Channel>
<Computer>DESKTOP-LLF4HB6</Computer>
<Security UserID=""></Security>
</System>
<EventData><Data>&lt;string&gt;&lt;/string&gt;
</Data>
<Binary>AACAAAEArAAAAAAAbRsAQAAAAAAAAAAAAAAAAAAAAAAAAAAAAAAAAAAAAAAHAAAACgAAAKyExutyzgAAM3JkIEZsb29yIAAAAAAAAAAAAAAAAAAAAAAAAAAAAAClPhQAOyb28gEAAAABAAAACAAAAAEAAABUUC1MaW5rAFRMLVdSODQANi4wAAAAAAAAAAAAAwcG2gMAAABVQQcBAgEAAAAAAAAAAAAA</Binary>
</EventData>
</Event>

