<Event xmlns="http://schemas.microsoft.com/win/2004/08/events/event"><System><Provider Name="Microsoft-Windows-HttpService" Guid="{dd5ef90a-6398-47a4-ad34-4dcecdef795f}"></Provider>
<EventID Qualifiers="">114</EventID>
<Version>0</Version>
<Level>4</Level>
<Task>5</Task>
<Opcode>123</Opcode>
<Keywords>0x4000000000000040</Keywords>
<TimeCreated SystemTime="2024-06-30 04:26:11.350723+00:00"></TimeCreated>
<EventRecordID>300692</EventRecordID>
<Correlation ActivityID="" RelatedActivityID=""></Correlation>
<Execution ProcessID="11896" ThreadID="7908"></Execution>
<Channel>System</Channel>
<Computer>DESKTOP-LLF4HB6</Computer>
<Security UserID="S-1-5-19"></Security>
</System>
<EventData><Data Name="UrlGroupId">18302628907645403137</Data>
<Data Name="Url">http://*:2869/upnp/eventing/</Data>
<Data Name="ProcessId">11896</Data>
<Data Name="ExecutablePath">\Device\HarddiskVolume3\Windows\System32\svchost.exe</Data>
<Data Name="UserSid">S-1-5-19</Data>
</EventData>
</Event>

<Event xmlns="http://schemas.microsoft.com/win/2004/08/events/event"><System><Provider Name="Microsoft-Windows-HttpService" Guid="{dd5ef90a-6398-47a4-ad34-4dcecdef795f}"></Provider>
<EventID Qualifiers="">113</EventID>
<Version>0</Version>
<Level>4</Level>
<Task>5</Task>
<Opcode>122</Opcode>
<Keywords>0x4000000000000040</Keywords>
<TimeCreated SystemTime="2024-06-30 04:26:11.380991+00:00"></TimeCreated>
<EventRecordID>300693</EventRecordID>
<Correlation ActivityID="" RelatedActivityID=""></Correlation>
<Execution ProcessID="11896" ThreadID="7908"></Execution>
<Channel>System</Channel>
<Computer>DESKTOP-LLF4HB6</Computer>
<Security UserID="S-1-5-19"></Security>
</System>
<EventData><Data Name="UrlGroupId">18302628907645403138</Data>
<Data Name="Url">http://*:2869/upnp/eventing/</Data>
<Data Name="Status">0</Data>
<Data Name="ProcessId">11896</Data>
<Data Name="ExecutablePath">\Device\HarddiskVolume3\Windows\System32\svchost.exe</Data>
<Data Name="UserSid">S-1-5-19</Data>
</EventData>
</Event>

<Event xmlns="http://schemas.microsoft.com/win/2004/08/events/event"><System><Provider Name="Microsoft-Windows-HttpService" Guid="{dd5ef90a-6398-47a4-ad34-4dcecdef795f}"></Provider>
<EventID Qualifiers="">114</EventID>
<Version>0</Version>
<Level>4</Level>
<Task>5</Task>
<Opcode>123</Opcode>
<Keywords>0x4000000000000040</Keywords>
<TimeCreated SystemTime="2024-06-30 04:26:23.029013+00:00"></TimeCreated>
<EventRecordID>300694</EventRecordID>
<Correlation ActivityID="" RelatedActivityID=""></Correlation>
<Execution ProcessID="11896" ThreadID="12820"></Execution>
<Channel>System</Channel>
<Computer>DESKTOP-LLF4HB6</Computer>
<Security UserID="S-1-5-19"></Security>
</System>
<EventData><Data Name="UrlGroupId">18302628907645403138</Data>
<Data Name="Url">http://*:2869/upnp/eventing/</Data>
<Data Name="ProcessId">11896</Data>
<Data Name="ExecutablePath">\Device\HarddiskVolume3\Windows\System32\svchost.exe</Data>
<Data Name="UserSid">S-1-5-19</Data>
</EventData>
</Event>

<Event xmlns="http://schemas.microsoft.com/win/2004/08/events/event"><System><Provider Name="Microsoft-Windows-HttpService" Guid="{dd5ef90a-6398-47a4-ad34-4dcecdef795f}"></Provider>
<EventID Qualifiers="">113</EventID>
<Version>0</Version>
<Level>4</Level>
<Task>5</Task>
<Opcode>122</Opcode>
<Keywords>0x4000000000000040</Keywords>
<TimeCreated SystemTime="2024-06-30 04:26:23.050829+00:00"></TimeCreated>
<EventRecordID>300695</EventRecordID>
<Correlation ActivityID="" RelatedActivityID=""></Correlation>
<Execution ProcessID="11896" ThreadID="12820"></Execution>
<Channel>System</Channel>
<Computer>DESKTOP-LLF4HB6</Computer>
<Security UserID="S-1-5-19"></Security>
</System>
<EventData><Data Name="UrlGroupId">18302628916235337730</Data>
<Data Name="Url">http://*:2869/upnp/eventing/</Data>
<Data Name="Status">0</Data>
<Data Name="ProcessId">11896</Data>
<Data Name="ExecutablePath">\Device\HarddiskVolume3\Windows\System32\svchost.exe</Data>
<Data Name="UserSid">S-1-5-19</Data>
</EventData>
</Event>

<Event xmlns="http://schemas.microsoft.com/win/2004/08/events/event"><System><Provider Name="Microsoft-Windows-HttpService" Guid="{dd5ef90a-6398-47a4-ad34-4dcecdef795f}"></Provider>
<EventID Qualifiers="">114</EventID>
<Version>0</Version>
<Level>4</Level>
<Task>5</Task>
<Opcode>123</Opcode>
<Keywords>0x4000000000000040</Keywords>
<TimeCreated SystemTime="2024-06-30 04:26:23.136192+00:00"></TimeCreated>
<EventRecordID>300696</EventRecordID>
<Correlation ActivityID="" RelatedActivityID=""></Correlation>
<Execution ProcessID="11896" ThreadID="12760"></Execution>
<Channel>System</Channel>
<Computer>DESKTOP-LLF4HB6</Computer>
<Security UserID="S-1-5-19"></Security>
</System>
<EventData><Data Name="UrlGroupId">18302628916235337730</Data>
<Data Name="Url">http://*:2869/upnp/eventing/</Data>
<Data Name="ProcessId">11896</Data>
<Data Name="ExecutablePath">\Device\HarddiskVolume3\Windows\System32\svchost.exe</Data>
<Data Name="UserSid">S-1-5-19</Data>
</EventData>
</Event>

<Event xmlns="http://schemas.microsoft.com/win/2004/08/events/event"><System><Provider Name="Microsoft-Windows-HttpService" Guid="{dd5ef90a-6398-47a4-ad34-4dcecdef795f}"></Provider>
<EventID Qualifiers="">113</EventID>
<Version>0</Version>
<Level>4</Level>
<Task>5</Task>
<Opcode>122</Opcode>
<Keywords>0x4000000000000040</Keywords>
<TimeCreated SystemTime="2024-06-30 04:26:23.161243+00:00"></TimeCreated>
<EventRecordID>300697</EventRecordID>
<Correlation ActivityID="" RelatedActivityID=""></Correlation>
<Execution ProcessID="11896" ThreadID="12760"></Execution>
<Channel>System</Channel>
<Computer>DESKTOP-LLF4HB6</Computer>
<Security UserID="S-1-5-19"></Security>
</System>
<EventData><Data Name="UrlGroupId">18302628916235337731</Data>
<Data Name="Url">http://*:2869/upnp/eventing/</Data>
<Data Name="Status">0</Data>
<Data Name="ProcessId">11896</Data>
<Data Name="ExecutablePath">\Device\HarddiskVolume3\Windows\System32\svchost.exe</Data>
<Data Name="UserSid">S-1-5-19</Data>
</EventData>
</Event>

<Event xmlns="http://schemas.microsoft.com/win/2004/08/events/event"><System><Provider Name="Service Control Manager" Guid="{555908d1-a6d7-4695-8e1e-26931d2012f4}" EventSourceName="Service Control Manager"></Provider>
<EventID Qualifiers="49152">7000</EventID>
<Version>0</Version>
<Level>2</Level>
<Task>0</Task>
<Opcode>0</Opcode>
<Keywords>0x8080000000000000</Keywords>
<TimeCreated SystemTime="2024-06-30 04:26:26.923923+00:00"></TimeCreated>
<EventRecordID>300698</EventRecordID>
<Correlation ActivityID="" RelatedActivityID=""></Correlation>
<Execution ProcessID="1100" ThreadID="8880"></Execution>
<Channel>System</Channel>
<Computer>DESKTOP-LLF4HB6</Computer>
<Security UserID=""></Security>
</System>
<EventData><Data Name="param1">Avast Browser Update Service (avast)</Data>
<Data Name="param2">%%2</Data>
<Binary>YQB2AGEAcwB0AAAA</Binary>
</EventData>
</Event>

<Event xmlns="http://schemas.microsoft.com/win/2004/08/events/event"><System><Provider Name="Microsoft-Windows-HttpService" Guid="{dd5ef90a-6398-47a4-ad34-4dcecdef795f}"></Provider>
<EventID Qualifiers="">114</EventID>
<Version>0</Version>
<Level>4</Level>
<Task>5</Task>
<Opcode>123</Opcode>
<Keywords>0x4000000000000040</Keywords>
<TimeCreated SystemTime="2024-06-30 04:26:32.625746+00:00"></TimeCreated>
<EventRecordID>300699</EventRecordID>
<Correlation ActivityID="" RelatedActivityID=""></Correlation>
<Execution ProcessID="11896" ThreadID="7908"></Execution>
<Channel>System</Channel>
<Computer>DESKTOP-LLF4HB6</Computer>
<Security UserID="S-1-5-19"></Security>
</System>
<EventData><Data Name="UrlGroupId">18302628916235337731</Data>
<Data Name="Url">http://*:2869/upnp/eventing/</Data>
<Data Name="ProcessId">11896</Data>
<Data Name="ExecutablePath">\Device\HarddiskVolume3\Windows\System32\svchost.exe</Data>
<Data Name="UserSid">S-1-5-19</Data>
</EventData>
</Event>

<Event xmlns="http://schemas.microsoft.com/win/2004/08/events/event"><System><Provider Name="Microsoft-Windows-HttpService" Guid="{dd5ef90a-6398-47a4-ad34-4dcecdef795f}"></Provider>
<EventID Qualifiers="">113</EventID>
<Version>0</Version>
<Level>4</Level>
<Task>5</Task>
<Opcode>122</Opcode>
<Keywords>0x4000000000000040</Keywords>
<TimeCreated SystemTime="2024-06-30 04:26:32.673504+00:00"></TimeCreated>
<EventRecordID>300700</EventRecordID>
<Correlation ActivityID="" RelatedActivityID=""></Correlation>
<Execution ProcessID="11896" ThreadID="7908"></Execution>
<Channel>System</Channel>
<Computer>DESKTOP-LLF4HB6</Computer>
<Security UserID="S-1-5-19"></Security>
</System>
<EventData><Data Name="UrlGroupId">18302628894760501249</Data>
<Data Name="Url">http://*:2869/upnp/eventing/</Data>
<Data Name="Status">0</Data>
<Data Name="ProcessId">11896</Data>
<Data Name="ExecutablePath">\Device\HarddiskVolume3\Windows\System32\svchost.exe</Data>
<Data Name="UserSid">S-1-5-19</Data>
</EventData>
</Event>

<Event xmlns="http://schemas.microsoft.com/win/2004/08/events/event"><System><Provider Name="Microsoft-Windows-HttpService" Guid="{dd5ef90a-6398-47a4-ad34-4dcecdef795f}"></Provider>
<EventID Qualifiers="">114</EventID>
<Version>0</Version>
<Level>4</Level>
<Task>5</Task>
<Opcode>123</Opcode>
<Keywords>0x4000000000000040</Keywords>
<TimeCreated SystemTime="2024-06-30 04:26:32.789133+00:00"></TimeCreated>
<EventRecordID>300701</EventRecordID>
<Correlation ActivityID="" RelatedActivityID=""></Correlation>
<Execution ProcessID="11896" ThreadID="12760"></Execution>
<Channel>System</Channel>
<Computer>DESKTOP-LLF4HB6</Computer>
<Security UserID="S-1-5-19"></Security>
</System>
<EventData><Data Name="UrlGroupId">18302628894760501249</Data>
<Data Name="Url">http://*:2869/upnp/eventing/</Data>
<Data Name="ProcessId">11896</Data>
<Data Name="ExecutablePath">\Device\HarddiskVolume3\Windows\System32\svchost.exe</Data>
<Data Name="UserSid">S-1-5-19</Data>
</EventData>
</Event>

<Event xmlns="http://schemas.microsoft.com/win/2004/08/events/event"><System><Provider Name="Microsoft-Windows-HttpService" Guid="{dd5ef90a-6398-47a4-ad34-4dcecdef795f}"></Provider>
<EventID Qualifiers="">113</EventID>
<Version>0</Version>
<Level>4</Level>
<Task>5</Task>
<Opcode>122</Opcode>
<Keywords>0x4000000000000040</Keywords>
<TimeCreated SystemTime="2024-06-30 04:26:32.813049+00:00"></TimeCreated>
<EventRecordID>300702</EventRecordID>
<Correlation ActivityID="" RelatedActivityID=""></Correlation>
<Execution ProcessID="11896" ThreadID="12760"></Execution>
<Channel>System</Channel>
<Computer>DESKTOP-LLF4HB6</Computer>
<Security UserID="S-1-5-19"></Security>
</System>
<EventData><Data Name="UrlGroupId">18302628911940370433</Data>
<Data Name="Url">http://*:2869/upnp/eventing/</Data>
<Data Name="Status">0</Data>
<Data Name="ProcessId">11896</Data>
<Data Name="ExecutablePath">\Device\HarddiskVolume3\Windows\System32\svchost.exe</Data>
<Data Name="UserSid">S-1-5-19</Data>
</EventData>
</Event>

<Event xmlns="http://schemas.microsoft.com/win/2004/08/events/event"><System><Provider Name="Microsoft-Windows-DistributedCOM" Guid="{1B562E86-B7AA-4131-BADC-B6F3A001407E}" EventSourceName="DCOM"></Provider>
<EventID Qualifiers="0">10016</EventID>
<Version>0</Version>
<Level>3</Level>
<Task>0</Task>
<Opcode>0</Opcode>
<Keywords>0x8080000000000000</Keywords>
<TimeCreated SystemTime="2024-06-30 04:26:42.799822+00:00"></TimeCreated>
<EventRecordID>300703</EventRecordID>
<Correlation ActivityID="" RelatedActivityID=""></Correlation>
<Execution ProcessID="1508" ThreadID="7980"></Execution>
<Channel>System</Channel>
<Computer>DESKTOP-LLF4HB6</Computer>
<Security UserID="S-1-5-18"></Security>
</System>
<EventData><Data Name="param1">application-specific</Data>
<Data Name="param2">Local</Data>
<Data Name="param3">Launch</Data>
<Data Name="param4">Windows.SecurityCenter.WscBrokerManager</Data>
<Data Name="param5">Unavailable</Data>
<Data Name="param6">NT AUTHORITY</Data>
<Data Name="param7">SYSTEM</Data>
<Data Name="param8">S-1-5-18</Data>
<Data Name="param9">LocalHost (Using LRPC)</Data>
<Data Name="param10">Unavailable</Data>
<Data Name="param11">Unavailable</Data>
</EventData>
</Event>

<Event xmlns="http://schemas.microsoft.com/win/2004/08/events/event"><System><Provider Name="Microsoft-Windows-DistributedCOM" Guid="{1B562E86-B7AA-4131-BADC-B6F3A001407E}" EventSourceName="DCOM"></Provider>
<EventID Qualifiers="0">10016</EventID>
<Version>0</Version>
<Level>3</Level>
<Task>0</Task>
<Opcode>0</Opcode>
<Keywords>0x8080000000000000</Keywords>
<TimeCreated SystemTime="2024-06-30 04:26:42.800827+00:00"></TimeCreated>
<EventRecordID>300704</EventRecordID>
<Correlation ActivityID="" RelatedActivityID=""></Correlation>
<Execution ProcessID="1508" ThreadID="2008"></Execution>
<Channel>System</Channel>
<Computer>DESKTOP-LLF4HB6</Computer>
<Security UserID="S-1-5-18"></Security>
</System>
<EventData><Data Name="param1">application-specific</Data>
<Data Name="param2">Local</Data>
<Data Name="param3">Launch</Data>
<Data Name="param4">Windows.SecurityCenter.SecurityAppBroker</Data>
<Data Name="param5">Unavailable</Data>
<Data Name="param6">NT AUTHORITY</Data>
<Data Name="param7">SYSTEM</Data>
<Data Name="param8">S-1-5-18</Data>
<Data Name="param9">LocalHost (Using LRPC)</Data>
<Data Name="param10">Unavailable</Data>
<Data Name="param11">Unavailable</Data>
</EventData>
</Event>

<Event xmlns="http://schemas.microsoft.com/win/2004/08/events/event"><System><Provider Name="Microsoft-Windows-DistributedCOM" Guid="{1B562E86-B7AA-4131-BADC-B6F3A001407E}" EventSourceName="DCOM"></Provider>
<EventID Qualifiers="0">10016</EventID>
<Version>0</Version>
<Level>3</Level>
<Task>0</Task>
<Opcode>0</Opcode>
<Keywords>0x8080000000000000</Keywords>
<TimeCreated SystemTime="2024-06-30 04:26:42.803825+00:00"></TimeCreated>
<EventRecordID>300705</EventRecordID>
<Correlation ActivityID="" RelatedActivityID=""></Correlation>
<Execution ProcessID="1508" ThreadID="5736"></Execution>
<Channel>System</Channel>
<Computer>DESKTOP-LLF4HB6</Computer>
<Security UserID="S-1-5-18"></Security>
</System>
<EventData><Data Name="param1">application-specific</Data>
<Data Name="param2">Local</Data>
<Data Name="param3">Launch</Data>
<Data Name="param4">Windows.SecurityCenter.WscDataProtection</Data>
<Data Name="param5">Unavailable</Data>
<Data Name="param6">NT AUTHORITY</Data>
<Data Name="param7">SYSTEM</Data>
<Data Name="param8">S-1-5-18</Data>
<Data Name="param9">LocalHost (Using LRPC)</Data>
<Data Name="param10">Unavailable</Data>
<Data Name="param11">Unavailable</Data>
</EventData>
</Event>

<Event xmlns="http://schemas.microsoft.com/win/2004/08/events/event"><System><Provider Name="Microsoft-Windows-HttpService" Guid="{dd5ef90a-6398-47a4-ad34-4dcecdef795f}"></Provider>
<EventID Qualifiers="">114</EventID>
<Version>0</Version>
<Level>4</Level>
<Task>5</Task>
<Opcode>123</Opcode>
<Keywords>0x4000000000000040</Keywords>
<TimeCreated SystemTime="2024-06-30 04:27:01.052961+00:00"></TimeCreated>
<EventRecordID>300706</EventRecordID>
<Correlation ActivityID="" RelatedActivityID=""></Correlation>
<Execution ProcessID="11896" ThreadID="12760"></Execution>
<Channel>System</Channel>
<Computer>DESKTOP-LLF4HB6</Computer>
<Security UserID="S-1-5-19"></Security>
</System>
<EventData><Data Name="UrlGroupId">18302628911940370433</Data>
<Data Name="Url">http://*:2869/upnp/eventing/</Data>
<Data Name="ProcessId">11896</Data>
<Data Name="ExecutablePath">\Device\HarddiskVolume3\Windows\System32\svchost.exe</Data>
<Data Name="UserSid">S-1-5-19</Data>
</EventData>
</Event>

<Event xmlns="http://schemas.microsoft.com/win/2004/08/events/event"><System><Provider Name="Microsoft-Windows-HttpService" Guid="{dd5ef90a-6398-47a4-ad34-4dcecdef795f}"></Provider>
<EventID Qualifiers="">113</EventID>
<Version>0</Version>
<Level>4</Level>
<Task>5</Task>
<Opcode>122</Opcode>
<Keywords>0x4000000000000040</Keywords>
<TimeCreated SystemTime="2024-06-30 04:27:01.086555+00:00"></TimeCreated>
<EventRecordID>300707</EventRecordID>
<Correlation ActivityID="" RelatedActivityID=""></Correlation>
<Execution ProcessID="11896" ThreadID="12760"></Execution>
<Channel>System</Channel>
<Computer>DESKTOP-LLF4HB6</Computer>
<Security UserID="S-1-5-19"></Security>
</System>
<EventData><Data Name="UrlGroupId">18302628886170566657</Data>
<Data Name="Url">http://*:2869/upnp/eventing/</Data>
<Data Name="Status">0</Data>
<Data Name="ProcessId">11896</Data>
<Data Name="ExecutablePath">\Device\HarddiskVolume3\Windows\System32\svchost.exe</Data>
<Data Name="UserSid">S-1-5-19</Data>
</EventData>
</Event>

<Event xmlns="http://schemas.microsoft.com/win/2004/08/events/event"><System><Provider Name="Microsoft-Windows-HttpService" Guid="{dd5ef90a-6398-47a4-ad34-4dcecdef795f}"></Provider>
<EventID Qualifiers="">114</EventID>
<Version>0</Version>
<Level>4</Level>
<Task>5</Task>
<Opcode>123</Opcode>
<Keywords>0x4000000000000040</Keywords>
<TimeCreated SystemTime="2024-06-30 04:27:01.154490+00:00"></TimeCreated>
<EventRecordID>300708</EventRecordID>
<Correlation ActivityID="" RelatedActivityID=""></Correlation>
<Execution ProcessID="11896" ThreadID="13600"></Execution>
<Channel>System</Channel>
<Computer>DESKTOP-LLF4HB6</Computer>
<Security UserID="S-1-5-19"></Security>
</System>
<EventData><Data Name="UrlGroupId">18302628886170566657</Data>
<Data Name="Url">http://*:2869/upnp/eventing/</Data>
<Data Name="ProcessId">11896</Data>
<Data Name="ExecutablePath">\Device\HarddiskVolume3\Windows\System32\svchost.exe</Data>
<Data Name="UserSid">S-1-5-19</Data>
</EventData>
</Event>

<Event xmlns="http://schemas.microsoft.com/win/2004/08/events/event"><System><Provider Name="Microsoft-Windows-HttpService" Guid="{dd5ef90a-6398-47a4-ad34-4dcecdef795f}"></Provider>
<EventID Qualifiers="">113</EventID>
<Version>0</Version>
<Level>4</Level>
<Task>5</Task>
<Opcode>122</Opcode>
<Keywords>0x4000000000000040</Keywords>
<TimeCreated SystemTime="2024-06-30 04:27:01.190454+00:00"></TimeCreated>
<EventRecordID>300709</EventRecordID>
<Correlation ActivityID="" RelatedActivityID=""></Correlation>
<Execution ProcessID="11896" ThreadID="13600"></Execution>
<Channel>System</Channel>
<Computer>DESKTOP-LLF4HB6</Computer>
<Security UserID="S-1-5-19"></Security>
</System>
<EventData><Data Name="UrlGroupId">18302628899055468545</Data>
<Data Name="Url">http://*:2869/upnp/eventing/</Data>
<Data Name="Status">0</Data>
<Data Name="ProcessId">11896</Data>
<Data Name="ExecutablePath">\Device\HarddiskVolume3\Windows\System32\svchost.exe</Data>
<Data Name="UserSid">S-1-5-19</Data>
</EventData>
</Event>

<Event xmlns="http://schemas.microsoft.com/win/2004/08/events/event"><System><Provider Name="Service Control Manager" Guid="{555908d1-a6d7-4695-8e1e-26931d2012f4}" EventSourceName="Service Control Manager"></Provider>
<EventID Qualifiers="16384">7045</EventID>
<Version>0</Version>
<Level>4</Level>
<Task>0</Task>
<Opcode>0</Opcode>
<Keywords>0x8080000000000000</Keywords>
<TimeCreated SystemTime="2024-06-30 04:27:23.999533+00:00"></TimeCreated>
<EventRecordID>300710</EventRecordID>
<Correlation ActivityID="" RelatedActivityID=""></Correlation>
<Execution ProcessID="1100" ThreadID="8880"></Execution>
<Channel>System</Channel>
<Computer>DESKTOP-LLF4HB6</Computer>
<Security UserID="S-1-5-18"></Security>
</System>
<EventData><Data Name="ServiceName">MpKslde8717a5</Data>
<Data Name="ImagePath">C:\ProgramData\Microsoft\Windows Defender\Definition Updates\{1391DA8A-DD80-45A2-B8F9-C63EB4106857}\MpKslDrv.sys</Data>
<Data Name="ServiceType">kernel mode driver</Data>
<Data Name="StartType">demand start</Data>
<Data Name="AccountName"></Data>
</EventData>
</Event>

<Event xmlns="http://schemas.microsoft.com/win/2004/08/events/event"><System><Provider Name="Microsoft-Windows-IsolatedUserMode" Guid="{73a33ab2-1966-4999-8add-868c41415269}"></Provider>
<EventID Qualifiers="">2</EventID>
<Version>0</Version>
<Level>4</Level>
<Task>0</Task>
<Opcode>0</Opcode>
<Keywords>0x8000400000000000</Keywords>
<TimeCreated SystemTime="2024-06-30 04:27:30.407063+00:00"></TimeCreated>
<EventRecordID>300711</EventRecordID>
<Correlation ActivityID="" RelatedActivityID=""></Correlation>
<Execution ProcessID="2720" ThreadID="2812"></Execution>
<Channel>System</Channel>
<Computer>DESKTOP-LLF4HB6</Computer>
<Security UserID="S-1-5-21-3356611828-2158967444-2878968500-1001"></Security>
</System>
<EventData><Data Name="TrustletIdentity">0</Data>
<Data Name="NormalProcessId">0</Data>
<Data Name="Status">0</Data>
</EventData>
</Event>

<Event xmlns="http://schemas.microsoft.com/win/2004/08/events/event"><System><Provider Name="Microsoft-Windows-IsolatedUserMode" Guid="{73a33ab2-1966-4999-8add-868c41415269}"></Provider>
<EventID Qualifiers="">5</EventID>
<Version>0</Version>
<Level>4</Level>
<Task>0</Task>
<Opcode>0</Opcode>
<Keywords>0x8000400000000000</Keywords>
<TimeCreated SystemTime="2024-06-30 04:27:30.640768+00:00"></TimeCreated>
<EventRecordID>300712</EventRecordID>
<Correlation ActivityID="" RelatedActivityID=""></Correlation>
<Execution ProcessID="12356" ThreadID="16448"></Execution>
<Channel>System</Channel>
<Computer>DESKTOP-LLF4HB6</Computer>
<Security UserID="S-1-5-21-3356611828-2158967444-2878968500-1001"></Security>
</System>
<EventData><Data Name="TrustletIdentity">0</Data>
<Data Name="NormalProcessId">0</Data>
<Data Name="Status">0</Data>
<Data Name="ImageName">NULL</Data>
</EventData>
</Event>

<Event xmlns="http://schemas.microsoft.com/win/2004/08/events/event"><System><Provider Name="Microsoft-Windows-HttpService" Guid="{dd5ef90a-6398-47a4-ad34-4dcecdef795f}"></Provider>
<EventID Qualifiers="">114</EventID>
<Version>0</Version>
<Level>4</Level>
<Task>5</Task>
<Opcode>123</Opcode>
<Keywords>0x4000000000000040</Keywords>
<TimeCreated SystemTime="2024-06-30 04:28:33.687820+00:00"></TimeCreated>
<EventRecordID>300713</EventRecordID>
<Correlation ActivityID="" RelatedActivityID=""></Correlation>
<Execution ProcessID="11896" ThreadID="12820"></Execution>
<Channel>System</Channel>
<Computer>DESKTOP-LLF4HB6</Computer>
<Security UserID="S-1-5-19"></Security>
</System>
<EventData><Data Name="UrlGroupId">18302628899055468545</Data>
<Data Name="Url">http://*:2869/upnp/eventing/</Data>
<Data Name="ProcessId">11896</Data>
<Data Name="ExecutablePath">\Device\HarddiskVolume3\Windows\System32\svchost.exe</Data>
<Data Name="UserSid">S-1-5-19</Data>
</EventData>
</Event>

<Event xmlns="http://schemas.microsoft.com/win/2004/08/events/event"><System><Provider Name="Microsoft-Windows-HttpService" Guid="{dd5ef90a-6398-47a4-ad34-4dcecdef795f}"></Provider>
<EventID Qualifiers="">113</EventID>
<Version>0</Version>
<Level>4</Level>
<Task>5</Task>
<Opcode>122</Opcode>
<Keywords>0x4000000000000040</Keywords>
<TimeCreated SystemTime="2024-06-30 04:28:33.711922+00:00"></TimeCreated>
<EventRecordID>300714</EventRecordID>
<Correlation ActivityID="" RelatedActivityID=""></Correlation>
<Execution ProcessID="11896" ThreadID="12820"></Execution>
<Channel>System</Channel>
<Computer>DESKTOP-LLF4HB6</Computer>
<Security UserID="S-1-5-19"></Security>
</System>
<EventData><Data Name="UrlGroupId">18302628890465533954</Data>
<Data Name="Url">http://*:2869/upnp/eventing/</Data>
<Data Name="Status">0</Data>
<Data Name="ProcessId">11896</Data>
<Data Name="ExecutablePath">\Device\HarddiskVolume3\Windows\System32\svchost.exe</Data>
<Data Name="UserSid">S-1-5-19</Data>
</EventData>
</Event>

<Event xmlns="http://schemas.microsoft.com/win/2004/08/events/event"><System><Provider Name="Microsoft-Windows-HttpService" Guid="{dd5ef90a-6398-47a4-ad34-4dcecdef795f}"></Provider>
<EventID Qualifiers="">114</EventID>
<Version>0</Version>
<Level>4</Level>
<Task>5</Task>
<Opcode>123</Opcode>
<Keywords>0x4000000000000040</Keywords>
<TimeCreated SystemTime="2024-06-30 04:28:33.767382+00:00"></TimeCreated>
<EventRecordID>300715</EventRecordID>
<Correlation ActivityID="" RelatedActivityID=""></Correlation>
<Execution ProcessID="11896" ThreadID="7908"></Execution>
<Channel>System</Channel>
<Computer>DESKTOP-LLF4HB6</Computer>
<Security UserID="S-1-5-19"></Security>
</System>
<EventData><Data Name="UrlGroupId">18302628890465533954</Data>
<Data Name="Url">http://*:2869/upnp/eventing/</Data>
<Data Name="ProcessId">11896</Data>
<Data Name="ExecutablePath">\Device\HarddiskVolume3\Windows\System32\svchost.exe</Data>
<Data Name="UserSid">S-1-5-19</Data>
</EventData>
</Event>

<Event xmlns="http://schemas.microsoft.com/win/2004/08/events/event"><System><Provider Name="Microsoft-Windows-HttpService" Guid="{dd5ef90a-6398-47a4-ad34-4dcecdef795f}"></Provider>
<EventID Qualifiers="">113</EventID>
<Version>0</Version>
<Level>4</Level>
<Task>5</Task>
<Opcode>122</Opcode>
<Keywords>0x4000000000000040</Keywords>
<TimeCreated SystemTime="2024-06-30 04:28:33.787415+00:00"></TimeCreated>
<EventRecordID>300716</EventRecordID>
<Correlation ActivityID="" RelatedActivityID=""></Correlation>
<Execution ProcessID="11896" ThreadID="7908"></Execution>
<Channel>System</Channel>
<Computer>DESKTOP-LLF4HB6</Computer>
<Security UserID="S-1-5-19"></Security>
</System>
<EventData><Data Name="UrlGroupId">18302628916235337732</Data>
<Data Name="Url">http://*:2869/upnp/eventing/</Data>
<Data Name="Status">0</Data>
<Data Name="ProcessId">11896</Data>
<Data Name="ExecutablePath">\Device\HarddiskVolume3\Windows\System32\svchost.exe</Data>
<Data Name="UserSid">S-1-5-19</Data>
</EventData>
</Event>

<Event xmlns="http://schemas.microsoft.com/win/2004/08/events/event"><System><Provider Name="Microsoft-Windows-HttpService" Guid="{dd5ef90a-6398-47a4-ad34-4dcecdef795f}"></Provider>
<EventID Qualifiers="">114</EventID>
<Version>0</Version>
<Level>4</Level>
<Task>5</Task>
<Opcode>123</Opcode>
<Keywords>0x4000000000000040</Keywords>
<TimeCreated SystemTime="2024-06-30 04:28:37.895960+00:00"></TimeCreated>
<EventRecordID>300717</EventRecordID>
<Correlation ActivityID="" RelatedActivityID=""></Correlation>
<Execution ProcessID="11896" ThreadID="12820"></Execution>
<Channel>System</Channel>
<Computer>DESKTOP-LLF4HB6</Computer>
<Security UserID="S-1-5-19"></Security>
</System>
<EventData><Data Name="UrlGroupId">18302628916235337732</Data>
<Data Name="Url">http://*:2869/upnp/eventing/</Data>
<Data Name="ProcessId">11896</Data>
<Data Name="ExecutablePath">\Device\HarddiskVolume3\Windows\System32\svchost.exe</Data>
<Data Name="UserSid">S-1-5-19</Data>
</EventData>
</Event>

<Event xmlns="http://schemas.microsoft.com/win/2004/08/events/event"><System><Provider Name="Microsoft-Windows-HttpService" Guid="{dd5ef90a-6398-47a4-ad34-4dcecdef795f}"></Provider>
<EventID Qualifiers="">113</EventID>
<Version>0</Version>
<Level>4</Level>
<Task>5</Task>
<Opcode>122</Opcode>
<Keywords>0x4000000000000040</Keywords>
<TimeCreated SystemTime="2024-06-30 04:28:38.025711+00:00"></TimeCreated>
<EventRecordID>300718</EventRecordID>
<Correlation ActivityID="" RelatedActivityID=""></Correlation>
<Execution ProcessID="11896" ThreadID="12820"></Execution>
<Channel>System</Channel>
<Computer>DESKTOP-LLF4HB6</Computer>
<Security UserID="S-1-5-19"></Security>
</System>
<EventData><Data Name="UrlGroupId">18302628890465533955</Data>
<Data Name="Url">http://*:2869/upnp/eventing/</Data>
<Data Name="Status">0</Data>
<Data Name="ProcessId">11896</Data>
<Data Name="ExecutablePath">\Device\HarddiskVolume3\Windows\System32\svchost.exe</Data>
<Data Name="UserSid">S-1-5-19</Data>
</EventData>
</Event>

<Event xmlns="http://schemas.microsoft.com/win/2004/08/events/event"><System><Provider Name="Microsoft-Windows-HttpService" Guid="{dd5ef90a-6398-47a4-ad34-4dcecdef795f}"></Provider>
<EventID Qualifiers="">114</EventID>
<Version>0</Version>
<Level>4</Level>
<Task>5</Task>
<Opcode>123</Opcode>
<Keywords>0x4000000000000040</Keywords>
<TimeCreated SystemTime="2024-06-30 04:28:38.086433+00:00"></TimeCreated>
<EventRecordID>300719</EventRecordID>
<Correlation ActivityID="" RelatedActivityID=""></Correlation>
<Execution ProcessID="11896" ThreadID="13600"></Execution>
<Channel>System</Channel>
<Computer>DESKTOP-LLF4HB6</Computer>
<Security UserID="S-1-5-19"></Security>
</System>
<EventData><Data Name="UrlGroupId">18302628890465533955</Data>
<Data Name="Url">http://*:2869/upnp/eventing/</Data>
<Data Name="ProcessId">11896</Data>
<Data Name="ExecutablePath">\Device\HarddiskVolume3\Windows\System32\svchost.exe</Data>
<Data Name="UserSid">S-1-5-19</Data>
</EventData>
</Event>

<Event xmlns="http://schemas.microsoft.com/win/2004/08/events/event"><System><Provider Name="Microsoft-Windows-HttpService" Guid="{dd5ef90a-6398-47a4-ad34-4dcecdef795f}"></Provider>
<EventID Qualifiers="">113</EventID>
<Version>0</Version>
<Level>4</Level>
<Task>5</Task>
<Opcode>122</Opcode>
<Keywords>0x4000000000000040</Keywords>
<TimeCreated SystemTime="2024-06-30 04:28:38.110613+00:00"></TimeCreated>
<EventRecordID>300720</EventRecordID>
<Correlation ActivityID="" RelatedActivityID=""></Correlation>
<Execution ProcessID="11896" ThreadID="13600"></Execution>
<Channel>System</Channel>
<Computer>DESKTOP-LLF4HB6</Computer>
<Security UserID="S-1-5-19"></Security>
</System>
<EventData><Data Name="UrlGroupId">18302628903350435841</Data>
<Data Name="Url">http://*:2869/upnp/eventing/</Data>
<Data Name="Status">0</Data>
<Data Name="ProcessId">11896</Data>
<Data Name="ExecutablePath">\Device\HarddiskVolume3\Windows\System32\svchost.exe</Data>
<Data Name="UserSid">S-1-5-19</Data>
</EventData>
</Event>

<Event xmlns="http://schemas.microsoft.com/win/2004/08/events/event"><System><Provider Name="Microsoft-Windows-HttpService" Guid="{dd5ef90a-6398-47a4-ad34-4dcecdef795f}"></Provider>
<EventID Qualifiers="">114</EventID>
<Version>0</Version>
<Level>4</Level>
<Task>5</Task>
<Opcode>123</Opcode>
<Keywords>0x4000000000000040</Keywords>
<TimeCreated SystemTime="2024-06-30 04:28:42.226389+00:00"></TimeCreated>
<EventRecordID>300721</EventRecordID>
<Correlation ActivityID="" RelatedActivityID=""></Correlation>
<Execution ProcessID="11896" ThreadID="7908"></Execution>
<Channel>System</Channel>
<Computer>DESKTOP-LLF4HB6</Computer>
<Security UserID="S-1-5-19"></Security>
</System>
<EventData><Data Name="UrlGroupId">18302628903350435841</Data>
<Data Name="Url">http://*:2869/upnp/eventing/</Data>
<Data Name="ProcessId">11896</Data>
<Data Name="ExecutablePath">\Device\HarddiskVolume3\Windows\System32\svchost.exe</Data>
<Data Name="UserSid">S-1-5-19</Data>
</EventData>
</Event>

<Event xmlns="http://schemas.microsoft.com/win/2004/08/events/event"><System><Provider Name="Microsoft-Windows-HttpService" Guid="{dd5ef90a-6398-47a4-ad34-4dcecdef795f}"></Provider>
<EventID Qualifiers="">113</EventID>
<Version>0</Version>
<Level>4</Level>
<Task>5</Task>
<Opcode>122</Opcode>
<Keywords>0x4000000000000040</Keywords>
<TimeCreated SystemTime="2024-06-30 04:28:42.247200+00:00"></TimeCreated>
<EventRecordID>300722</EventRecordID>
<Correlation ActivityID="" RelatedActivityID=""></Correlation>
<Execution ProcessID="11896" ThreadID="7908"></Execution>
<Channel>System</Channel>
<Computer>DESKTOP-LLF4HB6</Computer>
<Security UserID="S-1-5-19"></Security>
</System>
<EventData><Data Name="UrlGroupId">18302628890465533956</Data>
<Data Name="Url">http://*:2869/upnp/eventing/</Data>
<Data Name="Status">0</Data>
<Data Name="ProcessId">11896</Data>
<Data Name="ExecutablePath">\Device\HarddiskVolume3\Windows\System32\svchost.exe</Data>
<Data Name="UserSid">S-1-5-19</Data>
</EventData>
</Event>

<Event xmlns="http://schemas.microsoft.com/win/2004/08/events/event"><System><Provider Name="Microsoft-Windows-HttpService" Guid="{dd5ef90a-6398-47a4-ad34-4dcecdef795f}"></Provider>
<EventID Qualifiers="">114</EventID>
<Version>0</Version>
<Level>4</Level>
<Task>5</Task>
<Opcode>123</Opcode>
<Keywords>0x4000000000000040</Keywords>
<TimeCreated SystemTime="2024-06-30 04:28:42.317797+00:00"></TimeCreated>
<EventRecordID>300723</EventRecordID>
<Correlation ActivityID="" RelatedActivityID=""></Correlation>
<Execution ProcessID="11896" ThreadID="5388"></Execution>
<Channel>System</Channel>
<Computer>DESKTOP-LLF4HB6</Computer>
<Security UserID="S-1-5-19"></Security>
</System>
<EventData><Data Name="UrlGroupId">18302628890465533956</Data>
<Data Name="Url">http://*:2869/upnp/eventing/</Data>
<Data Name="ProcessId">11896</Data>
<Data Name="ExecutablePath">\Device\HarddiskVolume3\Windows\System32\svchost.exe</Data>
<Data Name="UserSid">S-1-5-19</Data>
</EventData>
</Event>

<Event xmlns="http://schemas.microsoft.com/win/2004/08/events/event"><System><Provider Name="Microsoft-Windows-HttpService" Guid="{dd5ef90a-6398-47a4-ad34-4dcecdef795f}"></Provider>
<EventID Qualifiers="">113</EventID>
<Version>0</Version>
<Level>4</Level>
<Task>5</Task>
<Opcode>122</Opcode>
<Keywords>0x4000000000000040</Keywords>
<TimeCreated SystemTime="2024-06-30 04:28:42.338419+00:00"></TimeCreated>
<EventRecordID>300724</EventRecordID>
<Correlation ActivityID="" RelatedActivityID=""></Correlation>
<Execution ProcessID="11896" ThreadID="5388"></Execution>
<Channel>System</Channel>
<Computer>DESKTOP-LLF4HB6</Computer>
<Security UserID="S-1-5-19"></Security>
</System>
<EventData><Data Name="UrlGroupId">18302628890465533957</Data>
<Data Name="Url">http://*:2869/upnp/eventing/</Data>
<Data Name="Status">0</Data>
<Data Name="ProcessId">11896</Data>
<Data Name="ExecutablePath">\Device\HarddiskVolume3\Windows\System32\svchost.exe</Data>
<Data Name="UserSid">S-1-5-19</Data>
</EventData>
</Event>

<Event xmlns="http://schemas.microsoft.com/win/2004/08/events/event"><System><Provider Name="Microsoft-Windows-TPM-WMI" Guid="{7d5387b0-cbe0-11da-a94d-0800200c9a66}"></Provider>
<EventID Qualifiers="">1796</EventID>
<Version>0</Version>
<Level>2</Level>
<Task>0</Task>
<Opcode>0</Opcode>
<Keywords>0x8000000000000000</Keywords>
<TimeCreated SystemTime="2024-06-30 04:29:51.715824+00:00"></TimeCreated>
<EventRecordID>300725</EventRecordID>
<Correlation ActivityID="" RelatedActivityID=""></Correlation>
<Execution ProcessID="3908" ThreadID="17680"></Execution>
<Channel>System</Channel>
<Computer>DESKTOP-LLF4HB6</Computer>
<Security UserID="S-1-5-18"></Security>
</System>
<EventData><Data Name="HResult">-2147020471</Data>
</EventData>
</Event>

<Event xmlns="http://schemas.microsoft.com/win/2004/08/events/event"><System><Provider Name="Service Control Manager" Guid="{555908d1-a6d7-4695-8e1e-26931d2012f4}" EventSourceName="Service Control Manager"></Provider>
<EventID Qualifiers="16384">7040</EventID>
<Version>0</Version>
<Level>4</Level>
<Task>0</Task>
<Opcode>0</Opcode>
<Keywords>0x8080000000000000</Keywords>
<TimeCreated SystemTime="2024-06-30 04:30:46.186592+00:00"></TimeCreated>
<EventRecordID>300726</EventRecordID>
<Correlation ActivityID="" RelatedActivityID=""></Correlation>
<Execution ProcessID="1100" ThreadID="9348"></Execution>
<Channel>System</Channel>
<Computer>DESKTOP-LLF4HB6</Computer>
<Security UserID="S-1-5-18"></Security>
</System>
<EventData><Data Name="param1">Background Intelligent Transfer Service</Data>
<Data Name="param2">auto start</Data>
<Data Name="param3">demand start</Data>
<Data Name="param4">BITS</Data>
</EventData>
</Event>

<Event xmlns="http://schemas.microsoft.com/win/2004/08/events/event"><System><Provider Name="Microsoft-Windows-HttpService" Guid="{dd5ef90a-6398-47a4-ad34-4dcecdef795f}"></Provider>
<EventID Qualifiers="">114</EventID>
<Version>0</Version>
<Level>4</Level>
<Task>5</Task>
<Opcode>123</Opcode>
<Keywords>0x4000000000000040</Keywords>
<TimeCreated SystemTime="2024-06-30 04:30:46.222836+00:00"></TimeCreated>
<EventRecordID>300727</EventRecordID>
<Correlation ActivityID="" RelatedActivityID=""></Correlation>
<Execution ProcessID="11896" ThreadID="13600"></Execution>
<Channel>System</Channel>
<Computer>DESKTOP-LLF4HB6</Computer>
<Security UserID="S-1-5-19"></Security>
</System>
<EventData><Data Name="UrlGroupId">18302628890465533957</Data>
<Data Name="Url">http://*:2869/upnp/eventing/</Data>
<Data Name="ProcessId">11896</Data>
<Data Name="ExecutablePath">\Device\HarddiskVolume3\Windows\System32\svchost.exe</Data>
<Data Name="UserSid">S-1-5-19</Data>
</EventData>
</Event>

<Event xmlns="http://schemas.microsoft.com/win/2004/08/events/event"><System><Provider Name="Microsoft-Windows-DistributedCOM" Guid="{1B562E86-B7AA-4131-BADC-B6F3A001407E}" EventSourceName="DCOM"></Provider>
<EventID Qualifiers="0">10016</EventID>
<Version>0</Version>
<Level>3</Level>
<Task>0</Task>
<Opcode>0</Opcode>
<Keywords>0x8080000000000000</Keywords>
<TimeCreated SystemTime="2024-06-30 04:31:25.369947+00:00"></TimeCreated>
<EventRecordID>300728</EventRecordID>
<Correlation ActivityID="" RelatedActivityID=""></Correlation>
<Execution ProcessID="1508" ThreadID="7232"></Execution>
<Channel>System</Channel>
<Computer>DESKTOP-LLF4HB6</Computer>
<Security UserID="S-1-5-19"></Security>
</System>
<EventData><Data Name="param1">application-specific</Data>
<Data Name="param2">Local</Data>
<Data Name="param3">Activation</Data>
<Data Name="param4">{6B3B8D23-FA8D-40B9-8DBD-B950333E2C52}</Data>
<Data Name="param5">{4839DDB7-58C2-48F5-8283-E1D1807D0D7D}</Data>
<Data Name="param6">NT AUTHORITY</Data>
<Data Name="param7">LOCAL SERVICE</Data>
<Data Name="param8">S-1-5-19</Data>
<Data Name="param9">LocalHost (Using LRPC)</Data>
<Data Name="param10">Unavailable</Data>
<Data Name="param11">Unavailable</Data>
</EventData>
</Event>

<Event xmlns="http://schemas.microsoft.com/win/2004/08/events/event"><System><Provider Name="Microsoft-Windows-DistributedCOM" Guid="{1B562E86-B7AA-4131-BADC-B6F3A001407E}" EventSourceName="DCOM"></Provider>
<EventID Qualifiers="0">10016</EventID>
<Version>0</Version>
<Level>3</Level>
<Task>0</Task>
<Opcode>0</Opcode>
<Keywords>0x8080000000000000</Keywords>
<TimeCreated SystemTime="2024-06-30 04:31:25.373005+00:00"></TimeCreated>
<EventRecordID>300729</EventRecordID>
<Correlation ActivityID="" RelatedActivityID=""></Correlation>
<Execution ProcessID="1508" ThreadID="7232"></Execution>
<Channel>System</Channel>
<Computer>DESKTOP-LLF4HB6</Computer>
<Security UserID="S-1-5-19"></Security>
</System>
<EventData><Data Name="param1">machine-default</Data>
<Data Name="param2">Local</Data>
<Data Name="param3">Activation</Data>
<Data Name="param4">{C2F03A33-21F5-47FA-B4BB-156362A2F239}</Data>
<Data Name="param5">{316CDED5-E4AE-4B15-9113-7055D84DCC97}</Data>
<Data Name="param6">NT AUTHORITY</Data>
<Data Name="param7">LOCAL SERVICE</Data>
<Data Name="param8">S-1-5-19</Data>
<Data Name="param9">LocalHost (Using LRPC)</Data>
<Data Name="param10">Unavailable</Data>
<Data Name="param11">Unavailable</Data>
</EventData>
</Event>

<Event xmlns="http://schemas.microsoft.com/win/2004/08/events/event"><System><Provider Name="Microsoft-Windows-DistributedCOM" Guid="{1B562E86-B7AA-4131-BADC-B6F3A001407E}" EventSourceName="DCOM"></Provider>
<EventID Qualifiers="0">10016</EventID>
<Version>0</Version>
<Level>3</Level>
<Task>0</Task>
<Opcode>0</Opcode>
<Keywords>0x8080000000000000</Keywords>
<TimeCreated SystemTime="2024-06-30 04:31:25.374205+00:00"></TimeCreated>
<EventRecordID>300730</EventRecordID>
<Correlation ActivityID="" RelatedActivityID=""></Correlation>
<Execution ProcessID="1508" ThreadID="1532"></Execution>
<Channel>System</Channel>
<Computer>DESKTOP-LLF4HB6</Computer>
<Security UserID="S-1-5-19"></Security>
</System>
<EventData><Data Name="param1">application-specific</Data>
<Data Name="param2">Local</Data>
<Data Name="param3">Activation</Data>
<Data Name="param4">{6B3B8D23-FA8D-40B9-8DBD-B950333E2C52}</Data>
<Data Name="param5">{4839DDB7-58C2-48F5-8283-E1D1807D0D7D}</Data>
<Data Name="param6">NT AUTHORITY</Data>
<Data Name="param7">LOCAL SERVICE</Data>
<Data Name="param8">S-1-5-19</Data>
<Data Name="param9">LocalHost (Using LRPC)</Data>
<Data Name="param10">Unavailable</Data>
<Data Name="param11">Unavailable</Data>
</EventData>
</Event>

<Event xmlns="http://schemas.microsoft.com/win/2004/08/events/event"><System><Provider Name="Microsoft-Windows-DistributedCOM" Guid="{1B562E86-B7AA-4131-BADC-B6F3A001407E}" EventSourceName="DCOM"></Provider>
<EventID Qualifiers="0">10016</EventID>
<Version>0</Version>
<Level>3</Level>
<Task>0</Task>
<Opcode>0</Opcode>
<Keywords>0x8080000000000000</Keywords>
<TimeCreated SystemTime="2024-06-30 04:31:25.376217+00:00"></TimeCreated>
<EventRecordID>300731</EventRecordID>
<Correlation ActivityID="" RelatedActivityID=""></Correlation>
<Execution ProcessID="1508" ThreadID="1532"></Execution>
<Channel>System</Channel>
<Computer>DESKTOP-LLF4HB6</Computer>
<Security UserID="S-1-5-19"></Security>
</System>
<EventData><Data Name="param1">machine-default</Data>
<Data Name="param2">Local</Data>
<Data Name="param3">Activation</Data>
<Data Name="param4">{C2F03A33-21F5-47FA-B4BB-156362A2F239}</Data>
<Data Name="param5">{316CDED5-E4AE-4B15-9113-7055D84DCC97}</Data>
<Data Name="param6">NT AUTHORITY</Data>
<Data Name="param7">LOCAL SERVICE</Data>
<Data Name="param8">S-1-5-19</Data>
<Data Name="param9">LocalHost (Using LRPC)</Data>
<Data Name="param10">Unavailable</Data>
<Data Name="param11">Unavailable</Data>
</EventData>
</Event>

<Event xmlns="http://schemas.microsoft.com/win/2004/08/events/event"><System><Provider Name="nhi"></Provider>
<EventID Qualifiers="16388">9008</EventID>
<Version>0</Version>
<Level>4</Level>
<Task>0</Task>
<Opcode>0</Opcode>
<Keywords>0x0080000000000000</Keywords>
<TimeCreated SystemTime="2024-06-30 04:31:27.379822+00:00"></TimeCreated>
<EventRecordID>300732</EventRecordID>
<Correlation ActivityID="" RelatedActivityID=""></Correlation>
<Execution ProcessID="4" ThreadID="296"></Execution>
<Channel>System</Channel>
<Computer>DESKTOP-LLF4HB6</Computer>
<Security UserID=""></Security>
</System>
<EventData><Data>&lt;string&gt;&lt;/string&gt;
</Data>
<Binary>AAAAAAEAAAAAAAAAMCMEQAAAAAAAAAAAAAAAAAAAAAAAAAAAAAAAAA==</Binary>
</EventData>
</Event>

<Event xmlns="http://schemas.microsoft.com/win/2004/08/events/event"><System><Provider Name="Microsoft-Windows-DNS-Client" Guid="{1c95126e-7eea-49a9-a3fe-a378b03ddb4d}"></Provider>
<EventID Qualifiers="">1014</EventID>
<Version>1</Version>
<Level>3</Level>
<Task>1014</Task>
<Opcode>0</Opcode>
<Keywords>0x4000000010000000</Keywords>
<TimeCreated SystemTime="2024-06-30 04:31:27.535469+00:00"></TimeCreated>
<EventRecordID>300733</EventRecordID>
<Correlation ActivityID="" RelatedActivityID=""></Correlation>
<Execution ProcessID="2520" ThreadID="3200"></Execution>
<Channel>System</Channel>
<Computer>DESKTOP-LLF4HB6</Computer>
<Security UserID="S-1-5-20"></Security>
</System>
<EventData><Data Name="QueryName">g.whatsapp.net</Data>
<Data Name="AddressLength">128</Data>
<Data Name="Address">AgAAAMCoAAEAAAAAAAAAAAAAAAAAAAAAAAAAAAAAAAAAAAAAAAAAAAAAAAAAAAAAAAAAAAAAAAAAAAAAAAAAAAAAAAAAAAAAAAAAAAAAAAAAAAAAAAAAAAAAAAAAAAAAAAAAAAAAAAAAAAAAAAAAAAAAAAAAAAAAAAAAAAAAAAA=</Data>
<Data Name="ClientPID">10020</Data>
</EventData>
</Event>

<Event xmlns="http://schemas.microsoft.com/win/2004/08/events/event"><System><Provider Name="nhi"></Provider>
<EventID Qualifiers="16388">9007</EventID>
<Version>0</Version>
<Level>4</Level>
<Task>0</Task>
<Opcode>0</Opcode>
<Keywords>0x0080000000000000</Keywords>
<TimeCreated SystemTime="2024-06-30 04:31:43.307684+00:00"></TimeCreated>
<EventRecordID>300734</EventRecordID>
<Correlation ActivityID="" RelatedActivityID=""></Correlation>
<Execution ProcessID="4" ThreadID="7732"></Execution>
<Channel>System</Channel>
<Computer>DESKTOP-LLF4HB6</Computer>
<Security UserID=""></Security>
</System>
<EventData><Data>&lt;string&gt;&lt;/string&gt;
</Data>
<Binary>AAAAAAEAAAAAAAAALyMEQAAAAAAAAAAAAAAAAAAAAAAAAAAAAAAAAA==</Binary>
</EventData>
</Event>

<Event xmlns="http://schemas.microsoft.com/win/2004/08/events/event"><System><Provider Name="Microsoft-Windows-DNS-Client" Guid="{1c95126e-7eea-49a9-a3fe-a378b03ddb4d}"></Provider>
<EventID Qualifiers="">1014</EventID>
<Version>1</Version>
<Level>3</Level>
<Task>1014</Task>
<Opcode>0</Opcode>
<Keywords>0x4000000010000000</Keywords>
<TimeCreated SystemTime="2024-06-30 04:32:31.773712+00:00"></TimeCreated>
<EventRecordID>300735</EventRecordID>
<Correlation ActivityID="" RelatedActivityID=""></Correlation>
<Execution ProcessID="2520" ThreadID="18148"></Execution>
<Channel>System</Channel>
<Computer>DESKTOP-LLF4HB6</Computer>
<Security UserID="S-1-5-20"></Security>
</System>
<EventData><Data Name="QueryName">mobile.events.data.microsoft.com</Data>
<Data Name="AddressLength">128</Data>
<Data Name="Address">AgAAAMCoAAEAAAAAAAAAAAAAAAAAAAAAAAAAAAAAAAAAAAAAAAAAAAAAAAAAAAAAAAAAAAAAAAAAAAAAAAAAAAAAAAAAAAAAAAAAAAAAAAAAAAAAAAAAAAAAAAAAAAAAAAAAAAAAAAAAAAAAAAAAAAAAAAAAAAAAAAAAAAAAAAA=</Data>
<Data Name="ClientPID">2448</Data>
</EventData>
</Event>

<Event xmlns="http://schemas.microsoft.com/win/2004/08/events/event"><System><Provider Name="Microsoft-Windows-WindowsUpdateClient" Guid="{945a8954-c147-4acd-923f-40c45405a658}"></Provider>
<EventID Qualifiers="">44</EventID>
<Version>1</Version>
<Level>4</Level>
<Task>1</Task>
<Opcode>12</Opcode>
<Keywords>0x8000000000002004</Keywords>
<TimeCreated SystemTime="2024-06-30 04:35:20.891701+00:00"></TimeCreated>
<EventRecordID>300736</EventRecordID>
<Correlation ActivityID="" RelatedActivityID=""></Correlation>
<Execution ProcessID="13332" ThreadID="4532"></Execution>
<Channel>System</Channel>
<Computer>DESKTOP-LLF4HB6</Computer>
<Security UserID="S-1-5-18"></Security>
</System>
<EventData><Data Name="updateTitle">Security Intelligence Update for Microsoft Defender Antivirus - KB2267602 (Version 1.413.601.0) - Current Channel (Broad)</Data>
<Data Name="updateGuid">{c2d478e0-9434-4cde-af2f-68be67673c92}</Data>
<Data Name="updateRevisionNumber">200</Data>
</EventData>
</Event>

<Event xmlns="http://schemas.microsoft.com/win/2004/08/events/event"><System><Provider Name="Microsoft-Windows-WindowsUpdateClient" Guid="{945a8954-c147-4acd-923f-40c45405a658}"></Provider>
<EventID Qualifiers="">43</EventID>
<Version>1</Version>
<Level>4</Level>
<Task>1</Task>
<Opcode>13</Opcode>
<Keywords>0x8000000000002008</Keywords>
<TimeCreated SystemTime="2024-06-30 04:35:23.271170+00:00"></TimeCreated>
<EventRecordID>300737</EventRecordID>
<Correlation ActivityID="" RelatedActivityID=""></Correlation>
<Execution ProcessID="13332" ThreadID="12492"></Execution>
<Channel>System</Channel>
<Computer>DESKTOP-LLF4HB6</Computer>
<Security UserID="S-1-5-18"></Security>
</System>
<EventData><Data Name="updateTitle">Security Intelligence Update for Microsoft Defender Antivirus - KB2267602 (Version 1.413.601.0) - Current Channel (Broad)</Data>
<Data Name="updateGuid">{c2d478e0-9434-4cde-af2f-68be67673c92}</Data>
<Data Name="updateRevisionNumber">200</Data>
</EventData>
</Event>

<Event xmlns="http://schemas.microsoft.com/win/2004/08/events/event"><System><Provider Name="Service Control Manager" Guid="{555908d1-a6d7-4695-8e1e-26931d2012f4}" EventSourceName="Service Control Manager"></Provider>
<EventID Qualifiers="16384">7045</EventID>
<Version>0</Version>
<Level>4</Level>
<Task>0</Task>
<Opcode>0</Opcode>
<Keywords>0x8080000000000000</Keywords>
<TimeCreated SystemTime="2024-06-30 04:35:40.921452+00:00"></TimeCreated>
<EventRecordID>300738</EventRecordID>
<Correlation ActivityID="" RelatedActivityID=""></Correlation>
<Execution ProcessID="1100" ThreadID="8880"></Execution>
<Channel>System</Channel>
<Computer>DESKTOP-LLF4HB6</Computer>
<Security UserID="S-1-5-18"></Security>
</System>
<EventData><Data Name="ServiceName">MpKslef288e20</Data>
<Data Name="ImagePath">C:\ProgramData\Microsoft\Windows Defender\Definition Updates\{53D66620-A527-476B-84F6-083EE4DA8CF9}\MpKslDrv.sys</Data>
<Data Name="ServiceType">kernel mode driver</Data>
<Data Name="StartType">demand start</Data>
<Data Name="AccountName"></Data>
</EventData>
</Event>

<Event xmlns="http://schemas.microsoft.com/win/2004/08/events/event"><System><Provider Name="Microsoft-Windows-WindowsUpdateClient" Guid="{945a8954-c147-4acd-923f-40c45405a658}"></Provider>
<EventID Qualifiers="">19</EventID>
<Version>1</Version>
<Level>4</Level>
<Task>1</Task>
<Opcode>13</Opcode>
<Keywords>0x8000000000000018</Keywords>
<TimeCreated SystemTime="2024-06-30 04:35:41.015955+00:00"></TimeCreated>
<EventRecordID>300739</EventRecordID>
<Correlation ActivityID="" RelatedActivityID=""></Correlation>
<Execution ProcessID="13332" ThreadID="12492"></Execution>
<Channel>System</Channel>
<Computer>DESKTOP-LLF4HB6</Computer>
<Security UserID="S-1-5-18"></Security>
</System>
<EventData><Data Name="updateTitle">Security Intelligence Update for Microsoft Defender Antivirus - KB2267602 (Version 1.413.601.0) - Current Channel (Broad)</Data>
<Data Name="updateGuid">{c2d478e0-9434-4cde-af2f-68be67673c92}</Data>
<Data Name="updateRevisionNumber">200</Data>
<Data Name="serviceGuid">{9482f4b4-e343-43b6-b170-9a65bc822c77}</Data>
</EventData>
</Event>

<Event xmlns="http://schemas.microsoft.com/win/2004/08/events/event"><System><Provider Name="Microsoft-Windows-Kernel-General" Guid="{a68ca8b7-004f-d7b6-a698-07e2de0f1f5d}"></Provider>
<EventID Qualifiers="">16</EventID>
<Version>0</Version>
<Level>4</Level>
<Task>0</Task>
<Opcode>0</Opcode>
<Keywords>0x8000000000000000</Keywords>
<TimeCreated SystemTime="2024-06-30 05:14:28.613867+00:00"></TimeCreated>
<EventRecordID>300740</EventRecordID>
<Correlation ActivityID="" RelatedActivityID=""></Correlation>
<Execution ProcessID="16428" ThreadID="17856"></Execution>
<Channel>System</Channel>
<Computer>DESKTOP-LLF4HB6</Computer>
<Security UserID="S-1-5-18"></Security>
</System>
<EventData><Data Name="HiveNameLength">85</Data>
<Data Name="HiveName">\??\C:\ProgramData\Microsoft\Provisioning\Microsoft-Desktop-Provisioning-Sequence.dat</Data>
<Data Name="KeysUpdated">0</Data>
<Data Name="DirtyPages">0</Data>
</EventData>
</Event>

