<Event xmlns="http://schemas.microsoft.com/win/2004/08/events/event"><System><Provider Name="LsaSrv" Guid="{199fe037-2b82-40a9-82ac-e1d46c792b99}"></Provider>
<EventID Qualifiers="">6156</EventID>
<Version>0</Version>
<Level>4</Level>
<Task>0</Task>
<Opcode>0</Opcode>
<Keywords>0x8000000000000000</Keywords>
<TimeCreated SystemTime="2024-07-01 06:35:43.260695+00:00"></TimeCreated>
<EventRecordID>301004</EventRecordID>
<Correlation ActivityID="" RelatedActivityID=""></Correlation>
<Execution ProcessID="1132" ThreadID="1136"></Execution>
<Channel>System</Channel>
<Computer>DESKTOP-LLF4HB6</Computer>
<Security UserID="S-1-5-18"></Security>
</System>
<EventData><Data Name="HardwareChecks">1</Data>
<Data Name="ADDomainJoin">0</Data>
<Data Name="AADDomainJoin">0</Data>
</EventData>
</Event>

<Event xmlns="http://schemas.microsoft.com/win/2004/08/events/event"><System><Provider Name="LsaSrv" Guid="{199fe037-2b82-40a9-82ac-e1d46c792b99}"></Provider>
<EventID Qualifiers="">6155</EventID>
<Version>0</Version>
<Level>3</Level>
<Task>0</Task>
<Opcode>0</Opcode>
<Keywords>0x8000000000000000</Keywords>
<TimeCreated SystemTime="2024-07-01 06:35:43.381859+00:00"></TimeCreated>
<EventRecordID>301005</EventRecordID>
<Correlation ActivityID="" RelatedActivityID=""></Correlation>
<Execution ProcessID="1132" ThreadID="1136"></Execution>
<Channel>System</Channel>
<Computer>DESKTOP-LLF4HB6</Computer>
<Security UserID="S-1-5-18"></Security>
</System>
<EventData><Data Name="PackageName">negoexts</Data>
</EventData>
</Event>

<Event xmlns="http://schemas.microsoft.com/win/2004/08/events/event"><System><Provider Name="LsaSrv" Guid="{199fe037-2b82-40a9-82ac-e1d46c792b99}"></Provider>
<EventID Qualifiers="">6155</EventID>
<Version>0</Version>
<Level>3</Level>
<Task>0</Task>
<Opcode>0</Opcode>
<Keywords>0x8000000000000000</Keywords>
<TimeCreated SystemTime="2024-07-01 06:35:43.404612+00:00"></TimeCreated>
<EventRecordID>301006</EventRecordID>
<Correlation ActivityID="" RelatedActivityID=""></Correlation>
<Execution ProcessID="1132" ThreadID="1136"></Execution>
<Channel>System</Channel>
<Computer>DESKTOP-LLF4HB6</Computer>
<Security UserID="S-1-5-18"></Security>
</System>
<EventData><Data Name="PackageName">kerberos</Data>
</EventData>
</Event>

<Event xmlns="http://schemas.microsoft.com/win/2004/08/events/event"><System><Provider Name="e1i68x64"></Provider>
<EventID Qualifiers="40964">27</EventID>
<Version>0</Version>
<Level>3</Level>
<Task>0</Task>
<Opcode>0</Opcode>
<Keywords>0x0080000000000000</Keywords>
<TimeCreated SystemTime="2024-07-01 06:35:43.520329+00:00"></TimeCreated>
<EventRecordID>301007</EventRecordID>
<Correlation ActivityID="" RelatedActivityID=""></Correlation>
<Execution ProcessID="4" ThreadID="296"></Execution>
<Channel>System</Channel>
<Computer>DESKTOP-LLF4HB6</Computer>
<Security UserID=""></Security>
</System>
<EventData><Data>&lt;string&gt;Intel(R) Ethernet Connection (6) I219-LM&lt;/string&gt;
&lt;string&gt;&lt;/string&gt;
</Data>
<Binary>AAAEAAIAMAAAAAAAGwAEoAAAAAAAAAAAAAAAAAAAAAAAAAAAAAAAABsABKA=</Binary>
</EventData>
</Event>

<Event xmlns="http://schemas.microsoft.com/win/2004/08/events/event"><System><Provider Name="LsaSrv" Guid="{199fe037-2b82-40a9-82ac-e1d46c792b99}"></Provider>
<EventID Qualifiers="">6155</EventID>
<Version>0</Version>
<Level>3</Level>
<Task>0</Task>
<Opcode>0</Opcode>
<Keywords>0x8000000000000000</Keywords>
<TimeCreated SystemTime="2024-07-01 06:35:43.541319+00:00"></TimeCreated>
<EventRecordID>301008</EventRecordID>
<Correlation ActivityID="" RelatedActivityID=""></Correlation>
<Execution ProcessID="1132" ThreadID="1136"></Execution>
<Channel>System</Channel>
<Computer>DESKTOP-LLF4HB6</Computer>
<Security UserID="S-1-5-18"></Security>
</System>
<EventData><Data Name="PackageName">msv1_0</Data>
</EventData>
</Event>

<Event xmlns="http://schemas.microsoft.com/win/2004/08/events/event"><System><Provider Name="LsaSrv" Guid="{199fe037-2b82-40a9-82ac-e1d46c792b99}"></Provider>
<EventID Qualifiers="">6155</EventID>
<Version>0</Version>
<Level>3</Level>
<Task>0</Task>
<Opcode>0</Opcode>
<Keywords>0x8000000000000000</Keywords>
<TimeCreated SystemTime="2024-07-01 06:35:43.577457+00:00"></TimeCreated>
<EventRecordID>301009</EventRecordID>
<Correlation ActivityID="{ddb88197-cb80-0002-7e8d-b8dd80cbda01}" RelatedActivityID=""></Correlation>
<Execution ProcessID="1132" ThreadID="1136"></Execution>
<Channel>System</Channel>
<Computer>DESKTOP-LLF4HB6</Computer>
<Security UserID="S-1-5-18"></Security>
</System>
<EventData><Data Name="PackageName">tspkg</Data>
</EventData>
</Event>

<Event xmlns="http://schemas.microsoft.com/win/2004/08/events/event"><System><Provider Name="LsaSrv" Guid="{199fe037-2b82-40a9-82ac-e1d46c792b99}"></Provider>
<EventID Qualifiers="">6155</EventID>
<Version>0</Version>
<Level>3</Level>
<Task>0</Task>
<Opcode>0</Opcode>
<Keywords>0x8000000000000000</Keywords>
<TimeCreated SystemTime="2024-07-01 06:35:43.586229+00:00"></TimeCreated>
<EventRecordID>301010</EventRecordID>
<Correlation ActivityID="{ddb88197-cb80-0002-7e8d-b8dd80cbda01}" RelatedActivityID=""></Correlation>
<Execution ProcessID="1132" ThreadID="1136"></Execution>
<Channel>System</Channel>
<Computer>DESKTOP-LLF4HB6</Computer>
<Security UserID="S-1-5-18"></Security>
</System>
<EventData><Data Name="PackageName">pku2u</Data>
</EventData>
</Event>

<Event xmlns="http://schemas.microsoft.com/win/2004/08/events/event"><System><Provider Name="LsaSrv" Guid="{199fe037-2b82-40a9-82ac-e1d46c792b99}"></Provider>
<EventID Qualifiers="">6155</EventID>
<Version>0</Version>
<Level>3</Level>
<Task>0</Task>
<Opcode>0</Opcode>
<Keywords>0x8000000000000000</Keywords>
<TimeCreated SystemTime="2024-07-01 06:35:43.596203+00:00"></TimeCreated>
<EventRecordID>301011</EventRecordID>
<Correlation ActivityID="{ddb88197-cb80-0002-7e8d-b8dd80cbda01}" RelatedActivityID=""></Correlation>
<Execution ProcessID="1132" ThreadID="1136"></Execution>
<Channel>System</Channel>
<Computer>DESKTOP-LLF4HB6</Computer>
<Security UserID="S-1-5-18"></Security>
</System>
<EventData><Data Name="PackageName">cloudap</Data>
</EventData>
</Event>

<Event xmlns="http://schemas.microsoft.com/win/2004/08/events/event"><System><Provider Name="LsaSrv" Guid="{199fe037-2b82-40a9-82ac-e1d46c792b99}"></Provider>
<EventID Qualifiers="">6155</EventID>
<Version>0</Version>
<Level>3</Level>
<Task>0</Task>
<Opcode>0</Opcode>
<Keywords>0x8000000000000000</Keywords>
<TimeCreated SystemTime="2024-07-01 06:35:43.702923+00:00"></TimeCreated>
<EventRecordID>301012</EventRecordID>
<Correlation ActivityID="{ddb88197-cb80-0002-7e8d-b8dd80cbda01}" RelatedActivityID=""></Correlation>
<Execution ProcessID="1132" ThreadID="1136"></Execution>
<Channel>System</Channel>
<Computer>DESKTOP-LLF4HB6</Computer>
<Security UserID="S-1-5-18"></Security>
</System>
<EventData><Data Name="PackageName">wdigest</Data>
</EventData>
</Event>

<Event xmlns="http://schemas.microsoft.com/win/2004/08/events/event"><System><Provider Name="LsaSrv" Guid="{199fe037-2b82-40a9-82ac-e1d46c792b99}"></Provider>
<EventID Qualifiers="">6155</EventID>
<Version>0</Version>
<Level>3</Level>
<Task>0</Task>
<Opcode>0</Opcode>
<Keywords>0x8000000000000000</Keywords>
<TimeCreated SystemTime="2024-07-01 06:35:43.719646+00:00"></TimeCreated>
<EventRecordID>301013</EventRecordID>
<Correlation ActivityID="{ddb88197-cb80-0002-7e8d-b8dd80cbda01}" RelatedActivityID=""></Correlation>
<Execution ProcessID="1132" ThreadID="1136"></Execution>
<Channel>System</Channel>
<Computer>DESKTOP-LLF4HB6</Computer>
<Security UserID="S-1-5-18"></Security>
</System>
<EventData><Data Name="PackageName">schannel</Data>
</EventData>
</Event>

<Event xmlns="http://schemas.microsoft.com/win/2004/08/events/event"><System><Provider Name="LsaSrv" Guid="{199fe037-2b82-40a9-82ac-e1d46c792b99}"></Provider>
<EventID Qualifiers="">6155</EventID>
<Version>0</Version>
<Level>3</Level>
<Task>0</Task>
<Opcode>0</Opcode>
<Keywords>0x8000000000000000</Keywords>
<TimeCreated SystemTime="2024-07-01 06:35:43.778101+00:00"></TimeCreated>
<EventRecordID>301014</EventRecordID>
<Correlation ActivityID="{ddb88197-cb80-0002-7e8d-b8dd80cbda01}" RelatedActivityID=""></Correlation>
<Execution ProcessID="1132" ThreadID="1136"></Execution>
<Channel>System</Channel>
<Computer>DESKTOP-LLF4HB6</Computer>
<Security UserID="S-1-5-18"></Security>
</System>
<EventData><Data Name="PackageName">sfapm</Data>
</EventData>
</Event>

<Event xmlns="http://schemas.microsoft.com/win/2004/08/events/event"><System><Provider Name="Microsoft-Windows-IsolatedUserMode" Guid="{73a33ab2-1966-4999-8add-868c41415269}"></Provider>
<EventID Qualifiers="">5</EventID>
<Version>0</Version>
<Level>4</Level>
<Task>0</Task>
<Opcode>0</Opcode>
<Keywords>0x8000400000000000</Keywords>
<TimeCreated SystemTime="2024-07-01 06:35:43.780149+00:00"></TimeCreated>
<EventRecordID>301015</EventRecordID>
<Correlation ActivityID="" RelatedActivityID=""></Correlation>
<Execution ProcessID="1132" ThreadID="1136"></Execution>
<Channel>System</Channel>
<Computer>DESKTOP-LLF4HB6</Computer>
<Security UserID="S-1-5-18"></Security>
</System>
<EventData><Data Name="TrustletIdentity">0</Data>
<Data Name="NormalProcessId">0</Data>
<Data Name="Status">0</Data>
<Data Name="ImageName">NULL</Data>
</EventData>
</Event>

<Event xmlns="http://schemas.microsoft.com/win/2004/08/events/event"><System><Provider Name="LsaSrv" Guid="{199fe037-2b82-40a9-82ac-e1d46c792b99}"></Provider>
<EventID Qualifiers="">6155</EventID>
<Version>0</Version>
<Level>3</Level>
<Task>0</Task>
<Opcode>0</Opcode>
<Keywords>0x8000000000000000</Keywords>
<TimeCreated SystemTime="2024-07-01 06:35:43.826279+00:00"></TimeCreated>
<EventRecordID>301016</EventRecordID>
<Correlation ActivityID="{ddb88197-cb80-0002-7e8d-b8dd80cbda01}" RelatedActivityID=""></Correlation>
<Execution ProcessID="1132" ThreadID="1136"></Execution>
<Channel>System</Channel>
<Computer>DESKTOP-LLF4HB6</Computer>
<Security UserID="S-1-5-18"></Security>
</System>
<EventData><Data Name="PackageName">msv1_0</Data>
</EventData>
</Event>

<Event xmlns="http://schemas.microsoft.com/win/2004/08/events/event"><System><Provider Name="Microsoft-Windows-Directory-Services-SAM" Guid="{0d4fdc09-8c27-494a-bda0-505e4fd8adae}"></Provider>
<EventID Qualifiers="">16962</EventID>
<Version>0</Version>
<Level>4</Level>
<Task>0</Task>
<Opcode>0</Opcode>
<Keywords>0x8000000000000000</Keywords>
<TimeCreated SystemTime="2024-07-01 06:35:43.862062+00:00"></TimeCreated>
<EventRecordID>301017</EventRecordID>
<Correlation ActivityID="{ddb88197-cb80-0002-7e8d-b8dd80cbda01}" RelatedActivityID=""></Correlation>
<Execution ProcessID="1132" ThreadID="1136"></Execution>
<Channel>System</Channel>
<Computer>DESKTOP-LLF4HB6</Computer>
<Security UserID="S-1-5-18"></Security>
</System>
<EventData Name="SAMMSG_RESTRICT_REMOTE_SAM_DEFAULT_SD"><Data Name="Default SD String:">O:SYG:SYD:(A;;RC;;;BA)</Data>
</EventData>
</Event>

<Event xmlns="http://schemas.microsoft.com/win/2004/08/events/event"><System><Provider Name="Microsoft-Windows-Directory-Services-SAM" Guid="{0d4fdc09-8c27-494a-bda0-505e4fd8adae}"></Provider>
<EventID Qualifiers="">16977</EventID>
<Version>0</Version>
<Level>4</Level>
<Task>0</Task>
<Opcode>0</Opcode>
<Keywords>0x8000000000000000</Keywords>
<TimeCreated SystemTime="2024-07-01 06:35:43.878004+00:00"></TimeCreated>
<EventRecordID>301018</EventRecordID>
<Correlation ActivityID="{ddb88197-cb80-0002-7e8d-b8dd80cbda01}" RelatedActivityID=""></Correlation>
<Execution ProcessID="1132" ThreadID="1136"></Execution>
<Channel>System</Channel>
<Computer>DESKTOP-LLF4HB6</Computer>
<Security UserID="S-1-5-18"></Security>
</System>
<EventData Name="SAMMSG_MINPWDLEN_SETTINGS_IN_EFFECT"><Data Name="MinimumPasswordLength">0</Data>
<Data Name="RelaxMinimumPasswordLengthLimits">0</Data>
<Data Name="MinimumPasswordLengthAudit">-1</Data>
</EventData>
</Event>

<Event xmlns="http://schemas.microsoft.com/win/2004/08/events/event"><System><Provider Name="Microsoft-Windows-Directory-Services-SAM" Guid="{0d4fdc09-8c27-494a-bda0-505e4fd8adae}"></Provider>
<EventID Qualifiers="">16983</EventID>
<Version>0</Version>
<Level>4</Level>
<Task>0</Task>
<Opcode>0</Opcode>
<Keywords>0x8000000000000000</Keywords>
<TimeCreated SystemTime="2024-07-01 06:35:43.878016+00:00"></TimeCreated>
<EventRecordID>301019</EventRecordID>
<Correlation ActivityID="{ddb88197-cb80-0002-7e8d-b8dd80cbda01}" RelatedActivityID=""></Correlation>
<Execution ProcessID="1132" ThreadID="1136"></Execution>
<Channel>System</Channel>
<Computer>DESKTOP-LLF4HB6</Computer>
<Security UserID="S-1-5-18"></Security>
</System>
<EventData Name="SAMMSG_AUDIT_LEGACY_PWD_RPC_METHODS_OFF"></EventData>
</Event>

<Event xmlns="http://schemas.microsoft.com/win/2004/08/events/event"><System><Provider Name="Win32k"></Provider>
<EventID Qualifiers="16384">267</EventID>
<Version>0</Version>
<Level>4</Level>
<Task>0</Task>
<Opcode>0</Opcode>
<Keywords>0x0080000000000000</Keywords>
<TimeCreated SystemTime="2024-07-01 06:35:43.912926+00:00"></TimeCreated>
<EventRecordID>301020</EventRecordID>
<Correlation ActivityID="" RelatedActivityID=""></Correlation>
<Execution ProcessID="4" ThreadID="152"></Execution>
<Channel>System</Channel>
<Computer>DESKTOP-LLF4HB6</Computer>
<Security UserID=""></Security>
</System>
<EventData><Data>&lt;string&gt;&lt;/string&gt;
</Data>
<Binary>AAAAAAEAAAAAAAAACwEAQAAAAAAAAAAAAAAAAAAAAAAAAAAAAAAAAA==</Binary>
</EventData>
</Event>

<Event xmlns="http://schemas.microsoft.com/win/2004/08/events/event"><System><Provider Name="nhi"></Provider>
<EventID Qualifiers="16388">9001</EventID>
<Version>0</Version>
<Level>4</Level>
<Task>0</Task>
<Opcode>0</Opcode>
<Keywords>0x0080000000000000</Keywords>
<TimeCreated SystemTime="2024-07-01 06:35:44.616449+00:00"></TimeCreated>
<EventRecordID>301021</EventRecordID>
<Correlation ActivityID="" RelatedActivityID=""></Correlation>
<Execution ProcessID="4" ThreadID="152"></Execution>
<Channel>System</Channel>
<Computer>DESKTOP-LLF4HB6</Computer>
<Security UserID=""></Security>
</System>
<EventData><Data>&lt;string&gt;1.41.1193.0&lt;/string&gt;
&lt;string&gt;&lt;/string&gt;
&lt;string&gt;62:0&lt;/string&gt;
</Data>
<Binary>AAAAAAMAKAAAAAAAKSMEQAAAAAAAAAAAAAAAAAAAAAAAAAAAAAAAAA==</Binary>
</EventData>
</Event>

<Event xmlns="http://schemas.microsoft.com/win/2004/08/events/event"><System><Provider Name="Microsoft-Windows-FilterManager" Guid="{f3c5e28e-63f6-49c7-a204-e48a1bc4b09d}"></Provider>
<EventID Qualifiers="">6</EventID>
<Version>0</Version>
<Level>4</Level>
<Task>0</Task>
<Opcode>0</Opcode>
<Keywords>0x8000000000000000</Keywords>
<TimeCreated SystemTime="2024-07-01 06:35:44.709614+00:00"></TimeCreated>
<EventRecordID>301022</EventRecordID>
<Correlation ActivityID="" RelatedActivityID=""></Correlation>
<Execution ProcessID="4" ThreadID="540"></Execution>
<Channel>System</Channel>
<Computer>DESKTOP-LLF4HB6</Computer>
<Security UserID="S-1-5-18"></Security>
</System>
<EventData><Data Name="FinalStatus">0x00000000</Data>
<Data Name="DeviceVersionMajor">10</Data>
<Data Name="DeviceVersionMinor">0</Data>
<Data Name="DeviceNameLength">3</Data>
<Data Name="DeviceName">bfs</Data>
<Data Name="DeviceTime">2013-09-14 09:21:10+00:00</Data>
</EventData>
</Event>

<Event xmlns="http://schemas.microsoft.com/win/2004/08/events/event"><System><Provider Name="Microsoft-Windows-FilterManager" Guid="{f3c5e28e-63f6-49c7-a204-e48a1bc4b09d}"></Provider>
<EventID Qualifiers="">6</EventID>
<Version>0</Version>
<Level>4</Level>
<Task>0</Task>
<Opcode>0</Opcode>
<Keywords>0x8000000000000000</Keywords>
<TimeCreated SystemTime="2024-07-01 06:35:44.733522+00:00"></TimeCreated>
<EventRecordID>301023</EventRecordID>
<Correlation ActivityID="" RelatedActivityID=""></Correlation>
<Execution ProcessID="4" ThreadID="540"></Execution>
<Channel>System</Channel>
<Computer>DESKTOP-LLF4HB6</Computer>
<Security UserID="S-1-5-18"></Security>
</System>
<EventData><Data Name="FinalStatus">0x00000000</Data>
<Data Name="DeviceVersionMajor">10</Data>
<Data Name="DeviceVersionMinor">0</Data>
<Data Name="DeviceNameLength">5</Data>
<Data Name="DeviceName">wcifs</Data>
<Data Name="DeviceTime">2086-02-08 04:15:17+00:00</Data>
</EventData>
</Event>

<Event xmlns="http://schemas.microsoft.com/win/2004/08/events/event"><System><Provider Name="Microsoft-Windows-FilterManager" Guid="{f3c5e28e-63f6-49c7-a204-e48a1bc4b09d}"></Provider>
<EventID Qualifiers="">6</EventID>
<Version>0</Version>
<Level>4</Level>
<Task>0</Task>
<Opcode>0</Opcode>
<Keywords>0x8000000000000000</Keywords>
<TimeCreated SystemTime="2024-07-01 06:35:44.754389+00:00"></TimeCreated>
<EventRecordID>301024</EventRecordID>
<Correlation ActivityID="" RelatedActivityID=""></Correlation>
<Execution ProcessID="4" ThreadID="296"></Execution>
<Channel>System</Channel>
<Computer>DESKTOP-LLF4HB6</Computer>
<Security UserID="S-1-5-18"></Security>
</System>
<EventData><Data Name="FinalStatus">0x00000000</Data>
<Data Name="DeviceVersionMajor">10</Data>
<Data Name="DeviceVersionMinor">0</Data>
<Data Name="DeviceNameLength">5</Data>
<Data Name="DeviceName">luafv</Data>
<Data Name="DeviceTime">2059-02-13 14:28:11+00:00</Data>
</EventData>
</Event>

<Event xmlns="http://schemas.microsoft.com/win/2004/08/events/event"><System><Provider Name="Microsoft-Windows-FilterManager" Guid="{f3c5e28e-63f6-49c7-a204-e48a1bc4b09d}"></Provider>
<EventID Qualifiers="">6</EventID>
<Version>0</Version>
<Level>4</Level>
<Task>0</Task>
<Opcode>0</Opcode>
<Keywords>0x8000000000000000</Keywords>
<TimeCreated SystemTime="2024-07-01 06:35:44.788752+00:00"></TimeCreated>
<EventRecordID>301025</EventRecordID>
<Correlation ActivityID="" RelatedActivityID=""></Correlation>
<Execution ProcessID="4" ThreadID="296"></Execution>
<Channel>System</Channel>
<Computer>DESKTOP-LLF4HB6</Computer>
<Security UserID="S-1-5-18"></Security>
</System>
<EventData><Data Name="FinalStatus">0x00000000</Data>
<Data Name="DeviceVersionMajor">10</Data>
<Data Name="DeviceVersionMinor">0</Data>
<Data Name="DeviceNameLength">6</Data>
<Data Name="DeviceName">CldFlt</Data>
<Data Name="DeviceTime">2018-07-23 10:56:08+00:00</Data>
</EventData>
</Event>

<Event xmlns="http://schemas.microsoft.com/win/2004/08/events/event"><System><Provider Name="Microsoft-Windows-FilterManager" Guid="{f3c5e28e-63f6-49c7-a204-e48a1bc4b09d}"></Provider>
<EventID Qualifiers="">1</EventID>
<Version>0</Version>
<Level>4</Level>
<Task>0</Task>
<Opcode>0</Opcode>
<Keywords>0x8000000000000000</Keywords>
<TimeCreated SystemTime="2024-07-01 06:35:44.788767+00:00"></TimeCreated>
<EventRecordID>301026</EventRecordID>
<Correlation ActivityID="" RelatedActivityID=""></Correlation>
<Execution ProcessID="4" ThreadID="296"></Execution>
<Channel>System</Channel>
<Computer>DESKTOP-LLF4HB6</Computer>
<Security UserID="S-1-5-18"></Security>
</System>
<EventData><Data Name="FinalStatus">0x00000000</Data>
<Data Name="DeviceVersionMajor">10</Data>
<Data Name="DeviceVersionMinor">0</Data>
<Data Name="DeviceNameLength">6</Data>
<Data Name="DeviceName">CldFlt</Data>
<Data Name="DeviceTime">2018-07-23 10:56:08+00:00</Data>
</EventData>
</Event>

<Event xmlns="http://schemas.microsoft.com/win/2004/08/events/event"><System><Provider Name="Microsoft-Windows-FilterManager" Guid="{f3c5e28e-63f6-49c7-a204-e48a1bc4b09d}"></Provider>
<EventID Qualifiers="">6</EventID>
<Version>0</Version>
<Level>4</Level>
<Task>0</Task>
<Opcode>0</Opcode>
<Keywords>0x8000000000000000</Keywords>
<TimeCreated SystemTime="2024-07-01 06:35:44.788939+00:00"></TimeCreated>
<EventRecordID>301027</EventRecordID>
<Correlation ActivityID="" RelatedActivityID=""></Correlation>
<Execution ProcessID="4" ThreadID="296"></Execution>
<Channel>System</Channel>
<Computer>DESKTOP-LLF4HB6</Computer>
<Security UserID="S-1-5-18"></Security>
</System>
<EventData><Data Name="FinalStatus">0x00000000</Data>
<Data Name="DeviceVersionMajor">10</Data>
<Data Name="DeviceVersionMinor">0</Data>
<Data Name="DeviceNameLength">6</Data>
<Data Name="DeviceName">CldFlt</Data>
<Data Name="DeviceTime">2018-07-23 10:56:08+00:00</Data>
</EventData>
</Event>

<Event xmlns="http://schemas.microsoft.com/win/2004/08/events/event"><System><Provider Name="Microsoft-Windows-FilterManager" Guid="{f3c5e28e-63f6-49c7-a204-e48a1bc4b09d}"></Provider>
<EventID Qualifiers="">6</EventID>
<Version>0</Version>
<Level>4</Level>
<Task>0</Task>
<Opcode>0</Opcode>
<Keywords>0x8000000000000000</Keywords>
<TimeCreated SystemTime="2024-07-01 06:35:44.810398+00:00"></TimeCreated>
<EventRecordID>301028</EventRecordID>
<Correlation ActivityID="" RelatedActivityID=""></Correlation>
<Execution ProcessID="4" ThreadID="552"></Execution>
<Channel>System</Channel>
<Computer>DESKTOP-LLF4HB6</Computer>
<Security UserID="S-1-5-18"></Security>
</System>
<EventData><Data Name="FinalStatus">0x00000000</Data>
<Data Name="DeviceVersionMajor">10</Data>
<Data Name="DeviceVersionMinor">0</Data>
<Data Name="DeviceNameLength">10</Data>
<Data Name="DeviceName">storqosflt</Data>
<Data Name="DeviceTime">2065-11-25 12:15:59+00:00</Data>
</EventData>
</Event>

<Event xmlns="http://schemas.microsoft.com/win/2004/08/events/event"><System><Provider Name="Microsoft-Windows-FilterManager" Guid="{f3c5e28e-63f6-49c7-a204-e48a1bc4b09d}"></Provider>
<EventID Qualifiers="">6</EventID>
<Version>0</Version>
<Level>4</Level>
<Task>0</Task>
<Opcode>0</Opcode>
<Keywords>0x8000000000000000</Keywords>
<TimeCreated SystemTime="2024-07-01 06:35:44.833849+00:00"></TimeCreated>
<EventRecordID>301029</EventRecordID>
<Correlation ActivityID="" RelatedActivityID=""></Correlation>
<Execution ProcessID="4" ThreadID="540"></Execution>
<Channel>System</Channel>
<Computer>DESKTOP-LLF4HB6</Computer>
<Security UserID="S-1-5-18"></Security>
</System>
<EventData><Data Name="FinalStatus">0x00000000</Data>
<Data Name="DeviceVersionMajor">10</Data>
<Data Name="DeviceVersionMinor">0</Data>
<Data Name="DeviceNameLength">7</Data>
<Data Name="DeviceName">bindflt</Data>
<Data Name="DeviceTime">2032-10-20 06:22:30+00:00</Data>
</EventData>
</Event>

<Event xmlns="http://schemas.microsoft.com/win/2004/08/events/event"><System><Provider Name="Microsoft-Windows-Dhcp-Client" Guid="{15a7a4f8-0072-4eab-abad-f98a4d666aed}"></Provider>
<EventID Qualifiers="">50036</EventID>
<Version>0</Version>
<Level>4</Level>
<Task>4</Task>
<Opcode>68</Opcode>
<Keywords>0x2000000000000000</Keywords>
<TimeCreated SystemTime="2024-07-01 06:35:45.077114+00:00"></TimeCreated>
<EventRecordID>301030</EventRecordID>
<Correlation ActivityID="" RelatedActivityID=""></Correlation>
<Execution ProcessID="2860" ThreadID="2936"></Execution>
<Channel>System</Channel>
<Computer>DESKTOP-LLF4HB6</Computer>
<Security UserID="S-1-5-19"></Security>
</System>
<EventData></EventData>
</Event>

<Event xmlns="http://schemas.microsoft.com/win/2004/08/events/event"><System><Provider Name="Microsoft-Windows-Dhcp-Client" Guid="{15a7a4f8-0072-4eab-abad-f98a4d666aed}"></Provider>
<EventID Qualifiers="">50103</EventID>
<Version>0</Version>
<Level>4</Level>
<Task>4</Task>
<Opcode>129</Opcode>
<Keywords>0x2000000000000000</Keywords>
<TimeCreated SystemTime="2024-07-01 06:35:45.077934+00:00"></TimeCreated>
<EventRecordID>301031</EventRecordID>
<Correlation ActivityID="" RelatedActivityID=""></Correlation>
<Execution ProcessID="2860" ThreadID="2936"></Execution>
<Channel>System</Channel>
<Computer>DESKTOP-LLF4HB6</Computer>
<Security UserID="S-1-5-19"></Security>
</System>
<EventData></EventData>
</Event>

<Event xmlns="http://schemas.microsoft.com/win/2004/08/events/event"><System><Provider Name="Microsoft-Windows-Dhcp-Client" Guid="{15a7a4f8-0072-4eab-abad-f98a4d666aed}"></Provider>
<EventID Qualifiers="">50036</EventID>
<Version>0</Version>
<Level>4</Level>
<Task>4</Task>
<Opcode>68</Opcode>
<Keywords>0x2000000000000000</Keywords>
<TimeCreated SystemTime="2024-07-01 06:35:45.078041+00:00"></TimeCreated>
<EventRecordID>301032</EventRecordID>
<Correlation ActivityID="" RelatedActivityID=""></Correlation>
<Execution ProcessID="2860" ThreadID="2936"></Execution>
<Channel>System</Channel>
<Computer>DESKTOP-LLF4HB6</Computer>
<Security UserID="S-1-5-19"></Security>
</System>
<EventData></EventData>
</Event>

<Event xmlns="http://schemas.microsoft.com/win/2004/08/events/event"><System><Provider Name="Microsoft-Windows-DHCPv6-Client" Guid="{6a1f2b00-6a90-4c38-95a5-5cab3b056778}"></Provider>
<EventID Qualifiers="">51046</EventID>
<Version>0</Version>
<Level>4</Level>
<Task>4</Task>
<Opcode>62</Opcode>
<Keywords>0x2000000000000000</Keywords>
<TimeCreated SystemTime="2024-07-01 06:35:45.116531+00:00"></TimeCreated>
<EventRecordID>301033</EventRecordID>
<Correlation ActivityID="" RelatedActivityID=""></Correlation>
<Execution ProcessID="2860" ThreadID="3056"></Execution>
<Channel>System</Channel>
<Computer>DESKTOP-LLF4HB6</Computer>
<Security UserID="S-1-5-19"></Security>
</System>
<EventData></EventData>
</Event>

<Event xmlns="http://schemas.microsoft.com/win/2004/08/events/event"><System><Provider Name="Win32k"></Provider>
<EventID Qualifiers="16384">267</EventID>
<Version>0</Version>
<Level>4</Level>
<Task>0</Task>
<Opcode>0</Opcode>
<Keywords>0x0080000000000000</Keywords>
<TimeCreated SystemTime="2024-07-01 06:35:45.557341+00:00"></TimeCreated>
<EventRecordID>301034</EventRecordID>
<Correlation ActivityID="" RelatedActivityID=""></Correlation>
<Execution ProcessID="4" ThreadID="540"></Execution>
<Channel>System</Channel>
<Computer>DESKTOP-LLF4HB6</Computer>
<Security UserID=""></Security>
</System>
<EventData><Data>&lt;string&gt;&lt;/string&gt;
</Data>
<Binary>AAAAAAEAAAAAAAAACwEAQAAAAAAAAAAAAAAAAAAAAAAAAAAAAAAAAA==</Binary>
</EventData>
</Event>

<Event xmlns="http://schemas.microsoft.com/win/2004/08/events/event"><System><Provider Name="Microsoft-Windows-Eventlog" Guid="{fc65ddd8-d6ef-4962-83d5-6e5cfe9ce148}"></Provider>
<EventID Qualifiers="">23</EventID>
<Version>0</Version>
<Level>2</Level>
<Task>100</Task>
<Opcode>0</Opcode>
<Keywords>0x8000000000020000</Keywords>
<TimeCreated SystemTime="2024-07-01 06:35:45.575565+00:00"></TimeCreated>
<EventRecordID>301035</EventRecordID>
<Correlation ActivityID="" RelatedActivityID=""></Correlation>
<Execution ProcessID="3268" ThreadID="3304"></Execution>
<Channel>System</Channel>
<Computer>DESKTOP-LLF4HB6</Computer>
<Security UserID="S-1-5-19"></Security>
</System>
<UserData><InitChannelLoggingFailure xmlns="http://manifests.microsoft.com/win/2004/08/windows/eventlog"><ErrorCode>5</ErrorCode>
<ChannelPath>Security</ChannelPath>
</InitChannelLoggingFailure>
</UserData>
</Event>

<Event xmlns="http://schemas.microsoft.com/win/2004/08/events/event"><System><Provider Name="Microsoft-Windows-Eventlog" Guid="{fc65ddd8-d6ef-4962-83d5-6e5cfe9ce148}"></Provider>
<EventID Qualifiers="">27</EventID>
<Version>1</Version>
<Level>3</Level>
<Task>100</Task>
<Opcode>0</Opcode>
<Keywords>0x8000000000060000</Keywords>
<TimeCreated SystemTime="2024-07-01 06:35:45.575642+00:00"></TimeCreated>
<EventRecordID>301036</EventRecordID>
<Correlation ActivityID="" RelatedActivityID=""></Correlation>
<Execution ProcessID="3268" ThreadID="3304"></Execution>
<Channel>System</Channel>
<Computer>DESKTOP-LLF4HB6</Computer>
<Security UserID="S-1-5-19"></Security>
</System>
<UserData><InitChannelLogFileWarning xmlns="http://manifests.microsoft.com/win/2004/08/windows/eventlog"><ErrorCode>5</ErrorCode>
<ChannelPath>Security</ChannelPath>
<FailedLogFilePath>%SystemRoot%\System32\Winevt\Logs\Security.evtx</FailedLogFilePath>
<NewLogFilePath>%SystemRoot%\System32\Winevt\Logs\Security.evtx</NewLogFilePath>
</InitChannelLogFileWarning>
</UserData>
</Event>

<Event xmlns="http://schemas.microsoft.com/win/2004/08/events/event"><System><Provider Name="Microsoft-Windows-Eventlog" Guid="{fc65ddd8-d6ef-4962-83d5-6e5cfe9ce148}"></Provider>
<EventID Qualifiers="">23</EventID>
<Version>0</Version>
<Level>2</Level>
<Task>100</Task>
<Opcode>0</Opcode>
<Keywords>0x8000000000020000</Keywords>
<TimeCreated SystemTime="2024-07-01 06:35:45.575891+00:00"></TimeCreated>
<EventRecordID>301037</EventRecordID>
<Correlation ActivityID="" RelatedActivityID=""></Correlation>
<Execution ProcessID="3268" ThreadID="3304"></Execution>
<Channel>System</Channel>
<Computer>DESKTOP-LLF4HB6</Computer>
<Security UserID="S-1-5-19"></Security>
</System>
<UserData><InitChannelLoggingFailure xmlns="http://manifests.microsoft.com/win/2004/08/windows/eventlog"><ErrorCode>5</ErrorCode>
<ChannelPath>Security</ChannelPath>
</InitChannelLoggingFailure>
</UserData>
</Event>

<Event xmlns="http://schemas.microsoft.com/win/2004/08/events/event"><System><Provider Name="VMnetBridge"></Provider>
<EventID Qualifiers="16391">10</EventID>
<Version>0</Version>
<Level>4</Level>
<Task>0</Task>
<Opcode>0</Opcode>
<Keywords>0x0080000000000000</Keywords>
<TimeCreated SystemTime="2024-07-01 06:35:47.753839+00:00"></TimeCreated>
<EventRecordID>301038</EventRecordID>
<Correlation ActivityID="" RelatedActivityID=""></Correlation>
<Execution ProcessID="4" ThreadID="596"></Execution>
<Channel>System</Channel>
<Computer>DESKTOP-LLF4HB6</Computer>
<Security UserID=""></Security>
</System>
<EventData><Data>&lt;string&gt;&lt;/string&gt;
</Data>
<Binary>AAAAAAEAAAAAAAAACgAHQAoAB0AAAAAAAQAAAAAAAAAAAAAAAAAAAA==</Binary>
</EventData>
</Event>

<Event xmlns="http://schemas.microsoft.com/win/2004/08/events/event"><System><Provider Name="VMnetuserif"></Provider>
<EventID Qualifiers="16390">1</EventID>
<Version>0</Version>
<Level>4</Level>
<Task>0</Task>
<Opcode>0</Opcode>
<Keywords>0x0080000000000000</Keywords>
<TimeCreated SystemTime="2024-07-01 06:35:47.796810+00:00"></TimeCreated>
<EventRecordID>301039</EventRecordID>
<Correlation ActivityID="" RelatedActivityID=""></Correlation>
<Execution ProcessID="4" ThreadID="3728"></Execution>
<Channel>System</Channel>
<Computer>DESKTOP-LLF4HB6</Computer>
<Security UserID=""></Security>
</System>
<EventData><Data>&lt;string&gt;&lt;/string&gt;
</Data>
<Binary>AAAAAAEAAAAAAAAAAQAGQAEABkAAAAAAAgAAAAAAAAAAAAAAAAAAAA==</Binary>
</EventData>
</Event>

<Event xmlns="http://schemas.microsoft.com/win/2004/08/events/event"><System><Provider Name="Microsoft-Windows-Hyper-V-VmSwitch" Guid="{67dc0d66-3695-47c0-9642-33f76f7bd7ad}"></Provider>
<EventID Qualifiers="">234</EventID>
<Version>0</Version>
<Level>4</Level>
<Task>0</Task>
<Opcode>0</Opcode>
<Keywords>0x8000000000000080</Keywords>
<TimeCreated SystemTime="2024-07-01 06:35:47.968716+00:00"></TimeCreated>
<EventRecordID>301040</EventRecordID>
<Correlation ActivityID="" RelatedActivityID=""></Correlation>
<Execution ProcessID="2892" ThreadID="3132"></Execution>
<Channel>System</Channel>
<Computer>DESKTOP-LLF4HB6</Computer>
<Security UserID="S-1-5-18"></Security>
</System>
<EventData><Data Name="NicNameLen">36</Data>
<Data Name="NicName">C08CB7B8-9B3C-408E-8E30-5E16A3AEB444</Data>
<Data Name="PortNameLen">36</Data>
<Data Name="PortName">C08CB7B8-9B3C-408E-8E30-5E16A3AEB444</Data>
</EventData>
</Event>

<Event xmlns="http://schemas.microsoft.com/win/2004/08/events/event"><System><Provider Name="Microsoft-Windows-Hyper-V-VmSwitch" Guid="{67dc0d66-3695-47c0-9642-33f76f7bd7ad}"></Provider>
<EventID Qualifiers="">234</EventID>
<Version>0</Version>
<Level>4</Level>
<Task>0</Task>
<Opcode>0</Opcode>
<Keywords>0x8000000000000080</Keywords>
<TimeCreated SystemTime="2024-07-01 06:35:48.007784+00:00"></TimeCreated>
<EventRecordID>301041</EventRecordID>
<Correlation ActivityID="" RelatedActivityID=""></Correlation>
<Execution ProcessID="2892" ThreadID="3132"></Execution>
<Channel>System</Channel>
<Computer>DESKTOP-LLF4HB6</Computer>
<Security UserID="S-1-5-18"></Security>
</System>
<EventData><Data Name="NicNameLen">36</Data>
<Data Name="NicName">C08CB7B8-9B3C-408E-8E30-5E16A3AEB445</Data>
<Data Name="PortNameLen">36</Data>
<Data Name="PortName">C08CB7B8-9B3C-408E-8E30-5E16A3AEB445</Data>
</EventData>
</Event>

<Event xmlns="http://schemas.microsoft.com/win/2004/08/events/event"><System><Provider Name="Microsoft-Windows-Hyper-V-VmSwitch" Guid="{67dc0d66-3695-47c0-9642-33f76f7bd7ad}"></Provider>
<EventID Qualifiers="">233</EventID>
<Version>0</Version>
<Level>4</Level>
<Task>0</Task>
<Opcode>0</Opcode>
<Keywords>0x8000000000000080</Keywords>
<TimeCreated SystemTime="2024-07-01 06:35:48.008278+00:00"></TimeCreated>
<EventRecordID>301042</EventRecordID>
<Correlation ActivityID="" RelatedActivityID=""></Correlation>
<Execution ProcessID="2892" ThreadID="3132"></Execution>
<Channel>System</Channel>
<Computer>DESKTOP-LLF4HB6</Computer>
<Security UserID="S-1-5-18"></Security>
</System>
<EventData><Data Name="NicNameLen">36</Data>
<Data Name="NicName">C08CB7B8-9B3C-408E-8E30-5E16A3AEB444</Data>
<Data Name="NicFNameLen">14</Data>
<Data Name="NicFName">Default Switch</Data>
<Data Name="Operation">8</Data>
<Data Name="NicInstanceId">{00000000-0000-0000-0000-000000000000}</Data>
</EventData>
</Event>

<Event xmlns="http://schemas.microsoft.com/win/2004/08/events/event"><System><Provider Name="Microsoft-Windows-Hyper-V-VmSwitch" Guid="{67dc0d66-3695-47c0-9642-33f76f7bd7ad}"></Provider>
<EventID Qualifiers="">62</EventID>
<Version>0</Version>
<Level>4</Level>
<Task>0</Task>
<Opcode>0</Opcode>
<Keywords>0x8000000000000081</Keywords>
<TimeCreated SystemTime="2024-07-01 06:35:48.008596+00:00"></TimeCreated>
<EventRecordID>301043</EventRecordID>
<Correlation ActivityID="" RelatedActivityID=""></Correlation>
<Execution ProcessID="2892" ThreadID="3132"></Execution>
<Channel>System</Channel>
<Computer>DESKTOP-LLF4HB6</Computer>
<Security UserID="S-1-5-18"></Security>
</System>
<EventData><Data Name="SwitchNameLen">36</Data>
<Data Name="SwitchName">C08CB7B8-9B3C-408E-8E30-5E16A3AEB444</Data>
<Data Name="SwitchFNameLen">14</Data>
<Data Name="SwitchFName">Default Switch</Data>
<Data Name="Flags">9</Data>
<Data Name="OwnerService">1</Data>
</EventData>
</Event>

<Event xmlns="http://schemas.microsoft.com/win/2004/08/events/event"><System><Provider Name="Microsoft-Windows-HttpService" Guid="{dd5ef90a-6398-47a4-ad34-4dcecdef795f}"></Provider>
<EventID Qualifiers="">112</EventID>
<Version>0</Version>
<Level>4</Level>
<Task>3</Task>
<Opcode>121</Opcode>
<Keywords>0x4000000000000001</Keywords>
<TimeCreated SystemTime="2024-07-01 06:35:48.223434+00:00"></TimeCreated>
<EventRecordID>301044</EventRecordID>
<Correlation ActivityID="" RelatedActivityID=""></Correlation>
<Execution ProcessID="4" ThreadID="308"></Execution>
<Channel>System</Channel>
<Computer>DESKTOP-LLF4HB6</Computer>
<Security UserID="S-1-5-18"></Security>
</System>
<EventData><Data Name="Url">http://*:5357/</Data>
<Data Name="ReserveStatus">0</Data>
<Data Name="ProcessId">4</Data>
<Data Name="ExecutablePath"></Data>
<Data Name="UserSid">S-1-5-18</Data>
</EventData>
</Event>

<Event xmlns="http://schemas.microsoft.com/win/2004/08/events/event"><System><Provider Name="Microsoft-Windows-HttpService" Guid="{dd5ef90a-6398-47a4-ad34-4dcecdef795f}"></Provider>
<EventID Qualifiers="">112</EventID>
<Version>0</Version>
<Level>4</Level>
<Task>3</Task>
<Opcode>121</Opcode>
<Keywords>0x4000000000000001</Keywords>
<TimeCreated SystemTime="2024-07-01 06:35:48.223478+00:00"></TimeCreated>
<EventRecordID>301045</EventRecordID>
<Correlation ActivityID="" RelatedActivityID=""></Correlation>
<Execution ProcessID="4" ThreadID="308"></Execution>
<Channel>System</Channel>
<Computer>DESKTOP-LLF4HB6</Computer>
<Security UserID="S-1-5-18"></Security>
</System>
<EventData><Data Name="Url">http://+:80/Temporary_Listen_Addresses/</Data>
<Data Name="ReserveStatus">0</Data>
<Data Name="ProcessId">4</Data>
<Data Name="ExecutablePath"></Data>
<Data Name="UserSid">S-1-5-18</Data>
</EventData>
</Event>

<Event xmlns="http://schemas.microsoft.com/win/2004/08/events/event"><System><Provider Name="Microsoft-Windows-HttpService" Guid="{dd5ef90a-6398-47a4-ad34-4dcecdef795f}"></Provider>
<EventID Qualifiers="">112</EventID>
<Version>0</Version>
<Level>4</Level>
<Task>3</Task>
<Opcode>121</Opcode>
<Keywords>0x4000000000000001</Keywords>
<TimeCreated SystemTime="2024-07-01 06:35:48.223499+00:00"></TimeCreated>
<EventRecordID>301046</EventRecordID>
<Correlation ActivityID="" RelatedActivityID=""></Correlation>
<Execution ProcessID="4" ThreadID="308"></Execution>
<Channel>System</Channel>
<Computer>DESKTOP-LLF4HB6</Computer>
<Security UserID="S-1-5-18"></Security>
</System>
<EventData><Data Name="Url">https://*:5358/</Data>
<Data Name="ReserveStatus">0</Data>
<Data Name="ProcessId">4</Data>
<Data Name="ExecutablePath"></Data>
<Data Name="UserSid">S-1-5-18</Data>
</EventData>
</Event>

<Event xmlns="http://schemas.microsoft.com/win/2004/08/events/event"><System><Provider Name="Microsoft-Windows-HttpService" Guid="{dd5ef90a-6398-47a4-ad34-4dcecdef795f}"></Provider>
<EventID Qualifiers="">112</EventID>
<Version>0</Version>
<Level>4</Level>
<Task>3</Task>
<Opcode>121</Opcode>
<Keywords>0x4000000000000001</Keywords>
<TimeCreated SystemTime="2024-07-01 06:35:48.223560+00:00"></TimeCreated>
<EventRecordID>301047</EventRecordID>
<Correlation ActivityID="" RelatedActivityID=""></Correlation>
<Execution ProcessID="4" ThreadID="308"></Execution>
<Channel>System</Channel>
<Computer>DESKTOP-LLF4HB6</Computer>
<Security UserID="S-1-5-18"></Security>
</System>
<EventData><Data Name="Url">https://+:5986/wsman/</Data>
<Data Name="ReserveStatus">0</Data>
<Data Name="ProcessId">4</Data>
<Data Name="ExecutablePath"></Data>
<Data Name="UserSid">S-1-5-18</Data>
</EventData>
</Event>

<Event xmlns="http://schemas.microsoft.com/win/2004/08/events/event"><System><Provider Name="Microsoft-Windows-HttpService" Guid="{dd5ef90a-6398-47a4-ad34-4dcecdef795f}"></Provider>
<EventID Qualifiers="">112</EventID>
<Version>0</Version>
<Level>4</Level>
<Task>3</Task>
<Opcode>121</Opcode>
<Keywords>0x4000000000000001</Keywords>
<TimeCreated SystemTime="2024-07-01 06:35:48.223589+00:00"></TimeCreated>
<EventRecordID>301048</EventRecordID>
<Correlation ActivityID="" RelatedActivityID=""></Correlation>
<Execution ProcessID="4" ThreadID="308"></Execution>
<Channel>System</Channel>
<Computer>DESKTOP-LLF4HB6</Computer>
<Security UserID="S-1-5-18"></Security>
</System>
<EventData><Data Name="Url">http://+:47001/wsman/</Data>
<Data Name="ReserveStatus">0</Data>
<Data Name="ProcessId">4</Data>
<Data Name="ExecutablePath"></Data>
<Data Name="UserSid">S-1-5-18</Data>
</EventData>
</Event>

<Event xmlns="http://schemas.microsoft.com/win/2004/08/events/event"><System><Provider Name="Microsoft-Windows-HttpService" Guid="{dd5ef90a-6398-47a4-ad34-4dcecdef795f}"></Provider>
<EventID Qualifiers="">112</EventID>
<Version>0</Version>
<Level>4</Level>
<Task>3</Task>
<Opcode>121</Opcode>
<Keywords>0x4000000000000001</Keywords>
<TimeCreated SystemTime="2024-07-01 06:35:48.223610+00:00"></TimeCreated>
<EventRecordID>301049</EventRecordID>
<Correlation ActivityID="" RelatedActivityID=""></Correlation>
<Execution ProcessID="4" ThreadID="308"></Execution>
<Channel>System</Channel>
<Computer>DESKTOP-LLF4HB6</Computer>
<Security UserID="S-1-5-18"></Security>
</System>
<EventData><Data Name="Url">http://+:5985/wsman/</Data>
<Data Name="ReserveStatus">0</Data>
<Data Name="ProcessId">4</Data>
<Data Name="ExecutablePath"></Data>
<Data Name="UserSid">S-1-5-18</Data>
</EventData>
</Event>

<Event xmlns="http://schemas.microsoft.com/win/2004/08/events/event"><System><Provider Name="Microsoft-Windows-HttpService" Guid="{dd5ef90a-6398-47a4-ad34-4dcecdef795f}"></Provider>
<EventID Qualifiers="">112</EventID>
<Version>0</Version>
<Level>4</Level>
<Task>3</Task>
<Opcode>121</Opcode>
<Keywords>0x4000000000000001</Keywords>
<TimeCreated SystemTime="2024-07-01 06:35:48.223629+00:00"></TimeCreated>
<EventRecordID>301050</EventRecordID>
<Correlation ActivityID="" RelatedActivityID=""></Correlation>
<Execution ProcessID="4" ThreadID="308"></Execution>
<Channel>System</Channel>
<Computer>DESKTOP-LLF4HB6</Computer>
<Security UserID="S-1-5-18"></Security>
</System>
<EventData><Data Name="Url">http://*:2869/</Data>
<Data Name="ReserveStatus">0</Data>
<Data Name="ProcessId">4</Data>
<Data Name="ExecutablePath"></Data>
<Data Name="UserSid">S-1-5-18</Data>
</EventData>
</Event>

<Event xmlns="http://schemas.microsoft.com/win/2004/08/events/event"><System><Provider Name="Microsoft-Windows-HttpService" Guid="{dd5ef90a-6398-47a4-ad34-4dcecdef795f}"></Provider>
<EventID Qualifiers="">112</EventID>
<Version>0</Version>
<Level>4</Level>
<Task>3</Task>
<Opcode>121</Opcode>
<Keywords>0x4000000000000001</Keywords>
<TimeCreated SystemTime="2024-07-01 06:35:48.223652+00:00"></TimeCreated>
<EventRecordID>301051</EventRecordID>
<Correlation ActivityID="" RelatedActivityID=""></Correlation>
<Execution ProcessID="4" ThreadID="308"></Execution>
<Channel>System</Channel>
<Computer>DESKTOP-LLF4HB6</Computer>
<Security UserID="S-1-5-18"></Security>
</System>
<EventData><Data Name="Url">http://+:80/0131501b-d67f-491b-9a40-c4bf27bcb4d4/</Data>
<Data Name="ReserveStatus">0</Data>
<Data Name="ProcessId">4</Data>
<Data Name="ExecutablePath"></Data>
<Data Name="UserSid">S-1-5-18</Data>
</EventData>
</Event>

<Event xmlns="http://schemas.microsoft.com/win/2004/08/events/event"><System><Provider Name="Microsoft-Windows-HttpService" Guid="{dd5ef90a-6398-47a4-ad34-4dcecdef795f}"></Provider>
<EventID Qualifiers="">112</EventID>
<Version>0</Version>
<Level>4</Level>
<Task>3</Task>
<Opcode>121</Opcode>
<Keywords>0x4000000000000001</Keywords>
<TimeCreated SystemTime="2024-07-01 06:35:48.223682+00:00"></TimeCreated>
<EventRecordID>301052</EventRecordID>
<Correlation ActivityID="" RelatedActivityID=""></Correlation>
<Execution ProcessID="4" ThreadID="308"></Execution>
<Channel>System</Channel>
<Computer>DESKTOP-LLF4HB6</Computer>
<Security UserID="S-1-5-18"></Security>
</System>
<EventData><Data Name="Url">https://+:443/C574AC30-5794-4AEE-B1BB-6651C5315029/</Data>
<Data Name="ReserveStatus">0</Data>
<Data Name="ProcessId">4</Data>
<Data Name="ExecutablePath"></Data>
<Data Name="UserSid">S-1-5-18</Data>
</EventData>
</Event>

<Event xmlns="http://schemas.microsoft.com/win/2004/08/events/event"><System><Provider Name="Microsoft-Windows-HttpService" Guid="{dd5ef90a-6398-47a4-ad34-4dcecdef795f}"></Provider>
<EventID Qualifiers="">112</EventID>
<Version>0</Version>
<Level>4</Level>
<Task>3</Task>
<Opcode>121</Opcode>
<Keywords>0x4000000000000001</Keywords>
<TimeCreated SystemTime="2024-07-01 06:35:48.223707+00:00"></TimeCreated>
<EventRecordID>301053</EventRecordID>
<Correlation ActivityID="" RelatedActivityID=""></Correlation>
<Execution ProcessID="4" ThreadID="308"></Execution>
<Channel>System</Channel>
<Computer>DESKTOP-LLF4HB6</Computer>
<Security UserID="S-1-5-18"></Security>
</System>
<EventData><Data Name="Url">http://+:80/116B50EB-ECE2-41ac-8429-9F9E963361B7/</Data>
<Data Name="ReserveStatus">0</Data>
<Data Name="ProcessId">4</Data>
<Data Name="ExecutablePath"></Data>
<Data Name="UserSid">S-1-5-18</Data>
</EventData>
</Event>

<Event xmlns="http://schemas.microsoft.com/win/2004/08/events/event"><System><Provider Name="Microsoft-Windows-HttpService" Guid="{dd5ef90a-6398-47a4-ad34-4dcecdef795f}"></Provider>
<EventID Qualifiers="">112</EventID>
<Version>0</Version>
<Level>4</Level>
<Task>3</Task>
<Opcode>121</Opcode>
<Keywords>0x4000000000000001</Keywords>
<TimeCreated SystemTime="2024-07-01 06:35:48.223728+00:00"></TimeCreated>
<EventRecordID>301054</EventRecordID>
<Correlation ActivityID="" RelatedActivityID=""></Correlation>
<Execution ProcessID="4" ThreadID="308"></Execution>
<Channel>System</Channel>
<Computer>DESKTOP-LLF4HB6</Computer>
<Security UserID="S-1-5-18"></Security>
</System>
<EventData><Data Name="Url">http://+:15099/</Data>
<Data Name="ReserveStatus">0</Data>
<Data Name="ProcessId">4</Data>
<Data Name="ExecutablePath"></Data>
<Data Name="UserSid">S-1-5-18</Data>
</EventData>
</Event>

<Event xmlns="http://schemas.microsoft.com/win/2004/08/events/event"><System><Provider Name="Microsoft-Windows-HttpService" Guid="{dd5ef90a-6398-47a4-ad34-4dcecdef795f}"></Provider>
<EventID Qualifiers="">112</EventID>
<Version>0</Version>
<Level>4</Level>
<Task>3</Task>
<Opcode>121</Opcode>
<Keywords>0x4000000000000001</Keywords>
<TimeCreated SystemTime="2024-07-01 06:35:48.223764+00:00"></TimeCreated>
<EventRecordID>301055</EventRecordID>
<Correlation ActivityID="" RelatedActivityID=""></Correlation>
<Execution ProcessID="4" ThreadID="308"></Execution>
<Channel>System</Channel>
<Computer>DESKTOP-LLF4HB6</Computer>
<Security UserID="S-1-5-18"></Security>
</System>
<EventData><Data Name="Url">https://+:443/sra_{BA195980-CD49-458b-9E23-C84EE0ADCD75}/</Data>
<Data Name="ReserveStatus">0</Data>
<Data Name="ProcessId">4</Data>
<Data Name="ExecutablePath"></Data>
<Data Name="UserSid">S-1-5-18</Data>
</EventData>
</Event>

<Event xmlns="http://schemas.microsoft.com/win/2004/08/events/event"><System><Provider Name="Microsoft-Windows-HttpService" Guid="{dd5ef90a-6398-47a4-ad34-4dcecdef795f}"></Provider>
<EventID Qualifiers="">112</EventID>
<Version>0</Version>
<Level>4</Level>
<Task>3</Task>
<Opcode>121</Opcode>
<Keywords>0x4000000000000001</Keywords>
<TimeCreated SystemTime="2024-07-01 06:35:48.223785+00:00"></TimeCreated>
<EventRecordID>301056</EventRecordID>
<Correlation ActivityID="" RelatedActivityID=""></Correlation>
<Execution ProcessID="4" ThreadID="308"></Execution>
<Channel>System</Channel>
<Computer>DESKTOP-LLF4HB6</Computer>
<Security UserID="S-1-5-18"></Security>
</System>
<EventData><Data Name="Url">https://+:10245/WMPNSSv4/</Data>
<Data Name="ReserveStatus">0</Data>
<Data Name="ProcessId">4</Data>
<Data Name="ExecutablePath"></Data>
<Data Name="UserSid">S-1-5-18</Data>
</EventData>
</Event>

<Event xmlns="http://schemas.microsoft.com/win/2004/08/events/event"><System><Provider Name="Microsoft-Windows-HttpService" Guid="{dd5ef90a-6398-47a4-ad34-4dcecdef795f}"></Provider>
<EventID Qualifiers="">112</EventID>
<Version>0</Version>
<Level>4</Level>
<Task>3</Task>
<Opcode>121</Opcode>
<Keywords>0x4000000000000001</Keywords>
<TimeCreated SystemTime="2024-07-01 06:35:48.223808+00:00"></TimeCreated>
<EventRecordID>301057</EventRecordID>
<Correlation ActivityID="" RelatedActivityID=""></Correlation>
<Execution ProcessID="4" ThreadID="308"></Execution>
<Channel>System</Channel>
<Computer>DESKTOP-LLF4HB6</Computer>
<Security UserID="S-1-5-18"></Security>
</System>
<EventData><Data Name="Url">http://+:10243/WMPNSSv4/</Data>
<Data Name="ReserveStatus">0</Data>
<Data Name="ProcessId">4</Data>
<Data Name="ExecutablePath"></Data>
<Data Name="UserSid">S-1-5-18</Data>
</EventData>
</Event>

<Event xmlns="http://schemas.microsoft.com/win/2004/08/events/event"><System><Provider Name="Microsoft-Windows-HttpService" Guid="{dd5ef90a-6398-47a4-ad34-4dcecdef795f}"></Provider>
<EventID Qualifiers="">112</EventID>
<Version>0</Version>
<Level>4</Level>
<Task>3</Task>
<Opcode>121</Opcode>
<Keywords>0x4000000000000001</Keywords>
<TimeCreated SystemTime="2024-07-01 06:35:48.223827+00:00"></TimeCreated>
<EventRecordID>301058</EventRecordID>
<Correlation ActivityID="" RelatedActivityID=""></Correlation>
<Execution ProcessID="4" ThreadID="308"></Execution>
<Channel>System</Channel>
<Computer>DESKTOP-LLF4HB6</Computer>
<Security UserID="S-1-5-18"></Security>
</System>
<EventData><Data Name="Url">http://+:10246/MDEServer/</Data>
<Data Name="ReserveStatus">0</Data>
<Data Name="ProcessId">4</Data>
<Data Name="ExecutablePath"></Data>
<Data Name="UserSid">S-1-5-18</Data>
</EventData>
</Event>

<Event xmlns="http://schemas.microsoft.com/win/2004/08/events/event"><System><Provider Name="Microsoft-Windows-HttpService" Guid="{dd5ef90a-6398-47a4-ad34-4dcecdef795f}"></Provider>
<EventID Qualifiers="">112</EventID>
<Version>0</Version>
<Level>4</Level>
<Task>3</Task>
<Opcode>121</Opcode>
<Keywords>0x4000000000000001</Keywords>
<TimeCreated SystemTime="2024-07-01 06:35:48.223848+00:00"></TimeCreated>
<EventRecordID>301059</EventRecordID>
<Correlation ActivityID="" RelatedActivityID=""></Correlation>
<Execution ProcessID="4" ThreadID="308"></Execution>
<Channel>System</Channel>
<Computer>DESKTOP-LLF4HB6</Computer>
<Security UserID="S-1-5-18"></Security>
</System>
<EventData><Data Name="Url">http://+:10247/apps/</Data>
<Data Name="ReserveStatus">0</Data>
<Data Name="ProcessId">4</Data>
<Data Name="ExecutablePath"></Data>
<Data Name="UserSid">S-1-5-18</Data>
</EventData>
</Event>

<Event xmlns="http://schemas.microsoft.com/win/2004/08/events/event"><System><Provider Name="Microsoft-Windows-HttpService" Guid="{dd5ef90a-6398-47a4-ad34-4dcecdef795f}"></Provider>
<EventID Qualifiers="">112</EventID>
<Version>0</Version>
<Level>4</Level>
<Task>3</Task>
<Opcode>121</Opcode>
<Keywords>0x4000000000000001</Keywords>
<TimeCreated SystemTime="2024-07-01 06:35:48.223869+00:00"></TimeCreated>
<EventRecordID>301060</EventRecordID>
<Correlation ActivityID="" RelatedActivityID=""></Correlation>
<Execution ProcessID="4" ThreadID="308"></Execution>
<Channel>System</Channel>
<Computer>DESKTOP-LLF4HB6</Computer>
<Security UserID="S-1-5-18"></Security>
</System>
<EventData><Data Name="Url">https://+:3392/rdp/</Data>
<Data Name="ReserveStatus">0</Data>
<Data Name="ProcessId">4</Data>
<Data Name="ExecutablePath"></Data>
<Data Name="UserSid">S-1-5-18</Data>
</EventData>
</Event>

<Event xmlns="http://schemas.microsoft.com/win/2004/08/events/event"><System><Provider Name="Microsoft-Windows-HttpService" Guid="{dd5ef90a-6398-47a4-ad34-4dcecdef795f}"></Provider>
<EventID Qualifiers="">112</EventID>
<Version>0</Version>
<Level>4</Level>
<Task>3</Task>
<Opcode>121</Opcode>
<Keywords>0x4000000000000001</Keywords>
<TimeCreated SystemTime="2024-07-01 06:35:48.223900+00:00"></TimeCreated>
<EventRecordID>301061</EventRecordID>
<Correlation ActivityID="" RelatedActivityID=""></Correlation>
<Execution ProcessID="4" ThreadID="308"></Execution>
<Channel>System</Channel>
<Computer>DESKTOP-LLF4HB6</Computer>
<Security UserID="S-1-5-18"></Security>
</System>
<EventData><Data Name="Url">http://+:3387/rdp/</Data>
<Data Name="ReserveStatus">0</Data>
<Data Name="ProcessId">4</Data>
<Data Name="ExecutablePath"></Data>
<Data Name="UserSid">S-1-5-18</Data>
</EventData>
</Event>

