<Event xmlns="http://schemas.microsoft.com/win/2004/08/events/event"><System><Provider Name="Microsoft-Windows-HttpService" Guid="{dd5ef90a-6398-47a4-ad34-4dcecdef795f}"></Provider>
<EventID Qualifiers="">112</EventID>
<Version>0</Version>
<Level>4</Level>
<Task>3</Task>
<Opcode>121</Opcode>
<Keywords>0x4000000000000001</Keywords>
<TimeCreated SystemTime="2024-06-30 04:24:22.299437+00:00"></TimeCreated>
<EventRecordID>300638</EventRecordID>
<Correlation ActivityID="" RelatedActivityID=""></Correlation>
<Execution ProcessID="4" ThreadID="288"></Execution>
<Channel>System</Channel>
<Computer>DESKTOP-LLF4HB6</Computer>
<Security UserID="S-1-5-18"></Security>
</System>
<EventData><Data Name="Url">http://+:47001/wsman/</Data>
<Data Name="ReserveStatus">0</Data>
<Data Name="ProcessId">4</Data>
<Data Name="ExecutablePath"></Data>
<Data Name="UserSid">S-1-5-18</Data>
</EventData>
</Event>

<Event xmlns="http://schemas.microsoft.com/win/2004/08/events/event"><System><Provider Name="Microsoft-Windows-HttpService" Guid="{dd5ef90a-6398-47a4-ad34-4dcecdef795f}"></Provider>
<EventID Qualifiers="">112</EventID>
<Version>0</Version>
<Level>4</Level>
<Task>3</Task>
<Opcode>121</Opcode>
<Keywords>0x4000000000000001</Keywords>
<TimeCreated SystemTime="2024-06-30 04:24:22.299459+00:00"></TimeCreated>
<EventRecordID>300639</EventRecordID>
<Correlation ActivityID="" RelatedActivityID=""></Correlation>
<Execution ProcessID="4" ThreadID="288"></Execution>
<Channel>System</Channel>
<Computer>DESKTOP-LLF4HB6</Computer>
<Security UserID="S-1-5-18"></Security>
</System>
<EventData><Data Name="Url">http://+:5985/wsman/</Data>
<Data Name="ReserveStatus">0</Data>
<Data Name="ProcessId">4</Data>
<Data Name="ExecutablePath"></Data>
<Data Name="UserSid">S-1-5-18</Data>
</EventData>
</Event>

<Event xmlns="http://schemas.microsoft.com/win/2004/08/events/event"><System><Provider Name="Microsoft-Windows-HttpService" Guid="{dd5ef90a-6398-47a4-ad34-4dcecdef795f}"></Provider>
<EventID Qualifiers="">112</EventID>
<Version>0</Version>
<Level>4</Level>
<Task>3</Task>
<Opcode>121</Opcode>
<Keywords>0x4000000000000001</Keywords>
<TimeCreated SystemTime="2024-06-30 04:24:22.299477+00:00"></TimeCreated>
<EventRecordID>300640</EventRecordID>
<Correlation ActivityID="" RelatedActivityID=""></Correlation>
<Execution ProcessID="4" ThreadID="288"></Execution>
<Channel>System</Channel>
<Computer>DESKTOP-LLF4HB6</Computer>
<Security UserID="S-1-5-18"></Security>
</System>
<EventData><Data Name="Url">http://*:2869/</Data>
<Data Name="ReserveStatus">0</Data>
<Data Name="ProcessId">4</Data>
<Data Name="ExecutablePath"></Data>
<Data Name="UserSid">S-1-5-18</Data>
</EventData>
</Event>

<Event xmlns="http://schemas.microsoft.com/win/2004/08/events/event"><System><Provider Name="Microsoft-Windows-HttpService" Guid="{dd5ef90a-6398-47a4-ad34-4dcecdef795f}"></Provider>
<EventID Qualifiers="">112</EventID>
<Version>0</Version>
<Level>4</Level>
<Task>3</Task>
<Opcode>121</Opcode>
<Keywords>0x4000000000000001</Keywords>
<TimeCreated SystemTime="2024-06-30 04:24:22.299503+00:00"></TimeCreated>
<EventRecordID>300641</EventRecordID>
<Correlation ActivityID="" RelatedActivityID=""></Correlation>
<Execution ProcessID="4" ThreadID="288"></Execution>
<Channel>System</Channel>
<Computer>DESKTOP-LLF4HB6</Computer>
<Security UserID="S-1-5-18"></Security>
</System>
<EventData><Data Name="Url">http://+:80/0131501b-d67f-491b-9a40-c4bf27bcb4d4/</Data>
<Data Name="ReserveStatus">0</Data>
<Data Name="ProcessId">4</Data>
<Data Name="ExecutablePath"></Data>
<Data Name="UserSid">S-1-5-18</Data>
</EventData>
</Event>

<Event xmlns="http://schemas.microsoft.com/win/2004/08/events/event"><System><Provider Name="Microsoft-Windows-HttpService" Guid="{dd5ef90a-6398-47a4-ad34-4dcecdef795f}"></Provider>
<EventID Qualifiers="">112</EventID>
<Version>0</Version>
<Level>4</Level>
<Task>3</Task>
<Opcode>121</Opcode>
<Keywords>0x4000000000000001</Keywords>
<TimeCreated SystemTime="2024-06-30 04:24:22.299536+00:00"></TimeCreated>
<EventRecordID>300642</EventRecordID>
<Correlation ActivityID="" RelatedActivityID=""></Correlation>
<Execution ProcessID="4" ThreadID="288"></Execution>
<Channel>System</Channel>
<Computer>DESKTOP-LLF4HB6</Computer>
<Security UserID="S-1-5-18"></Security>
</System>
<EventData><Data Name="Url">https://+:443/C574AC30-5794-4AEE-B1BB-6651C5315029/</Data>
<Data Name="ReserveStatus">0</Data>
<Data Name="ProcessId">4</Data>
<Data Name="ExecutablePath"></Data>
<Data Name="UserSid">S-1-5-18</Data>
</EventData>
</Event>

<Event xmlns="http://schemas.microsoft.com/win/2004/08/events/event"><System><Provider Name="Microsoft-Windows-HttpService" Guid="{dd5ef90a-6398-47a4-ad34-4dcecdef795f}"></Provider>
<EventID Qualifiers="">112</EventID>
<Version>0</Version>
<Level>4</Level>
<Task>3</Task>
<Opcode>121</Opcode>
<Keywords>0x4000000000000001</Keywords>
<TimeCreated SystemTime="2024-06-30 04:24:22.299582+00:00"></TimeCreated>
<EventRecordID>300643</EventRecordID>
<Correlation ActivityID="" RelatedActivityID=""></Correlation>
<Execution ProcessID="4" ThreadID="288"></Execution>
<Channel>System</Channel>
<Computer>DESKTOP-LLF4HB6</Computer>
<Security UserID="S-1-5-18"></Security>
</System>
<EventData><Data Name="Url">http://+:80/116B50EB-ECE2-41ac-8429-9F9E963361B7/</Data>
<Data Name="ReserveStatus">0</Data>
<Data Name="ProcessId">4</Data>
<Data Name="ExecutablePath"></Data>
<Data Name="UserSid">S-1-5-18</Data>
</EventData>
</Event>

<Event xmlns="http://schemas.microsoft.com/win/2004/08/events/event"><System><Provider Name="Microsoft-Windows-HttpService" Guid="{dd5ef90a-6398-47a4-ad34-4dcecdef795f}"></Provider>
<EventID Qualifiers="">112</EventID>
<Version>0</Version>
<Level>4</Level>
<Task>3</Task>
<Opcode>121</Opcode>
<Keywords>0x4000000000000001</Keywords>
<TimeCreated SystemTime="2024-06-30 04:24:22.299608+00:00"></TimeCreated>
<EventRecordID>300644</EventRecordID>
<Correlation ActivityID="" RelatedActivityID=""></Correlation>
<Execution ProcessID="4" ThreadID="288"></Execution>
<Channel>System</Channel>
<Computer>DESKTOP-LLF4HB6</Computer>
<Security UserID="S-1-5-18"></Security>
</System>
<EventData><Data Name="Url">http://+:15099/</Data>
<Data Name="ReserveStatus">0</Data>
<Data Name="ProcessId">4</Data>
<Data Name="ExecutablePath"></Data>
<Data Name="UserSid">S-1-5-18</Data>
</EventData>
</Event>

<Event xmlns="http://schemas.microsoft.com/win/2004/08/events/event"><System><Provider Name="Microsoft-Windows-HttpService" Guid="{dd5ef90a-6398-47a4-ad34-4dcecdef795f}"></Provider>
<EventID Qualifiers="">112</EventID>
<Version>0</Version>
<Level>4</Level>
<Task>3</Task>
<Opcode>121</Opcode>
<Keywords>0x4000000000000001</Keywords>
<TimeCreated SystemTime="2024-06-30 04:24:22.299641+00:00"></TimeCreated>
<EventRecordID>300645</EventRecordID>
<Correlation ActivityID="" RelatedActivityID=""></Correlation>
<Execution ProcessID="4" ThreadID="288"></Execution>
<Channel>System</Channel>
<Computer>DESKTOP-LLF4HB6</Computer>
<Security UserID="S-1-5-18"></Security>
</System>
<EventData><Data Name="Url">https://+:443/sra_{BA195980-CD49-458b-9E23-C84EE0ADCD75}/</Data>
<Data Name="ReserveStatus">0</Data>
<Data Name="ProcessId">4</Data>
<Data Name="ExecutablePath"></Data>
<Data Name="UserSid">S-1-5-18</Data>
</EventData>
</Event>

<Event xmlns="http://schemas.microsoft.com/win/2004/08/events/event"><System><Provider Name="Microsoft-Windows-HttpService" Guid="{dd5ef90a-6398-47a4-ad34-4dcecdef795f}"></Provider>
<EventID Qualifiers="">112</EventID>
<Version>0</Version>
<Level>4</Level>
<Task>3</Task>
<Opcode>121</Opcode>
<Keywords>0x4000000000000001</Keywords>
<TimeCreated SystemTime="2024-06-30 04:24:22.299664+00:00"></TimeCreated>
<EventRecordID>300646</EventRecordID>
<Correlation ActivityID="" RelatedActivityID=""></Correlation>
<Execution ProcessID="4" ThreadID="288"></Execution>
<Channel>System</Channel>
<Computer>DESKTOP-LLF4HB6</Computer>
<Security UserID="S-1-5-18"></Security>
</System>
<EventData><Data Name="Url">https://+:10245/WMPNSSv4/</Data>
<Data Name="ReserveStatus">0</Data>
<Data Name="ProcessId">4</Data>
<Data Name="ExecutablePath"></Data>
<Data Name="UserSid">S-1-5-18</Data>
</EventData>
</Event>

<Event xmlns="http://schemas.microsoft.com/win/2004/08/events/event"><System><Provider Name="Microsoft-Windows-HttpService" Guid="{dd5ef90a-6398-47a4-ad34-4dcecdef795f}"></Provider>
<EventID Qualifiers="">112</EventID>
<Version>0</Version>
<Level>4</Level>
<Task>3</Task>
<Opcode>121</Opcode>
<Keywords>0x4000000000000001</Keywords>
<TimeCreated SystemTime="2024-06-30 04:24:22.299686+00:00"></TimeCreated>
<EventRecordID>300647</EventRecordID>
<Correlation ActivityID="" RelatedActivityID=""></Correlation>
<Execution ProcessID="4" ThreadID="288"></Execution>
<Channel>System</Channel>
<Computer>DESKTOP-LLF4HB6</Computer>
<Security UserID="S-1-5-18"></Security>
</System>
<EventData><Data Name="Url">http://+:10243/WMPNSSv4/</Data>
<Data Name="ReserveStatus">0</Data>
<Data Name="ProcessId">4</Data>
<Data Name="ExecutablePath"></Data>
<Data Name="UserSid">S-1-5-18</Data>
</EventData>
</Event>

<Event xmlns="http://schemas.microsoft.com/win/2004/08/events/event"><System><Provider Name="Microsoft-Windows-HttpService" Guid="{dd5ef90a-6398-47a4-ad34-4dcecdef795f}"></Provider>
<EventID Qualifiers="">112</EventID>
<Version>0</Version>
<Level>4</Level>
<Task>3</Task>
<Opcode>121</Opcode>
<Keywords>0x4000000000000001</Keywords>
<TimeCreated SystemTime="2024-06-30 04:24:22.299711+00:00"></TimeCreated>
<EventRecordID>300648</EventRecordID>
<Correlation ActivityID="" RelatedActivityID=""></Correlation>
<Execution ProcessID="4" ThreadID="288"></Execution>
<Channel>System</Channel>
<Computer>DESKTOP-LLF4HB6</Computer>
<Security UserID="S-1-5-18"></Security>
</System>
<EventData><Data Name="Url">http://+:10246/MDEServer/</Data>
<Data Name="ReserveStatus">0</Data>
<Data Name="ProcessId">4</Data>
<Data Name="ExecutablePath"></Data>
<Data Name="UserSid">S-1-5-18</Data>
</EventData>
</Event>

<Event xmlns="http://schemas.microsoft.com/win/2004/08/events/event"><System><Provider Name="Microsoft-Windows-HttpService" Guid="{dd5ef90a-6398-47a4-ad34-4dcecdef795f}"></Provider>
<EventID Qualifiers="">112</EventID>
<Version>0</Version>
<Level>4</Level>
<Task>3</Task>
<Opcode>121</Opcode>
<Keywords>0x4000000000000001</Keywords>
<TimeCreated SystemTime="2024-06-30 04:24:22.299732+00:00"></TimeCreated>
<EventRecordID>300649</EventRecordID>
<Correlation ActivityID="" RelatedActivityID=""></Correlation>
<Execution ProcessID="4" ThreadID="288"></Execution>
<Channel>System</Channel>
<Computer>DESKTOP-LLF4HB6</Computer>
<Security UserID="S-1-5-18"></Security>
</System>
<EventData><Data Name="Url">http://+:10247/apps/</Data>
<Data Name="ReserveStatus">0</Data>
<Data Name="ProcessId">4</Data>
<Data Name="ExecutablePath"></Data>
<Data Name="UserSid">S-1-5-18</Data>
</EventData>
</Event>

<Event xmlns="http://schemas.microsoft.com/win/2004/08/events/event"><System><Provider Name="Microsoft-Windows-HttpService" Guid="{dd5ef90a-6398-47a4-ad34-4dcecdef795f}"></Provider>
<EventID Qualifiers="">112</EventID>
<Version>0</Version>
<Level>4</Level>
<Task>3</Task>
<Opcode>121</Opcode>
<Keywords>0x4000000000000001</Keywords>
<TimeCreated SystemTime="2024-06-30 04:24:22.299751+00:00"></TimeCreated>
<EventRecordID>300650</EventRecordID>
<Correlation ActivityID="" RelatedActivityID=""></Correlation>
<Execution ProcessID="4" ThreadID="288"></Execution>
<Channel>System</Channel>
<Computer>DESKTOP-LLF4HB6</Computer>
<Security UserID="S-1-5-18"></Security>
</System>
<EventData><Data Name="Url">https://+:3392/rdp/</Data>
<Data Name="ReserveStatus">0</Data>
<Data Name="ProcessId">4</Data>
<Data Name="ExecutablePath"></Data>
<Data Name="UserSid">S-1-5-18</Data>
</EventData>
</Event>

<Event xmlns="http://schemas.microsoft.com/win/2004/08/events/event"><System><Provider Name="Microsoft-Windows-HttpService" Guid="{dd5ef90a-6398-47a4-ad34-4dcecdef795f}"></Provider>
<EventID Qualifiers="">112</EventID>
<Version>0</Version>
<Level>4</Level>
<Task>3</Task>
<Opcode>121</Opcode>
<Keywords>0x4000000000000001</Keywords>
<TimeCreated SystemTime="2024-06-30 04:24:22.299776+00:00"></TimeCreated>
<EventRecordID>300651</EventRecordID>
<Correlation ActivityID="" RelatedActivityID=""></Correlation>
<Execution ProcessID="4" ThreadID="288"></Execution>
<Channel>System</Channel>
<Computer>DESKTOP-LLF4HB6</Computer>
<Security UserID="S-1-5-18"></Security>
</System>
<EventData><Data Name="Url">http://+:3387/rdp/</Data>
<Data Name="ReserveStatus">0</Data>
<Data Name="ProcessId">4</Data>
<Data Name="ExecutablePath"></Data>
<Data Name="UserSid">S-1-5-18</Data>
</EventData>
</Event>

<Event xmlns="http://schemas.microsoft.com/win/2004/08/events/event"><System><Provider Name="vmx86"></Provider>
<EventID Qualifiers="16392">34</EventID>
<Version>0</Version>
<Level>4</Level>
<Task>0</Task>
<Opcode>0</Opcode>
<Keywords>0x0080000000000000</Keywords>
<TimeCreated SystemTime="2024-06-30 04:24:22.427826+00:00"></TimeCreated>
<EventRecordID>300652</EventRecordID>
<Correlation ActivityID="" RelatedActivityID=""></Correlation>
<Execution ProcessID="4" ThreadID="68"></Execution>
<Channel>System</Channel>
<Computer>DESKTOP-LLF4HB6</Computer>
<Security UserID=""></Security>
</System>
<EventData><Data>&lt;string&gt;VMX86.SYS: begin DriverEntry&lt;/string&gt;
&lt;string&gt;&lt;/string&gt;
</Data>
<Binary>AAAAAAIAKAAAAAAAIgAIQCIACEAAAAAAAAAAAAAAAAAAAAAAAAAAAA==</Binary>
</EventData>
</Event>

<Event xmlns="http://schemas.microsoft.com/win/2004/08/events/event"><System><Provider Name="Microsoft-Windows-WLAN-AutoConfig" Guid="{9580d7dd-0379-4658-9870-d5be7d52d6de}"></Provider>
<EventID Qualifiers="">4000</EventID>
<Version>0</Version>
<Level>4</Level>
<Task>0</Task>
<Opcode>1</Opcode>
<Keywords>0x4000000000000000</Keywords>
<TimeCreated SystemTime="2024-06-30 04:24:22.752058+00:00"></TimeCreated>
<EventRecordID>300653</EventRecordID>
<Correlation ActivityID="" RelatedActivityID=""></Correlation>
<Execution ProcessID="5368" ThreadID="5392"></Execution>
<Channel>System</Channel>
<Computer>DESKTOP-LLF4HB6</Computer>
<Security UserID="S-1-5-18"></Security>
</System>
<EventData></EventData>
</Event>

<Event xmlns="http://schemas.microsoft.com/win/2004/08/events/event"><System><Provider Name="Microsoft-Windows-UserModePowerService" Guid="{ce8dee0b-d539-4000-b0f8-77bed049c590}"></Provider>
<EventID Qualifiers="">12</EventID>
<Version>0</Version>
<Level>4</Level>
<Task>10</Task>
<Opcode>0</Opcode>
<Keywords>0x4000000000000000</Keywords>
<TimeCreated SystemTime="2024-06-30 04:24:23.120861+00:00"></TimeCreated>
<EventRecordID>300654</EventRecordID>
<Correlation ActivityID="" RelatedActivityID=""></Correlation>
<Execution ProcessID="1340" ThreadID="1424"></Execution>
<Channel>System</Channel>
<Computer>DESKTOP-LLF4HB6</Computer>
<Security UserID="S-1-5-18"></Security>
</System>
<EventData><Data Name="ProcessPath">C:\Windows\System32\DriverStore\FileRepository\dptf_cpu.inf_amd64_9196e89091d8bdbb\esif_uf.exe</Data>
<Data Name="ProcessPid">5144</Data>
<Data Name="OldSchemeGuid">{381b4222-f694-41f0-9685-ff5bb260df2e}</Data>
<Data Name="NewSchemeGuid">{381b4222-f694-41f0-9685-ff5bb260df2e}</Data>
</EventData>
</Event>

<Event xmlns="http://schemas.microsoft.com/win/2004/08/events/event"><System><Provider Name="Microsoft-Windows-UserModePowerService" Guid="{ce8dee0b-d539-4000-b0f8-77bed049c590}"></Provider>
<EventID Qualifiers="">12</EventID>
<Version>0</Version>
<Level>4</Level>
<Task>10</Task>
<Opcode>0</Opcode>
<Keywords>0x4000000000000000</Keywords>
<TimeCreated SystemTime="2024-06-30 04:24:23.327484+00:00"></TimeCreated>
<EventRecordID>300655</EventRecordID>
<Correlation ActivityID="" RelatedActivityID=""></Correlation>
<Execution ProcessID="1340" ThreadID="1424"></Execution>
<Channel>System</Channel>
<Computer>DESKTOP-LLF4HB6</Computer>
<Security UserID="S-1-5-18"></Security>
</System>
<EventData><Data Name="ProcessPath">C:\Windows\System32\DriverStore\FileRepository\dptf_cpu.inf_amd64_9196e89091d8bdbb\esif_uf.exe</Data>
<Data Name="ProcessPid">5144</Data>
<Data Name="OldSchemeGuid">{381b4222-f694-41f0-9685-ff5bb260df2e}</Data>
<Data Name="NewSchemeGuid">{381b4222-f694-41f0-9685-ff5bb260df2e}</Data>
</EventData>
</Event>

<Event xmlns="http://schemas.microsoft.com/win/2004/08/events/event"><System><Provider Name="Microsoft-Windows-UserModePowerService" Guid="{ce8dee0b-d539-4000-b0f8-77bed049c590}"></Provider>
<EventID Qualifiers="">12</EventID>
<Version>0</Version>
<Level>4</Level>
<Task>10</Task>
<Opcode>0</Opcode>
<Keywords>0x4000000000000000</Keywords>
<TimeCreated SystemTime="2024-06-30 04:24:23.444714+00:00"></TimeCreated>
<EventRecordID>300656</EventRecordID>
<Correlation ActivityID="" RelatedActivityID=""></Correlation>
<Execution ProcessID="1340" ThreadID="1424"></Execution>
<Channel>System</Channel>
<Computer>DESKTOP-LLF4HB6</Computer>
<Security UserID="S-1-5-18"></Security>
</System>
<EventData><Data Name="ProcessPath">C:\Windows\System32\DriverStore\FileRepository\dptf_cpu.inf_amd64_9196e89091d8bdbb\esif_uf.exe</Data>
<Data Name="ProcessPid">5144</Data>
<Data Name="OldSchemeGuid">{381b4222-f694-41f0-9685-ff5bb260df2e}</Data>
<Data Name="NewSchemeGuid">{381b4222-f694-41f0-9685-ff5bb260df2e}</Data>
</EventData>
</Event>

<Event xmlns="http://schemas.microsoft.com/win/2004/08/events/event"><System><Provider Name="Microsoft-Windows-WLAN-AutoConfig" Guid="{9580d7dd-0379-4658-9870-d5be7d52d6de}"></Provider>
<EventID Qualifiers="">10001</EventID>
<Version>0</Version>
<Level>4</Level>
<Task>0</Task>
<Opcode>0</Opcode>
<Keywords>0x4000000000000000</Keywords>
<TimeCreated SystemTime="2024-06-30 04:24:23.627592+00:00"></TimeCreated>
<EventRecordID>300657</EventRecordID>
<Correlation ActivityID="" RelatedActivityID=""></Correlation>
<Execution ProcessID="5368" ThreadID="5392"></Execution>
<Channel>System</Channel>
<Computer>DESKTOP-LLF4HB6</Computer>
<Security UserID="S-1-5-18"></Security>
</System>
<EventData><Data Name="ExtensibleModulePath">C:\WINDOWS\system32\IntelIHVRouter10.dll</Data>
</EventData>
</Event>

<Event xmlns="http://schemas.microsoft.com/win/2004/08/events/event"><System><Provider Name="Service Control Manager" Guid="{555908d1-a6d7-4695-8e1e-26931d2012f4}" EventSourceName="Service Control Manager"></Provider>
<EventID Qualifiers="49152">7026</EventID>
<Version>0</Version>
<Level>4</Level>
<Task>0</Task>
<Opcode>0</Opcode>
<Keywords>0x8080000000000000</Keywords>
<TimeCreated SystemTime="2024-06-30 04:24:26.925261+00:00"></TimeCreated>
<EventRecordID>300658</EventRecordID>
<Correlation ActivityID="" RelatedActivityID=""></Correlation>
<Execution ProcessID="1100" ThreadID="1104"></Execution>
<Channel>System</Channel>
<Computer>DESKTOP-LLF4HB6</Computer>
<Security UserID=""></Security>
</System>
<EventData><Data Name="param1">
dam
WinSetupMon</Data>
</EventData>
</Event>

<Event xmlns="http://schemas.microsoft.com/win/2004/08/events/event"><System><Provider Name="TPM" Guid="{1b6b0772-251b-4d42-917d-faca166bc059}"></Provider>
<EventID Qualifiers="">18</EventID>
<Version>0</Version>
<Level>4</Level>
<Task>0</Task>
<Opcode>0</Opcode>
<Keywords>0x8000000000000000</Keywords>
<TimeCreated SystemTime="2024-06-30 04:24:26.933407+00:00"></TimeCreated>
<EventRecordID>300659</EventRecordID>
<Correlation ActivityID="" RelatedActivityID=""></Correlation>
<Execution ProcessID="4" ThreadID="344"></Execution>
<Channel>System</Channel>
<Computer>DESKTOP-LLF4HB6</Computer>
<Security UserID="S-1-5-18"></Security>
</System>
<EventData><Data Name="driverFile">0x00000014</Data>
<Data Name="lineNumber">217</Data>
<Data Name="Data">0</Data>
</EventData>
</Event>

<Event xmlns="http://schemas.microsoft.com/win/2004/08/events/event"><System><Provider Name="Microsoft-Windows-TPM-WMI" Guid="{7d5387b0-cbe0-11da-a94d-0800200c9a66}"></Provider>
<EventID Qualifiers="">1796</EventID>
<Version>0</Version>
<Level>2</Level>
<Task>0</Task>
<Opcode>0</Opcode>
<Keywords>0x8000000000000000</Keywords>
<TimeCreated SystemTime="2024-06-30 04:24:27.746601+00:00"></TimeCreated>
<EventRecordID>300660</EventRecordID>
<Correlation ActivityID="" RelatedActivityID=""></Correlation>
<Execution ProcessID="8604" ThreadID="6136"></Execution>
<Channel>System</Channel>
<Computer>DESKTOP-LLF4HB6</Computer>
<Security UserID="S-1-5-18"></Security>
</System>
<EventData><Data Name="HResult">-2147020471</Data>
</EventData>
</Event>

<Event xmlns="http://schemas.microsoft.com/win/2004/08/events/event"><System><Provider Name="Netwtw10"></Provider>
<EventID Qualifiers="16384">7021</EventID>
<Version>0</Version>
<Level>4</Level>
<Task>0</Task>
<Opcode>0</Opcode>
<Keywords>0x0080000000000000</Keywords>
<TimeCreated SystemTime="2024-06-30 04:24:28.412088+00:00"></TimeCreated>
<EventRecordID>300661</EventRecordID>
<Correlation ActivityID="" RelatedActivityID=""></Correlation>
<Execution ProcessID="4" ThreadID="560"></Execution>
<Channel>System</Channel>
<Computer>DESKTOP-LLF4HB6</Computer>
<Security UserID=""></Security>
</System>
<EventData><Data>&lt;string&gt;&lt;/string&gt;
</Data>
<Binary>AACAAAEArAAAAAAAbRsAQAAAAAAAAAAAAAAAAAAAAAAAAAAAAAAAAAAAAAAHAAAACgAAAKyExutyzgAAM3JkIEZsb29yIAAAAAAAAAAAAAAAAAAAAAAAAAAAAAAoEAkAPQeeZQEAAAABAAAACQAAAAEAAABUUC1MaW5rAFRMLVdSODQANi4wAAAAAAAAAAAAAwcG2gMAAAAwMAcBAgEAAAAAAAAAAAAA</Binary>
</EventData>
</Event>

<Event xmlns="http://schemas.microsoft.com/win/2004/08/events/event"><System><Provider Name="Microsoft-Windows-Winlogon" Guid="{dbe9b383-7cf3-4331-91cc-a3cb16a3b538}"></Provider>
<EventID Qualifiers="">7001</EventID>
<Version>0</Version>
<Level>4</Level>
<Task>1101</Task>
<Opcode>0</Opcode>
<Keywords>0x2000200000000000</Keywords>
<TimeCreated SystemTime="2024-06-30 04:24:29.184725+00:00"></TimeCreated>
<EventRecordID>300662</EventRecordID>
<Correlation ActivityID="" RelatedActivityID=""></Correlation>
<Execution ProcessID="1220" ThreadID="2224"></Execution>
<Channel>System</Channel>
<Computer>DESKTOP-LLF4HB6</Computer>
<Security UserID="S-1-5-18"></Security>
</System>
<EventData><Data Name="TSId">1</Data>
<Data Name="UserSid">S-1-5-21-3356611828-2158967444-2878968500-1001</Data>
</EventData>
</Event>

<Event xmlns="http://schemas.microsoft.com/win/2004/08/events/event"><System><Provider Name="nhi"></Provider>
<EventID Qualifiers="16388">9007</EventID>
<Version>0</Version>
<Level>4</Level>
<Task>0</Task>
<Opcode>0</Opcode>
<Keywords>0x0080000000000000</Keywords>
<TimeCreated SystemTime="2024-06-30 04:24:34.516953+00:00"></TimeCreated>
<EventRecordID>300663</EventRecordID>
<Correlation ActivityID="" RelatedActivityID=""></Correlation>
<Execution ProcessID="4" ThreadID="120"></Execution>
<Channel>System</Channel>
<Computer>DESKTOP-LLF4HB6</Computer>
<Security UserID=""></Security>
</System>
<EventData><Data>&lt;string&gt;&lt;/string&gt;
</Data>
<Binary>AAAAAAEAAAAAAAAALyMEQAAAAAAAAAAAAAAAAAAAAAAAAAAAAAAAAA==</Binary>
</EventData>
</Event>

<Event xmlns="http://schemas.microsoft.com/win/2004/08/events/event"><System><Provider Name="Microsoft-Windows-Hyper-V-VmSwitch" Guid="{67dc0d66-3695-47c0-9642-33f76f7bd7ad}"></Provider>
<EventID Qualifiers="">234</EventID>
<Version>0</Version>
<Level>4</Level>
<Task>0</Task>
<Opcode>0</Opcode>
<Keywords>0x8000000000000080</Keywords>
<TimeCreated SystemTime="2024-06-30 04:24:35.037931+00:00"></TimeCreated>
<EventRecordID>300664</EventRecordID>
<Correlation ActivityID="" RelatedActivityID=""></Correlation>
<Execution ProcessID="2904" ThreadID="3132"></Execution>
<Channel>System</Channel>
<Computer>DESKTOP-LLF4HB6</Computer>
<Security UserID="S-1-5-18"></Security>
</System>
<EventData><Data Name="NicNameLen">36</Data>
<Data Name="NicName">C08CB7B8-9B3C-408E-8E30-5E16A3AEB444</Data>
<Data Name="PortNameLen">36</Data>
<Data Name="PortName">C08CB7B8-9B3C-408E-8E30-5E16A3AEB444</Data>
</EventData>
</Event>

<Event xmlns="http://schemas.microsoft.com/win/2004/08/events/event"><System><Provider Name="Microsoft-Windows-Hyper-V-VmSwitch" Guid="{67dc0d66-3695-47c0-9642-33f76f7bd7ad}"></Provider>
<EventID Qualifiers="">234</EventID>
<Version>0</Version>
<Level>4</Level>
<Task>0</Task>
<Opcode>0</Opcode>
<Keywords>0x8000000000000080</Keywords>
<TimeCreated SystemTime="2024-06-30 04:24:35.163982+00:00"></TimeCreated>
<EventRecordID>300665</EventRecordID>
<Correlation ActivityID="" RelatedActivityID=""></Correlation>
<Execution ProcessID="2904" ThreadID="3132"></Execution>
<Channel>System</Channel>
<Computer>DESKTOP-LLF4HB6</Computer>
<Security UserID="S-1-5-18"></Security>
</System>
<EventData><Data Name="NicNameLen">36</Data>
<Data Name="NicName">C08CB7B8-9B3C-408E-8E30-5E16A3AEB445</Data>
<Data Name="PortNameLen">36</Data>
<Data Name="PortName">C08CB7B8-9B3C-408E-8E30-5E16A3AEB445</Data>
</EventData>
</Event>

<Event xmlns="http://schemas.microsoft.com/win/2004/08/events/event"><System><Provider Name="Microsoft-Windows-Hyper-V-VmSwitch" Guid="{67dc0d66-3695-47c0-9642-33f76f7bd7ad}"></Provider>
<EventID Qualifiers="">233</EventID>
<Version>0</Version>
<Level>4</Level>
<Task>0</Task>
<Opcode>0</Opcode>
<Keywords>0x8000000000000080</Keywords>
<TimeCreated SystemTime="2024-06-30 04:24:35.164686+00:00"></TimeCreated>
<EventRecordID>300666</EventRecordID>
<Correlation ActivityID="" RelatedActivityID=""></Correlation>
<Execution ProcessID="2904" ThreadID="3132"></Execution>
<Channel>System</Channel>
<Computer>DESKTOP-LLF4HB6</Computer>
<Security UserID="S-1-5-18"></Security>
</System>
<EventData><Data Name="NicNameLen">36</Data>
<Data Name="NicName">C08CB7B8-9B3C-408E-8E30-5E16A3AEB444</Data>
<Data Name="NicFNameLen">14</Data>
<Data Name="NicFName">Default Switch</Data>
<Data Name="Operation">8</Data>
<Data Name="NicInstanceId">{00000000-0000-0000-0000-000000000000}</Data>
</EventData>
</Event>

<Event xmlns="http://schemas.microsoft.com/win/2004/08/events/event"><System><Provider Name="Microsoft-Windows-Hyper-V-VmSwitch" Guid="{67dc0d66-3695-47c0-9642-33f76f7bd7ad}"></Provider>
<EventID Qualifiers="">62</EventID>
<Version>0</Version>
<Level>4</Level>
<Task>0</Task>
<Opcode>0</Opcode>
<Keywords>0x8000000000000081</Keywords>
<TimeCreated SystemTime="2024-06-30 04:24:35.165073+00:00"></TimeCreated>
<EventRecordID>300667</EventRecordID>
<Correlation ActivityID="" RelatedActivityID=""></Correlation>
<Execution ProcessID="2904" ThreadID="3132"></Execution>
<Channel>System</Channel>
<Computer>DESKTOP-LLF4HB6</Computer>
<Security UserID="S-1-5-18"></Security>
</System>
<EventData><Data Name="SwitchNameLen">36</Data>
<Data Name="SwitchName">C08CB7B8-9B3C-408E-8E30-5E16A3AEB444</Data>
<Data Name="SwitchFNameLen">14</Data>
<Data Name="SwitchFName">Default Switch</Data>
<Data Name="Flags">9</Data>
<Data Name="OwnerService">1</Data>
</EventData>
</Event>

<Event xmlns="http://schemas.microsoft.com/win/2004/08/events/event"><System><Provider Name="Microsoft-Windows-Hyper-V-VmSwitch" Guid="{67dc0d66-3695-47c0-9642-33f76f7bd7ad}"></Provider>
<EventID Qualifiers="">233</EventID>
<Version>0</Version>
<Level>4</Level>
<Task>0</Task>
<Opcode>0</Opcode>
<Keywords>0x8000000000000080</Keywords>
<TimeCreated SystemTime="2024-06-30 04:24:37.111769+00:00"></TimeCreated>
<EventRecordID>300668</EventRecordID>
<Correlation ActivityID="" RelatedActivityID=""></Correlation>
<Execution ProcessID="2904" ThreadID="3132"></Execution>
<Channel>System</Channel>
<Computer>DESKTOP-LLF4HB6</Computer>
<Security UserID="S-1-5-18"></Security>
</System>
<EventData><Data Name="NicNameLen">36</Data>
<Data Name="NicName">C08CB7B8-9B3C-408E-8E30-5E16A3AEB445</Data>
<Data Name="NicFNameLen">14</Data>
<Data Name="NicFName">Default Switch</Data>
<Data Name="Operation">8</Data>
<Data Name="NicInstanceId">{86786b79-68bb-4a77-9c34-ac239d1e84d5}</Data>
</EventData>
</Event>

<Event xmlns="http://schemas.microsoft.com/win/2004/08/events/event"><System><Provider Name="Netwtw10"></Provider>
<EventID Qualifiers="32768">6062</EventID>
<Version>0</Version>
<Level>3</Level>
<Task>0</Task>
<Opcode>0</Opcode>
<Keywords>0x0080000000000000</Keywords>
<TimeCreated SystemTime="2024-06-30 04:24:38.074642+00:00"></TimeCreated>
<EventRecordID>300669</EventRecordID>
<Correlation ActivityID="" RelatedActivityID=""></Correlation>
<Execution ProcessID="4" ThreadID="5884"></Execution>
<Channel>System</Channel>
<Computer>DESKTOP-LLF4HB6</Computer>
<Security UserID=""></Security>
</System>
<EventData><Data>&lt;string&gt;\Device\NDMP6&lt;/string&gt;
&lt;string&gt;Intel(R) Wi-Fi 6 AX200 160MHz&lt;/string&gt;
</Data>
<Binary>AAAAAAIAMAAAAAAArhcAgAAAAAAAAAAAAAAAAAAAAAAAAAAAAAAAAA==</Binary>
</EventData>
</Event>

<Event xmlns="http://schemas.microsoft.com/win/2004/08/events/event"><System><Provider Name="Microsoft-Windows-TPM-WMI" Guid="{7d5387b0-cbe0-11da-a94d-0800200c9a66}"></Provider>
<EventID Qualifiers="">1282</EventID>
<Version>0</Version>
<Level>4</Level>
<Task>0</Task>
<Opcode>0</Opcode>
<Keywords>0x8000000000000000</Keywords>
<TimeCreated SystemTime="2024-06-30 04:24:41.741398+00:00"></TimeCreated>
<EventRecordID>300670</EventRecordID>
<Correlation ActivityID="" RelatedActivityID=""></Correlation>
<Execution ProcessID="8604" ThreadID="1304"></Execution>
<Channel>System</Channel>
<Computer>DESKTOP-LLF4HB6</Computer>
<Security UserID="S-1-5-18"></Security>
</System>
<EventData></EventData>
</Event>

<Event xmlns="http://schemas.microsoft.com/win/2004/08/events/event"><System><Provider Name="nhi"></Provider>
<EventID Qualifiers="16388">9008</EventID>
<Version>0</Version>
<Level>4</Level>
<Task>0</Task>
<Opcode>0</Opcode>
<Keywords>0x0080000000000000</Keywords>
<TimeCreated SystemTime="2024-06-30 04:24:42.798988+00:00"></TimeCreated>
<EventRecordID>300671</EventRecordID>
<Correlation ActivityID="" RelatedActivityID=""></Correlation>
<Execution ProcessID="4" ThreadID="68"></Execution>
<Channel>System</Channel>
<Computer>DESKTOP-LLF4HB6</Computer>
<Security UserID=""></Security>
</System>
<EventData><Data>&lt;string&gt;&lt;/string&gt;
</Data>
<Binary>AAAAAAEAAAAAAAAAMCMEQAAAAAAAAAAAAAAAAAAAAAAAAAAAAAAAAA==</Binary>
</EventData>
</Event>

<Event xmlns="http://schemas.microsoft.com/win/2004/08/events/event"><System><Provider Name="Microsoft-Windows-TPM-WMI" Guid="{7d5387b0-cbe0-11da-a94d-0800200c9a66}"></Provider>
<EventID Qualifiers="">1025</EventID>
<Version>0</Version>
<Level>4</Level>
<Task>0</Task>
<Opcode>0</Opcode>
<Keywords>0x8000000000000000</Keywords>
<TimeCreated SystemTime="2024-06-30 04:24:43.492706+00:00"></TimeCreated>
<EventRecordID>300672</EventRecordID>
<Correlation ActivityID="" RelatedActivityID=""></Correlation>
<Execution ProcessID="8604" ThreadID="1304"></Execution>
<Channel>System</Channel>
<Computer>DESKTOP-LLF4HB6</Computer>
<Security UserID="S-1-5-18"></Security>
</System>
<EventData></EventData>
</Event>

<Event xmlns="http://schemas.microsoft.com/win/2004/08/events/event"><System><Provider Name="Microsoft-Windows-Hyper-V-VmSwitch" Guid="{67dc0d66-3695-47c0-9642-33f76f7bd7ad}"></Provider>
<EventID Qualifiers="">233</EventID>
<Version>0</Version>
<Level>4</Level>
<Task>0</Task>
<Opcode>0</Opcode>
<Keywords>0x8000000000000080</Keywords>
<TimeCreated SystemTime="2024-06-30 04:24:45.345980+00:00"></TimeCreated>
<EventRecordID>300673</EventRecordID>
<Correlation ActivityID="" RelatedActivityID=""></Correlation>
<Execution ProcessID="2904" ThreadID="5160"></Execution>
<Channel>System</Channel>
<Computer>DESKTOP-LLF4HB6</Computer>
<Security UserID="S-1-5-18"></Security>
</System>
<EventData><Data Name="NicNameLen">36</Data>
<Data Name="NicName">C08CB7B8-9B3C-408E-8E30-5E16A3AEB444</Data>
<Data Name="NicFNameLen">14</Data>
<Data Name="NicFName">Default Switch</Data>
<Data Name="Operation">7</Data>
<Data Name="NicInstanceId">{00000000-0000-0000-0000-000000000000}</Data>
</EventData>
</Event>

<Event xmlns="http://schemas.microsoft.com/win/2004/08/events/event"><System><Provider Name="Microsoft-Windows-Hyper-V-VmSwitch" Guid="{67dc0d66-3695-47c0-9642-33f76f7bd7ad}"></Provider>
<EventID Qualifiers="">232</EventID>
<Version>0</Version>
<Level>4</Level>
<Task>0</Task>
<Opcode>0</Opcode>
<Keywords>0x8000000000000080</Keywords>
<TimeCreated SystemTime="2024-06-30 04:24:45.345997+00:00"></TimeCreated>
<EventRecordID>300674</EventRecordID>
<Correlation ActivityID="" RelatedActivityID=""></Correlation>
<Execution ProcessID="2904" ThreadID="5160"></Execution>
<Channel>System</Channel>
<Computer>DESKTOP-LLF4HB6</Computer>
<Security UserID="S-1-5-18"></Security>
</System>
<EventData><Data Name="NicNameLen">36</Data>
<Data Name="NicName">C08CB7B8-9B3C-408E-8E30-5E16A3AEB444</Data>
<Data Name="NicFNameLen">14</Data>
<Data Name="NicFName">Default Switch</Data>
<Data Name="PortNameLen">36</Data>
<Data Name="PortName">C08CB7B8-9B3C-408E-8E30-5E16A3AEB444</Data>
<Data Name="PortFNameLen">14</Data>
<Data Name="PortFName">Default Switch</Data>
<Data Name="SwitchNameLen">36</Data>
<Data Name="SwitchName">C08CB7B8-9B3C-408E-8E30-5E16A3AEB444</Data>
<Data Name="SwitchFNameLen">14</Data>
<Data Name="SwitchFName">Default Switch</Data>
</EventData>
</Event>

<Event xmlns="http://schemas.microsoft.com/win/2004/08/events/event"><System><Provider Name="Microsoft-Windows-Hyper-V-VmSwitch" Guid="{67dc0d66-3695-47c0-9642-33f76f7bd7ad}"></Provider>
<EventID Qualifiers="">9</EventID>
<Version>0</Version>
<Level>4</Level>
<Task>1005</Task>
<Opcode>0</Opcode>
<Keywords>0x8000000000000080</Keywords>
<TimeCreated SystemTime="2024-06-30 04:24:45.346048+00:00"></TimeCreated>
<EventRecordID>300675</EventRecordID>
<Correlation ActivityID="" RelatedActivityID=""></Correlation>
<Execution ProcessID="2904" ThreadID="5160"></Execution>
<Channel>System</Channel>
<Computer>DESKTOP-LLF4HB6</Computer>
<Security UserID="S-1-5-18"></Security>
</System>
<EventData><Data Name="SwitchNameLen">36</Data>
<Data Name="SwitchName">C08CB7B8-9B3C-408E-8E30-5E16A3AEB444</Data>
<Data Name="SwitchFNameLen">14</Data>
<Data Name="SwitchFName">Default Switch</Data>
<Data Name="Flags">32</Data>
<Data Name="OwnerService">1</Data>
</EventData>
</Event>

<Event xmlns="http://schemas.microsoft.com/win/2004/08/events/event"><System><Provider Name="Microsoft-Windows-Hyper-V-VmSwitch" Guid="{67dc0d66-3695-47c0-9642-33f76f7bd7ad}"></Provider>
<EventID Qualifiers="">264</EventID>
<Version>0</Version>
<Level>4</Level>
<Task>0</Task>
<Opcode>0</Opcode>
<Keywords>0x8000000000000080</Keywords>
<TimeCreated SystemTime="2024-06-30 04:24:45.591936+00:00"></TimeCreated>
<EventRecordID>300676</EventRecordID>
<Correlation ActivityID="" RelatedActivityID=""></Correlation>
<Execution ProcessID="2904" ThreadID="5160"></Execution>
<Channel>System</Channel>
<Computer>DESKTOP-LLF4HB6</Computer>
<Security UserID="S-1-5-18"></Security>
</System>
<EventData><Data Name="PortNameLen">36</Data>
<Data Name="PortName">C08CB7B8-9B3C-408E-8E30-5E16A3AEB445</Data>
<Data Name="PortFNameLen">46</Data>
<Data Name="PortFName">Host Vnic C08CB7B8-9B3C-408E-8E30-5E16A3AEB444</Data>
<Data Name="SwitchNameLen">36</Data>
<Data Name="SwitchName">C08CB7B8-9B3C-408E-8E30-5E16A3AEB444</Data>
<Data Name="SwitchFNameLen">14</Data>
<Data Name="SwitchFName">Default Switch</Data>
<Data Name="Flags">1</Data>
<Data Name="OwnerService">1</Data>
</EventData>
</Event>

<Event xmlns="http://schemas.microsoft.com/win/2004/08/events/event"><System><Provider Name="Microsoft-Windows-Hyper-V-VmSwitch" Guid="{67dc0d66-3695-47c0-9642-33f76f7bd7ad}"></Provider>
<EventID Qualifiers="">233</EventID>
<Version>0</Version>
<Level>4</Level>
<Task>0</Task>
<Opcode>0</Opcode>
<Keywords>0x8000000000000080</Keywords>
<TimeCreated SystemTime="2024-06-30 04:24:46.539381+00:00"></TimeCreated>
<EventRecordID>300677</EventRecordID>
<Correlation ActivityID="" RelatedActivityID=""></Correlation>
<Execution ProcessID="2904" ThreadID="5160"></Execution>
<Channel>System</Channel>
<Computer>DESKTOP-LLF4HB6</Computer>
<Security UserID="S-1-5-18"></Security>
</System>
<EventData><Data Name="NicNameLen">36</Data>
<Data Name="NicName">C08CB7B8-9B3C-408E-8E30-5E16A3AEB445</Data>
<Data Name="NicFNameLen">14</Data>
<Data Name="NicFName">Default Switch</Data>
<Data Name="Operation">7</Data>
<Data Name="NicInstanceId">{00000000-0000-0000-0000-000000000000}</Data>
</EventData>
</Event>

<Event xmlns="http://schemas.microsoft.com/win/2004/08/events/event"><System><Provider Name="Microsoft-Windows-Hyper-V-VmSwitch" Guid="{67dc0d66-3695-47c0-9642-33f76f7bd7ad}"></Provider>
<EventID Qualifiers="">7</EventID>
<Version>0</Version>
<Level>4</Level>
<Task>1004</Task>
<Opcode>0</Opcode>
<Keywords>0x8000000000000080</Keywords>
<TimeCreated SystemTime="2024-06-30 04:24:46.543402+00:00"></TimeCreated>
<EventRecordID>300678</EventRecordID>
<Correlation ActivityID="" RelatedActivityID=""></Correlation>
<Execution ProcessID="2904" ThreadID="5160"></Execution>
<Channel>System</Channel>
<Computer>DESKTOP-LLF4HB6</Computer>
<Security UserID="S-1-5-18"></Security>
</System>
<EventData><Data Name="NicNameLen">36</Data>
<Data Name="NicName">C08CB7B8-9B3C-408E-8E30-5E16A3AEB445</Data>
<Data Name="NicFNameLen">14</Data>
<Data Name="NicFName">Default Switch</Data>
</EventData>
</Event>

<Event xmlns="http://schemas.microsoft.com/win/2004/08/events/event"><System><Provider Name="Microsoft-Windows-Hyper-V-VmSwitch" Guid="{67dc0d66-3695-47c0-9642-33f76f7bd7ad}"></Provider>
<EventID Qualifiers="">232</EventID>
<Version>0</Version>
<Level>4</Level>
<Task>0</Task>
<Opcode>0</Opcode>
<Keywords>0x8000000000000080</Keywords>
<TimeCreated SystemTime="2024-06-30 04:24:47.022230+00:00"></TimeCreated>
<EventRecordID>300679</EventRecordID>
<Correlation ActivityID="" RelatedActivityID=""></Correlation>
<Execution ProcessID="2904" ThreadID="5160"></Execution>
<Channel>System</Channel>
<Computer>DESKTOP-LLF4HB6</Computer>
<Security UserID="S-1-5-18"></Security>
</System>
<EventData><Data Name="NicNameLen">36</Data>
<Data Name="NicName">C08CB7B8-9B3C-408E-8E30-5E16A3AEB445</Data>
<Data Name="NicFNameLen">14</Data>
<Data Name="NicFName">Default Switch</Data>
<Data Name="PortNameLen">36</Data>
<Data Name="PortName">C08CB7B8-9B3C-408E-8E30-5E16A3AEB445</Data>
<Data Name="PortFNameLen">46</Data>
<Data Name="PortFName">Host Vnic C08CB7B8-9B3C-408E-8E30-5E16A3AEB444</Data>
<Data Name="SwitchNameLen">36</Data>
<Data Name="SwitchName">C08CB7B8-9B3C-408E-8E30-5E16A3AEB444</Data>
<Data Name="SwitchFNameLen">14</Data>
<Data Name="SwitchFName">Default Switch</Data>
</EventData>
</Event>

<Event xmlns="http://schemas.microsoft.com/win/2004/08/events/event"><System><Provider Name="nhi"></Provider>
<EventID Qualifiers="16388">9007</EventID>
<Version>0</Version>
<Level>4</Level>
<Task>0</Task>
<Opcode>0</Opcode>
<Keywords>0x0080000000000000</Keywords>
<TimeCreated SystemTime="2024-06-30 04:24:58.740429+00:00"></TimeCreated>
<EventRecordID>300680</EventRecordID>
<Correlation ActivityID="" RelatedActivityID=""></Correlation>
<Execution ProcessID="4" ThreadID="7732"></Execution>
<Channel>System</Channel>
<Computer>DESKTOP-LLF4HB6</Computer>
<Security UserID=""></Security>
</System>
<EventData><Data>&lt;string&gt;&lt;/string&gt;
</Data>
<Binary>AAAAAAEAAAAAAAAALyMEQAAAAAAAAAAAAAAAAAAAAAAAAAAAAAAAAA==</Binary>
</EventData>
</Event>

<Event xmlns="http://schemas.microsoft.com/win/2004/08/events/event"><System><Provider Name="Microsoft-Windows-DistributedCOM" Guid="{1B562E86-B7AA-4131-BADC-B6F3A001407E}" EventSourceName="DCOM"></Provider>
<EventID Qualifiers="0">10016</EventID>
<Version>0</Version>
<Level>3</Level>
<Task>0</Task>
<Opcode>0</Opcode>
<Keywords>0x8080000000000000</Keywords>
<TimeCreated SystemTime="2024-06-30 04:25:17.451982+00:00"></TimeCreated>
<EventRecordID>300681</EventRecordID>
<Correlation ActivityID="{56e03036-caa5-0006-e5f1-e056a5cada01}" RelatedActivityID=""></Correlation>
<Execution ProcessID="1508" ThreadID="7980"></Execution>
<Channel>System</Channel>
<Computer>DESKTOP-LLF4HB6</Computer>
<Security UserID="S-1-5-21-3356611828-2158967444-2878968500-1001"></Security>
</System>
<EventData><Data Name="param1">application-specific</Data>
<Data Name="param2">Local</Data>
<Data Name="param3">Activation</Data>
<Data Name="param4">{2593F8B9-4EAF-457C-B68A-50F6B8EA6B54}</Data>
<Data Name="param5">{15C20B67-12E7-4BB6-92BB-7AFF07997402}</Data>
<Data Name="param6">DESKTOP-LLF4HB6</Data>
<Data Name="param7">hp</Data>
<Data Name="param8">S-1-5-21-3356611828-2158967444-2878968500-1001</Data>
<Data Name="param9">LocalHost (Using LRPC)</Data>
<Data Name="param10">Unavailable</Data>
<Data Name="param11">Unavailable</Data>
</EventData>
</Event>

<Event xmlns="http://schemas.microsoft.com/win/2004/08/events/event"><System><Provider Name="Microsoft-Windows-Kernel-Processor-Power" Guid="{0f67e49f-fe51-4e9f-b490-6f2948cc6027}"></Provider>
<EventID Qualifiers="">37</EventID>
<Version>0</Version>
<Level>3</Level>
<Task>7</Task>
<Opcode>0</Opcode>
<Keywords>0x8000000000000000</Keywords>
<TimeCreated SystemTime="2024-06-30 04:25:21.431208+00:00"></TimeCreated>
<EventRecordID>300682</EventRecordID>
<Correlation ActivityID="" RelatedActivityID=""></Correlation>
<Execution ProcessID="4" ThreadID="688"></Execution>
<Channel>System</Channel>
<Computer>DESKTOP-LLF4HB6</Computer>
<Security UserID="S-1-5-18"></Security>
</System>
<EventData><Data Name="Group">0</Data>
<Data Name="Number">7</Data>
<Data Name="CapDurationInSeconds">71</Data>
<Data Name="PpcChanges">0</Data>
<Data Name="TpcChanges">0</Data>
<Data Name="PccChanges">1</Data>
</EventData>
</Event>

<Event xmlns="http://schemas.microsoft.com/win/2004/08/events/event"><System><Provider Name="nhi"></Provider>
<EventID Qualifiers="16388">9008</EventID>
<Version>0</Version>
<Level>4</Level>
<Task>0</Task>
<Opcode>0</Opcode>
<Keywords>0x0080000000000000</Keywords>
<TimeCreated SystemTime="2024-06-30 04:25:23.294287+00:00"></TimeCreated>
<EventRecordID>300683</EventRecordID>
<Correlation ActivityID="" RelatedActivityID=""></Correlation>
<Execution ProcessID="4" ThreadID="68"></Execution>
<Channel>System</Channel>
<Computer>DESKTOP-LLF4HB6</Computer>
<Security UserID=""></Security>
</System>
<EventData><Data>&lt;string&gt;&lt;/string&gt;
</Data>
<Binary>AAAAAAEAAAAAAAAAMCMEQAAAAAAAAAAAAAAAAAAAAAAAAAAAAAAAAA==</Binary>
</EventData>
</Event>

<Event xmlns="http://schemas.microsoft.com/win/2004/08/events/event"><System><Provider Name="Microsoft-Windows-IsolatedUserMode" Guid="{73a33ab2-1966-4999-8add-868c41415269}"></Provider>
<EventID Qualifiers="">5</EventID>
<Version>0</Version>
<Level>4</Level>
<Task>0</Task>
<Opcode>0</Opcode>
<Keywords>0x8000400000000000</Keywords>
<TimeCreated SystemTime="2024-06-30 04:25:29.852264+00:00"></TimeCreated>
<EventRecordID>300684</EventRecordID>
<Correlation ActivityID="" RelatedActivityID=""></Correlation>
<Execution ProcessID="2720" ThreadID="2812"></Execution>
<Channel>System</Channel>
<Computer>DESKTOP-LLF4HB6</Computer>
<Security UserID="S-1-5-21-3356611828-2158967444-2878968500-1001"></Security>
</System>
<EventData><Data Name="TrustletIdentity">0</Data>
<Data Name="NormalProcessId">0</Data>
<Data Name="Status">0</Data>
<Data Name="ImageName">NULL</Data>
</EventData>
</Event>

<Event xmlns="http://schemas.microsoft.com/win/2004/08/events/event"><System><Provider Name="nhi"></Provider>
<EventID Qualifiers="16388">9007</EventID>
<Version>0</Version>
<Level>4</Level>
<Task>0</Task>
<Opcode>0</Opcode>
<Keywords>0x0080000000000000</Keywords>
<TimeCreated SystemTime="2024-06-30 04:25:39.186569+00:00"></TimeCreated>
<EventRecordID>300685</EventRecordID>
<Correlation ActivityID="" RelatedActivityID=""></Correlation>
<Execution ProcessID="4" ThreadID="6968"></Execution>
<Channel>System</Channel>
<Computer>DESKTOP-LLF4HB6</Computer>
<Security UserID=""></Security>
</System>
<EventData><Data>&lt;string&gt;&lt;/string&gt;
</Data>
<Binary>AAAAAAEAAAAAAAAALyMEQAAAAAAAAAAAAAAAAAAAAAAAAAAAAAAAAA==</Binary>
</EventData>
</Event>

<Event xmlns="http://schemas.microsoft.com/win/2004/08/events/event"><System><Provider Name="Service Control Manager" Guid="{555908d1-a6d7-4695-8e1e-26931d2012f4}" EventSourceName="Service Control Manager"></Provider>
<EventID Qualifiers="16384">7040</EventID>
<Version>0</Version>
<Level>4</Level>
<Task>0</Task>
<Opcode>0</Opcode>
<Keywords>0x8080000000000000</Keywords>
<TimeCreated SystemTime="2024-06-30 04:25:49.497469+00:00"></TimeCreated>
<EventRecordID>300686</EventRecordID>
<Correlation ActivityID="" RelatedActivityID=""></Correlation>
<Execution ProcessID="1100" ThreadID="8880"></Execution>
<Channel>System</Channel>
<Computer>DESKTOP-LLF4HB6</Computer>
<Security UserID="S-1-5-18"></Security>
</System>
<EventData><Data Name="param1">Background Intelligent Transfer Service</Data>
<Data Name="param2">demand start</Data>
<Data Name="param3">auto start</Data>
<Data Name="param4">BITS</Data>
</EventData>
</Event>

<Event xmlns="http://schemas.microsoft.com/win/2004/08/events/event"><System><Provider Name="Microsoft-Windows-HttpService" Guid="{dd5ef90a-6398-47a4-ad34-4dcecdef795f}"></Provider>
<EventID Qualifiers="">113</EventID>
<Version>0</Version>
<Level>4</Level>
<Task>5</Task>
<Opcode>122</Opcode>
<Keywords>0x4000000000000040</Keywords>
<TimeCreated SystemTime="2024-06-30 04:25:54.125319+00:00"></TimeCreated>
<EventRecordID>300687</EventRecordID>
<Correlation ActivityID="" RelatedActivityID=""></Correlation>
<Execution ProcessID="11896" ThreadID="12820"></Execution>
<Channel>System</Channel>
<Computer>DESKTOP-LLF4HB6</Computer>
<Security UserID="S-1-5-19"></Security>
</System>
<EventData><Data Name="UrlGroupId">18302628916235337729</Data>
<Data Name="Url">http://*:2869/upnp/eventing/</Data>
<Data Name="Status">0</Data>
<Data Name="ProcessId">11896</Data>
<Data Name="ExecutablePath">\Device\HarddiskVolume3\Windows\System32\svchost.exe</Data>
<Data Name="UserSid">S-1-5-19</Data>
</EventData>
</Event>

<Event xmlns="http://schemas.microsoft.com/win/2004/08/events/event"><System><Provider Name="Microsoft-Windows-HttpService" Guid="{dd5ef90a-6398-47a4-ad34-4dcecdef795f}"></Provider>
<EventID Qualifiers="">114</EventID>
<Version>0</Version>
<Level>4</Level>
<Task>5</Task>
<Opcode>123</Opcode>
<Keywords>0x4000000000000040</Keywords>
<TimeCreated SystemTime="2024-06-30 04:25:58.541203+00:00"></TimeCreated>
<EventRecordID>300688</EventRecordID>
<Correlation ActivityID="" RelatedActivityID=""></Correlation>
<Execution ProcessID="11896" ThreadID="7908"></Execution>
<Channel>System</Channel>
<Computer>DESKTOP-LLF4HB6</Computer>
<Security UserID="S-1-5-19"></Security>
</System>
<EventData><Data Name="UrlGroupId">18302628916235337729</Data>
<Data Name="Url">http://*:2869/upnp/eventing/</Data>
<Data Name="ProcessId">11896</Data>
<Data Name="ExecutablePath">\Device\HarddiskVolume3\Windows\System32\svchost.exe</Data>
<Data Name="UserSid">S-1-5-19</Data>
</EventData>
</Event>

<Event xmlns="http://schemas.microsoft.com/win/2004/08/events/event"><System><Provider Name="Microsoft-Windows-HttpService" Guid="{dd5ef90a-6398-47a4-ad34-4dcecdef795f}"></Provider>
<EventID Qualifiers="">113</EventID>
<Version>0</Version>
<Level>4</Level>
<Task>5</Task>
<Opcode>122</Opcode>
<Keywords>0x4000000000000040</Keywords>
<TimeCreated SystemTime="2024-06-30 04:25:58.570946+00:00"></TimeCreated>
<EventRecordID>300689</EventRecordID>
<Correlation ActivityID="" RelatedActivityID=""></Correlation>
<Execution ProcessID="11896" ThreadID="7908"></Execution>
<Channel>System</Channel>
<Computer>DESKTOP-LLF4HB6</Computer>
<Security UserID="S-1-5-19"></Security>
</System>
<EventData><Data Name="UrlGroupId">18302628890465533953</Data>
<Data Name="Url">http://*:2869/upnp/eventing/</Data>
<Data Name="Status">0</Data>
<Data Name="ProcessId">11896</Data>
<Data Name="ExecutablePath">\Device\HarddiskVolume3\Windows\System32\svchost.exe</Data>
<Data Name="UserSid">S-1-5-19</Data>
</EventData>
</Event>

<Event xmlns="http://schemas.microsoft.com/win/2004/08/events/event"><System><Provider Name="Microsoft-Windows-HttpService" Guid="{dd5ef90a-6398-47a4-ad34-4dcecdef795f}"></Provider>
<EventID Qualifiers="">114</EventID>
<Version>0</Version>
<Level>4</Level>
<Task>5</Task>
<Opcode>123</Opcode>
<Keywords>0x4000000000000040</Keywords>
<TimeCreated SystemTime="2024-06-30 04:26:10.561182+00:00"></TimeCreated>
<EventRecordID>300690</EventRecordID>
<Correlation ActivityID="" RelatedActivityID=""></Correlation>
<Execution ProcessID="11896" ThreadID="12820"></Execution>
<Channel>System</Channel>
<Computer>DESKTOP-LLF4HB6</Computer>
<Security UserID="S-1-5-19"></Security>
</System>
<EventData><Data Name="UrlGroupId">18302628890465533953</Data>
<Data Name="Url">http://*:2869/upnp/eventing/</Data>
<Data Name="ProcessId">11896</Data>
<Data Name="ExecutablePath">\Device\HarddiskVolume3\Windows\System32\svchost.exe</Data>
<Data Name="UserSid">S-1-5-19</Data>
</EventData>
</Event>

<Event xmlns="http://schemas.microsoft.com/win/2004/08/events/event"><System><Provider Name="Microsoft-Windows-HttpService" Guid="{dd5ef90a-6398-47a4-ad34-4dcecdef795f}"></Provider>
<EventID Qualifiers="">113</EventID>
<Version>0</Version>
<Level>4</Level>
<Task>5</Task>
<Opcode>122</Opcode>
<Keywords>0x4000000000000040</Keywords>
<TimeCreated SystemTime="2024-06-30 04:26:11.024740+00:00"></TimeCreated>
<EventRecordID>300691</EventRecordID>
<Correlation ActivityID="" RelatedActivityID=""></Correlation>
<Execution ProcessID="11896" ThreadID="12820"></Execution>
<Channel>System</Channel>
<Computer>DESKTOP-LLF4HB6</Computer>
<Security UserID="S-1-5-19"></Security>
</System>
<EventData><Data Name="UrlGroupId">18302628907645403137</Data>
<Data Name="Url">http://*:2869/upnp/eventing/</Data>
<Data Name="Status">0</Data>
<Data Name="ProcessId">11896</Data>
<Data Name="ExecutablePath">\Device\HarddiskVolume3\Windows\System32\svchost.exe</Data>
<Data Name="UserSid">S-1-5-19</Data>
</EventData>
</Event>

