<Event xmlns="http://schemas.microsoft.com/win/2004/08/events/event"><System><Provider Name="Microsoft-Windows-Kernel-Boot" Guid="{15ca44ff-4d7a-4baa-bba5-0998955e531e}"></Provider>
<EventID Qualifiers="">25</EventID>
<Version>0</Version>
<Level>4</Level>
<Task>32</Task>
<Opcode>0</Opcode>
<Keywords>0x8000000000000000</Keywords>
<TimeCreated SystemTime="2024-06-29 04:45:16.494663+00:00"></TimeCreated>
<EventRecordID>299835</EventRecordID>
<Correlation ActivityID="" RelatedActivityID=""></Correlation>
<Execution ProcessID="4" ThreadID="8"></Execution>
<Channel>System</Channel>
<Computer>DESKTOP-LLF4HB6</Computer>
<Security UserID="S-1-5-18"></Security>
</System>
<EventData><Data Name="BootMenuPolicy">1</Data>
</EventData>
</Event>

<Event xmlns="http://schemas.microsoft.com/win/2004/08/events/event"><System><Provider Name="Microsoft-Windows-Kernel-Boot" Guid="{15ca44ff-4d7a-4baa-bba5-0998955e531e}"></Provider>
<EventID Qualifiers="">27</EventID>
<Version>1</Version>
<Level>4</Level>
<Task>33</Task>
<Opcode>0</Opcode>
<Keywords>0x8000000000000000</Keywords>
<TimeCreated SystemTime="2024-06-29 04:45:16.494663+00:00"></TimeCreated>
<EventRecordID>299836</EventRecordID>
<Correlation ActivityID="" RelatedActivityID=""></Correlation>
<Execution ProcessID="4" ThreadID="8"></Execution>
<Channel>System</Channel>
<Computer>DESKTOP-LLF4HB6</Computer>
<Security UserID="S-1-5-18"></Security>
</System>
<EventData><Data Name="BootType">0</Data>
<Data Name="LoadOptions"> NOEXECUTE=OPTIN  HYPERVISORLAUNCHTYPE=AUTO  FVEBOOT=2674688</Data>
</EventData>
</Event>

<Event xmlns="http://schemas.microsoft.com/win/2004/08/events/event"><System><Provider Name="Microsoft-Windows-Kernel-Boot" Guid="{15ca44ff-4d7a-4baa-bba5-0998955e531e}"></Provider>
<EventID Qualifiers="">18</EventID>
<Version>0</Version>
<Level>4</Level>
<Task>57</Task>
<Opcode>0</Opcode>
<Keywords>0x8000000000000000</Keywords>
<TimeCreated SystemTime="2024-06-29 04:45:16.494678+00:00"></TimeCreated>
<EventRecordID>299837</EventRecordID>
<Correlation ActivityID="" RelatedActivityID=""></Correlation>
<Execution ProcessID="4" ThreadID="8"></Execution>
<Channel>System</Channel>
<Computer>DESKTOP-LLF4HB6</Computer>
<Security UserID="S-1-5-18"></Security>
</System>
<EventData><Data Name="EntryCount">1</Data>
</EventData>
</Event>

<Event xmlns="http://schemas.microsoft.com/win/2004/08/events/event"><System><Provider Name="Microsoft-Windows-Kernel-Boot" Guid="{15ca44ff-4d7a-4baa-bba5-0998955e531e}"></Provider>
<EventID Qualifiers="">32</EventID>
<Version>0</Version>
<Level>4</Level>
<Task>58</Task>
<Opcode>0</Opcode>
<Keywords>0x8000000000000000</Keywords>
<TimeCreated SystemTime="2024-06-29 04:45:16.494709+00:00"></TimeCreated>
<EventRecordID>299838</EventRecordID>
<Correlation ActivityID="" RelatedActivityID=""></Correlation>
<Execution ProcessID="4" ThreadID="8"></Execution>
<Channel>System</Channel>
<Computer>DESKTOP-LLF4HB6</Computer>
<Security UserID="S-1-5-18"></Security>
</System>
<EventData><Data Name="BitlockerUserInputTime">0</Data>
</EventData>
</Event>

<Event xmlns="http://schemas.microsoft.com/win/2004/08/events/event"><System><Provider Name="Microsoft-Windows-Kernel-Boot" Guid="{15ca44ff-4d7a-4baa-bba5-0998955e531e}"></Provider>
<EventID Qualifiers="">30</EventID>
<Version>0</Version>
<Level>4</Level>
<Task>21</Task>
<Opcode>0</Opcode>
<Keywords>0x8000000000000000</Keywords>
<TimeCreated SystemTime="2024-06-29 04:45:16.494759+00:00"></TimeCreated>
<EventRecordID>299839</EventRecordID>
<Correlation ActivityID="" RelatedActivityID=""></Correlation>
<Execution ProcessID="4" ThreadID="8"></Execution>
<Channel>System</Channel>
<Computer>DESKTOP-LLF4HB6</Computer>
<Security UserID="S-1-5-18"></Security>
</System>
<EventData><Data Name="ResetEndStart">90</Data>
<Data Name="LoadOSImageStart">7673</Data>
<Data Name="StartOSImageStart">7731</Data>
<Data Name="ExitBootServicesEntry">10080</Data>
<Data Name="ExitBootServicesExit">10080</Data>
</EventData>
</Event>

<Event xmlns="http://schemas.microsoft.com/win/2004/08/events/event"><System><Provider Name="Microsoft-Windows-Hyper-V-Hypervisor" Guid="{52fc89f8-995e-434c-a91e-199986449890}"></Provider>
<EventID Qualifiers="">1</EventID>
<Version>0</Version>
<Level>4</Level>
<Task>0</Task>
<Opcode>0</Opcode>
<Keywords>0x8000400000000000</Keywords>
<TimeCreated SystemTime="2024-06-29 04:45:16.499487+00:00"></TimeCreated>
<EventRecordID>299840</EventRecordID>
<Correlation ActivityID="" RelatedActivityID=""></Correlation>
<Execution ProcessID="4" ThreadID="8"></Execution>
<Channel>System</Channel>
<Computer>DESKTOP-LLF4HB6</Computer>
<Security UserID="S-1-5-18"></Security>
</System>
<EventData></EventData>
</Event>

<Event xmlns="http://schemas.microsoft.com/win/2004/08/events/event"><System><Provider Name="Microsoft-Windows-Hyper-V-Hypervisor" Guid="{52fc89f8-995e-434c-a91e-199986449890}"></Provider>
<EventID Qualifiers="">2</EventID>
<Version>0</Version>
<Level>4</Level>
<Task>0</Task>
<Opcode>0</Opcode>
<Keywords>0x8000400000000000</Keywords>
<TimeCreated SystemTime="2024-06-29 04:45:16.499487+00:00"></TimeCreated>
<EventRecordID>299841</EventRecordID>
<Correlation ActivityID="" RelatedActivityID=""></Correlation>
<Execution ProcessID="4" ThreadID="8"></Execution>
<Channel>System</Channel>
<Computer>DESKTOP-LLF4HB6</Computer>
<Security UserID="S-1-5-18"></Security>
</System>
<EventData><Data Name="SchedulerType">0x00000004</Data>
</EventData>
</Event>

<Event xmlns="http://schemas.microsoft.com/win/2004/08/events/event"><System><Provider Name="Microsoft-Windows-Hyper-V-Hypervisor" Guid="{52fc89f8-995e-434c-a91e-199986449890}"></Provider>
<EventID Qualifiers="">129</EventID>
<Version>0</Version>
<Level>4</Level>
<Task>0</Task>
<Opcode>0</Opcode>
<Keywords>0x8000400000000000</Keywords>
<TimeCreated SystemTime="2024-06-29 04:45:16.499495+00:00"></TimeCreated>
<EventRecordID>299842</EventRecordID>
<Correlation ActivityID="" RelatedActivityID=""></Correlation>
<Execution ProcessID="4" ThreadID="8"></Execution>
<Channel>System</Channel>
<Computer>DESKTOP-LLF4HB6</Computer>
<Security UserID="S-1-5-18"></Security>
</System>
<EventData><Data Name="HardwarePresent">True</Data>
<Data Name="HardwareEnabled">True</Data>
<Data Name="Policy">0x0000000000000000</Data>
<Data Name="EnabledFeatures">0x0000000000000043</Data>
<Data Name="InternalInfo">0x0000000000000000</Data>
<Data Name="Problems">0x0000000000000000</Data>
<Data Name="AdditionalInfo">0x0000000000000000</Data>
</EventData>
</Event>

<Event xmlns="http://schemas.microsoft.com/win/2004/08/events/event"><System><Provider Name="Microsoft-Windows-Hyper-V-Hypervisor" Guid="{52fc89f8-995e-434c-a91e-199986449890}"></Provider>
<EventID Qualifiers="">156</EventID>
<Version>0</Version>
<Level>4</Level>
<Task>0</Task>
<Opcode>0</Opcode>
<Keywords>0x8000400000000000</Keywords>
<TimeCreated SystemTime="2024-06-29 04:45:16.499495+00:00"></TimeCreated>
<EventRecordID>299843</EventRecordID>
<Correlation ActivityID="" RelatedActivityID=""></Correlation>
<Execution ProcessID="4" ThreadID="8"></Execution>
<Channel>System</Channel>
<Computer>DESKTOP-LLF4HB6</Computer>
<Security UserID="S-1-5-18"></Security>
</System>
<EventData><Data Name="NotAffectedRdclNo">True</Data>
<Data Name="NotAffectedAtom">False</Data>
<Data Name="CacheFlushSupported">True</Data>
<Data Name="SmtEnabled">True</Data>
<Data Name="ParentHypervisorFlushes">False</Data>
<Data Name="DisabledLoadOption">False</Data>
<Data Name="Enabled">True</Data>
<Data Name="CacheFlushNeeded">False</Data>
</EventData>
</Event>

<Event xmlns="http://schemas.microsoft.com/win/2004/08/events/event"><System><Provider Name="Microsoft-Windows-Hyper-V-Hypervisor" Guid="{52fc89f8-995e-434c-a91e-199986449890}"></Provider>
<EventID Qualifiers="">165</EventID>
<Version>0</Version>
<Level>4</Level>
<Task>0</Task>
<Opcode>0</Opcode>
<Keywords>0x8000400000000000</Keywords>
<TimeCreated SystemTime="2024-06-29 04:45:16.499496+00:00"></TimeCreated>
<EventRecordID>299844</EventRecordID>
<Correlation ActivityID="" RelatedActivityID=""></Correlation>
<Execution ProcessID="4" ThreadID="8"></Execution>
<Channel>System</Channel>
<Computer>DESKTOP-LLF4HB6</Computer>
<Security UserID="S-1-5-18"></Security>
</System>
<EventData><Data Name="NotAffectedMdsNo">True</Data>
<Data Name="NotAffectedAtom">False</Data>
<Data Name="MdClearSupported">True</Data>
<Data Name="BufferFlushNeeded">True</Data>
</EventData>
</Event>

<Event xmlns="http://schemas.microsoft.com/win/2004/08/events/event"><System><Provider Name="Microsoft-Windows-Hyper-V-Hypervisor" Guid="{52fc89f8-995e-434c-a91e-199986449890}"></Provider>
<EventID Qualifiers="">167</EventID>
<Version>0</Version>
<Level>3</Level>
<Task>0</Task>
<Opcode>0</Opcode>
<Keywords>0x8000400000000000</Keywords>
<TimeCreated SystemTime="2024-06-29 04:45:16.499496+00:00"></TimeCreated>
<EventRecordID>299845</EventRecordID>
<Correlation ActivityID="" RelatedActivityID=""></Correlation>
<Execution ProcessID="4" ThreadID="8"></Execution>
<Channel>System</Channel>
<Computer>DESKTOP-LLF4HB6</Computer>
<Security UserID="S-1-5-18"></Security>
</System>
<EventData></EventData>
</Event>

<Event xmlns="http://schemas.microsoft.com/win/2004/08/events/event"><System><Provider Name="Microsoft-Windows-IsolatedUserMode" Guid="{73a33ab2-1966-4999-8add-868c41415269}"></Provider>
<EventID Qualifiers="">3</EventID>
<Version>0</Version>
<Level>4</Level>
<Task>0</Task>
<Opcode>0</Opcode>
<Keywords>0x8000400000000000</Keywords>
<TimeCreated SystemTime="2024-06-29 04:45:16.522030+00:00"></TimeCreated>
<EventRecordID>299846</EventRecordID>
<Correlation ActivityID="" RelatedActivityID=""></Correlation>
<Execution ProcessID="4" ThreadID="8"></Execution>
<Channel>System</Channel>
<Computer>DESKTOP-LLF4HB6</Computer>
<Security UserID="S-1-5-18"></Security>
</System>
<EventData><Data Name="Status">0</Data>
<Data Name="Flags">0</Data>
</EventData>
</Event>

<Event xmlns="http://schemas.microsoft.com/win/2004/08/events/event"><System><Provider Name="Microsoft-Windows-Kernel-General" Guid="{a68ca8b7-004f-d7b6-a698-07e2de0f1f5d}"></Provider>
<EventID Qualifiers="">20</EventID>
<Version>0</Version>
<Level>4</Level>
<Task>6</Task>
<Opcode>0</Opcode>
<Keywords>0x8000000000000010</Keywords>
<TimeCreated SystemTime="2024-06-29 04:45:16.522310+00:00"></TimeCreated>
<EventRecordID>299847</EventRecordID>
<Correlation ActivityID="" RelatedActivityID=""></Correlation>
<Execution ProcessID="4" ThreadID="8"></Execution>
<Channel>System</Channel>
<Computer>DESKTOP-LLF4HB6</Computer>
<Security UserID="S-1-5-18"></Security>
</System>
<EventData><Data Name="UpdateReason">0</Data>
<Data Name="EnabledNew">True</Data>
<Data Name="CountNew">0</Data>
<Data Name="CountOld">0</Data>
</EventData>
</Event>

<Event xmlns="http://schemas.microsoft.com/win/2004/08/events/event"><System><Provider Name="Microsoft-Windows-HAL" Guid="{63d1e632-95cc-4443-9312-af927761d52a}"></Provider>
<EventID Qualifiers="">16</EventID>
<Version>0</Version>
<Level>4</Level>
<Task>0</Task>
<Opcode>0</Opcode>
<Keywords>0x8000000000000000</Keywords>
<TimeCreated SystemTime="2024-06-29 04:45:16.598873+00:00"></TimeCreated>
<EventRecordID>299848</EventRecordID>
<Correlation ActivityID="" RelatedActivityID=""></Correlation>
<Execution ProcessID="4" ThreadID="8"></Execution>
<Channel>System</Channel>
<Computer>DESKTOP-LLF4HB6</Computer>
<Security UserID="S-1-5-18"></Security>
</System>
<EventData></EventData>
</Event>

<Event xmlns="http://schemas.microsoft.com/win/2004/08/events/event"><System><Provider Name="Microsoft-Windows-FilterManager" Guid="{f3c5e28e-63f6-49c7-a204-e48a1bc4b09d}"></Provider>
<EventID Qualifiers="">6</EventID>
<Version>0</Version>
<Level>4</Level>
<Task>0</Task>
<Opcode>0</Opcode>
<Keywords>0x8000000000000000</Keywords>
<TimeCreated SystemTime="2024-06-29 04:45:18.265696+00:00"></TimeCreated>
<EventRecordID>299849</EventRecordID>
<Correlation ActivityID="" RelatedActivityID=""></Correlation>
<Execution ProcessID="4" ThreadID="8"></Execution>
<Channel>System</Channel>
<Computer>DESKTOP-LLF4HB6</Computer>
<Security UserID="S-1-5-18"></Security>
</System>
<EventData><Data Name="FinalStatus">0x00000000</Data>
<Data Name="DeviceVersionMajor">10</Data>
<Data Name="DeviceVersionMinor">0</Data>
<Data Name="DeviceNameLength">8</Data>
<Data Name="DeviceName">FileInfo</Data>
<Data Name="DeviceTime">2079-02-27 03:03:00+00:00</Data>
</EventData>
</Event>

<Event xmlns="http://schemas.microsoft.com/win/2004/08/events/event"><System><Provider Name="Microsoft-Windows-FilterManager" Guid="{f3c5e28e-63f6-49c7-a204-e48a1bc4b09d}"></Provider>
<EventID Qualifiers="">6</EventID>
<Version>0</Version>
<Level>4</Level>
<Task>0</Task>
<Opcode>0</Opcode>
<Keywords>0x8000000000000000</Keywords>
<TimeCreated SystemTime="2024-06-29 04:45:18.267254+00:00"></TimeCreated>
<EventRecordID>299850</EventRecordID>
<Correlation ActivityID="" RelatedActivityID=""></Correlation>
<Execution ProcessID="4" ThreadID="8"></Execution>
<Channel>System</Channel>
<Computer>DESKTOP-LLF4HB6</Computer>
<Security UserID="S-1-5-18"></Security>
</System>
<EventData><Data Name="FinalStatus">0x00000000</Data>
<Data Name="DeviceVersionMajor">10</Data>
<Data Name="DeviceVersionMinor">0</Data>
<Data Name="DeviceNameLength">3</Data>
<Data Name="DeviceName">Wof</Data>
<Data Name="DeviceTime">2086-08-04 16:20:16+00:00</Data>
</EventData>
</Event>

<Event xmlns="http://schemas.microsoft.com/win/2004/08/events/event"><System><Provider Name="Microsoft-Windows-FilterManager" Guid="{f3c5e28e-63f6-49c7-a204-e48a1bc4b09d}"></Provider>
<EventID Qualifiers="">6</EventID>
<Version>0</Version>
<Level>4</Level>
<Task>0</Task>
<Opcode>0</Opcode>
<Keywords>0x8000000000000000</Keywords>
<TimeCreated SystemTime="2024-06-29 04:45:18.269243+00:00"></TimeCreated>
<EventRecordID>299851</EventRecordID>
<Correlation ActivityID="" RelatedActivityID=""></Correlation>
<Execution ProcessID="4" ThreadID="8"></Execution>
<Channel>System</Channel>
<Computer>DESKTOP-LLF4HB6</Computer>
<Security UserID="S-1-5-18"></Security>
</System>
<EventData><Data Name="FinalStatus">0x00000000</Data>
<Data Name="DeviceVersionMajor">10</Data>
<Data Name="DeviceVersionMinor">0</Data>
<Data Name="DeviceNameLength">8</Data>
<Data Name="DeviceName">WdFilter</Data>
<Data Name="DeviceTime">2055-04-21 01:48:29+00:00</Data>
</EventData>
</Event>

<Event xmlns="http://schemas.microsoft.com/win/2004/08/events/event"><System><Provider Name="Microsoft-Windows-Ntfs" Guid="{3ff37a1c-a68d-4d6e-8c9b-f79e8b16c482}"></Provider>
<EventID Qualifiers="">98</EventID>
<Version>0</Version>
<Level>4</Level>
<Task>0</Task>
<Opcode>0</Opcode>
<Keywords>0x8000000000000002</Keywords>
<TimeCreated SystemTime="2024-06-29 04:45:18.802328+00:00"></TimeCreated>
<EventRecordID>299852</EventRecordID>
<Correlation ActivityID="" RelatedActivityID=""></Correlation>
<Execution ProcessID="4" ThreadID="296"></Execution>
<Channel>System</Channel>
<Computer>DESKTOP-LLF4HB6</Computer>
<Security UserID="S-1-5-18"></Security>
</System>
<EventData><Data Name="DriveName">C:</Data>
<Data Name="DeviceName">\Device\HarddiskVolume3</Data>
<Data Name="CorruptionActionState">0</Data>
</EventData>
</Event>

<Event xmlns="http://schemas.microsoft.com/win/2004/08/events/event"><System><Provider Name="Microsoft-Windows-FilterManager" Guid="{f3c5e28e-63f6-49c7-a204-e48a1bc4b09d}"></Provider>
<EventID Qualifiers="">6</EventID>
<Version>0</Version>
<Level>4</Level>
<Task>0</Task>
<Opcode>0</Opcode>
<Keywords>0x8000000000000000</Keywords>
<TimeCreated SystemTime="2024-06-29 04:45:19.148525+00:00"></TimeCreated>
<EventRecordID>299853</EventRecordID>
<Correlation ActivityID="" RelatedActivityID=""></Correlation>
<Execution ProcessID="4" ThreadID="8"></Execution>
<Channel>System</Channel>
<Computer>DESKTOP-LLF4HB6</Computer>
<Security UserID="S-1-5-18"></Security>
</System>
<EventData><Data Name="FinalStatus">0x00000000</Data>
<Data Name="DeviceVersionMajor">10</Data>
<Data Name="DeviceVersionMinor">0</Data>
<Data Name="DeviceNameLength">9</Data>
<Data Name="DeviceName">FileCrypt</Data>
<Data Name="DeviceTime">1983-08-19 07:58:35+00:00</Data>
</EventData>
</Event>

<Event xmlns="http://schemas.microsoft.com/win/2004/08/events/event"><System><Provider Name="Microsoft-Windows-FilterManager" Guid="{f3c5e28e-63f6-49c7-a204-e48a1bc4b09d}"></Provider>
<EventID Qualifiers="">6</EventID>
<Version>0</Version>
<Level>4</Level>
<Task>0</Task>
<Opcode>0</Opcode>
<Keywords>0x8000000000000000</Keywords>
<TimeCreated SystemTime="2024-06-29 04:45:19.157261+00:00"></TimeCreated>
<EventRecordID>299854</EventRecordID>
<Correlation ActivityID="" RelatedActivityID=""></Correlation>
<Execution ProcessID="4" ThreadID="8"></Execution>
<Channel>System</Channel>
<Computer>DESKTOP-LLF4HB6</Computer>
<Security UserID="S-1-5-18"></Security>
</System>
<EventData><Data Name="FinalStatus">0x00000000</Data>
<Data Name="DeviceVersionMajor">10</Data>
<Data Name="DeviceVersionMinor">0</Data>
<Data Name="DeviceNameLength">4</Data>
<Data Name="DeviceName">UCPD</Data>
<Data Name="DeviceTime">2053-03-18 16:17:45+00:00</Data>
</EventData>
</Event>

<Event xmlns="http://schemas.microsoft.com/win/2004/08/events/event"><System><Provider Name="VfpExt"></Provider>
<EventID Qualifiers="16384">7036</EventID>
<Version>0</Version>
<Level>4</Level>
<Task>0</Task>
<Opcode>0</Opcode>
<Keywords>0x0080000000000000</Keywords>
<TimeCreated SystemTime="2024-06-29 04:45:19.416971+00:00"></TimeCreated>
<EventRecordID>299855</EventRecordID>
<Correlation ActivityID="" RelatedActivityID=""></Correlation>
<Execution ProcessID="4" ThreadID="152"></Execution>
<Channel>System</Channel>
<Computer>DESKTOP-LLF4HB6</Computer>
<Security UserID=""></Security>
</System>
<EventData><Data>&lt;string&gt;Driver load start&lt;/string&gt;
&lt;string&gt;&lt;/string&gt;
</Data>
<Binary>AAAAAAIALAAAAAAAfBsAQAAAAAAAAAAAAAAAAAAAAAAAAAAAAAAAAA==</Binary>
</EventData>
</Event>

<Event xmlns="http://schemas.microsoft.com/win/2004/08/events/event"><System><Provider Name="VfpExt"></Provider>
<EventID Qualifiers="16384">7036</EventID>
<Version>0</Version>
<Level>4</Level>
<Task>0</Task>
<Opcode>0</Opcode>
<Keywords>0x0080000000000000</Keywords>
<TimeCreated SystemTime="2024-06-29 04:45:19.416971+00:00"></TimeCreated>
<EventRecordID>299856</EventRecordID>
<Correlation ActivityID="" RelatedActivityID=""></Correlation>
<Execution ProcessID="4" ThreadID="152"></Execution>
<Channel>System</Channel>
<Computer>DESKTOP-LLF4HB6</Computer>
<Security UserID=""></Security>
</System>
<EventData><Data>&lt;string&gt;Driver load complete&lt;/string&gt;
&lt;string&gt;&lt;/string&gt;
</Data>
<Binary>AAAEAAIAMAAAAAAAfBsAQAAAAAAAAAAAAAAAAAAAAAAAAAAAAAAAAFcABgA=</Binary>
</EventData>
</Event>

<Event xmlns="http://schemas.microsoft.com/win/2004/08/events/event"><System><Provider Name="Microsoft-Windows-FilterManager" Guid="{f3c5e28e-63f6-49c7-a204-e48a1bc4b09d}"></Provider>
<EventID Qualifiers="">6</EventID>
<Version>0</Version>
<Level>4</Level>
<Task>0</Task>
<Opcode>0</Opcode>
<Keywords>0x8000000000000000</Keywords>
<TimeCreated SystemTime="2024-06-29 04:45:19.563559+00:00"></TimeCreated>
<EventRecordID>299857</EventRecordID>
<Correlation ActivityID="" RelatedActivityID=""></Correlation>
<Execution ProcessID="4" ThreadID="8"></Execution>
<Channel>System</Channel>
<Computer>DESKTOP-LLF4HB6</Computer>
<Security UserID="S-1-5-18"></Security>
</System>
<EventData><Data Name="FinalStatus">0x00000000</Data>
<Data Name="DeviceVersionMajor">10</Data>
<Data Name="DeviceVersionMinor">0</Data>
<Data Name="DeviceNameLength">9</Data>
<Data Name="DeviceName">npsvctrig</Data>
<Data Name="DeviceTime">1979-12-19 21:12:41+00:00</Data>
</EventData>
</Event>

<Event xmlns="http://schemas.microsoft.com/win/2004/08/events/event"><System><Provider Name="Microsoft-Windows-Kernel-Power" Guid="{331c3b3a-2005-44c2-ac5e-77220c37d6b4}"></Provider>
<EventID Qualifiers="">125</EventID>
<Version>4</Version>
<Level>4</Level>
<Task>86</Task>
<Opcode>0</Opcode>
<Keywords>0x8000000000000020</Keywords>
<TimeCreated SystemTime="2024-06-29 04:45:19.661888+00:00"></TimeCreated>
<EventRecordID>299858</EventRecordID>
<Correlation ActivityID="" RelatedActivityID=""></Correlation>
<Execution ProcessID="4" ThreadID="8"></Execution>
<Channel>System</Channel>
<Computer>DESKTOP-LLF4HB6</Computer>
<Security UserID="S-1-5-18"></Security>
</System>
<EventData><Data Name="ThermalZoneDeviceInstanceLength">23</Data>
<Data Name="ThermalZoneDeviceInstance">\_SB.PCI0.LPCB.EC0.HEPZ</Data>
<Data Name="_PSV">0</Data>
<Data Name="_TC1">0</Data>
<Data Name="_TC2">0</Data>
<Data Name="_TSP">0</Data>
<Data Name="_AC0">0</Data>
<Data Name="_AC1">0</Data>
<Data Name="_AC2">0</Data>
<Data Name="_AC3">0</Data>
<Data Name="_AC4">0</Data>
<Data Name="_AC5">0</Data>
<Data Name="_AC6">0</Data>
<Data Name="_AC7">0</Data>
<Data Name="_AC8">0</Data>
<Data Name="_AC9">0</Data>
<Data Name="_CRT">0</Data>
<Data Name="_HOT">353</Data>
<Data Name="MinimumThrottle">0</Data>
<Data Name="_CR3">0</Data>
<Data Name="OverThrottleThreshold">0</Data>
<Data Name="DescriptionLength">0</Data>
<Data Name="Description"></Data>
<Data Name="_TZP">0</Data>
</EventData>
</Event>

<Event xmlns="http://schemas.microsoft.com/win/2004/08/events/event"><System><Provider Name="Microsoft-Windows-Kernel-Power" Guid="{331c3b3a-2005-44c2-ac5e-77220c37d6b4}"></Provider>
<EventID Qualifiers="">125</EventID>
<Version>4</Version>
<Level>4</Level>
<Task>86</Task>
<Opcode>0</Opcode>
<Keywords>0x8000000000000020</Keywords>
<TimeCreated SystemTime="2024-06-29 04:45:19.661894+00:00"></TimeCreated>
<EventRecordID>299859</EventRecordID>
<Correlation ActivityID="" RelatedActivityID=""></Correlation>
<Execution ProcessID="4" ThreadID="8"></Execution>
<Channel>System</Channel>
<Computer>DESKTOP-LLF4HB6</Computer>
<Security UserID="S-1-5-18"></Security>
</System>
<EventData><Data Name="ThermalZoneDeviceInstanceLength">9</Data>
<Data Name="ThermalZoneDeviceInstance">\_TZ.CPUZ</Data>
<Data Name="_PSV">0</Data>
<Data Name="_TC1">0</Data>
<Data Name="_TC2">0</Data>
<Data Name="_TSP">0</Data>
<Data Name="_AC0">0</Data>
<Data Name="_AC1">0</Data>
<Data Name="_AC2">0</Data>
<Data Name="_AC3">0</Data>
<Data Name="_AC4">0</Data>
<Data Name="_AC5">0</Data>
<Data Name="_AC6">0</Data>
<Data Name="_AC7">0</Data>
<Data Name="_AC8">0</Data>
<Data Name="_AC9">0</Data>
<Data Name="_CRT">401</Data>
<Data Name="_HOT">373</Data>
<Data Name="MinimumThrottle">0</Data>
<Data Name="_CR3">0</Data>
<Data Name="OverThrottleThreshold">0</Data>
<Data Name="DescriptionLength">0</Data>
<Data Name="Description"></Data>
<Data Name="_TZP">0</Data>
</EventData>
</Event>

<Event xmlns="http://schemas.microsoft.com/win/2004/08/events/event"><System><Provider Name="Microsoft-Windows-Kernel-Power" Guid="{331c3b3a-2005-44c2-ac5e-77220c37d6b4}"></Provider>
<EventID Qualifiers="">125</EventID>
<Version>4</Version>
<Level>4</Level>
<Task>86</Task>
<Opcode>0</Opcode>
<Keywords>0x8000000000000020</Keywords>
<TimeCreated SystemTime="2024-06-29 04:45:19.661898+00:00"></TimeCreated>
<EventRecordID>299860</EventRecordID>
<Correlation ActivityID="" RelatedActivityID=""></Correlation>
<Execution ProcessID="4" ThreadID="8"></Execution>
<Channel>System</Channel>
<Computer>DESKTOP-LLF4HB6</Computer>
<Security UserID="S-1-5-18"></Security>
</System>
<EventData><Data Name="ThermalZoneDeviceInstanceLength">9</Data>
<Data Name="ThermalZoneDeviceInstance">\_TZ.GFXZ</Data>
<Data Name="_PSV">375</Data>
<Data Name="_TC1">1</Data>
<Data Name="_TC2">2</Data>
<Data Name="_TSP">30000</Data>
<Data Name="_AC0">0</Data>
<Data Name="_AC1">0</Data>
<Data Name="_AC2">0</Data>
<Data Name="_AC3">0</Data>
<Data Name="_AC4">0</Data>
<Data Name="_AC5">0</Data>
<Data Name="_AC6">0</Data>
<Data Name="_AC7">0</Data>
<Data Name="_AC8">0</Data>
<Data Name="_AC9">0</Data>
<Data Name="_CRT">401</Data>
<Data Name="_HOT">0</Data>
<Data Name="MinimumThrottle">0</Data>
<Data Name="_CR3">0</Data>
<Data Name="OverThrottleThreshold">0</Data>
<Data Name="DescriptionLength">0</Data>
<Data Name="Description"></Data>
<Data Name="_TZP">0</Data>
</EventData>
</Event>

<Event xmlns="http://schemas.microsoft.com/win/2004/08/events/event"><System><Provider Name="Microsoft-Windows-Kernel-Power" Guid="{331c3b3a-2005-44c2-ac5e-77220c37d6b4}"></Provider>
<EventID Qualifiers="">125</EventID>
<Version>4</Version>
<Level>4</Level>
<Task>86</Task>
<Opcode>0</Opcode>
<Keywords>0x8000000000000020</Keywords>
<TimeCreated SystemTime="2024-06-29 04:45:19.661900+00:00"></TimeCreated>
<EventRecordID>299861</EventRecordID>
<Correlation ActivityID="" RelatedActivityID=""></Correlation>
<Execution ProcessID="4" ThreadID="8"></Execution>
<Channel>System</Channel>
<Computer>DESKTOP-LLF4HB6</Computer>
<Security UserID="S-1-5-18"></Security>
</System>
<EventData><Data Name="ThermalZoneDeviceInstanceLength">9</Data>
<Data Name="ThermalZoneDeviceInstance">\_TZ.EXTZ</Data>
<Data Name="_PSV">0</Data>
<Data Name="_TC1">0</Data>
<Data Name="_TC2">0</Data>
<Data Name="_TSP">0</Data>
<Data Name="_AC0">0</Data>
<Data Name="_AC1">0</Data>
<Data Name="_AC2">0</Data>
<Data Name="_AC3">0</Data>
<Data Name="_AC4">0</Data>
<Data Name="_AC5">0</Data>
<Data Name="_AC6">0</Data>
<Data Name="_AC7">0</Data>
<Data Name="_AC8">0</Data>
<Data Name="_AC9">0</Data>
<Data Name="_CRT">401</Data>
<Data Name="_HOT">0</Data>
<Data Name="MinimumThrottle">0</Data>
<Data Name="_CR3">0</Data>
<Data Name="OverThrottleThreshold">0</Data>
<Data Name="DescriptionLength">0</Data>
<Data Name="Description"></Data>
<Data Name="_TZP">0</Data>
</EventData>
</Event>

<Event xmlns="http://schemas.microsoft.com/win/2004/08/events/event"><System><Provider Name="Microsoft-Windows-Kernel-Power" Guid="{331c3b3a-2005-44c2-ac5e-77220c37d6b4}"></Provider>
<EventID Qualifiers="">125</EventID>
<Version>4</Version>
<Level>4</Level>
<Task>86</Task>
<Opcode>0</Opcode>
<Keywords>0x8000000000000020</Keywords>
<TimeCreated SystemTime="2024-06-29 04:45:19.661903+00:00"></TimeCreated>
<EventRecordID>299862</EventRecordID>
<Correlation ActivityID="" RelatedActivityID=""></Correlation>
<Execution ProcessID="4" ThreadID="8"></Execution>
<Channel>System</Channel>
<Computer>DESKTOP-LLF4HB6</Computer>
<Security UserID="S-1-5-18"></Security>
</System>
<EventData><Data Name="ThermalZoneDeviceInstanceLength">9</Data>
<Data Name="ThermalZoneDeviceInstance">\_TZ.LOCZ</Data>
<Data Name="_PSV">0</Data>
<Data Name="_TC1">0</Data>
<Data Name="_TC2">0</Data>
<Data Name="_TSP">0</Data>
<Data Name="_AC0">0</Data>
<Data Name="_AC1">0</Data>
<Data Name="_AC2">0</Data>
<Data Name="_AC3">0</Data>
<Data Name="_AC4">0</Data>
<Data Name="_AC5">0</Data>
<Data Name="_AC6">0</Data>
<Data Name="_AC7">0</Data>
<Data Name="_AC8">0</Data>
<Data Name="_AC9">0</Data>
<Data Name="_CRT">401</Data>
<Data Name="_HOT">0</Data>
<Data Name="MinimumThrottle">0</Data>
<Data Name="_CR3">0</Data>
<Data Name="OverThrottleThreshold">0</Data>
<Data Name="DescriptionLength">0</Data>
<Data Name="Description"></Data>
<Data Name="_TZP">0</Data>
</EventData>
</Event>

<Event xmlns="http://schemas.microsoft.com/win/2004/08/events/event"><System><Provider Name="Microsoft-Windows-Kernel-Power" Guid="{331c3b3a-2005-44c2-ac5e-77220c37d6b4}"></Provider>
<EventID Qualifiers="">125</EventID>
<Version>4</Version>
<Level>4</Level>
<Task>86</Task>
<Opcode>0</Opcode>
<Keywords>0x8000000000000020</Keywords>
<TimeCreated SystemTime="2024-06-29 04:45:19.661907+00:00"></TimeCreated>
<EventRecordID>299863</EventRecordID>
<Correlation ActivityID="" RelatedActivityID=""></Correlation>
<Execution ProcessID="4" ThreadID="8"></Execution>
<Channel>System</Channel>
<Computer>DESKTOP-LLF4HB6</Computer>
<Security UserID="S-1-5-18"></Security>
</System>
<EventData><Data Name="ThermalZoneDeviceInstanceLength">9</Data>
<Data Name="ThermalZoneDeviceInstance">\_TZ.BATZ</Data>
<Data Name="_PSV">401</Data>
<Data Name="_TC1">50</Data>
<Data Name="_TC2">0</Data>
<Data Name="_TSP">30000</Data>
<Data Name="_AC0">0</Data>
<Data Name="_AC1">0</Data>
<Data Name="_AC2">0</Data>
<Data Name="_AC3">0</Data>
<Data Name="_AC4">0</Data>
<Data Name="_AC5">0</Data>
<Data Name="_AC6">0</Data>
<Data Name="_AC7">0</Data>
<Data Name="_AC8">0</Data>
<Data Name="_AC9">0</Data>
<Data Name="_CRT">401</Data>
<Data Name="_HOT">0</Data>
<Data Name="MinimumThrottle">0</Data>
<Data Name="_CR3">0</Data>
<Data Name="OverThrottleThreshold">0</Data>
<Data Name="DescriptionLength">0</Data>
<Data Name="Description"></Data>
<Data Name="_TZP">0</Data>
</EventData>
</Event>

<Event xmlns="http://schemas.microsoft.com/win/2004/08/events/event"><System><Provider Name="Microsoft-Windows-Kernel-Power" Guid="{331c3b3a-2005-44c2-ac5e-77220c37d6b4}"></Provider>
<EventID Qualifiers="">125</EventID>
<Version>4</Version>
<Level>4</Level>
<Task>86</Task>
<Opcode>0</Opcode>
<Keywords>0x8000000000000020</Keywords>
<TimeCreated SystemTime="2024-06-29 04:45:19.661909+00:00"></TimeCreated>
<EventRecordID>299864</EventRecordID>
<Correlation ActivityID="" RelatedActivityID=""></Correlation>
<Execution ProcessID="4" ThreadID="8"></Execution>
<Channel>System</Channel>
<Computer>DESKTOP-LLF4HB6</Computer>
<Security UserID="S-1-5-18"></Security>
</System>
<EventData><Data Name="ThermalZoneDeviceInstanceLength">9</Data>
<Data Name="ThermalZoneDeviceInstance">\_TZ.CHGZ</Data>
<Data Name="_PSV">0</Data>
<Data Name="_TC1">0</Data>
<Data Name="_TC2">0</Data>
<Data Name="_TSP">0</Data>
<Data Name="_AC0">0</Data>
<Data Name="_AC1">0</Data>
<Data Name="_AC2">0</Data>
<Data Name="_AC3">0</Data>
<Data Name="_AC4">0</Data>
<Data Name="_AC5">0</Data>
<Data Name="_AC6">0</Data>
<Data Name="_AC7">0</Data>
<Data Name="_AC8">0</Data>
<Data Name="_AC9">0</Data>
<Data Name="_CRT">0</Data>
<Data Name="_HOT">0</Data>
<Data Name="MinimumThrottle">0</Data>
<Data Name="_CR3">0</Data>
<Data Name="OverThrottleThreshold">0</Data>
<Data Name="DescriptionLength">0</Data>
<Data Name="Description"></Data>
<Data Name="_TZP">0</Data>
</EventData>
</Event>

<Event xmlns="http://schemas.microsoft.com/win/2004/08/events/event"><System><Provider Name="Microsoft-Windows-Kernel-Power" Guid="{331c3b3a-2005-44c2-ac5e-77220c37d6b4}"></Provider>
<EventID Qualifiers="">125</EventID>
<Version>4</Version>
<Level>4</Level>
<Task>86</Task>
<Opcode>0</Opcode>
<Keywords>0x8000000000000020</Keywords>
<TimeCreated SystemTime="2024-06-29 04:45:19.661913+00:00"></TimeCreated>
<EventRecordID>299865</EventRecordID>
<Correlation ActivityID="" RelatedActivityID=""></Correlation>
<Execution ProcessID="4" ThreadID="8"></Execution>
<Channel>System</Channel>
<Computer>DESKTOP-LLF4HB6</Computer>
<Security UserID="S-1-5-18"></Security>
</System>
<EventData><Data Name="ThermalZoneDeviceInstanceLength">9</Data>
<Data Name="ThermalZoneDeviceInstance">\_TZ.PCHZ</Data>
<Data Name="_PSV">0</Data>
<Data Name="_TC1">0</Data>
<Data Name="_TC2">0</Data>
<Data Name="_TSP">0</Data>
<Data Name="_AC0">0</Data>
<Data Name="_AC1">0</Data>
<Data Name="_AC2">0</Data>
<Data Name="_AC3">0</Data>
<Data Name="_AC4">0</Data>
<Data Name="_AC5">0</Data>
<Data Name="_AC6">0</Data>
<Data Name="_AC7">0</Data>
<Data Name="_AC8">0</Data>
<Data Name="_AC9">0</Data>
<Data Name="_CRT">401</Data>
<Data Name="_HOT">0</Data>
<Data Name="MinimumThrottle">0</Data>
<Data Name="_CR3">0</Data>
<Data Name="OverThrottleThreshold">0</Data>
<Data Name="DescriptionLength">0</Data>
<Data Name="Description"></Data>
<Data Name="_TZP">0</Data>
</EventData>
</Event>

<Event xmlns="http://schemas.microsoft.com/win/2004/08/events/event"><System><Provider Name="Microsoft-Windows-Kernel-Power" Guid="{331c3b3a-2005-44c2-ac5e-77220c37d6b4}"></Provider>
<EventID Qualifiers="">172</EventID>
<Version>0</Version>
<Level>4</Level>
<Task>203</Task>
<Opcode>0</Opcode>
<Keywords>0x8000000000000404</Keywords>
<TimeCreated SystemTime="2024-06-29 04:45:19.755417+00:00"></TimeCreated>
<EventRecordID>299866</EventRecordID>
<Correlation ActivityID="" RelatedActivityID=""></Correlation>
<Execution ProcessID="4" ThreadID="308"></Execution>
<Channel>System</Channel>
<Computer>DESKTOP-LLF4HB6</Computer>
<Security UserID="S-1-5-18"></Security>
</System>
<EventData><Data Name="State">2</Data>
<Data Name="Reason">6</Data>
</EventData>
</Event>

<Event xmlns="http://schemas.microsoft.com/win/2004/08/events/event"><System><Provider Name="Microsoft-Windows-Hyper-V-VmSwitch" Guid="{67dc0d66-3695-47c0-9642-33f76f7bd7ad}"></Provider>
<EventID Qualifiers="">277</EventID>
<Version>0</Version>
<Level>4</Level>
<Task>0</Task>
<Opcode>0</Opcode>
<Keywords>0x8000000000000080</Keywords>
<TimeCreated SystemTime="2024-06-29 04:45:19.825800+00:00"></TimeCreated>
<EventRecordID>299867</EventRecordID>
<Correlation ActivityID="" RelatedActivityID=""></Correlation>
<Execution ProcessID="4" ThreadID="536"></Execution>
<Channel>System</Channel>
<Computer>DESKTOP-LLF4HB6</Computer>
<Security UserID="S-1-5-18"></Security>
</System>
<EventData><Data Name="BuildNumber">22621</Data>
<Data Name="BuildArch">amd64</Data>
<Data Name="BuildBranch">ni_release_svc_prod1</Data>
<Data Name="Debug">False</Data>
<Data Name="Official">True</Data>
<Data Name="Date">1</Data>
<Data Name="Time">1</Data>
</EventData>
</Event>

<Event xmlns="http://schemas.microsoft.com/win/2004/08/events/event"><System><Provider Name="Microsoft-Windows-Hyper-V-VmSwitch" Guid="{67dc0d66-3695-47c0-9642-33f76f7bd7ad}"></Provider>
<EventID Qualifiers="">233</EventID>
<Version>0</Version>
<Level>4</Level>
<Task>0</Task>
<Opcode>0</Opcode>
<Keywords>0x8000000000000080</Keywords>
<TimeCreated SystemTime="2024-06-29 04:45:19.827419+00:00"></TimeCreated>
<EventRecordID>299868</EventRecordID>
<Correlation ActivityID="" RelatedActivityID=""></Correlation>
<Execution ProcessID="4" ThreadID="536"></Execution>
<Channel>System</Channel>
<Computer>DESKTOP-LLF4HB6</Computer>
<Security UserID="S-1-5-18"></Security>
</System>
<EventData><Data Name="NicNameLen">36</Data>
<Data Name="NicName">C08CB7B8-9B3C-408E-8E30-5E16A3AEB444</Data>
<Data Name="NicFNameLen">14</Data>
<Data Name="NicFName">Default Switch</Data>
<Data Name="Operation">7</Data>
<Data Name="NicInstanceId">{00000000-0000-0000-0000-000000000000}</Data>
</EventData>
</Event>

<Event xmlns="http://schemas.microsoft.com/win/2004/08/events/event"><System><Provider Name="Microsoft-Windows-Hyper-V-VmSwitch" Guid="{67dc0d66-3695-47c0-9642-33f76f7bd7ad}"></Provider>
<EventID Qualifiers="">232</EventID>
<Version>0</Version>
<Level>4</Level>
<Task>0</Task>
<Opcode>0</Opcode>
<Keywords>0x8000000000000080</Keywords>
<TimeCreated SystemTime="2024-06-29 04:45:19.827431+00:00"></TimeCreated>
<EventRecordID>299869</EventRecordID>
<Correlation ActivityID="" RelatedActivityID=""></Correlation>
<Execution ProcessID="4" ThreadID="536"></Execution>
<Channel>System</Channel>
<Computer>DESKTOP-LLF4HB6</Computer>
<Security UserID="S-1-5-18"></Security>
</System>
<EventData><Data Name="NicNameLen">36</Data>
<Data Name="NicName">C08CB7B8-9B3C-408E-8E30-5E16A3AEB444</Data>
<Data Name="NicFNameLen">14</Data>
<Data Name="NicFName">Default Switch</Data>
<Data Name="PortNameLen">36</Data>
<Data Name="PortName">C08CB7B8-9B3C-408E-8E30-5E16A3AEB444</Data>
<Data Name="PortFNameLen">14</Data>
<Data Name="PortFName">Default Switch</Data>
<Data Name="SwitchNameLen">36</Data>
<Data Name="SwitchName">C08CB7B8-9B3C-408E-8E30-5E16A3AEB444</Data>
<Data Name="SwitchFNameLen">14</Data>
<Data Name="SwitchFName">Default Switch</Data>
</EventData>
</Event>

<Event xmlns="http://schemas.microsoft.com/win/2004/08/events/event"><System><Provider Name="Microsoft-Windows-Hyper-V-VmSwitch" Guid="{67dc0d66-3695-47c0-9642-33f76f7bd7ad}"></Provider>
<EventID Qualifiers="">9</EventID>
<Version>0</Version>
<Level>4</Level>
<Task>1005</Task>
<Opcode>0</Opcode>
<Keywords>0x8000000000000080</Keywords>
<TimeCreated SystemTime="2024-06-29 04:45:19.827450+00:00"></TimeCreated>
<EventRecordID>299870</EventRecordID>
<Correlation ActivityID="" RelatedActivityID=""></Correlation>
<Execution ProcessID="4" ThreadID="536"></Execution>
<Channel>System</Channel>
<Computer>DESKTOP-LLF4HB6</Computer>
<Security UserID="S-1-5-18"></Security>
</System>
<EventData><Data Name="SwitchNameLen">36</Data>
<Data Name="SwitchName">C08CB7B8-9B3C-408E-8E30-5E16A3AEB444</Data>
<Data Name="SwitchFNameLen">14</Data>
<Data Name="SwitchFName">Default Switch</Data>
<Data Name="Flags">32</Data>
<Data Name="OwnerService">1</Data>
</EventData>
</Event>

<Event xmlns="http://schemas.microsoft.com/win/2004/08/events/event"><System><Provider Name="Microsoft-Windows-Hyper-V-VmSwitch" Guid="{67dc0d66-3695-47c0-9642-33f76f7bd7ad}"></Provider>
<EventID Qualifiers="">264</EventID>
<Version>0</Version>
<Level>4</Level>
<Task>0</Task>
<Opcode>0</Opcode>
<Keywords>0x8000000000000080</Keywords>
<TimeCreated SystemTime="2024-06-29 04:45:19.827633+00:00"></TimeCreated>
<EventRecordID>299871</EventRecordID>
<Correlation ActivityID="" RelatedActivityID=""></Correlation>
<Execution ProcessID="4" ThreadID="536"></Execution>
<Channel>System</Channel>
<Computer>DESKTOP-LLF4HB6</Computer>
<Security UserID="S-1-5-18"></Security>
</System>
<EventData><Data Name="PortNameLen">36</Data>
<Data Name="PortName">C08CB7B8-9B3C-408E-8E30-5E16A3AEB445</Data>
<Data Name="PortFNameLen">46</Data>
<Data Name="PortFName">Host Vnic C08CB7B8-9B3C-408E-8E30-5E16A3AEB444</Data>
<Data Name="SwitchNameLen">36</Data>
<Data Name="SwitchName">C08CB7B8-9B3C-408E-8E30-5E16A3AEB444</Data>
<Data Name="SwitchFNameLen">14</Data>
<Data Name="SwitchFName">Default Switch</Data>
<Data Name="Flags">1</Data>
<Data Name="OwnerService">1</Data>
</EventData>
</Event>

<Event xmlns="http://schemas.microsoft.com/win/2004/08/events/event"><System><Provider Name="Microsoft-Windows-Hyper-V-VmSwitch" Guid="{67dc0d66-3695-47c0-9642-33f76f7bd7ad}"></Provider>
<EventID Qualifiers="">233</EventID>
<Version>0</Version>
<Level>4</Level>
<Task>0</Task>
<Opcode>0</Opcode>
<Keywords>0x8000000000000080</Keywords>
<TimeCreated SystemTime="2024-06-29 04:45:19.827818+00:00"></TimeCreated>
<EventRecordID>299872</EventRecordID>
<Correlation ActivityID="" RelatedActivityID=""></Correlation>
<Execution ProcessID="4" ThreadID="536"></Execution>
<Channel>System</Channel>
<Computer>DESKTOP-LLF4HB6</Computer>
<Security UserID="S-1-5-18"></Security>
</System>
<EventData><Data Name="NicNameLen">36</Data>
<Data Name="NicName">C08CB7B8-9B3C-408E-8E30-5E16A3AEB445</Data>
<Data Name="NicFNameLen">14</Data>
<Data Name="NicFName">Default Switch</Data>
<Data Name="Operation">7</Data>
<Data Name="NicInstanceId">{00000000-0000-0000-0000-000000000000}</Data>
</EventData>
</Event>

<Event xmlns="http://schemas.microsoft.com/win/2004/08/events/event"><System><Provider Name="Microsoft-Windows-Hyper-V-VmSwitch" Guid="{67dc0d66-3695-47c0-9642-33f76f7bd7ad}"></Provider>
<EventID Qualifiers="">7</EventID>
<Version>0</Version>
<Level>4</Level>
<Task>1004</Task>
<Opcode>0</Opcode>
<Keywords>0x8000000000000080</Keywords>
<TimeCreated SystemTime="2024-06-29 04:45:19.829123+00:00"></TimeCreated>
<EventRecordID>299873</EventRecordID>
<Correlation ActivityID="" RelatedActivityID=""></Correlation>
<Execution ProcessID="4" ThreadID="536"></Execution>
<Channel>System</Channel>
<Computer>DESKTOP-LLF4HB6</Computer>
<Security UserID="S-1-5-18"></Security>
</System>
<EventData><Data Name="NicNameLen">36</Data>
<Data Name="NicName">C08CB7B8-9B3C-408E-8E30-5E16A3AEB445</Data>
<Data Name="NicFNameLen">14</Data>
<Data Name="NicFName">Default Switch</Data>
</EventData>
</Event>

<Event xmlns="http://schemas.microsoft.com/win/2004/08/events/event"><System><Provider Name="Microsoft-Windows-Hyper-V-VmSwitch" Guid="{67dc0d66-3695-47c0-9642-33f76f7bd7ad}"></Provider>
<EventID Qualifiers="">232</EventID>
<Version>0</Version>
<Level>4</Level>
<Task>0</Task>
<Opcode>0</Opcode>
<Keywords>0x8000000000000080</Keywords>
<TimeCreated SystemTime="2024-06-29 04:45:19.830395+00:00"></TimeCreated>
<EventRecordID>299874</EventRecordID>
<Correlation ActivityID="" RelatedActivityID=""></Correlation>
<Execution ProcessID="4" ThreadID="536"></Execution>
<Channel>System</Channel>
<Computer>DESKTOP-LLF4HB6</Computer>
<Security UserID="S-1-5-18"></Security>
</System>
<EventData><Data Name="NicNameLen">36</Data>
<Data Name="NicName">C08CB7B8-9B3C-408E-8E30-5E16A3AEB445</Data>
<Data Name="NicFNameLen">14</Data>
<Data Name="NicFName">Default Switch</Data>
<Data Name="PortNameLen">36</Data>
<Data Name="PortName">C08CB7B8-9B3C-408E-8E30-5E16A3AEB445</Data>
<Data Name="PortFNameLen">46</Data>
<Data Name="PortFName">Host Vnic C08CB7B8-9B3C-408E-8E30-5E16A3AEB444</Data>
<Data Name="SwitchNameLen">36</Data>
<Data Name="SwitchName">C08CB7B8-9B3C-408E-8E30-5E16A3AEB444</Data>
<Data Name="SwitchFNameLen">14</Data>
<Data Name="SwitchFName">Default Switch</Data>
</EventData>
</Event>

<Event xmlns="http://schemas.microsoft.com/win/2004/08/events/event"><System><Provider Name="Microsoft-Windows-Hyper-V-VmSwitch" Guid="{67dc0d66-3695-47c0-9642-33f76f7bd7ad}"></Provider>
<EventID Qualifiers="">5</EventID>
<Version>0</Version>
<Level>4</Level>
<Task>1003</Task>
<Opcode>0</Opcode>
<Keywords>0x8000000000000080</Keywords>
<TimeCreated SystemTime="2024-06-29 04:45:19.830402+00:00"></TimeCreated>
<EventRecordID>299875</EventRecordID>
<Correlation ActivityID="" RelatedActivityID=""></Correlation>
<Execution ProcessID="4" ThreadID="536"></Execution>
<Channel>System</Channel>
<Computer>DESKTOP-LLF4HB6</Computer>
<Security UserID="S-1-5-18"></Security>
</System>
<EventData><Data Name="NicNameLen">36</Data>
<Data Name="NicName">C08CB7B8-9B3C-408E-8E30-5E16A3AEB445</Data>
<Data Name="NicFNameLen">14</Data>
<Data Name="NicFName">Default Switch</Data>
</EventData>
</Event>

<Event xmlns="http://schemas.microsoft.com/win/2004/08/events/event"><System><Provider Name="Microsoft-Windows-Ntfs" Guid="{3ff37a1c-a68d-4d6e-8c9b-f79e8b16c482}"></Provider>
<EventID Qualifiers="">98</EventID>
<Version>0</Version>
<Level>4</Level>
<Task>0</Task>
<Opcode>0</Opcode>
<Keywords>0x8000000000000002</Keywords>
<TimeCreated SystemTime="2024-06-29 04:45:19.833401+00:00"></TimeCreated>
<EventRecordID>299876</EventRecordID>
<Correlation ActivityID="" RelatedActivityID=""></Correlation>
<Execution ProcessID="4" ThreadID="152"></Execution>
<Channel>System</Channel>
<Computer>DESKTOP-LLF4HB6</Computer>
<Security UserID="S-1-5-18"></Security>
</System>
<EventData><Data Name="DriveName">E:</Data>
<Data Name="DeviceName">\Device\HarddiskVolume8</Data>
<Data Name="CorruptionActionState">0</Data>
</EventData>
</Event>

<Event xmlns="http://schemas.microsoft.com/win/2004/08/events/event"><System><Provider Name="VMnetAdapter"></Provider>
<EventID Qualifiers="16392">36</EventID>
<Version>0</Version>
<Level>4</Level>
<Task>0</Task>
<Opcode>0</Opcode>
<Keywords>0x0080000000000000</Keywords>
<TimeCreated SystemTime="2024-06-29 04:45:19.851830+00:00"></TimeCreated>
<EventRecordID>299877</EventRecordID>
<Correlation ActivityID="" RelatedActivityID=""></Correlation>
<Execution ProcessID="4" ThreadID="312"></Execution>
<Channel>System</Channel>
<Computer>DESKTOP-LLF4HB6</Computer>
<Security UserID=""></Security>
</System>
<EventData><Data>&lt;string&gt;&lt;/string&gt;
</Data>
<Binary>AAAAAAEAAAAAAAAAJAAIQCQACEAAAAAAAAAAAAAAAAAAAAAAAAAAAA==</Binary>
</EventData>
</Event>

<Event xmlns="http://schemas.microsoft.com/win/2004/08/events/event"><System><Provider Name="Microsoft-Windows-Ntfs" Guid="{3ff37a1c-a68d-4d6e-8c9b-f79e8b16c482}"></Provider>
<EventID Qualifiers="">98</EventID>
<Version>0</Version>
<Level>4</Level>
<Task>0</Task>
<Opcode>0</Opcode>
<Keywords>0x8000000000000002</Keywords>
<TimeCreated SystemTime="2024-06-29 04:45:19.908611+00:00"></TimeCreated>
<EventRecordID>299878</EventRecordID>
<Correlation ActivityID="" RelatedActivityID=""></Correlation>
<Execution ProcessID="4" ThreadID="312"></Execution>
<Channel>System</Channel>
<Computer>DESKTOP-LLF4HB6</Computer>
<Security UserID="S-1-5-18"></Security>
</System>
<EventData><Data Name="DriveName">D:</Data>
<Data Name="DeviceName">\Device\HarddiskVolume6</Data>
<Data Name="CorruptionActionState">0</Data>
</EventData>
</Event>

<Event xmlns="http://schemas.microsoft.com/win/2004/08/events/event"><System><Provider Name="Microsoft-Windows-Ntfs" Guid="{3ff37a1c-a68d-4d6e-8c9b-f79e8b16c482}"></Provider>
<EventID Qualifiers="">98</EventID>
<Version>0</Version>
<Level>4</Level>
<Task>0</Task>
<Opcode>0</Opcode>
<Keywords>0x8000000000000002</Keywords>
<TimeCreated SystemTime="2024-06-29 04:45:20.419762+00:00"></TimeCreated>
<EventRecordID>299879</EventRecordID>
<Correlation ActivityID="" RelatedActivityID=""></Correlation>
<Execution ProcessID="4" ThreadID="300"></Execution>
<Channel>System</Channel>
<Computer>DESKTOP-LLF4HB6</Computer>
<Security UserID="S-1-5-18"></Security>
</System>
<EventData><Data Name="DriveName">\\?\Volume{6a220b92-075e-4707-9611-99a73a45bb5b}</Data>
<Data Name="DeviceName">\Device\HarddiskVolume7</Data>
<Data Name="CorruptionActionState">0</Data>
</EventData>
</Event>

<Event xmlns="http://schemas.microsoft.com/win/2004/08/events/event"><System><Provider Name="Microsoft-Windows-Ntfs" Guid="{3ff37a1c-a68d-4d6e-8c9b-f79e8b16c482}"></Provider>
<EventID Qualifiers="">98</EventID>
<Version>0</Version>
<Level>4</Level>
<Task>0</Task>
<Opcode>0</Opcode>
<Keywords>0x8000000000000002</Keywords>
<TimeCreated SystemTime="2024-06-29 04:45:20.443897+00:00"></TimeCreated>
<EventRecordID>299880</EventRecordID>
<Correlation ActivityID="" RelatedActivityID=""></Correlation>
<Execution ProcessID="4" ThreadID="528"></Execution>
<Channel>System</Channel>
<Computer>DESKTOP-LLF4HB6</Computer>
<Security UserID="S-1-5-18"></Security>
</System>
<EventData><Data Name="DriveName">\\?\Volume{bafa72d0-cff3-469f-95fa-efb95b7d285f}</Data>
<Data Name="DeviceName">\Device\HarddiskVolume5</Data>
<Data Name="CorruptionActionState">0</Data>
</EventData>
</Event>

<Event xmlns="http://schemas.microsoft.com/win/2004/08/events/event"><System><Provider Name="Microsoft-Windows-Ntfs" Guid="{3ff37a1c-a68d-4d6e-8c9b-f79e8b16c482}"></Provider>
<EventID Qualifiers="">98</EventID>
<Version>0</Version>
<Level>4</Level>
<Task>0</Task>
<Opcode>0</Opcode>
<Keywords>0x8000000000000002</Keywords>
<TimeCreated SystemTime="2024-06-29 04:45:20.467619+00:00"></TimeCreated>
<EventRecordID>299881</EventRecordID>
<Correlation ActivityID="" RelatedActivityID=""></Correlation>
<Execution ProcessID="4" ThreadID="152"></Execution>
<Channel>System</Channel>
<Computer>DESKTOP-LLF4HB6</Computer>
<Security UserID="S-1-5-18"></Security>
</System>
<EventData><Data Name="DriveName">\\?\Volume{4fc587ed-bd7e-4d2c-bc28-ac39ee868f13}</Data>
<Data Name="DeviceName">\Device\HarddiskVolume4</Data>
<Data Name="CorruptionActionState">0</Data>
</EventData>
</Event>

<Event xmlns="http://schemas.microsoft.com/win/2004/08/events/event"><System><Provider Name="Microsoft-Windows-DriverFrameworks-UserMode" Guid="{2e35aaeb-857f-4beb-a418-2e6c0e54d988}"></Provider>
<EventID Qualifiers="">10118</EventID>
<Version>1</Version>
<Level>4</Level>
<Task>101</Task>
<Opcode>0</Opcode>
<Keywords>0x2000000000000000</Keywords>
<TimeCreated SystemTime="2024-06-29 04:45:20.640553+00:00"></TimeCreated>
<EventRecordID>299882</EventRecordID>
<Correlation ActivityID="" RelatedActivityID=""></Correlation>
<Execution ProcessID="4" ThreadID="536"></Execution>
<Channel>System</Channel>
<Computer>DESKTOP-LLF4HB6</Computer>
<Security UserID="S-1-5-18"></Security>
</System>
<EventData></EventData>
</Event>

<Event xmlns="http://schemas.microsoft.com/win/2004/08/events/event"><System><Provider Name="Microsoft-Windows-Kernel-PnP" Guid="{9c205a39-1250-487d-abd7-e831c6290539}"></Provider>
<EventID Qualifiers="">219</EventID>
<Version>0</Version>
<Level>3</Level>
<Task>212</Task>
<Opcode>0</Opcode>
<Keywords>0x8000000000000000</Keywords>
<TimeCreated SystemTime="2024-06-29 04:45:20.641722+00:00"></TimeCreated>
<EventRecordID>299883</EventRecordID>
<Correlation ActivityID="" RelatedActivityID=""></Correlation>
<Execution ProcessID="4" ThreadID="536"></Execution>
<Channel>System</Channel>
<Computer>DESKTOP-LLF4HB6</Computer>
<Security UserID="S-1-5-18"></Security>
</System>
<EventData><Data Name="DriverNameLength">60</Data>
<Data Name="DriverName">PCI\VEN_8086&amp;DEV_1903&amp;SUBSYS_8549103C&amp;REV_0C\3&amp;11583659&amp;0&amp;20</Data>
<Data Name="Status">3221226341</Data>
<Data Name="FailureNameLength">14</Data>
<Data Name="FailureName">\Driver\WUDFRd</Data>
<Data Name="Version">0</Data>
</EventData>
</Event>

<Event xmlns="http://schemas.microsoft.com/win/2004/08/events/event"><System><Provider Name="Microsoft-Windows-Kernel-General" Guid="{a68ca8b7-004f-d7b6-a698-07e2de0f1f5d}"></Provider>
<EventID Qualifiers="">15</EventID>
<Version>0</Version>
<Level>4</Level>
<Task>10</Task>
<Opcode>0</Opcode>
<Keywords>0x8000000000000000</Keywords>
<TimeCreated SystemTime="2024-06-29 04:45:26.183466+00:00"></TimeCreated>
<EventRecordID>299884</EventRecordID>
<Correlation ActivityID="" RelatedActivityID=""></Correlation>
<Execution ProcessID="156" ThreadID="828"></Execution>
<Channel>System</Channel>
<Computer>DESKTOP-LLF4HB6</Computer>
<Security UserID="S-1-5-18"></Security>
</System>
<EventData><Data Name="HiveNameLength">36</Data>
<Data Name="HiveName">\SystemRoot\System32\Config\SOFTWARE</Data>
<Data Name="OriginalSize">151236608</Data>
<Data Name="NewSize">145735680</Data>
</EventData>
</Event>

