<Event xmlns="http://schemas.microsoft.com/win/2004/08/events/event"><System><Provider Name="Microsoft-Windows-HttpService" Guid="{dd5ef90a-6398-47a4-ad34-4dcecdef795f}"></Provider>
<EventID Qualifiers="">114</EventID>
<Version>0</Version>
<Level>4</Level>
<Task>5</Task>
<Opcode>123</Opcode>
<Keywords>0x4000000000000040</Keywords>
<TimeCreated SystemTime="2024-06-28 17:54:48.910419+00:00"></TimeCreated>
<EventRecordID>299725</EventRecordID>
<Correlation ActivityID="" RelatedActivityID=""></Correlation>
<Execution ProcessID="6792" ThreadID="27240"></Execution>
<Channel>System</Channel>
<Computer>DESKTOP-LLF4HB6</Computer>
<Security UserID="S-1-5-19"></Security>
</System>
<EventData><Data Name="UrlGroupId">18302628886170566658</Data>
<Data Name="Url">http://*:2869/upnp/eventing/</Data>
<Data Name="ProcessId">6792</Data>
<Data Name="ExecutablePath">\Device\HarddiskVolume3\Windows\System32\svchost.exe</Data>
<Data Name="UserSid">S-1-5-19</Data>
</EventData>
</Event>

<Event xmlns="http://schemas.microsoft.com/win/2004/08/events/event"><System><Provider Name="Microsoft-Windows-HttpService" Guid="{dd5ef90a-6398-47a4-ad34-4dcecdef795f}"></Provider>
<EventID Qualifiers="">113</EventID>
<Version>0</Version>
<Level>4</Level>
<Task>5</Task>
<Opcode>122</Opcode>
<Keywords>0x4000000000000040</Keywords>
<TimeCreated SystemTime="2024-06-28 17:54:48.929270+00:00"></TimeCreated>
<EventRecordID>299726</EventRecordID>
<Correlation ActivityID="" RelatedActivityID=""></Correlation>
<Execution ProcessID="6792" ThreadID="31720"></Execution>
<Channel>System</Channel>
<Computer>DESKTOP-LLF4HB6</Computer>
<Security UserID="S-1-5-19"></Security>
</System>
<EventData><Data Name="UrlGroupId">18302628911940370438</Data>
<Data Name="Url">http://*:2869/upnp/eventing/</Data>
<Data Name="Status">0</Data>
<Data Name="ProcessId">6792</Data>
<Data Name="ExecutablePath">\Device\HarddiskVolume3\Windows\System32\svchost.exe</Data>
<Data Name="UserSid">S-1-5-19</Data>
</EventData>
</Event>

<Event xmlns="http://schemas.microsoft.com/win/2004/08/events/event"><System><Provider Name="Microsoft-Windows-HttpService" Guid="{dd5ef90a-6398-47a4-ad34-4dcecdef795f}"></Provider>
<EventID Qualifiers="">114</EventID>
<Version>0</Version>
<Level>4</Level>
<Task>5</Task>
<Opcode>123</Opcode>
<Keywords>0x4000000000000040</Keywords>
<TimeCreated SystemTime="2024-06-28 17:55:04.524567+00:00"></TimeCreated>
<EventRecordID>299727</EventRecordID>
<Correlation ActivityID="" RelatedActivityID=""></Correlation>
<Execution ProcessID="6792" ThreadID="31204"></Execution>
<Channel>System</Channel>
<Computer>DESKTOP-LLF4HB6</Computer>
<Security UserID="S-1-5-19"></Security>
</System>
<EventData><Data Name="UrlGroupId">18302628911940370438</Data>
<Data Name="Url">http://*:2869/upnp/eventing/</Data>
<Data Name="ProcessId">6792</Data>
<Data Name="ExecutablePath">\Device\HarddiskVolume3\Windows\System32\svchost.exe</Data>
<Data Name="UserSid">S-1-5-19</Data>
</EventData>
</Event>

<Event xmlns="http://schemas.microsoft.com/win/2004/08/events/event"><System><Provider Name="Microsoft-Windows-HttpService" Guid="{dd5ef90a-6398-47a4-ad34-4dcecdef795f}"></Provider>
<EventID Qualifiers="">113</EventID>
<Version>0</Version>
<Level>4</Level>
<Task>5</Task>
<Opcode>122</Opcode>
<Keywords>0x4000000000000040</Keywords>
<TimeCreated SystemTime="2024-06-28 17:55:04.553354+00:00"></TimeCreated>
<EventRecordID>299728</EventRecordID>
<Correlation ActivityID="" RelatedActivityID=""></Correlation>
<Execution ProcessID="6792" ThreadID="31204"></Execution>
<Channel>System</Channel>
<Computer>DESKTOP-LLF4HB6</Computer>
<Security UserID="S-1-5-19"></Security>
</System>
<EventData><Data Name="UrlGroupId">18302628894760501253</Data>
<Data Name="Url">http://*:2869/upnp/eventing/</Data>
<Data Name="Status">0</Data>
<Data Name="ProcessId">6792</Data>
<Data Name="ExecutablePath">\Device\HarddiskVolume3\Windows\System32\svchost.exe</Data>
<Data Name="UserSid">S-1-5-19</Data>
</EventData>
</Event>

<Event xmlns="http://schemas.microsoft.com/win/2004/08/events/event"><System><Provider Name="Microsoft-Windows-HttpService" Guid="{dd5ef90a-6398-47a4-ad34-4dcecdef795f}"></Provider>
<EventID Qualifiers="">114</EventID>
<Version>0</Version>
<Level>4</Level>
<Task>5</Task>
<Opcode>123</Opcode>
<Keywords>0x4000000000000040</Keywords>
<TimeCreated SystemTime="2024-06-28 17:55:04.623281+00:00"></TimeCreated>
<EventRecordID>299729</EventRecordID>
<Correlation ActivityID="" RelatedActivityID=""></Correlation>
<Execution ProcessID="6792" ThreadID="31720"></Execution>
<Channel>System</Channel>
<Computer>DESKTOP-LLF4HB6</Computer>
<Security UserID="S-1-5-19"></Security>
</System>
<EventData><Data Name="UrlGroupId">18302628894760501253</Data>
<Data Name="Url">http://*:2869/upnp/eventing/</Data>
<Data Name="ProcessId">6792</Data>
<Data Name="ExecutablePath">\Device\HarddiskVolume3\Windows\System32\svchost.exe</Data>
<Data Name="UserSid">S-1-5-19</Data>
</EventData>
</Event>

<Event xmlns="http://schemas.microsoft.com/win/2004/08/events/event"><System><Provider Name="Microsoft-Windows-HttpService" Guid="{dd5ef90a-6398-47a4-ad34-4dcecdef795f}"></Provider>
<EventID Qualifiers="">113</EventID>
<Version>0</Version>
<Level>4</Level>
<Task>5</Task>
<Opcode>122</Opcode>
<Keywords>0x4000000000000040</Keywords>
<TimeCreated SystemTime="2024-06-28 17:55:04.660217+00:00"></TimeCreated>
<EventRecordID>299730</EventRecordID>
<Correlation ActivityID="" RelatedActivityID=""></Correlation>
<Execution ProcessID="6792" ThreadID="31720"></Execution>
<Channel>System</Channel>
<Computer>DESKTOP-LLF4HB6</Computer>
<Security UserID="S-1-5-19"></Security>
</System>
<EventData><Data Name="UrlGroupId">18302628911940370439</Data>
<Data Name="Url">http://*:2869/upnp/eventing/</Data>
<Data Name="Status">0</Data>
<Data Name="ProcessId">6792</Data>
<Data Name="ExecutablePath">\Device\HarddiskVolume3\Windows\System32\svchost.exe</Data>
<Data Name="UserSid">S-1-5-19</Data>
</EventData>
</Event>

<Event xmlns="http://schemas.microsoft.com/win/2004/08/events/event"><System><Provider Name="Microsoft-Windows-HttpService" Guid="{dd5ef90a-6398-47a4-ad34-4dcecdef795f}"></Provider>
<EventID Qualifiers="">114</EventID>
<Version>0</Version>
<Level>4</Level>
<Task>5</Task>
<Opcode>123</Opcode>
<Keywords>0x4000000000000040</Keywords>
<TimeCreated SystemTime="2024-06-28 17:56:23.081476+00:00"></TimeCreated>
<EventRecordID>299731</EventRecordID>
<Correlation ActivityID="" RelatedActivityID=""></Correlation>
<Execution ProcessID="6792" ThreadID="27240"></Execution>
<Channel>System</Channel>
<Computer>DESKTOP-LLF4HB6</Computer>
<Security UserID="S-1-5-19"></Security>
</System>
<EventData><Data Name="UrlGroupId">18302628911940370439</Data>
<Data Name="Url">http://*:2869/upnp/eventing/</Data>
<Data Name="ProcessId">6792</Data>
<Data Name="ExecutablePath">\Device\HarddiskVolume3\Windows\System32\svchost.exe</Data>
<Data Name="UserSid">S-1-5-19</Data>
</EventData>
</Event>

<Event xmlns="http://schemas.microsoft.com/win/2004/08/events/event"><System><Provider Name="Microsoft-Windows-HttpService" Guid="{dd5ef90a-6398-47a4-ad34-4dcecdef795f}"></Provider>
<EventID Qualifiers="">113</EventID>
<Version>0</Version>
<Level>4</Level>
<Task>5</Task>
<Opcode>122</Opcode>
<Keywords>0x4000000000000040</Keywords>
<TimeCreated SystemTime="2024-06-28 17:56:23.114029+00:00"></TimeCreated>
<EventRecordID>299732</EventRecordID>
<Correlation ActivityID="" RelatedActivityID=""></Correlation>
<Execution ProcessID="6792" ThreadID="27240"></Execution>
<Channel>System</Channel>
<Computer>DESKTOP-LLF4HB6</Computer>
<Security UserID="S-1-5-19"></Security>
</System>
<EventData><Data Name="UrlGroupId">18302628916235337732</Data>
<Data Name="Url">http://*:2869/upnp/eventing/</Data>
<Data Name="Status">0</Data>
<Data Name="ProcessId">6792</Data>
<Data Name="ExecutablePath">\Device\HarddiskVolume3\Windows\System32\svchost.exe</Data>
<Data Name="UserSid">S-1-5-19</Data>
</EventData>
</Event>

<Event xmlns="http://schemas.microsoft.com/win/2004/08/events/event"><System><Provider Name="Microsoft-Windows-HttpService" Guid="{dd5ef90a-6398-47a4-ad34-4dcecdef795f}"></Provider>
<EventID Qualifiers="">114</EventID>
<Version>0</Version>
<Level>4</Level>
<Task>5</Task>
<Opcode>123</Opcode>
<Keywords>0x4000000000000040</Keywords>
<TimeCreated SystemTime="2024-06-28 17:56:23.187433+00:00"></TimeCreated>
<EventRecordID>299733</EventRecordID>
<Correlation ActivityID="" RelatedActivityID=""></Correlation>
<Execution ProcessID="6792" ThreadID="33472"></Execution>
<Channel>System</Channel>
<Computer>DESKTOP-LLF4HB6</Computer>
<Security UserID="S-1-5-19"></Security>
</System>
<EventData><Data Name="UrlGroupId">18302628916235337732</Data>
<Data Name="Url">http://*:2869/upnp/eventing/</Data>
<Data Name="ProcessId">6792</Data>
<Data Name="ExecutablePath">\Device\HarddiskVolume3\Windows\System32\svchost.exe</Data>
<Data Name="UserSid">S-1-5-19</Data>
</EventData>
</Event>

<Event xmlns="http://schemas.microsoft.com/win/2004/08/events/event"><System><Provider Name="Microsoft-Windows-HttpService" Guid="{dd5ef90a-6398-47a4-ad34-4dcecdef795f}"></Provider>
<EventID Qualifiers="">113</EventID>
<Version>0</Version>
<Level>4</Level>
<Task>5</Task>
<Opcode>122</Opcode>
<Keywords>0x4000000000000040</Keywords>
<TimeCreated SystemTime="2024-06-28 17:56:23.225742+00:00"></TimeCreated>
<EventRecordID>299734</EventRecordID>
<Correlation ActivityID="" RelatedActivityID=""></Correlation>
<Execution ProcessID="6792" ThreadID="33472"></Execution>
<Channel>System</Channel>
<Computer>DESKTOP-LLF4HB6</Computer>
<Security UserID="S-1-5-19"></Security>
</System>
<EventData><Data Name="UrlGroupId">18302628911940370440</Data>
<Data Name="Url">http://*:2869/upnp/eventing/</Data>
<Data Name="Status">0</Data>
<Data Name="ProcessId">6792</Data>
<Data Name="ExecutablePath">\Device\HarddiskVolume3\Windows\System32\svchost.exe</Data>
<Data Name="UserSid">S-1-5-19</Data>
</EventData>
</Event>

<Event xmlns="http://schemas.microsoft.com/win/2004/08/events/event"><System><Provider Name="Microsoft-Windows-HttpService" Guid="{dd5ef90a-6398-47a4-ad34-4dcecdef795f}"></Provider>
<EventID Qualifiers="">114</EventID>
<Version>0</Version>
<Level>4</Level>
<Task>5</Task>
<Opcode>123</Opcode>
<Keywords>0x4000000000000040</Keywords>
<TimeCreated SystemTime="2024-06-28 17:57:49.052336+00:00"></TimeCreated>
<EventRecordID>299735</EventRecordID>
<Correlation ActivityID="" RelatedActivityID=""></Correlation>
<Execution ProcessID="6792" ThreadID="31720"></Execution>
<Channel>System</Channel>
<Computer>DESKTOP-LLF4HB6</Computer>
<Security UserID="S-1-5-19"></Security>
</System>
<EventData><Data Name="UrlGroupId">18302628911940370440</Data>
<Data Name="Url">http://*:2869/upnp/eventing/</Data>
<Data Name="ProcessId">6792</Data>
<Data Name="ExecutablePath">\Device\HarddiskVolume3\Windows\System32\svchost.exe</Data>
<Data Name="UserSid">S-1-5-19</Data>
</EventData>
</Event>

<Event xmlns="http://schemas.microsoft.com/win/2004/08/events/event"><System><Provider Name="Microsoft-Windows-HttpService" Guid="{dd5ef90a-6398-47a4-ad34-4dcecdef795f}"></Provider>
<EventID Qualifiers="">113</EventID>
<Version>0</Version>
<Level>4</Level>
<Task>5</Task>
<Opcode>122</Opcode>
<Keywords>0x4000000000000040</Keywords>
<TimeCreated SystemTime="2024-06-28 17:57:49.105284+00:00"></TimeCreated>
<EventRecordID>299736</EventRecordID>
<Correlation ActivityID="" RelatedActivityID=""></Correlation>
<Execution ProcessID="6792" ThreadID="31720"></Execution>
<Channel>System</Channel>
<Computer>DESKTOP-LLF4HB6</Computer>
<Security UserID="S-1-5-19"></Security>
</System>
<EventData><Data Name="UrlGroupId">18302628916235337733</Data>
<Data Name="Url">http://*:2869/upnp/eventing/</Data>
<Data Name="Status">0</Data>
<Data Name="ProcessId">6792</Data>
<Data Name="ExecutablePath">\Device\HarddiskVolume3\Windows\System32\svchost.exe</Data>
<Data Name="UserSid">S-1-5-19</Data>
</EventData>
</Event>

<Event xmlns="http://schemas.microsoft.com/win/2004/08/events/event"><System><Provider Name="Microsoft-Windows-HttpService" Guid="{dd5ef90a-6398-47a4-ad34-4dcecdef795f}"></Provider>
<EventID Qualifiers="">114</EventID>
<Version>0</Version>
<Level>4</Level>
<Task>5</Task>
<Opcode>123</Opcode>
<Keywords>0x4000000000000040</Keywords>
<TimeCreated SystemTime="2024-06-28 17:57:49.202497+00:00"></TimeCreated>
<EventRecordID>299737</EventRecordID>
<Correlation ActivityID="" RelatedActivityID=""></Correlation>
<Execution ProcessID="6792" ThreadID="33472"></Execution>
<Channel>System</Channel>
<Computer>DESKTOP-LLF4HB6</Computer>
<Security UserID="S-1-5-19"></Security>
</System>
<EventData><Data Name="UrlGroupId">18302628916235337733</Data>
<Data Name="Url">http://*:2869/upnp/eventing/</Data>
<Data Name="ProcessId">6792</Data>
<Data Name="ExecutablePath">\Device\HarddiskVolume3\Windows\System32\svchost.exe</Data>
<Data Name="UserSid">S-1-5-19</Data>
</EventData>
</Event>

<Event xmlns="http://schemas.microsoft.com/win/2004/08/events/event"><System><Provider Name="Microsoft-Windows-HttpService" Guid="{dd5ef90a-6398-47a4-ad34-4dcecdef795f}"></Provider>
<EventID Qualifiers="">113</EventID>
<Version>0</Version>
<Level>4</Level>
<Task>5</Task>
<Opcode>122</Opcode>
<Keywords>0x4000000000000040</Keywords>
<TimeCreated SystemTime="2024-06-28 17:57:49.270914+00:00"></TimeCreated>
<EventRecordID>299738</EventRecordID>
<Correlation ActivityID="" RelatedActivityID=""></Correlation>
<Execution ProcessID="6792" ThreadID="33472"></Execution>
<Channel>System</Channel>
<Computer>DESKTOP-LLF4HB6</Computer>
<Security UserID="S-1-5-19"></Security>
</System>
<EventData><Data Name="UrlGroupId">18302628903350435845</Data>
<Data Name="Url">http://*:2869/upnp/eventing/</Data>
<Data Name="Status">0</Data>
<Data Name="ProcessId">6792</Data>
<Data Name="ExecutablePath">\Device\HarddiskVolume3\Windows\System32\svchost.exe</Data>
<Data Name="UserSid">S-1-5-19</Data>
</EventData>
</Event>

<Event xmlns="http://schemas.microsoft.com/win/2004/08/events/event"><System><Provider Name="Microsoft-Windows-HttpService" Guid="{dd5ef90a-6398-47a4-ad34-4dcecdef795f}"></Provider>
<EventID Qualifiers="">114</EventID>
<Version>0</Version>
<Level>4</Level>
<Task>5</Task>
<Opcode>123</Opcode>
<Keywords>0x4000000000000040</Keywords>
<TimeCreated SystemTime="2024-06-28 17:59:20.011316+00:00"></TimeCreated>
<EventRecordID>299739</EventRecordID>
<Correlation ActivityID="" RelatedActivityID=""></Correlation>
<Execution ProcessID="6792" ThreadID="27240"></Execution>
<Channel>System</Channel>
<Computer>DESKTOP-LLF4HB6</Computer>
<Security UserID="S-1-5-19"></Security>
</System>
<EventData><Data Name="UrlGroupId">18302628903350435845</Data>
<Data Name="Url">http://*:2869/upnp/eventing/</Data>
<Data Name="ProcessId">6792</Data>
<Data Name="ExecutablePath">\Device\HarddiskVolume3\Windows\System32\svchost.exe</Data>
<Data Name="UserSid">S-1-5-19</Data>
</EventData>
</Event>

<Event xmlns="http://schemas.microsoft.com/win/2004/08/events/event"><System><Provider Name="Microsoft-Windows-HttpService" Guid="{dd5ef90a-6398-47a4-ad34-4dcecdef795f}"></Provider>
<EventID Qualifiers="">113</EventID>
<Version>0</Version>
<Level>4</Level>
<Task>5</Task>
<Opcode>122</Opcode>
<Keywords>0x4000000000000040</Keywords>
<TimeCreated SystemTime="2024-06-28 17:59:20.054426+00:00"></TimeCreated>
<EventRecordID>299740</EventRecordID>
<Correlation ActivityID="" RelatedActivityID=""></Correlation>
<Execution ProcessID="6792" ThreadID="27240"></Execution>
<Channel>System</Channel>
<Computer>DESKTOP-LLF4HB6</Computer>
<Security UserID="S-1-5-19"></Security>
</System>
<EventData><Data Name="UrlGroupId">18302628899055468550</Data>
<Data Name="Url">http://*:2869/upnp/eventing/</Data>
<Data Name="Status">0</Data>
<Data Name="ProcessId">6792</Data>
<Data Name="ExecutablePath">\Device\HarddiskVolume3\Windows\System32\svchost.exe</Data>
<Data Name="UserSid">S-1-5-19</Data>
</EventData>
</Event>

<Event xmlns="http://schemas.microsoft.com/win/2004/08/events/event"><System><Provider Name="Microsoft-Windows-HttpService" Guid="{dd5ef90a-6398-47a4-ad34-4dcecdef795f}"></Provider>
<EventID Qualifiers="">114</EventID>
<Version>0</Version>
<Level>4</Level>
<Task>5</Task>
<Opcode>123</Opcode>
<Keywords>0x4000000000000040</Keywords>
<TimeCreated SystemTime="2024-06-28 17:59:20.128447+00:00"></TimeCreated>
<EventRecordID>299741</EventRecordID>
<Correlation ActivityID="" RelatedActivityID=""></Correlation>
<Execution ProcessID="6792" ThreadID="31720"></Execution>
<Channel>System</Channel>
<Computer>DESKTOP-LLF4HB6</Computer>
<Security UserID="S-1-5-19"></Security>
</System>
<EventData><Data Name="UrlGroupId">18302628899055468550</Data>
<Data Name="Url">http://*:2869/upnp/eventing/</Data>
<Data Name="ProcessId">6792</Data>
<Data Name="ExecutablePath">\Device\HarddiskVolume3\Windows\System32\svchost.exe</Data>
<Data Name="UserSid">S-1-5-19</Data>
</EventData>
</Event>

<Event xmlns="http://schemas.microsoft.com/win/2004/08/events/event"><System><Provider Name="Microsoft-Windows-HttpService" Guid="{dd5ef90a-6398-47a4-ad34-4dcecdef795f}"></Provider>
<EventID Qualifiers="">113</EventID>
<Version>0</Version>
<Level>4</Level>
<Task>5</Task>
<Opcode>122</Opcode>
<Keywords>0x4000000000000040</Keywords>
<TimeCreated SystemTime="2024-06-28 17:59:20.182192+00:00"></TimeCreated>
<EventRecordID>299742</EventRecordID>
<Correlation ActivityID="" RelatedActivityID=""></Correlation>
<Execution ProcessID="6792" ThreadID="31720"></Execution>
<Channel>System</Channel>
<Computer>DESKTOP-LLF4HB6</Computer>
<Security UserID="S-1-5-19"></Security>
</System>
<EventData><Data Name="UrlGroupId">18302628886170566659</Data>
<Data Name="Url">http://*:2869/upnp/eventing/</Data>
<Data Name="Status">0</Data>
<Data Name="ProcessId">6792</Data>
<Data Name="ExecutablePath">\Device\HarddiskVolume3\Windows\System32\svchost.exe</Data>
<Data Name="UserSid">S-1-5-19</Data>
</EventData>
</Event>

<Event xmlns="http://schemas.microsoft.com/win/2004/08/events/event"><System><Provider Name="Microsoft-Windows-HttpService" Guid="{dd5ef90a-6398-47a4-ad34-4dcecdef795f}"></Provider>
<EventID Qualifiers="">114</EventID>
<Version>0</Version>
<Level>4</Level>
<Task>5</Task>
<Opcode>123</Opcode>
<Keywords>0x4000000000000040</Keywords>
<TimeCreated SystemTime="2024-06-28 18:01:15.492060+00:00"></TimeCreated>
<EventRecordID>299743</EventRecordID>
<Correlation ActivityID="" RelatedActivityID=""></Correlation>
<Execution ProcessID="6792" ThreadID="27240"></Execution>
<Channel>System</Channel>
<Computer>DESKTOP-LLF4HB6</Computer>
<Security UserID="S-1-5-19"></Security>
</System>
<EventData><Data Name="UrlGroupId">18302628886170566659</Data>
<Data Name="Url">http://*:2869/upnp/eventing/</Data>
<Data Name="ProcessId">6792</Data>
<Data Name="ExecutablePath">\Device\HarddiskVolume3\Windows\System32\svchost.exe</Data>
<Data Name="UserSid">S-1-5-19</Data>
</EventData>
</Event>

<Event xmlns="http://schemas.microsoft.com/win/2004/08/events/event"><System><Provider Name="Microsoft-Windows-HttpService" Guid="{dd5ef90a-6398-47a4-ad34-4dcecdef795f}"></Provider>
<EventID Qualifiers="">113</EventID>
<Version>0</Version>
<Level>4</Level>
<Task>5</Task>
<Opcode>122</Opcode>
<Keywords>0x4000000000000040</Keywords>
<TimeCreated SystemTime="2024-06-28 18:01:15.557398+00:00"></TimeCreated>
<EventRecordID>299744</EventRecordID>
<Correlation ActivityID="" RelatedActivityID=""></Correlation>
<Execution ProcessID="6792" ThreadID="27240"></Execution>
<Channel>System</Channel>
<Computer>DESKTOP-LLF4HB6</Computer>
<Security UserID="S-1-5-19"></Security>
</System>
<EventData><Data Name="UrlGroupId">18302628903350435846</Data>
<Data Name="Url">http://*:2869/upnp/eventing/</Data>
<Data Name="Status">0</Data>
<Data Name="ProcessId">6792</Data>
<Data Name="ExecutablePath">\Device\HarddiskVolume3\Windows\System32\svchost.exe</Data>
<Data Name="UserSid">S-1-5-19</Data>
</EventData>
</Event>

<Event xmlns="http://schemas.microsoft.com/win/2004/08/events/event"><System><Provider Name="Microsoft-Windows-HttpService" Guid="{dd5ef90a-6398-47a4-ad34-4dcecdef795f}"></Provider>
<EventID Qualifiers="">114</EventID>
<Version>0</Version>
<Level>4</Level>
<Task>5</Task>
<Opcode>123</Opcode>
<Keywords>0x4000000000000040</Keywords>
<TimeCreated SystemTime="2024-06-28 18:01:16.229128+00:00"></TimeCreated>
<EventRecordID>299745</EventRecordID>
<Correlation ActivityID="" RelatedActivityID=""></Correlation>
<Execution ProcessID="6792" ThreadID="31720"></Execution>
<Channel>System</Channel>
<Computer>DESKTOP-LLF4HB6</Computer>
<Security UserID="S-1-5-19"></Security>
</System>
<EventData><Data Name="UrlGroupId">18302628903350435846</Data>
<Data Name="Url">http://*:2869/upnp/eventing/</Data>
<Data Name="ProcessId">6792</Data>
<Data Name="ExecutablePath">\Device\HarddiskVolume3\Windows\System32\svchost.exe</Data>
<Data Name="UserSid">S-1-5-19</Data>
</EventData>
</Event>

<Event xmlns="http://schemas.microsoft.com/win/2004/08/events/event"><System><Provider Name="Microsoft-Windows-HttpService" Guid="{dd5ef90a-6398-47a4-ad34-4dcecdef795f}"></Provider>
<EventID Qualifiers="">113</EventID>
<Version>0</Version>
<Level>4</Level>
<Task>5</Task>
<Opcode>122</Opcode>
<Keywords>0x4000000000000040</Keywords>
<TimeCreated SystemTime="2024-06-28 18:01:16.310732+00:00"></TimeCreated>
<EventRecordID>299746</EventRecordID>
<Correlation ActivityID="" RelatedActivityID=""></Correlation>
<Execution ProcessID="6792" ThreadID="31720"></Execution>
<Channel>System</Channel>
<Computer>DESKTOP-LLF4HB6</Computer>
<Security UserID="S-1-5-19"></Security>
</System>
<EventData><Data Name="UrlGroupId">18302628899055468551</Data>
<Data Name="Url">http://*:2869/upnp/eventing/</Data>
<Data Name="Status">0</Data>
<Data Name="ProcessId">6792</Data>
<Data Name="ExecutablePath">\Device\HarddiskVolume3\Windows\System32\svchost.exe</Data>
<Data Name="UserSid">S-1-5-19</Data>
</EventData>
</Event>

<Event xmlns="http://schemas.microsoft.com/win/2004/08/events/event"><System><Provider Name="Microsoft-Windows-HttpService" Guid="{dd5ef90a-6398-47a4-ad34-4dcecdef795f}"></Provider>
<EventID Qualifiers="">114</EventID>
<Version>0</Version>
<Level>4</Level>
<Task>5</Task>
<Opcode>123</Opcode>
<Keywords>0x4000000000000040</Keywords>
<TimeCreated SystemTime="2024-06-28 18:01:35.106441+00:00"></TimeCreated>
<EventRecordID>299747</EventRecordID>
<Correlation ActivityID="" RelatedActivityID=""></Correlation>
<Execution ProcessID="6792" ThreadID="13996"></Execution>
<Channel>System</Channel>
<Computer>DESKTOP-LLF4HB6</Computer>
<Security UserID="S-1-5-19"></Security>
</System>
<EventData><Data Name="UrlGroupId">18302628899055468551</Data>
<Data Name="Url">http://*:2869/upnp/eventing/</Data>
<Data Name="ProcessId">6792</Data>
<Data Name="ExecutablePath">\Device\HarddiskVolume3\Windows\System32\svchost.exe</Data>
<Data Name="UserSid">S-1-5-19</Data>
</EventData>
</Event>

<Event xmlns="http://schemas.microsoft.com/win/2004/08/events/event"><System><Provider Name="Microsoft-Windows-HttpService" Guid="{dd5ef90a-6398-47a4-ad34-4dcecdef795f}"></Provider>
<EventID Qualifiers="">113</EventID>
<Version>0</Version>
<Level>4</Level>
<Task>5</Task>
<Opcode>122</Opcode>
<Keywords>0x4000000000000040</Keywords>
<TimeCreated SystemTime="2024-06-28 18:01:35.138132+00:00"></TimeCreated>
<EventRecordID>299748</EventRecordID>
<Correlation ActivityID="" RelatedActivityID=""></Correlation>
<Execution ProcessID="6792" ThreadID="13996"></Execution>
<Channel>System</Channel>
<Computer>DESKTOP-LLF4HB6</Computer>
<Security UserID="S-1-5-19"></Security>
</System>
<EventData><Data Name="UrlGroupId">18302628907645403145</Data>
<Data Name="Url">http://*:2869/upnp/eventing/</Data>
<Data Name="Status">0</Data>
<Data Name="ProcessId">6792</Data>
<Data Name="ExecutablePath">\Device\HarddiskVolume3\Windows\System32\svchost.exe</Data>
<Data Name="UserSid">S-1-5-19</Data>
</EventData>
</Event>

<Event xmlns="http://schemas.microsoft.com/win/2004/08/events/event"><System><Provider Name="Microsoft-Windows-HttpService" Guid="{dd5ef90a-6398-47a4-ad34-4dcecdef795f}"></Provider>
<EventID Qualifiers="">114</EventID>
<Version>0</Version>
<Level>4</Level>
<Task>5</Task>
<Opcode>123</Opcode>
<Keywords>0x4000000000000040</Keywords>
<TimeCreated SystemTime="2024-06-28 18:01:35.237070+00:00"></TimeCreated>
<EventRecordID>299749</EventRecordID>
<Correlation ActivityID="" RelatedActivityID=""></Correlation>
<Execution ProcessID="6792" ThreadID="31720"></Execution>
<Channel>System</Channel>
<Computer>DESKTOP-LLF4HB6</Computer>
<Security UserID="S-1-5-19"></Security>
</System>
<EventData><Data Name="UrlGroupId">18302628907645403145</Data>
<Data Name="Url">http://*:2869/upnp/eventing/</Data>
<Data Name="ProcessId">6792</Data>
<Data Name="ExecutablePath">\Device\HarddiskVolume3\Windows\System32\svchost.exe</Data>
<Data Name="UserSid">S-1-5-19</Data>
</EventData>
</Event>

<Event xmlns="http://schemas.microsoft.com/win/2004/08/events/event"><System><Provider Name="Microsoft-Windows-HttpService" Guid="{dd5ef90a-6398-47a4-ad34-4dcecdef795f}"></Provider>
<EventID Qualifiers="">113</EventID>
<Version>0</Version>
<Level>4</Level>
<Task>5</Task>
<Opcode>122</Opcode>
<Keywords>0x4000000000000040</Keywords>
<TimeCreated SystemTime="2024-06-28 18:01:35.282179+00:00"></TimeCreated>
<EventRecordID>299750</EventRecordID>
<Correlation ActivityID="" RelatedActivityID=""></Correlation>
<Execution ProcessID="6792" ThreadID="31720"></Execution>
<Channel>System</Channel>
<Computer>DESKTOP-LLF4HB6</Computer>
<Security UserID="S-1-5-19"></Security>
</System>
<EventData><Data Name="UrlGroupId">18302628899055468552</Data>
<Data Name="Url">http://*:2869/upnp/eventing/</Data>
<Data Name="Status">0</Data>
<Data Name="ProcessId">6792</Data>
<Data Name="ExecutablePath">\Device\HarddiskVolume3\Windows\System32\svchost.exe</Data>
<Data Name="UserSid">S-1-5-19</Data>
</EventData>
</Event>

<Event xmlns="http://schemas.microsoft.com/win/2004/08/events/event"><System><Provider Name="Microsoft-Windows-HttpService" Guid="{dd5ef90a-6398-47a4-ad34-4dcecdef795f}"></Provider>
<EventID Qualifiers="">114</EventID>
<Version>0</Version>
<Level>4</Level>
<Task>5</Task>
<Opcode>123</Opcode>
<Keywords>0x4000000000000040</Keywords>
<TimeCreated SystemTime="2024-06-28 18:01:44.625765+00:00"></TimeCreated>
<EventRecordID>299751</EventRecordID>
<Correlation ActivityID="" RelatedActivityID=""></Correlation>
<Execution ProcessID="6792" ThreadID="14832"></Execution>
<Channel>System</Channel>
<Computer>DESKTOP-LLF4HB6</Computer>
<Security UserID="S-1-5-19"></Security>
</System>
<EventData><Data Name="UrlGroupId">18302628899055468552</Data>
<Data Name="Url">http://*:2869/upnp/eventing/</Data>
<Data Name="ProcessId">6792</Data>
<Data Name="ExecutablePath">\Device\HarddiskVolume3\Windows\System32\svchost.exe</Data>
<Data Name="UserSid">S-1-5-19</Data>
</EventData>
</Event>

<Event xmlns="http://schemas.microsoft.com/win/2004/08/events/event"><System><Provider Name="Microsoft-Windows-HttpService" Guid="{dd5ef90a-6398-47a4-ad34-4dcecdef795f}"></Provider>
<EventID Qualifiers="">113</EventID>
<Version>0</Version>
<Level>4</Level>
<Task>5</Task>
<Opcode>122</Opcode>
<Keywords>0x4000000000000040</Keywords>
<TimeCreated SystemTime="2024-06-28 18:01:44.669622+00:00"></TimeCreated>
<EventRecordID>299752</EventRecordID>
<Correlation ActivityID="" RelatedActivityID=""></Correlation>
<Execution ProcessID="6792" ThreadID="14832"></Execution>
<Channel>System</Channel>
<Computer>DESKTOP-LLF4HB6</Computer>
<Security UserID="S-1-5-19"></Security>
</System>
<EventData><Data Name="UrlGroupId">18302628899055468553</Data>
<Data Name="Url">http://*:2869/upnp/eventing/</Data>
<Data Name="Status">0</Data>
<Data Name="ProcessId">6792</Data>
<Data Name="ExecutablePath">\Device\HarddiskVolume3\Windows\System32\svchost.exe</Data>
<Data Name="UserSid">S-1-5-19</Data>
</EventData>
</Event>

<Event xmlns="http://schemas.microsoft.com/win/2004/08/events/event"><System><Provider Name="Microsoft-Windows-HttpService" Guid="{dd5ef90a-6398-47a4-ad34-4dcecdef795f}"></Provider>
<EventID Qualifiers="">114</EventID>
<Version>0</Version>
<Level>4</Level>
<Task>5</Task>
<Opcode>123</Opcode>
<Keywords>0x4000000000000040</Keywords>
<TimeCreated SystemTime="2024-06-28 18:01:44.775358+00:00"></TimeCreated>
<EventRecordID>299753</EventRecordID>
<Correlation ActivityID="" RelatedActivityID=""></Correlation>
<Execution ProcessID="6792" ThreadID="20116"></Execution>
<Channel>System</Channel>
<Computer>DESKTOP-LLF4HB6</Computer>
<Security UserID="S-1-5-19"></Security>
</System>
<EventData><Data Name="UrlGroupId">18302628899055468553</Data>
<Data Name="Url">http://*:2869/upnp/eventing/</Data>
<Data Name="ProcessId">6792</Data>
<Data Name="ExecutablePath">\Device\HarddiskVolume3\Windows\System32\svchost.exe</Data>
<Data Name="UserSid">S-1-5-19</Data>
</EventData>
</Event>

<Event xmlns="http://schemas.microsoft.com/win/2004/08/events/event"><System><Provider Name="Microsoft-Windows-HttpService" Guid="{dd5ef90a-6398-47a4-ad34-4dcecdef795f}"></Provider>
<EventID Qualifiers="">113</EventID>
<Version>0</Version>
<Level>4</Level>
<Task>5</Task>
<Opcode>122</Opcode>
<Keywords>0x4000000000000040</Keywords>
<TimeCreated SystemTime="2024-06-28 18:01:44.840704+00:00"></TimeCreated>
<EventRecordID>299754</EventRecordID>
<Correlation ActivityID="" RelatedActivityID=""></Correlation>
<Execution ProcessID="6792" ThreadID="20116"></Execution>
<Channel>System</Channel>
<Computer>DESKTOP-LLF4HB6</Computer>
<Security UserID="S-1-5-19"></Security>
</System>
<EventData><Data Name="UrlGroupId">18302628916235337734</Data>
<Data Name="Url">http://*:2869/upnp/eventing/</Data>
<Data Name="Status">0</Data>
<Data Name="ProcessId">6792</Data>
<Data Name="ExecutablePath">\Device\HarddiskVolume3\Windows\System32\svchost.exe</Data>
<Data Name="UserSid">S-1-5-19</Data>
</EventData>
</Event>

<Event xmlns="http://schemas.microsoft.com/win/2004/08/events/event"><System><Provider Name="Microsoft-Windows-HttpService" Guid="{dd5ef90a-6398-47a4-ad34-4dcecdef795f}"></Provider>
<EventID Qualifiers="">114</EventID>
<Version>0</Version>
<Level>4</Level>
<Task>5</Task>
<Opcode>123</Opcode>
<Keywords>0x4000000000000040</Keywords>
<TimeCreated SystemTime="2024-06-28 18:01:58.245213+00:00"></TimeCreated>
<EventRecordID>299755</EventRecordID>
<Correlation ActivityID="" RelatedActivityID=""></Correlation>
<Execution ProcessID="6792" ThreadID="27240"></Execution>
<Channel>System</Channel>
<Computer>DESKTOP-LLF4HB6</Computer>
<Security UserID="S-1-5-19"></Security>
</System>
<EventData><Data Name="UrlGroupId">18302628916235337734</Data>
<Data Name="Url">http://*:2869/upnp/eventing/</Data>
<Data Name="ProcessId">6792</Data>
<Data Name="ExecutablePath">\Device\HarddiskVolume3\Windows\System32\svchost.exe</Data>
<Data Name="UserSid">S-1-5-19</Data>
</EventData>
</Event>

<Event xmlns="http://schemas.microsoft.com/win/2004/08/events/event"><System><Provider Name="Microsoft-Windows-HttpService" Guid="{dd5ef90a-6398-47a4-ad34-4dcecdef795f}"></Provider>
<EventID Qualifiers="">113</EventID>
<Version>0</Version>
<Level>4</Level>
<Task>5</Task>
<Opcode>122</Opcode>
<Keywords>0x4000000000000040</Keywords>
<TimeCreated SystemTime="2024-06-28 18:01:58.284931+00:00"></TimeCreated>
<EventRecordID>299756</EventRecordID>
<Correlation ActivityID="" RelatedActivityID=""></Correlation>
<Execution ProcessID="6792" ThreadID="27240"></Execution>
<Channel>System</Channel>
<Computer>DESKTOP-LLF4HB6</Computer>
<Security UserID="S-1-5-19"></Security>
</System>
<EventData><Data Name="UrlGroupId">18302628911940370441</Data>
<Data Name="Url">http://*:2869/upnp/eventing/</Data>
<Data Name="Status">0</Data>
<Data Name="ProcessId">6792</Data>
<Data Name="ExecutablePath">\Device\HarddiskVolume3\Windows\System32\svchost.exe</Data>
<Data Name="UserSid">S-1-5-19</Data>
</EventData>
</Event>

<Event xmlns="http://schemas.microsoft.com/win/2004/08/events/event"><System><Provider Name="Microsoft-Windows-HttpService" Guid="{dd5ef90a-6398-47a4-ad34-4dcecdef795f}"></Provider>
<EventID Qualifiers="">114</EventID>
<Version>0</Version>
<Level>4</Level>
<Task>5</Task>
<Opcode>123</Opcode>
<Keywords>0x4000000000000040</Keywords>
<TimeCreated SystemTime="2024-06-28 18:01:58.379887+00:00"></TimeCreated>
<EventRecordID>299757</EventRecordID>
<Correlation ActivityID="" RelatedActivityID=""></Correlation>
<Execution ProcessID="6792" ThreadID="14832"></Execution>
<Channel>System</Channel>
<Computer>DESKTOP-LLF4HB6</Computer>
<Security UserID="S-1-5-19"></Security>
</System>
<EventData><Data Name="UrlGroupId">18302628911940370441</Data>
<Data Name="Url">http://*:2869/upnp/eventing/</Data>
<Data Name="ProcessId">6792</Data>
<Data Name="ExecutablePath">\Device\HarddiskVolume3\Windows\System32\svchost.exe</Data>
<Data Name="UserSid">S-1-5-19</Data>
</EventData>
</Event>

<Event xmlns="http://schemas.microsoft.com/win/2004/08/events/event"><System><Provider Name="Microsoft-Windows-HttpService" Guid="{dd5ef90a-6398-47a4-ad34-4dcecdef795f}"></Provider>
<EventID Qualifiers="">113</EventID>
<Version>0</Version>
<Level>4</Level>
<Task>5</Task>
<Opcode>122</Opcode>
<Keywords>0x4000000000000040</Keywords>
<TimeCreated SystemTime="2024-06-28 18:01:58.439947+00:00"></TimeCreated>
<EventRecordID>299758</EventRecordID>
<Correlation ActivityID="" RelatedActivityID=""></Correlation>
<Execution ProcessID="6792" ThreadID="14832"></Execution>
<Channel>System</Channel>
<Computer>DESKTOP-LLF4HB6</Computer>
<Security UserID="S-1-5-19"></Security>
</System>
<EventData><Data Name="UrlGroupId">18302628903350435847</Data>
<Data Name="Url">http://*:2869/upnp/eventing/</Data>
<Data Name="Status">0</Data>
<Data Name="ProcessId">6792</Data>
<Data Name="ExecutablePath">\Device\HarddiskVolume3\Windows\System32\svchost.exe</Data>
<Data Name="UserSid">S-1-5-19</Data>
</EventData>
</Event>

<Event xmlns="http://schemas.microsoft.com/win/2004/08/events/event"><System><Provider Name="Microsoft-Windows-HttpService" Guid="{dd5ef90a-6398-47a4-ad34-4dcecdef795f}"></Provider>
<EventID Qualifiers="">114</EventID>
<Version>0</Version>
<Level>4</Level>
<Task>5</Task>
<Opcode>123</Opcode>
<Keywords>0x4000000000000040</Keywords>
<TimeCreated SystemTime="2024-06-28 18:02:16.438477+00:00"></TimeCreated>
<EventRecordID>299759</EventRecordID>
<Correlation ActivityID="" RelatedActivityID=""></Correlation>
<Execution ProcessID="6792" ThreadID="20116"></Execution>
<Channel>System</Channel>
<Computer>DESKTOP-LLF4HB6</Computer>
<Security UserID="S-1-5-19"></Security>
</System>
<EventData><Data Name="UrlGroupId">18302628903350435847</Data>
<Data Name="Url">http://*:2869/upnp/eventing/</Data>
<Data Name="ProcessId">6792</Data>
<Data Name="ExecutablePath">\Device\HarddiskVolume3\Windows\System32\svchost.exe</Data>
<Data Name="UserSid">S-1-5-19</Data>
</EventData>
</Event>

<Event xmlns="http://schemas.microsoft.com/win/2004/08/events/event"><System><Provider Name="Microsoft-Windows-HttpService" Guid="{dd5ef90a-6398-47a4-ad34-4dcecdef795f}"></Provider>
<EventID Qualifiers="">113</EventID>
<Version>0</Version>
<Level>4</Level>
<Task>5</Task>
<Opcode>122</Opcode>
<Keywords>0x4000000000000040</Keywords>
<TimeCreated SystemTime="2024-06-28 18:02:16.463720+00:00"></TimeCreated>
<EventRecordID>299760</EventRecordID>
<Correlation ActivityID="" RelatedActivityID=""></Correlation>
<Execution ProcessID="6792" ThreadID="20116"></Execution>
<Channel>System</Channel>
<Computer>DESKTOP-LLF4HB6</Computer>
<Security UserID="S-1-5-19"></Security>
</System>
<EventData><Data Name="UrlGroupId">18302628903350435848</Data>
<Data Name="Url">http://*:2869/upnp/eventing/</Data>
<Data Name="Status">0</Data>
<Data Name="ProcessId">6792</Data>
<Data Name="ExecutablePath">\Device\HarddiskVolume3\Windows\System32\svchost.exe</Data>
<Data Name="UserSid">S-1-5-19</Data>
</EventData>
</Event>

<Event xmlns="http://schemas.microsoft.com/win/2004/08/events/event"><System><Provider Name="Microsoft-Windows-HttpService" Guid="{dd5ef90a-6398-47a4-ad34-4dcecdef795f}"></Provider>
<EventID Qualifiers="">114</EventID>
<Version>0</Version>
<Level>4</Level>
<Task>5</Task>
<Opcode>123</Opcode>
<Keywords>0x4000000000000040</Keywords>
<TimeCreated SystemTime="2024-06-28 18:02:16.574896+00:00"></TimeCreated>
<EventRecordID>299761</EventRecordID>
<Correlation ActivityID="" RelatedActivityID=""></Correlation>
<Execution ProcessID="6792" ThreadID="31720"></Execution>
<Channel>System</Channel>
<Computer>DESKTOP-LLF4HB6</Computer>
<Security UserID="S-1-5-19"></Security>
</System>
<EventData><Data Name="UrlGroupId">18302628903350435848</Data>
<Data Name="Url">http://*:2869/upnp/eventing/</Data>
<Data Name="ProcessId">6792</Data>
<Data Name="ExecutablePath">\Device\HarddiskVolume3\Windows\System32\svchost.exe</Data>
<Data Name="UserSid">S-1-5-19</Data>
</EventData>
</Event>

<Event xmlns="http://schemas.microsoft.com/win/2004/08/events/event"><System><Provider Name="Microsoft-Windows-HttpService" Guid="{dd5ef90a-6398-47a4-ad34-4dcecdef795f}"></Provider>
<EventID Qualifiers="">113</EventID>
<Version>0</Version>
<Level>4</Level>
<Task>5</Task>
<Opcode>122</Opcode>
<Keywords>0x4000000000000040</Keywords>
<TimeCreated SystemTime="2024-06-28 18:02:16.619566+00:00"></TimeCreated>
<EventRecordID>299762</EventRecordID>
<Correlation ActivityID="" RelatedActivityID=""></Correlation>
<Execution ProcessID="6792" ThreadID="31720"></Execution>
<Channel>System</Channel>
<Computer>DESKTOP-LLF4HB6</Computer>
<Security UserID="S-1-5-19"></Security>
</System>
<EventData><Data Name="UrlGroupId">18302628911940370442</Data>
<Data Name="Url">http://*:2869/upnp/eventing/</Data>
<Data Name="Status">0</Data>
<Data Name="ProcessId">6792</Data>
<Data Name="ExecutablePath">\Device\HarddiskVolume3\Windows\System32\svchost.exe</Data>
<Data Name="UserSid">S-1-5-19</Data>
</EventData>
</Event>

<Event xmlns="http://schemas.microsoft.com/win/2004/08/events/event"><System><Provider Name="Service Control Manager" Guid="{555908d1-a6d7-4695-8e1e-26931d2012f4}" EventSourceName="Service Control Manager"></Provider>
<EventID Qualifiers="16384">7040</EventID>
<Version>0</Version>
<Level>4</Level>
<Task>0</Task>
<Opcode>0</Opcode>
<Keywords>0x8080000000000000</Keywords>
<TimeCreated SystemTime="2024-06-28 18:04:20.092413+00:00"></TimeCreated>
<EventRecordID>299763</EventRecordID>
<Correlation ActivityID="" RelatedActivityID=""></Correlation>
<Execution ProcessID="1104" ThreadID="31452"></Execution>
<Channel>System</Channel>
<Computer>DESKTOP-LLF4HB6</Computer>
<Security UserID="S-1-5-18"></Security>
</System>
<EventData><Data Name="param1">Background Intelligent Transfer Service</Data>
<Data Name="param2">auto start</Data>
<Data Name="param3">demand start</Data>
<Data Name="param4">BITS</Data>
</EventData>
</Event>

<Event xmlns="http://schemas.microsoft.com/win/2004/08/events/event"><System><Provider Name="Microsoft-Windows-HttpService" Guid="{dd5ef90a-6398-47a4-ad34-4dcecdef795f}"></Provider>
<EventID Qualifiers="">114</EventID>
<Version>0</Version>
<Level>4</Level>
<Task>5</Task>
<Opcode>123</Opcode>
<Keywords>0x4000000000000040</Keywords>
<TimeCreated SystemTime="2024-06-28 18:04:20.129999+00:00"></TimeCreated>
<EventRecordID>299764</EventRecordID>
<Correlation ActivityID="" RelatedActivityID=""></Correlation>
<Execution ProcessID="6792" ThreadID="27240"></Execution>
<Channel>System</Channel>
<Computer>DESKTOP-LLF4HB6</Computer>
<Security UserID="S-1-5-19"></Security>
</System>
<EventData><Data Name="UrlGroupId">18302628911940370442</Data>
<Data Name="Url">http://*:2869/upnp/eventing/</Data>
<Data Name="ProcessId">6792</Data>
<Data Name="ExecutablePath">\Device\HarddiskVolume3\Windows\System32\svchost.exe</Data>
<Data Name="UserSid">S-1-5-19</Data>
</EventData>
</Event>

<Event xmlns="http://schemas.microsoft.com/win/2004/08/events/event"><System><Provider Name="Microsoft-Windows-Kernel-General" Guid="{a68ca8b7-004f-d7b6-a698-07e2de0f1f5d}"></Provider>
<EventID Qualifiers="">16</EventID>
<Version>0</Version>
<Level>4</Level>
<Task>0</Task>
<Opcode>0</Opcode>
<Keywords>0x8000000000000000</Keywords>
<TimeCreated SystemTime="2024-06-28 18:07:58.442932+00:00"></TimeCreated>
<EventRecordID>299765</EventRecordID>
<Correlation ActivityID="" RelatedActivityID=""></Correlation>
<Execution ProcessID="11980" ThreadID="4404"></Execution>
<Channel>System</Channel>
<Computer>DESKTOP-LLF4HB6</Computer>
<Security UserID="S-1-5-18"></Security>
</System>
<EventData><Data Name="HiveNameLength">112</Data>
<Data Name="HiveName">\??\C:\Users\hp\AppData\Local\Packages\Microsoft.Windows.ShellExperienceHost_cw5n1h2txyewy\Settings\settings.dat</Data>
<Data Name="KeysUpdated">2</Data>
<Data Name="DirtyPages">1</Data>
</EventData>
</Event>

<Event xmlns="http://schemas.microsoft.com/win/2004/08/events/event"><System><Provider Name="nhi"></Provider>
<EventID Qualifiers="16388">9008</EventID>
<Version>0</Version>
<Level>4</Level>
<Task>0</Task>
<Opcode>0</Opcode>
<Keywords>0x0080000000000000</Keywords>
<TimeCreated SystemTime="2024-06-28 18:08:02.050215+00:00"></TimeCreated>
<EventRecordID>299766</EventRecordID>
<Correlation ActivityID="" RelatedActivityID=""></Correlation>
<Execution ProcessID="4" ThreadID="18096"></Execution>
<Channel>System</Channel>
<Computer>DESKTOP-LLF4HB6</Computer>
<Security UserID=""></Security>
</System>
<EventData><Data>&lt;string&gt;&lt;/string&gt;
</Data>
<Binary>AAAAAAEAAAAAAAAAMCMEQAAAAAAAAAAAAAAAAAAAAAAAAAAAAAAAAA==</Binary>
</EventData>
</Event>

<Event xmlns="http://schemas.microsoft.com/win/2004/08/events/event"><System><Provider Name="nhi"></Provider>
<EventID Qualifiers="16388">9007</EventID>
<Version>0</Version>
<Level>4</Level>
<Task>0</Task>
<Opcode>0</Opcode>
<Keywords>0x0080000000000000</Keywords>
<TimeCreated SystemTime="2024-06-28 18:08:17.950716+00:00"></TimeCreated>
<EventRecordID>299767</EventRecordID>
<Correlation ActivityID="" RelatedActivityID=""></Correlation>
<Execution ProcessID="4" ThreadID="27372"></Execution>
<Channel>System</Channel>
<Computer>DESKTOP-LLF4HB6</Computer>
<Security UserID=""></Security>
</System>
<EventData><Data>&lt;string&gt;&lt;/string&gt;
</Data>
<Binary>AAAAAAEAAAAAAAAALyMEQAAAAAAAAAAAAAAAAAAAAAAAAAAAAAAAAA==</Binary>
</EventData>
</Event>

<Event xmlns="http://schemas.microsoft.com/win/2004/08/events/event"><System><Provider Name="Microsoft-Windows-DNS-Client" Guid="{1c95126e-7eea-49a9-a3fe-a378b03ddb4d}"></Provider>
<EventID Qualifiers="">1014</EventID>
<Version>1</Version>
<Level>3</Level>
<Task>1014</Task>
<Opcode>0</Opcode>
<Keywords>0x4000000010000000</Keywords>
<TimeCreated SystemTime="2024-06-28 18:21:48.524641+00:00"></TimeCreated>
<EventRecordID>299768</EventRecordID>
<Correlation ActivityID="" RelatedActivityID=""></Correlation>
<Execution ProcessID="2532" ThreadID="34004"></Execution>
<Channel>System</Channel>
<Computer>DESKTOP-LLF4HB6</Computer>
<Security UserID="S-1-5-20"></Security>
</System>
<EventData><Data Name="QueryName">go.microsoft.com</Data>
<Data Name="AddressLength">128</Data>
<Data Name="Address">AgAAAMCoAAEAAAAAAAAAAAAAAAAAAAAAAAAAAAAAAAAAAAAAAAAAAAAAAAAAAAAAAAAAAAAAAAAAAAAAAAAAAAAAAAAAAAAAAAAAAAAAAAAAAAAAAAAAAAAAAAAAAAAAAAAAAAAAAAAAAAAAAAAAAAAAAAAAAAAAAAAAAAAAAAA=</Data>
<Data Name="ClientPID">25304</Data>
</EventData>
</Event>

<Event xmlns="http://schemas.microsoft.com/win/2004/08/events/event"><System><Provider Name="Microsoft-Windows-Kernel-Power" Guid="{331c3b3a-2005-44c2-ac5e-77220c37d6b4}"></Provider>
<EventID Qualifiers="">105</EventID>
<Version>1</Version>
<Level>4</Level>
<Task>100</Task>
<Opcode>0</Opcode>
<Keywords>0x8000000000000404</Keywords>
<TimeCreated SystemTime="2024-06-28 18:40:36.388397+00:00"></TimeCreated>
<EventRecordID>299769</EventRecordID>
<Correlation ActivityID="" RelatedActivityID=""></Correlation>
<Execution ProcessID="4" ThreadID="29188"></Execution>
<Channel>System</Channel>
<Computer>DESKTOP-LLF4HB6</Computer>
<Security UserID="S-1-5-18"></Security>
</System>
<EventData><Data Name="AcOnline">True</Data>
<Data Name="RemainingCapacity">3812</Data>
<Data Name="FullChargeCapacity">33380</Data>
</EventData>
</Event>

<Event xmlns="http://schemas.microsoft.com/win/2004/08/events/event"><System><Provider Name="Microsoft-Windows-Kernel-General" Guid="{a68ca8b7-004f-d7b6-a698-07e2de0f1f5d}"></Provider>
<EventID Qualifiers="">16</EventID>
<Version>0</Version>
<Level>4</Level>
<Task>0</Task>
<Opcode>0</Opcode>
<Keywords>0x8000000000000000</Keywords>
<TimeCreated SystemTime="2024-06-28 19:03:34.200727+00:00"></TimeCreated>
<EventRecordID>299770</EventRecordID>
<Correlation ActivityID="" RelatedActivityID=""></Correlation>
<Execution ProcessID="10964" ThreadID="35884"></Execution>
<Channel>System</Channel>
<Computer>DESKTOP-LLF4HB6</Computer>
<Security UserID="S-1-5-18"></Security>
</System>
<EventData><Data Name="HiveNameLength">98</Data>
<Data Name="HiveName">\??\C:\Users\hp\AppData\Local\Packages\Microsoft.Paint_8wekyb3d8bbwe\SystemAppData\Helium\User.dat</Data>
<Data Name="KeysUpdated">14</Data>
<Data Name="DirtyPages">2</Data>
</EventData>
</Event>

<Event xmlns="http://schemas.microsoft.com/win/2004/08/events/event"><System><Provider Name="Microsoft-Windows-Kernel-General" Guid="{a68ca8b7-004f-d7b6-a698-07e2de0f1f5d}"></Provider>
<EventID Qualifiers="">16</EventID>
<Version>0</Version>
<Level>4</Level>
<Task>0</Task>
<Opcode>0</Opcode>
<Keywords>0x8000000000000000</Keywords>
<TimeCreated SystemTime="2024-06-28 19:03:34.204416+00:00"></TimeCreated>
<EventRecordID>299771</EventRecordID>
<Correlation ActivityID="" RelatedActivityID=""></Correlation>
<Execution ProcessID="10964" ThreadID="35884"></Execution>
<Channel>System</Channel>
<Computer>DESKTOP-LLF4HB6</Computer>
<Security UserID="S-1-5-18"></Security>
</System>
<EventData><Data Name="HiveNameLength">105</Data>
<Data Name="HiveName">\??\C:\Users\hp\AppData\Local\Packages\Microsoft.Paint_8wekyb3d8bbwe\SystemAppData\Helium\UserClasses.dat</Data>
<Data Name="KeysUpdated">5</Data>
<Data Name="DirtyPages">1</Data>
</EventData>
</Event>

<Event xmlns="http://schemas.microsoft.com/win/2004/08/events/event"><System><Provider Name="User32" Guid="{b0aa8734-56f7-41cc-b2f4-de228e98b946}" EventSourceName="User32"></Provider>
<EventID Qualifiers="32768">1074</EventID>
<Version>0</Version>
<Level>4</Level>
<Task>0</Task>
<Opcode>0</Opcode>
<Keywords>0x8080000000000000</Keywords>
<TimeCreated SystemTime="2024-06-28 19:15:28.570429+00:00"></TimeCreated>
<EventRecordID>299772</EventRecordID>
<Correlation ActivityID="" RelatedActivityID=""></Correlation>
<Execution ProcessID="1040" ThreadID="16532"></Execution>
<Channel>System</Channel>
<Computer>DESKTOP-LLF4HB6</Computer>
<Security UserID="S-1-5-21-3356611828-2158967444-2878968500-1001"></Security>
</System>
<EventData><Data Name="param1">Explorer.EXE</Data>
<Data Name="param2">DESKTOP-LLF4HB6</Data>
<Data Name="param3">Other (Unplanned)</Data>
<Data Name="param4">0x0</Data>
<Data Name="param5">power off</Data>
<Data Name="param6"></Data>
<Data Name="param7">DESKTOP-LLF4HB6\hp</Data>
</EventData>
</Event>

<Event xmlns="http://schemas.microsoft.com/win/2004/08/events/event"><System><Provider Name="Microsoft-Windows-IsolatedUserMode" Guid="{73a33ab2-1966-4999-8add-868c41415269}"></Provider>
<EventID Qualifiers="">2</EventID>
<Version>0</Version>
<Level>4</Level>
<Task>0</Task>
<Opcode>0</Opcode>
<Keywords>0x8000400000000000</Keywords>
<TimeCreated SystemTime="2024-06-28 19:15:29.186291+00:00"></TimeCreated>
<EventRecordID>299773</EventRecordID>
<Correlation ActivityID="" RelatedActivityID=""></Correlation>
<Execution ProcessID="27704" ThreadID="13588"></Execution>
<Channel>System</Channel>
<Computer>DESKTOP-LLF4HB6</Computer>
<Security UserID="S-1-5-21-3356611828-2158967444-2878968500-1001"></Security>
</System>
<EventData><Data Name="TrustletIdentity">0</Data>
<Data Name="NormalProcessId">0</Data>
<Data Name="Status">0</Data>
</EventData>
</Event>

<Event xmlns="http://schemas.microsoft.com/win/2004/08/events/event"><System><Provider Name="Microsoft-Windows-DistributedCOM" Guid="{1B562E86-B7AA-4131-BADC-B6F3A001407E}" EventSourceName="DCOM"></Provider>
<EventID Qualifiers="0">10010</EventID>
<Version>0</Version>
<Level>2</Level>
<Task>0</Task>
<Opcode>0</Opcode>
<Keywords>0x8080000000000000</Keywords>
<TimeCreated SystemTime="2024-06-28 19:15:31.498659+00:00"></TimeCreated>
<EventRecordID>299774</EventRecordID>
<Correlation ActivityID="{5bde804c-c914-0001-63e8-2b5c14c9da01}" RelatedActivityID=""></Correlation>
<Execution ProcessID="1528" ThreadID="34892"></Execution>
<Channel>System</Channel>
<Computer>DESKTOP-LLF4HB6</Computer>
<Security UserID="S-1-5-21-3356611828-2158967444-2878968500-1001"></Security>
</System>
<EventData><Data Name="param1">{AB8902B4-09CA-4BB6-B78D-A8F59079A8D5}</Data>
</EventData>
</Event>

<Event xmlns="http://schemas.microsoft.com/win/2004/08/events/event"><System><Provider Name="Microsoft-Windows-DistributedCOM" Guid="{1B562E86-B7AA-4131-BADC-B6F3A001407E}" EventSourceName="DCOM"></Provider>
<EventID Qualifiers="0">10010</EventID>
<Version>0</Version>
<Level>2</Level>
<Task>0</Task>
<Opcode>0</Opcode>
<Keywords>0x8080000000000000</Keywords>
<TimeCreated SystemTime="2024-06-28 19:15:31.519724+00:00"></TimeCreated>
<EventRecordID>299775</EventRecordID>
<Correlation ActivityID="{5bde804c-c914-0001-a6e8-2b5c14c9da01}" RelatedActivityID=""></Correlation>
<Execution ProcessID="1528" ThreadID="34892"></Execution>
<Channel>System</Channel>
<Computer>DESKTOP-LLF4HB6</Computer>
<Security UserID="S-1-5-21-3356611828-2158967444-2878968500-1001"></Security>
</System>
<EventData><Data Name="param1">{AB8902B4-09CA-4BB6-B78D-A8F59079A8D5}</Data>
</EventData>
</Event>

