<Event xmlns="http://schemas.microsoft.com/win/2004/08/events/event"><System><Provider Name="Microsoft-Windows-UserPnp" Guid="{96f4a050-7e31-453c-88be-9634f4e02139}"></Provider>
<EventID Qualifiers="">20003</EventID>
<Version>0</Version>
<Level>4</Level>
<Task>7005</Task>
<Opcode>0</Opcode>
<Keywords>0x8000000000000000</Keywords>
<TimeCreated SystemTime="2024-06-28 04:50:21.816338+00:00"></TimeCreated>
<EventRecordID>299515</EventRecordID>
<Correlation ActivityID="" RelatedActivityID=""></Correlation>
<Execution ProcessID="15848" ThreadID="10164"></Execution>
<Channel>System</Channel>
<Computer>DESKTOP-LLF4HB6</Computer>
<Security UserID="S-1-5-18"></Security>
</System>
<UserData><AddServiceID xmlns="http://manifests.microsoft.com/win/2004/08/windows/userpnp"><ServiceName>HPAppHelperCap</ServiceName>
<DriverFileName>%SystemRoot%\System32\DriverStore\FileRepository\hpcustomcapcomp.inf_amd64_efac4a5aaa90df25\x64\AppHelperCap.exe</DriverFileName>
<DeviceInstanceID>SWD\DRIVERENUM\{30E20916-51CC-469C-AD2D-EAEEE7624B3B}#FUSIONSOFTWARE&amp;3&amp;6A84D0&amp;0</DeviceInstanceID>
<PrimaryService>False</PrimaryService>
<UpdateService>True</UpdateService>
<AddServiceStatus>0</AddServiceStatus>
</AddServiceID>
</UserData>
</Event>

<Event xmlns="http://schemas.microsoft.com/win/2004/08/events/event"><System><Provider Name="Microsoft-Windows-UserPnp" Guid="{96f4a050-7e31-453c-88be-9634f4e02139}"></Provider>
<EventID Qualifiers="">20003</EventID>
<Version>0</Version>
<Level>4</Level>
<Task>7005</Task>
<Opcode>0</Opcode>
<Keywords>0x8000000000000000</Keywords>
<TimeCreated SystemTime="2024-06-28 04:50:21.909435+00:00"></TimeCreated>
<EventRecordID>299516</EventRecordID>
<Correlation ActivityID="" RelatedActivityID=""></Correlation>
<Execution ProcessID="15848" ThreadID="10164"></Execution>
<Channel>System</Channel>
<Computer>DESKTOP-LLF4HB6</Computer>
<Security UserID="S-1-5-18"></Security>
</System>
<UserData><AddServiceID xmlns="http://manifests.microsoft.com/win/2004/08/windows/userpnp"><ServiceName>HPNetworkCap</ServiceName>
<DriverFileName>%SystemRoot%\System32\DriverStore\FileRepository\hpcustomcapcomp.inf_amd64_efac4a5aaa90df25\x64\NetworkCap.exe</DriverFileName>
<DeviceInstanceID>SWD\DRIVERENUM\{30E20916-51CC-469C-AD2D-EAEEE7624B3B}#FUSIONSOFTWARE&amp;3&amp;6A84D0&amp;0</DeviceInstanceID>
<PrimaryService>False</PrimaryService>
<UpdateService>True</UpdateService>
<AddServiceStatus>0</AddServiceStatus>
</AddServiceID>
</UserData>
</Event>

<Event xmlns="http://schemas.microsoft.com/win/2004/08/events/event"><System><Provider Name="Microsoft-Windows-UserPnp" Guid="{96f4a050-7e31-453c-88be-9634f4e02139}"></Provider>
<EventID Qualifiers="">20003</EventID>
<Version>0</Version>
<Level>4</Level>
<Task>7005</Task>
<Opcode>0</Opcode>
<Keywords>0x8000000000000000</Keywords>
<TimeCreated SystemTime="2024-06-28 04:50:21.992622+00:00"></TimeCreated>
<EventRecordID>299517</EventRecordID>
<Correlation ActivityID="" RelatedActivityID=""></Correlation>
<Execution ProcessID="15848" ThreadID="10164"></Execution>
<Channel>System</Channel>
<Computer>DESKTOP-LLF4HB6</Computer>
<Security UserID="S-1-5-18"></Security>
</System>
<UserData><AddServiceID xmlns="http://manifests.microsoft.com/win/2004/08/windows/userpnp"><ServiceName>HPDiagsCap</ServiceName>
<DriverFileName>%SystemRoot%\System32\DriverStore\FileRepository\hpcustomcapcomp.inf_amd64_efac4a5aaa90df25\x64\DiagsCap.exe</DriverFileName>
<DeviceInstanceID>SWD\DRIVERENUM\{30E20916-51CC-469C-AD2D-EAEEE7624B3B}#FUSIONSOFTWARE&amp;3&amp;6A84D0&amp;0</DeviceInstanceID>
<PrimaryService>False</PrimaryService>
<UpdateService>True</UpdateService>
<AddServiceStatus>0</AddServiceStatus>
</AddServiceID>
</UserData>
</Event>

<Event xmlns="http://schemas.microsoft.com/win/2004/08/events/event"><System><Provider Name="Microsoft-Windows-WindowsUpdateClient" Guid="{945a8954-c147-4acd-923f-40c45405a658}"></Provider>
<EventID Qualifiers="">19</EventID>
<Version>1</Version>
<Level>4</Level>
<Task>1</Task>
<Opcode>13</Opcode>
<Keywords>0x8000000000000018</Keywords>
<TimeCreated SystemTime="2024-06-28 04:50:22.180216+00:00"></TimeCreated>
<EventRecordID>299518</EventRecordID>
<Correlation ActivityID="" RelatedActivityID=""></Correlation>
<Execution ProcessID="12532" ThreadID="12164"></Execution>
<Channel>System</Channel>
<Computer>DESKTOP-LLF4HB6</Computer>
<Security UserID="S-1-5-18"></Security>
</System>
<EventData><Data Name="updateTitle">HP Inc. - SoftwareComponent - 1.67.3794.0</Data>
<Data Name="updateGuid">{32f38e05-432a-49d4-98c2-e4b95556afdf}</Data>
<Data Name="updateRevisionNumber">1</Data>
<Data Name="serviceGuid">{8b24b027-1dee-babb-9a95-3517dfb9c552}</Data>
</EventData>
</Event>

<Event xmlns="http://schemas.microsoft.com/win/2004/08/events/event"><System><Provider Name="Tcpip"></Provider>
<EventID Qualifiers="32768">4266</EventID>
<Version>0</Version>
<Level>3</Level>
<Task>0</Task>
<Opcode>0</Opcode>
<Keywords>0x0080000000000000</Keywords>
<TimeCreated SystemTime="2024-06-28 04:50:38.083179+00:00"></TimeCreated>
<EventRecordID>299519</EventRecordID>
<Correlation ActivityID="" RelatedActivityID=""></Correlation>
<Execution ProcessID="4" ThreadID="596"></Execution>
<Channel>System</Channel>
<Computer>DESKTOP-LLF4HB6</Computer>
<Security UserID=""></Security>
</System>
<EventData><Data>&lt;string&gt;&lt;/string&gt;
</Data>
<Binary>AAAAAAEAAAAAAAAAqhAAgAAAAAAAAAAAAAAAAAAAAAAAAAAAAAAAAA==</Binary>
</EventData>
</Event>

<Event xmlns="http://schemas.microsoft.com/win/2004/08/events/event"><System><Provider Name="Microsoft-Windows-Kernel-General" Guid="{a68ca8b7-004f-d7b6-a698-07e2de0f1f5d}"></Provider>
<EventID Qualifiers="">16</EventID>
<Version>0</Version>
<Level>4</Level>
<Task>0</Task>
<Opcode>0</Opcode>
<Keywords>0x8000000000000000</Keywords>
<TimeCreated SystemTime="2024-06-28 05:15:06.068726+00:00"></TimeCreated>
<EventRecordID>299520</EventRecordID>
<Correlation ActivityID="" RelatedActivityID=""></Correlation>
<Execution ProcessID="19056" ThreadID="19428"></Execution>
<Channel>System</Channel>
<Computer>DESKTOP-LLF4HB6</Computer>
<Security UserID="S-1-5-18"></Security>
</System>
<EventData><Data Name="HiveNameLength">85</Data>
<Data Name="HiveName">\??\C:\ProgramData\Microsoft\Provisioning\Microsoft-Desktop-Provisioning-Sequence.dat</Data>
<Data Name="KeysUpdated">0</Data>
<Data Name="DirtyPages">0</Data>
</EventData>
</Event>

<Event xmlns="http://schemas.microsoft.com/win/2004/08/events/event"><System><Provider Name="Microsoft-Windows-DNS-Client" Guid="{1c95126e-7eea-49a9-a3fe-a378b03ddb4d}"></Provider>
<EventID Qualifiers="">1014</EventID>
<Version>1</Version>
<Level>3</Level>
<Task>1014</Task>
<Opcode>0</Opcode>
<Keywords>0x4000000010000000</Keywords>
<TimeCreated SystemTime="2024-06-28 05:34:11.422865+00:00"></TimeCreated>
<EventRecordID>299521</EventRecordID>
<Correlation ActivityID="" RelatedActivityID=""></Correlation>
<Execution ProcessID="2532" ThreadID="1508"></Execution>
<Channel>System</Channel>
<Computer>DESKTOP-LLF4HB6</Computer>
<Security UserID="S-1-5-20"></Security>
</System>
<EventData><Data Name="QueryName">displaycatalog.mp.microsoft.com</Data>
<Data Name="AddressLength">128</Data>
<Data Name="Address">AgAAAMCoAAEAAAAAAAAAAAAAAAAAAAAAAAAAAAAAAAAAAAAAAAAAAAAAAAAAAAAAAAAAAAAAAAAAAAAAAAAAAAAAAAAAAAAAAAAAAAAAAAAAAAAAAAAAAAAAAAAAAAAAAAAAAAAAAAAAAAAAAAAAAAAAAAAAAAAAAAAAAAAAAAA=</Data>
<Data Name="ClientPID">4476</Data>
</EventData>
</Event>

<Event xmlns="http://schemas.microsoft.com/win/2004/08/events/event"><System><Provider Name="Microsoft-Windows-IsolatedUserMode" Guid="{73a33ab2-1966-4999-8add-868c41415269}"></Provider>
<EventID Qualifiers="">2</EventID>
<Version>0</Version>
<Level>4</Level>
<Task>0</Task>
<Opcode>0</Opcode>
<Keywords>0x8000400000000000</Keywords>
<TimeCreated SystemTime="2024-06-28 05:35:01.029184+00:00"></TimeCreated>
<EventRecordID>299522</EventRecordID>
<Correlation ActivityID="" RelatedActivityID=""></Correlation>
<Execution ProcessID="13636" ThreadID="12040"></Execution>
<Channel>System</Channel>
<Computer>DESKTOP-LLF4HB6</Computer>
<Security UserID="S-1-5-21-3356611828-2158967444-2878968500-1001"></Security>
</System>
<EventData><Data Name="TrustletIdentity">0</Data>
<Data Name="NormalProcessId">0</Data>
<Data Name="Status">0</Data>
</EventData>
</Event>

<Event xmlns="http://schemas.microsoft.com/win/2004/08/events/event"><System><Provider Name="Microsoft-Windows-IsolatedUserMode" Guid="{73a33ab2-1966-4999-8add-868c41415269}"></Provider>
<EventID Qualifiers="">5</EventID>
<Version>0</Version>
<Level>4</Level>
<Task>0</Task>
<Opcode>0</Opcode>
<Keywords>0x8000400000000000</Keywords>
<TimeCreated SystemTime="2024-06-28 05:35:01.814722+00:00"></TimeCreated>
<EventRecordID>299523</EventRecordID>
<Correlation ActivityID="" RelatedActivityID=""></Correlation>
<Execution ProcessID="2344" ThreadID="18636"></Execution>
<Channel>System</Channel>
<Computer>DESKTOP-LLF4HB6</Computer>
<Security UserID="S-1-5-21-3356611828-2158967444-2878968500-1001"></Security>
</System>
<EventData><Data Name="TrustletIdentity">0</Data>
<Data Name="NormalProcessId">0</Data>
<Data Name="Status">0</Data>
<Data Name="ImageName">NULL</Data>
</EventData>
</Event>

<Event xmlns="http://schemas.microsoft.com/win/2004/08/events/event"><System><Provider Name="Microsoft-Windows-Kernel-General" Guid="{a68ca8b7-004f-d7b6-a698-07e2de0f1f5d}"></Provider>
<EventID Qualifiers="">16</EventID>
<Version>0</Version>
<Level>4</Level>
<Task>0</Task>
<Opcode>0</Opcode>
<Keywords>0x8000000000000000</Keywords>
<TimeCreated SystemTime="2024-06-28 05:35:04.708969+00:00"></TimeCreated>
<EventRecordID>299524</EventRecordID>
<Correlation ActivityID="" RelatedActivityID=""></Correlation>
<Execution ProcessID="20296" ThreadID="17624"></Execution>
<Channel>System</Channel>
<Computer>DESKTOP-LLF4HB6</Computer>
<Security UserID="S-1-5-21-3356611828-2158967444-2878968500-1001"></Security>
</System>
<EventData><Data Name="HiveNameLength">105</Data>
<Data Name="HiveName">\??\C:\Users\hp\AppData\Local\Packages\Microsoft.MicrosoftEdge.Stable_8wekyb3d8bbwe\Settings\settings.dat</Data>
<Data Name="KeysUpdated">1</Data>
<Data Name="DirtyPages">1</Data>
</EventData>
</Event>

<Event xmlns="http://schemas.microsoft.com/win/2004/08/events/event"><System><Provider Name="Service Control Manager" Guid="{555908d1-a6d7-4695-8e1e-26931d2012f4}" EventSourceName="Service Control Manager"></Provider>
<EventID Qualifiers="16384">7040</EventID>
<Version>0</Version>
<Level>4</Level>
<Task>0</Task>
<Opcode>0</Opcode>
<Keywords>0x8080000000000000</Keywords>
<TimeCreated SystemTime="2024-06-28 05:36:03.654375+00:00"></TimeCreated>
<EventRecordID>299525</EventRecordID>
<Correlation ActivityID="" RelatedActivityID=""></Correlation>
<Execution ProcessID="1104" ThreadID="14064"></Execution>
<Channel>System</Channel>
<Computer>DESKTOP-LLF4HB6</Computer>
<Security UserID="S-1-5-18"></Security>
</System>
<EventData><Data Name="param1">Background Intelligent Transfer Service</Data>
<Data Name="param2">demand start</Data>
<Data Name="param3">auto start</Data>
<Data Name="param4">BITS</Data>
</EventData>
</Event>

<Event xmlns="http://schemas.microsoft.com/win/2004/08/events/event"><System><Provider Name="Microsoft-Windows-HttpService" Guid="{dd5ef90a-6398-47a4-ad34-4dcecdef795f}"></Provider>
<EventID Qualifiers="">113</EventID>
<Version>0</Version>
<Level>4</Level>
<Task>5</Task>
<Opcode>122</Opcode>
<Keywords>0x4000000000000040</Keywords>
<TimeCreated SystemTime="2024-06-28 05:36:29.621695+00:00"></TimeCreated>
<EventRecordID>299526</EventRecordID>
<Correlation ActivityID="" RelatedActivityID=""></Correlation>
<Execution ProcessID="6792" ThreadID="20620"></Execution>
<Channel>System</Channel>
<Computer>DESKTOP-LLF4HB6</Computer>
<Security UserID="S-1-5-19"></Security>
</System>
<EventData><Data Name="UrlGroupId">18302628890465533954</Data>
<Data Name="Url">http://*:2869/upnp/eventing/</Data>
<Data Name="Status">0</Data>
<Data Name="ProcessId">6792</Data>
<Data Name="ExecutablePath">\Device\HarddiskVolume3\Windows\System32\svchost.exe</Data>
<Data Name="UserSid">S-1-5-19</Data>
</EventData>
</Event>

<Event xmlns="http://schemas.microsoft.com/win/2004/08/events/event"><System><Provider Name="Microsoft-Windows-HttpService" Guid="{dd5ef90a-6398-47a4-ad34-4dcecdef795f}"></Provider>
<EventID Qualifiers="">114</EventID>
<Version>0</Version>
<Level>4</Level>
<Task>5</Task>
<Opcode>123</Opcode>
<Keywords>0x4000000000000040</Keywords>
<TimeCreated SystemTime="2024-06-28 05:36:29.681274+00:00"></TimeCreated>
<EventRecordID>299527</EventRecordID>
<Correlation ActivityID="" RelatedActivityID=""></Correlation>
<Execution ProcessID="6792" ThreadID="21248"></Execution>
<Channel>System</Channel>
<Computer>DESKTOP-LLF4HB6</Computer>
<Security UserID="S-1-5-19"></Security>
</System>
<EventData><Data Name="UrlGroupId">18302628890465533954</Data>
<Data Name="Url">http://*:2869/upnp/eventing/</Data>
<Data Name="ProcessId">6792</Data>
<Data Name="ExecutablePath">\Device\HarddiskVolume3\Windows\System32\svchost.exe</Data>
<Data Name="UserSid">S-1-5-19</Data>
</EventData>
</Event>

<Event xmlns="http://schemas.microsoft.com/win/2004/08/events/event"><System><Provider Name="Microsoft-Windows-HttpService" Guid="{dd5ef90a-6398-47a4-ad34-4dcecdef795f}"></Provider>
<EventID Qualifiers="">113</EventID>
<Version>0</Version>
<Level>4</Level>
<Task>5</Task>
<Opcode>122</Opcode>
<Keywords>0x4000000000000040</Keywords>
<TimeCreated SystemTime="2024-06-28 05:36:29.699438+00:00"></TimeCreated>
<EventRecordID>299528</EventRecordID>
<Correlation ActivityID="" RelatedActivityID=""></Correlation>
<Execution ProcessID="6792" ThreadID="21248"></Execution>
<Channel>System</Channel>
<Computer>DESKTOP-LLF4HB6</Computer>
<Security UserID="S-1-5-19"></Security>
</System>
<EventData><Data Name="UrlGroupId">18302628890465533955</Data>
<Data Name="Url">http://*:2869/upnp/eventing/</Data>
<Data Name="Status">0</Data>
<Data Name="ProcessId">6792</Data>
<Data Name="ExecutablePath">\Device\HarddiskVolume3\Windows\System32\svchost.exe</Data>
<Data Name="UserSid">S-1-5-19</Data>
</EventData>
</Event>

<Event xmlns="http://schemas.microsoft.com/win/2004/08/events/event"><System><Provider Name="Microsoft-Windows-HttpService" Guid="{dd5ef90a-6398-47a4-ad34-4dcecdef795f}"></Provider>
<EventID Qualifiers="">114</EventID>
<Version>0</Version>
<Level>4</Level>
<Task>5</Task>
<Opcode>123</Opcode>
<Keywords>0x4000000000000040</Keywords>
<TimeCreated SystemTime="2024-06-28 05:37:42.727333+00:00"></TimeCreated>
<EventRecordID>299529</EventRecordID>
<Correlation ActivityID="" RelatedActivityID=""></Correlation>
<Execution ProcessID="6792" ThreadID="20620"></Execution>
<Channel>System</Channel>
<Computer>DESKTOP-LLF4HB6</Computer>
<Security UserID="S-1-5-19"></Security>
</System>
<EventData><Data Name="UrlGroupId">18302628890465533955</Data>
<Data Name="Url">http://*:2869/upnp/eventing/</Data>
<Data Name="ProcessId">6792</Data>
<Data Name="ExecutablePath">\Device\HarddiskVolume3\Windows\System32\svchost.exe</Data>
<Data Name="UserSid">S-1-5-19</Data>
</EventData>
</Event>

<Event xmlns="http://schemas.microsoft.com/win/2004/08/events/event"><System><Provider Name="Microsoft-Windows-HttpService" Guid="{dd5ef90a-6398-47a4-ad34-4dcecdef795f}"></Provider>
<EventID Qualifiers="">113</EventID>
<Version>0</Version>
<Level>4</Level>
<Task>5</Task>
<Opcode>122</Opcode>
<Keywords>0x4000000000000040</Keywords>
<TimeCreated SystemTime="2024-06-28 05:37:42.753120+00:00"></TimeCreated>
<EventRecordID>299530</EventRecordID>
<Correlation ActivityID="" RelatedActivityID=""></Correlation>
<Execution ProcessID="6792" ThreadID="20620"></Execution>
<Channel>System</Channel>
<Computer>DESKTOP-LLF4HB6</Computer>
<Security UserID="S-1-5-19"></Security>
</System>
<EventData><Data Name="UrlGroupId">18302628899055468549</Data>
<Data Name="Url">http://*:2869/upnp/eventing/</Data>
<Data Name="Status">0</Data>
<Data Name="ProcessId">6792</Data>
<Data Name="ExecutablePath">\Device\HarddiskVolume3\Windows\System32\svchost.exe</Data>
<Data Name="UserSid">S-1-5-19</Data>
</EventData>
</Event>

<Event xmlns="http://schemas.microsoft.com/win/2004/08/events/event"><System><Provider Name="Microsoft-Windows-HttpService" Guid="{dd5ef90a-6398-47a4-ad34-4dcecdef795f}"></Provider>
<EventID Qualifiers="">114</EventID>
<Version>0</Version>
<Level>4</Level>
<Task>5</Task>
<Opcode>123</Opcode>
<Keywords>0x4000000000000040</Keywords>
<TimeCreated SystemTime="2024-06-28 05:37:42.827648+00:00"></TimeCreated>
<EventRecordID>299531</EventRecordID>
<Correlation ActivityID="" RelatedActivityID=""></Correlation>
<Execution ProcessID="6792" ThreadID="16124"></Execution>
<Channel>System</Channel>
<Computer>DESKTOP-LLF4HB6</Computer>
<Security UserID="S-1-5-19"></Security>
</System>
<EventData><Data Name="UrlGroupId">18302628899055468549</Data>
<Data Name="Url">http://*:2869/upnp/eventing/</Data>
<Data Name="ProcessId">6792</Data>
<Data Name="ExecutablePath">\Device\HarddiskVolume3\Windows\System32\svchost.exe</Data>
<Data Name="UserSid">S-1-5-19</Data>
</EventData>
</Event>

<Event xmlns="http://schemas.microsoft.com/win/2004/08/events/event"><System><Provider Name="Microsoft-Windows-HttpService" Guid="{dd5ef90a-6398-47a4-ad34-4dcecdef795f}"></Provider>
<EventID Qualifiers="">113</EventID>
<Version>0</Version>
<Level>4</Level>
<Task>5</Task>
<Opcode>122</Opcode>
<Keywords>0x4000000000000040</Keywords>
<TimeCreated SystemTime="2024-06-28 05:37:42.864630+00:00"></TimeCreated>
<EventRecordID>299532</EventRecordID>
<Correlation ActivityID="" RelatedActivityID=""></Correlation>
<Execution ProcessID="6792" ThreadID="16124"></Execution>
<Channel>System</Channel>
<Computer>DESKTOP-LLF4HB6</Computer>
<Security UserID="S-1-5-19"></Security>
</System>
<EventData><Data Name="UrlGroupId">18302628907645403138</Data>
<Data Name="Url">http://*:2869/upnp/eventing/</Data>
<Data Name="Status">0</Data>
<Data Name="ProcessId">6792</Data>
<Data Name="ExecutablePath">\Device\HarddiskVolume3\Windows\System32\svchost.exe</Data>
<Data Name="UserSid">S-1-5-19</Data>
</EventData>
</Event>

<Event xmlns="http://schemas.microsoft.com/win/2004/08/events/event"><System><Provider Name="Microsoft-Windows-HttpService" Guid="{dd5ef90a-6398-47a4-ad34-4dcecdef795f}"></Provider>
<EventID Qualifiers="">114</EventID>
<Version>0</Version>
<Level>4</Level>
<Task>5</Task>
<Opcode>123</Opcode>
<Keywords>0x4000000000000040</Keywords>
<TimeCreated SystemTime="2024-06-28 05:37:47.029749+00:00"></TimeCreated>
<EventRecordID>299533</EventRecordID>
<Correlation ActivityID="" RelatedActivityID=""></Correlation>
<Execution ProcessID="6792" ThreadID="20620"></Execution>
<Channel>System</Channel>
<Computer>DESKTOP-LLF4HB6</Computer>
<Security UserID="S-1-5-19"></Security>
</System>
<EventData><Data Name="UrlGroupId">18302628907645403138</Data>
<Data Name="Url">http://*:2869/upnp/eventing/</Data>
<Data Name="ProcessId">6792</Data>
<Data Name="ExecutablePath">\Device\HarddiskVolume3\Windows\System32\svchost.exe</Data>
<Data Name="UserSid">S-1-5-19</Data>
</EventData>
</Event>

<Event xmlns="http://schemas.microsoft.com/win/2004/08/events/event"><System><Provider Name="Microsoft-Windows-HttpService" Guid="{dd5ef90a-6398-47a4-ad34-4dcecdef795f}"></Provider>
<EventID Qualifiers="">113</EventID>
<Version>0</Version>
<Level>4</Level>
<Task>5</Task>
<Opcode>122</Opcode>
<Keywords>0x4000000000000040</Keywords>
<TimeCreated SystemTime="2024-06-28 05:37:47.051537+00:00"></TimeCreated>
<EventRecordID>299534</EventRecordID>
<Correlation ActivityID="" RelatedActivityID=""></Correlation>
<Execution ProcessID="6792" ThreadID="20620"></Execution>
<Channel>System</Channel>
<Computer>DESKTOP-LLF4HB6</Computer>
<Security UserID="S-1-5-19"></Security>
</System>
<EventData><Data Name="UrlGroupId">18302628890465533956</Data>
<Data Name="Url">http://*:2869/upnp/eventing/</Data>
<Data Name="Status">0</Data>
<Data Name="ProcessId">6792</Data>
<Data Name="ExecutablePath">\Device\HarddiskVolume3\Windows\System32\svchost.exe</Data>
<Data Name="UserSid">S-1-5-19</Data>
</EventData>
</Event>

<Event xmlns="http://schemas.microsoft.com/win/2004/08/events/event"><System><Provider Name="Microsoft-Windows-HttpService" Guid="{dd5ef90a-6398-47a4-ad34-4dcecdef795f}"></Provider>
<EventID Qualifiers="">114</EventID>
<Version>0</Version>
<Level>4</Level>
<Task>5</Task>
<Opcode>123</Opcode>
<Keywords>0x4000000000000040</Keywords>
<TimeCreated SystemTime="2024-06-28 05:37:47.109177+00:00"></TimeCreated>
<EventRecordID>299535</EventRecordID>
<Correlation ActivityID="" RelatedActivityID=""></Correlation>
<Execution ProcessID="6792" ThreadID="18468"></Execution>
<Channel>System</Channel>
<Computer>DESKTOP-LLF4HB6</Computer>
<Security UserID="S-1-5-19"></Security>
</System>
<EventData><Data Name="UrlGroupId">18302628890465533956</Data>
<Data Name="Url">http://*:2869/upnp/eventing/</Data>
<Data Name="ProcessId">6792</Data>
<Data Name="ExecutablePath">\Device\HarddiskVolume3\Windows\System32\svchost.exe</Data>
<Data Name="UserSid">S-1-5-19</Data>
</EventData>
</Event>

<Event xmlns="http://schemas.microsoft.com/win/2004/08/events/event"><System><Provider Name="Microsoft-Windows-HttpService" Guid="{dd5ef90a-6398-47a4-ad34-4dcecdef795f}"></Provider>
<EventID Qualifiers="">113</EventID>
<Version>0</Version>
<Level>4</Level>
<Task>5</Task>
<Opcode>122</Opcode>
<Keywords>0x4000000000000040</Keywords>
<TimeCreated SystemTime="2024-06-28 05:37:47.147676+00:00"></TimeCreated>
<EventRecordID>299536</EventRecordID>
<Correlation ActivityID="" RelatedActivityID=""></Correlation>
<Execution ProcessID="6792" ThreadID="18468"></Execution>
<Channel>System</Channel>
<Computer>DESKTOP-LLF4HB6</Computer>
<Security UserID="S-1-5-19"></Security>
</System>
<EventData><Data Name="UrlGroupId">18302628890465533957</Data>
<Data Name="Url">http://*:2869/upnp/eventing/</Data>
<Data Name="Status">0</Data>
<Data Name="ProcessId">6792</Data>
<Data Name="ExecutablePath">\Device\HarddiskVolume3\Windows\System32\svchost.exe</Data>
<Data Name="UserSid">S-1-5-19</Data>
</EventData>
</Event>

<Event xmlns="http://schemas.microsoft.com/win/2004/08/events/event"><System><Provider Name="Service Control Manager" Guid="{555908d1-a6d7-4695-8e1e-26931d2012f4}" EventSourceName="Service Control Manager"></Provider>
<EventID Qualifiers="16384">7040</EventID>
<Version>0</Version>
<Level>4</Level>
<Task>0</Task>
<Opcode>0</Opcode>
<Keywords>0x8080000000000000</Keywords>
<TimeCreated SystemTime="2024-06-28 05:39:50.798883+00:00"></TimeCreated>
<EventRecordID>299537</EventRecordID>
<Correlation ActivityID="" RelatedActivityID=""></Correlation>
<Execution ProcessID="1104" ThreadID="6308"></Execution>
<Channel>System</Channel>
<Computer>DESKTOP-LLF4HB6</Computer>
<Security UserID="S-1-5-18"></Security>
</System>
<EventData><Data Name="param1">Background Intelligent Transfer Service</Data>
<Data Name="param2">auto start</Data>
<Data Name="param3">demand start</Data>
<Data Name="param4">BITS</Data>
</EventData>
</Event>

<Event xmlns="http://schemas.microsoft.com/win/2004/08/events/event"><System><Provider Name="Microsoft-Windows-HttpService" Guid="{dd5ef90a-6398-47a4-ad34-4dcecdef795f}"></Provider>
<EventID Qualifiers="">114</EventID>
<Version>0</Version>
<Level>4</Level>
<Task>5</Task>
<Opcode>123</Opcode>
<Keywords>0x4000000000000040</Keywords>
<TimeCreated SystemTime="2024-06-28 05:39:50.813303+00:00"></TimeCreated>
<EventRecordID>299538</EventRecordID>
<Correlation ActivityID="" RelatedActivityID=""></Correlation>
<Execution ProcessID="6792" ThreadID="21248"></Execution>
<Channel>System</Channel>
<Computer>DESKTOP-LLF4HB6</Computer>
<Security UserID="S-1-5-19"></Security>
</System>
<EventData><Data Name="UrlGroupId">18302628890465533957</Data>
<Data Name="Url">http://*:2869/upnp/eventing/</Data>
<Data Name="ProcessId">6792</Data>
<Data Name="ExecutablePath">\Device\HarddiskVolume3\Windows\System32\svchost.exe</Data>
<Data Name="UserSid">S-1-5-19</Data>
</EventData>
</Event>

<Event xmlns="http://schemas.microsoft.com/win/2004/08/events/event"><System><Provider Name="Microsoft-Windows-Kernel-Power" Guid="{331c3b3a-2005-44c2-ac5e-77220c37d6b4}"></Provider>
<EventID Qualifiers="">105</EventID>
<Version>1</Version>
<Level>4</Level>
<Task>100</Task>
<Opcode>0</Opcode>
<Keywords>0x8000000000000404</Keywords>
<TimeCreated SystemTime="2024-06-28 06:22:38.000399+00:00"></TimeCreated>
<EventRecordID>299539</EventRecordID>
<Correlation ActivityID="" RelatedActivityID=""></Correlation>
<Execution ProcessID="4" ThreadID="11564"></Execution>
<Channel>System</Channel>
<Computer>DESKTOP-LLF4HB6</Computer>
<Security UserID="S-1-5-18"></Security>
</System>
<EventData><Data Name="AcOnline">True</Data>
<Data Name="RemainingCapacity">3477</Data>
<Data Name="FullChargeCapacity">33380</Data>
</EventData>
</Event>

<Event xmlns="http://schemas.microsoft.com/win/2004/08/events/event"><System><Provider Name="Service Control Manager" Guid="{555908d1-a6d7-4695-8e1e-26931d2012f4}" EventSourceName="Service Control Manager"></Provider>
<EventID Qualifiers="16384">7040</EventID>
<Version>0</Version>
<Level>4</Level>
<Task>0</Task>
<Opcode>0</Opcode>
<Keywords>0x8080000000000000</Keywords>
<TimeCreated SystemTime="2024-06-28 06:22:39.304232+00:00"></TimeCreated>
<EventRecordID>299540</EventRecordID>
<Correlation ActivityID="" RelatedActivityID=""></Correlation>
<Execution ProcessID="1104" ThreadID="19684"></Execution>
<Channel>System</Channel>
<Computer>DESKTOP-LLF4HB6</Computer>
<Security UserID="S-1-5-18"></Security>
</System>
<EventData><Data Name="param1">Background Intelligent Transfer Service</Data>
<Data Name="param2">demand start</Data>
<Data Name="param3">auto start</Data>
<Data Name="param4">BITS</Data>
</EventData>
</Event>

<Event xmlns="http://schemas.microsoft.com/win/2004/08/events/event"><System><Provider Name="Service Control Manager" Guid="{555908d1-a6d7-4695-8e1e-26931d2012f4}" EventSourceName="Service Control Manager"></Provider>
<EventID Qualifiers="16384">7040</EventID>
<Version>0</Version>
<Level>4</Level>
<Task>0</Task>
<Opcode>0</Opcode>
<Keywords>0x8080000000000000</Keywords>
<TimeCreated SystemTime="2024-06-28 06:24:43.493528+00:00"></TimeCreated>
<EventRecordID>299541</EventRecordID>
<Correlation ActivityID="" RelatedActivityID=""></Correlation>
<Execution ProcessID="1104" ThreadID="19184"></Execution>
<Channel>System</Channel>
<Computer>DESKTOP-LLF4HB6</Computer>
<Security UserID="S-1-5-18"></Security>
</System>
<EventData><Data Name="param1">Background Intelligent Transfer Service</Data>
<Data Name="param2">auto start</Data>
<Data Name="param3">demand start</Data>
<Data Name="param4">BITS</Data>
</EventData>
</Event>

<Event xmlns="http://schemas.microsoft.com/win/2004/08/events/event"><System><Provider Name="Microsoft-Windows-WindowsUpdateClient" Guid="{945a8954-c147-4acd-923f-40c45405a658}"></Provider>
<EventID Qualifiers="">44</EventID>
<Version>1</Version>
<Level>4</Level>
<Task>1</Task>
<Opcode>12</Opcode>
<Keywords>0x8000000000002004</Keywords>
<TimeCreated SystemTime="2024-06-28 06:34:43.159170+00:00"></TimeCreated>
<EventRecordID>299542</EventRecordID>
<Correlation ActivityID="" RelatedActivityID=""></Correlation>
<Execution ProcessID="21460" ThreadID="20328"></Execution>
<Channel>System</Channel>
<Computer>DESKTOP-LLF4HB6</Computer>
<Security UserID="S-1-5-18"></Security>
</System>
<EventData><Data Name="updateTitle">9NMPJ99VJBWV-Microsoft.YourPhone</Data>
<Data Name="updateGuid">{6de114ce-f7d9-4489-8b9f-24ab9d805bda}</Data>
<Data Name="updateRevisionNumber">1</Data>
</EventData>
</Event>

<Event xmlns="http://schemas.microsoft.com/win/2004/08/events/event"><System><Provider Name="Microsoft-Windows-WindowsUpdateClient" Guid="{945a8954-c147-4acd-923f-40c45405a658}"></Provider>
<EventID Qualifiers="">43</EventID>
<Version>1</Version>
<Level>4</Level>
<Task>1</Task>
<Opcode>13</Opcode>
<Keywords>0x8000000000002008</Keywords>
<TimeCreated SystemTime="2024-06-28 06:34:44.695181+00:00"></TimeCreated>
<EventRecordID>299543</EventRecordID>
<Correlation ActivityID="" RelatedActivityID=""></Correlation>
<Execution ProcessID="21460" ThreadID="16068"></Execution>
<Channel>System</Channel>
<Computer>DESKTOP-LLF4HB6</Computer>
<Security UserID="S-1-5-18"></Security>
</System>
<EventData><Data Name="updateTitle">9NMPJ99VJBWV-Microsoft.YourPhone</Data>
<Data Name="updateGuid">{6de114ce-f7d9-4489-8b9f-24ab9d805bda}</Data>
<Data Name="updateRevisionNumber">1</Data>
</EventData>
</Event>

<Event xmlns="http://schemas.microsoft.com/win/2004/08/events/event"><System><Provider Name="Microsoft-Windows-WindowsUpdateClient" Guid="{945a8954-c147-4acd-923f-40c45405a658}"></Provider>
<EventID Qualifiers="">20</EventID>
<Version>1</Version>
<Level>2</Level>
<Task>1</Task>
<Opcode>13</Opcode>
<Keywords>0x8000000000000028</Keywords>
<TimeCreated SystemTime="2024-06-28 06:34:45.150473+00:00"></TimeCreated>
<EventRecordID>299544</EventRecordID>
<Correlation ActivityID="{5bde804c-c914-0001-2211-ed5b14c9da01}" RelatedActivityID=""></Correlation>
<Execution ProcessID="21460" ThreadID="16068"></Execution>
<Channel>System</Channel>
<Computer>DESKTOP-LLF4HB6</Computer>
<Security UserID="S-1-5-18"></Security>
</System>
<EventData><Data Name="errorCode">0x80073d02</Data>
<Data Name="updateTitle">9NMPJ99VJBWV-Microsoft.YourPhone</Data>
<Data Name="updateGuid">{6de114ce-f7d9-4489-8b9f-24ab9d805bda}</Data>
<Data Name="updateRevisionNumber">1</Data>
<Data Name="serviceGuid">{855e8a7c-ecb4-4ca3-b045-1dfa50104289}</Data>
</EventData>
</Event>

<Event xmlns="http://schemas.microsoft.com/win/2004/08/events/event"><System><Provider Name="EventLog"></Provider>
<EventID Qualifiers="32768">6013</EventID>
<Version>0</Version>
<Level>4</Level>
<Task>0</Task>
<Opcode>0</Opcode>
<Keywords>0x0080000000000000</Keywords>
<TimeCreated SystemTime="2024-06-28 07:00:00.957405+00:00"></TimeCreated>
<EventRecordID>299545</EventRecordID>
<Correlation ActivityID="" RelatedActivityID=""></Correlation>
<Execution ProcessID="3312" ThreadID="3616"></Execution>
<Channel>System</Channel>
<Computer>DESKTOP-LLF4HB6</Computer>
<Security UserID=""></Security>
</System>
<EventData><Data>&lt;string&gt;8778&lt;/string&gt;
&lt;string&gt;778&lt;/string&gt;
&lt;string&gt;60&lt;/string&gt;
&lt;string&gt;&lt;/string&gt;
</Data>
<Binary>MQAuADEAAAAwAAAAVwBpAG4AZABvAHcAcwAgADEAMAAgAFAAcgBvAAAAMQAwAC4AMAAuADIAMgA2ADMAMQAgAEIAdQBpAGwAZAAgADIAMgA2ADMAMQAgACAAAABNAHUAbAB0AGkAcAByAG8AYwBlAHMAcwBvAHIAIABGAHIAZQBlAAAAMgAyADYAMgAxAC4AbgBpAF8AcgBlAGwAZQBhAHMAZQAuADIAMgAwADUAMAA2AC0AMQAyADUAMAAAADYANAA1ADQAZgA2ADQAZAAAAE4AbwB0ACAAQQB2AGEAaQBsAGEAYgBsAGUAAABOAG8AdAAgAEEAdgBhAGkAbABhAGIAbABlAAAAOQAAADgAAAAxADYAMQA5ADEAAAA0ADAAOQAAAEQARQBTAEsAVABPAFAALQBMAEwARgA0AEgAQgA2AAAAAAA=</Binary>
</EventData>
</Event>

<Event xmlns="http://schemas.microsoft.com/win/2004/08/events/event"><System><Provider Name="Microsoft-Windows-DistributedCOM" Guid="{1B562E86-B7AA-4131-BADC-B6F3A001407E}" EventSourceName="DCOM"></Provider>
<EventID Qualifiers="0">10016</EventID>
<Version>0</Version>
<Level>3</Level>
<Task>0</Task>
<Opcode>0</Opcode>
<Keywords>0x8080000000000000</Keywords>
<TimeCreated SystemTime="2024-06-28 07:16:19.061665+00:00"></TimeCreated>
<EventRecordID>299546</EventRecordID>
<Correlation ActivityID="{5bde804c-c914-0006-adf5-f75b14c9da01}" RelatedActivityID=""></Correlation>
<Execution ProcessID="1528" ThreadID="11408"></Execution>
<Channel>System</Channel>
<Computer>DESKTOP-LLF4HB6</Computer>
<Security UserID="S-1-5-21-3356611828-2158967444-2878968500-1001"></Security>
</System>
<EventData><Data Name="param1">application-specific</Data>
<Data Name="param2">Local</Data>
<Data Name="param3">Activation</Data>
<Data Name="param4">{2593F8B9-4EAF-457C-B68A-50F6B8EA6B54}</Data>
<Data Name="param5">{15C20B67-12E7-4BB6-92BB-7AFF07997402}</Data>
<Data Name="param6">DESKTOP-LLF4HB6</Data>
<Data Name="param7">hp</Data>
<Data Name="param8">S-1-5-21-3356611828-2158967444-2878968500-1001</Data>
<Data Name="param9">LocalHost (Using LRPC)</Data>
<Data Name="param10">Unavailable</Data>
<Data Name="param11">Unavailable</Data>
</EventData>
</Event>

<Event xmlns="http://schemas.microsoft.com/win/2004/08/events/event"><System><Provider Name="Microsoft-Windows-DNS-Client" Guid="{1c95126e-7eea-49a9-a3fe-a378b03ddb4d}"></Provider>
<EventID Qualifiers="">1014</EventID>
<Version>1</Version>
<Level>3</Level>
<Task>1014</Task>
<Opcode>0</Opcode>
<Keywords>0x4000000010000000</Keywords>
<TimeCreated SystemTime="2024-06-28 07:16:33.994358+00:00"></TimeCreated>
<EventRecordID>299547</EventRecordID>
<Correlation ActivityID="" RelatedActivityID=""></Correlation>
<Execution ProcessID="2532" ThreadID="6660"></Execution>
<Channel>System</Channel>
<Computer>DESKTOP-LLF4HB6</Computer>
<Security UserID="S-1-5-20"></Security>
</System>
<EventData><Data Name="QueryName">rr2---sn-ug5onfvgaq-pncs.googlevideo.com</Data>
<Data Name="AddressLength">128</Data>
<Data Name="Address">AgAAAMCoAAEAAAAAAAAAAAAAAAAAAAAAAAAAAAAAAAAAAAAAAAAAAAAAAAAAAAAAAAAAAAAAAAAAAAAAAAAAAAAAAAAAAAAAAAAAAAAAAAAAAAAAAAAAAAAAAAAAAAAAAAAAAAAAAAAAAAAAAAAAAAAAAAAAAAAAAAAAAAAAAAA=</Data>
<Data Name="ClientPID">10680</Data>
</EventData>
</Event>

<Event xmlns="http://schemas.microsoft.com/win/2004/08/events/event"><System><Provider Name="Microsoft-Windows-DNS-Client" Guid="{1c95126e-7eea-49a9-a3fe-a378b03ddb4d}"></Provider>
<EventID Qualifiers="">1014</EventID>
<Version>1</Version>
<Level>3</Level>
<Task>1014</Task>
<Opcode>0</Opcode>
<Keywords>0x4000000010000000</Keywords>
<TimeCreated SystemTime="2024-06-28 07:39:49.066532+00:00"></TimeCreated>
<EventRecordID>299548</EventRecordID>
<Correlation ActivityID="" RelatedActivityID=""></Correlation>
<Execution ProcessID="2532" ThreadID="14852"></Execution>
<Channel>System</Channel>
<Computer>DESKTOP-LLF4HB6</Computer>
<Security UserID="S-1-5-20"></Security>
</System>
<EventData><Data Name="QueryName">settings-win.data.microsoft.com</Data>
<Data Name="AddressLength">128</Data>
<Data Name="Address">AgAAAMCoAAEAAAAAAAAAAAAAAAAAAAAAAAAAAAAAAAAAAAAAAAAAAAAAAAAAAAAAAAAAAAAAAAAAAAAAAAAAAAAAAAAAAAAAAAAAAAAAAAAAAAAAAAAAAAAAAAAAAAAAAAAAAAAAAAAAAAAAAAAAAAAAAAAAAAAAAAAAAAAAAAA=</Data>
<Data Name="ClientPID">20816</Data>
</EventData>
</Event>

<Event xmlns="http://schemas.microsoft.com/win/2004/08/events/event"><System><Provider Name="Microsoft-Windows-Kernel-Power" Guid="{331c3b3a-2005-44c2-ac5e-77220c37d6b4}"></Provider>
<EventID Qualifiers="">566</EventID>
<Version>0</Version>
<Level>4</Level>
<Task>268</Task>
<Opcode>0</Opcode>
<Keywords>0x8000000000000604</Keywords>
<TimeCreated SystemTime="2024-06-28 07:40:18.573750+00:00"></TimeCreated>
<EventRecordID>299549</EventRecordID>
<Correlation ActivityID="" RelatedActivityID=""></Correlation>
<Execution ProcessID="4" ThreadID="20896"></Execution>
<Channel>System</Channel>
<Computer>DESKTOP-LLF4HB6</Computer>
<Security UserID="S-1-5-18"></Security>
</System>
<EventData><Data Name="BootId">659</Data>
<Data Name="Reason">17</Data>
<Data Name="PreviousSessionId">0</Data>
<Data Name="PreviousSessionType">0</Data>
<Data Name="PreviousSessionDurationInUs">11196069805</Data>
<Data Name="PreviousEnergyCapacityAtStart">0</Data>
<Data Name="PreviousFullEnergyCapacityAtStart">0</Data>
<Data Name="PreviousEnergyCapacityAtEnd">29395</Data>
<Data Name="PreviousFullEnergyCapacityAtEnd">33380</Data>
<Data Name="NextSessionId">1</Data>
<Data Name="NextSessionType">3</Data>
<Data Name="PowerStateAc">True</Data>
<Data Name="MonitorReason">17</Data>
</EventData>
</Event>

<Event xmlns="http://schemas.microsoft.com/win/2004/08/events/event"><System><Provider Name="nhi"></Provider>
<EventID Qualifiers="16388">9008</EventID>
<Version>0</Version>
<Level>4</Level>
<Task>0</Task>
<Opcode>0</Opcode>
<Keywords>0x0080000000000000</Keywords>
<TimeCreated SystemTime="2024-06-28 07:40:19.949505+00:00"></TimeCreated>
<EventRecordID>299550</EventRecordID>
<Correlation ActivityID="" RelatedActivityID=""></Correlation>
<Execution ProcessID="4" ThreadID="23068"></Execution>
<Channel>System</Channel>
<Computer>DESKTOP-LLF4HB6</Computer>
<Security UserID=""></Security>
</System>
<EventData><Data>&lt;string&gt;&lt;/string&gt;
</Data>
<Binary>AAAAAAEAAAAAAAAAMCMEQAAAAAAAAAAAAAAAAAAAAAAAAAAAAAAAAA==</Binary>
</EventData>
</Event>

<Event xmlns="http://schemas.microsoft.com/win/2004/08/events/event"><System><Provider Name="Microsoft-Windows-Kernel-Power" Guid="{331c3b3a-2005-44c2-ac5e-77220c37d6b4}"></Provider>
<EventID Qualifiers="">42</EventID>
<Version>3</Version>
<Level>4</Level>
<Task>64</Task>
<Opcode>0</Opcode>
<Keywords>0x8000000000000404</Keywords>
<TimeCreated SystemTime="2024-06-28 07:40:20.518442+00:00"></TimeCreated>
<EventRecordID>299551</EventRecordID>
<Correlation ActivityID="" RelatedActivityID=""></Correlation>
<Execution ProcessID="4" ThreadID="5128"></Execution>
<Channel>System</Channel>
<Computer>DESKTOP-LLF4HB6</Computer>
<Security UserID=""></Security>
</System>
<EventData><Data Name="TargetState">4</Data>
<Data Name="EffectiveState">4</Data>
<Data Name="Reason">0</Data>
<Data Name="Flags">4</Data>
<Data Name="TransitionsToOn">1</Data>
</EventData>
</Event>

<Event xmlns="http://schemas.microsoft.com/win/2004/08/events/event"><System><Provider Name="Microsoft-Windows-Kernel-Power" Guid="{331c3b3a-2005-44c2-ac5e-77220c37d6b4}"></Provider>
<EventID Qualifiers="">107</EventID>
<Version>1</Version>
<Level>4</Level>
<Task>102</Task>
<Opcode>0</Opcode>
<Keywords>0x8000000000000444</Keywords>
<TimeCreated SystemTime="2024-06-28 07:40:22.810966+00:00"></TimeCreated>
<EventRecordID>299552</EventRecordID>
<Correlation ActivityID="" RelatedActivityID=""></Correlation>
<Execution ProcessID="4" ThreadID="5128"></Execution>
<Channel>System</Channel>
<Computer>DESKTOP-LLF4HB6</Computer>
<Security UserID=""></Security>
</System>
<EventData><Data Name="TargetState">4</Data>
<Data Name="EffectiveState">4</Data>
<Data Name="WakeFromState">4</Data>
<Data Name="ProgrammedWakeTimeAc">2024-06-28 11:40:20.520117+00:00</Data>
<Data Name="ProgrammedWakeTimeDc">2024-06-28 11:40:20.520117+00:00</Data>
<Data Name="WakeRequesterTypeAc">4</Data>
<Data Name="WakeRequesterTypeDc">4</Data>
</EventData>
</Event>

<Event xmlns="http://schemas.microsoft.com/win/2004/08/events/event"><System><Provider Name="Microsoft-Windows-Kernel-General" Guid="{a68ca8b7-004f-d7b6-a698-07e2de0f1f5d}"></Provider>
<EventID Qualifiers="">1</EventID>
<Version>4</Version>
<Level>4</Level>
<Task>5</Task>
<Opcode>0</Opcode>
<Keywords>0x8000000000000010</Keywords>
<TimeCreated SystemTime="2024-06-28 10:37:43.500572+00:00"></TimeCreated>
<EventRecordID>299553</EventRecordID>
<Correlation ActivityID="" RelatedActivityID=""></Correlation>
<Execution ProcessID="4" ThreadID="5128"></Execution>
<Channel>System</Channel>
<Computer>DESKTOP-LLF4HB6</Computer>
<Security UserID=""></Security>
</System>
<EventData><Data Name="NewTime">2024-06-28 10:37:43.500000+00:00</Data>
<Data Name="OldTime">2024-06-28 07:40:22.810678+00:00</Data>
<Data Name="TimeDeltaInMs">10640689</Data>
<Data Name="Reason">2</Data>
<Data Name="ProcessName"></Data>
<Data Name="ProcessID">4</Data>
<Data Name="CmosTime">2024-06-28 15:37:43.500000+00:00</Data>
<Data Name="TimeZoneBias">-300</Data>
<Data Name="RealTimeIsUniversal">False</Data>
<Data Name="SystemInCmosMode">False</Data>
</EventData>
</Event>

<Event xmlns="http://schemas.microsoft.com/win/2004/08/events/event"><System><Provider Name="Microsoft-Windows-Kernel-Power" Guid="{331c3b3a-2005-44c2-ac5e-77220c37d6b4}"></Provider>
<EventID Qualifiers="">131</EventID>
<Version>0</Version>
<Level>4</Level>
<Task>33</Task>
<Opcode>0</Opcode>
<Keywords>0x8000000000000404</Keywords>
<TimeCreated SystemTime="2024-06-28 10:37:43.500608+00:00"></TimeCreated>
<EventRecordID>299554</EventRecordID>
<Correlation ActivityID="" RelatedActivityID=""></Correlation>
<Execution ProcessID="4" ThreadID="5128"></Execution>
<Channel>System</Channel>
<Computer>DESKTOP-LLF4HB6</Computer>
<Security UserID=""></Security>
</System>
<EventData><Data Name="ResumeCount">1</Data>
<Data Name="FullResume">1786</Data>
<Data Name="AverageResume">1786</Data>
</EventData>
</Event>

<Event xmlns="http://schemas.microsoft.com/win/2004/08/events/event"><System><Provider Name="Microsoft-Windows-Kernel-Power" Guid="{331c3b3a-2005-44c2-ac5e-77220c37d6b4}"></Provider>
<EventID Qualifiers="">130</EventID>
<Version>0</Version>
<Level>4</Level>
<Task>33</Task>
<Opcode>0</Opcode>
<Keywords>0x8000000000000404</Keywords>
<TimeCreated SystemTime="2024-06-28 10:37:43.500610+00:00"></TimeCreated>
<EventRecordID>299555</EventRecordID>
<Correlation ActivityID="" RelatedActivityID=""></Correlation>
<Execution ProcessID="4" ThreadID="5128"></Execution>
<Channel>System</Channel>
<Computer>DESKTOP-LLF4HB6</Computer>
<Security UserID=""></Security>
</System>
<EventData><Data Name="SuspendStart">11174248</Data>
<Data Name="SuspendEnd">11174293</Data>
</EventData>
</Event>

<Event xmlns="http://schemas.microsoft.com/win/2004/08/events/event"><System><Provider Name="Netwtw10"></Provider>
<EventID Qualifiers="16384">7025</EventID>
<Version>0</Version>
<Level>4</Level>
<Task>0</Task>
<Opcode>0</Opcode>
<Keywords>0x0080000000000000</Keywords>
<TimeCreated SystemTime="2024-06-28 10:37:44.066668+00:00"></TimeCreated>
<EventRecordID>299556</EventRecordID>
<Correlation ActivityID="" RelatedActivityID=""></Correlation>
<Execution ProcessID="4" ThreadID="21676"></Execution>
<Channel>System</Channel>
<Computer>DESKTOP-LLF4HB6</Computer>
<Security UserID=""></Security>
</System>
<EventData><Data>&lt;string&gt;\Device\NDMP6&lt;/string&gt;
&lt;string&gt;Intel(R) Wi-Fi 6 AX200 160MHz&lt;/string&gt;
</Data>
<Binary>AAAEAAIANAAAAAAAcRsAQAAAAAAAAAAAAAAAAAAAAAAAAAAAAAAAAAAAAAA=</Binary>
</EventData>
</Event>

<Event xmlns="http://schemas.microsoft.com/win/2004/08/events/event"><System><Provider Name="Netwtw10"></Provider>
<EventID Qualifiers="16384">7023</EventID>
<Version>0</Version>
<Level>4</Level>
<Task>0</Task>
<Opcode>0</Opcode>
<Keywords>0x0080000000000000</Keywords>
<TimeCreated SystemTime="2024-06-28 10:37:44.410110+00:00"></TimeCreated>
<EventRecordID>299557</EventRecordID>
<Correlation ActivityID="" RelatedActivityID=""></Correlation>
<Execution ProcessID="4" ThreadID="19064"></Execution>
<Channel>System</Channel>
<Computer>DESKTOP-LLF4HB6</Computer>
<Security UserID=""></Security>
</System>
<EventData><Data>&lt;string&gt;&lt;/string&gt;
</Data>
<Binary>AAAYAAEARAAAAAAAbxsAQAAAAAAAAAAAAAAAAAAAAAAAAAAAAAAAAAAAAAAAAAAAAAAAAAAAAAAAAAAC/////w==</Binary>
</EventData>
</Event>

<Event xmlns="http://schemas.microsoft.com/win/2004/08/events/event"><System><Provider Name="Microsoft-Windows-Kernel-Power" Guid="{331c3b3a-2005-44c2-ac5e-77220c37d6b4}"></Provider>
<EventID Qualifiers="">566</EventID>
<Version>0</Version>
<Level>4</Level>
<Task>268</Task>
<Opcode>0</Opcode>
<Keywords>0x8000000000000604</Keywords>
<TimeCreated SystemTime="2024-06-28 10:37:44.425005+00:00"></TimeCreated>
<EventRecordID>299558</EventRecordID>
<Correlation ActivityID="" RelatedActivityID=""></Correlation>
<Execution ProcessID="4" ThreadID="22048"></Execution>
<Channel>System</Channel>
<Computer>DESKTOP-LLF4HB6</Computer>
<Security UserID=""></Security>
</System>
<EventData><Data Name="BootId">659</Data>
<Data Name="Reason">20</Data>
<Data Name="PreviousSessionId">1</Data>
<Data Name="PreviousSessionType">3</Data>
<Data Name="PreviousSessionDurationInUs">10645597962</Data>
<Data Name="PreviousEnergyCapacityAtStart">29395</Data>
<Data Name="PreviousFullEnergyCapacityAtStart">33380</Data>
<Data Name="PreviousEnergyCapacityAtEnd">29395</Data>
<Data Name="PreviousFullEnergyCapacityAtEnd">33380</Data>
<Data Name="NextSessionId">2</Data>
<Data Name="NextSessionType">1</Data>
<Data Name="PowerStateAc">True</Data>
<Data Name="MonitorReason">20</Data>
</EventData>
</Event>

<Event xmlns="http://schemas.microsoft.com/win/2004/08/events/event"><System><Provider Name="Netwtw10"></Provider>
<EventID Qualifiers="16384">7021</EventID>
<Version>0</Version>
<Level>4</Level>
<Task>0</Task>
<Opcode>0</Opcode>
<Keywords>0x0080000000000000</Keywords>
<TimeCreated SystemTime="2024-06-28 10:37:44.584002+00:00"></TimeCreated>
<EventRecordID>299559</EventRecordID>
<Correlation ActivityID="" RelatedActivityID=""></Correlation>
<Execution ProcessID="4" ThreadID="23068"></Execution>
<Channel>System</Channel>
<Computer>DESKTOP-LLF4HB6</Computer>
<Security UserID=""></Security>
</System>
<EventData><Data>&lt;string&gt;&lt;/string&gt;
</Data>
<Binary>AACAAAEArAAAAAAAbRsAQAAAAAAAAAAAAAAAAAAAAAAAAAAAAAAAAAAAAAAHAAAACgAAAKyExutyzgAAM3JkIEZsb29yIAAAAAAAAAAAAAAAAAAAAAAAAAAAAAARrQsAHY8QAAEAAAABAAAAAgAAAAEAAABUUC1MaW5rAFRMLVdSODQANi4wAAAAAAAAAAAAAwcG2gQAAAAwMAcBAgEAAAAAAAAAAAAA</Binary>
</EventData>
</Event>

<Event xmlns="http://schemas.microsoft.com/win/2004/08/events/event"><System><Provider Name="Microsoft-Windows-Kernel-Power" Guid="{331c3b3a-2005-44c2-ac5e-77220c37d6b4}"></Provider>
<EventID Qualifiers="">566</EventID>
<Version>0</Version>
<Level>4</Level>
<Task>268</Task>
<Opcode>0</Opcode>
<Keywords>0x8000000000000604</Keywords>
<TimeCreated SystemTime="2024-06-28 10:37:44.917839+00:00"></TimeCreated>
<EventRecordID>299560</EventRecordID>
<Correlation ActivityID="" RelatedActivityID=""></Correlation>
<Execution ProcessID="4" ThreadID="17920"></Execution>
<Channel>System</Channel>
<Computer>DESKTOP-LLF4HB6</Computer>
<Security UserID=""></Security>
</System>
<EventData><Data Name="BootId">659</Data>
<Data Name="Reason">15</Data>
<Data Name="PreviousSessionId">2</Data>
<Data Name="PreviousSessionType">1</Data>
<Data Name="PreviousSessionDurationInUs">494328</Data>
<Data Name="PreviousEnergyCapacityAtStart">29395</Data>
<Data Name="PreviousFullEnergyCapacityAtStart">33380</Data>
<Data Name="PreviousEnergyCapacityAtEnd">29395</Data>
<Data Name="PreviousFullEnergyCapacityAtEnd">33380</Data>
<Data Name="NextSessionId">4</Data>
<Data Name="NextSessionType">0</Data>
<Data Name="PowerStateAc">True</Data>
<Data Name="MonitorReason">15</Data>
</EventData>
</Event>

<Event xmlns="http://schemas.microsoft.com/win/2004/08/events/event"><System><Provider Name="Microsoft-Windows-Power-Troubleshooter" Guid="{cdc05e28-c449-49c6-b9d2-88cf761644df}"></Provider>
<EventID Qualifiers="">1</EventID>
<Version>3</Version>
<Level>4</Level>
<Task>0</Task>
<Opcode>0</Opcode>
<Keywords>0x8000000000000000</Keywords>
<TimeCreated SystemTime="2024-06-28 10:37:45.938135+00:00"></TimeCreated>
<EventRecordID>299561</EventRecordID>
<Correlation ActivityID="{baa17c6e-599f-4d07-bd0f-3d0c8d143874}" RelatedActivityID=""></Correlation>
<Execution ProcessID="5848" ThreadID="8892"></Execution>
<Channel>System</Channel>
<Computer>DESKTOP-LLF4HB6</Computer>
<Security UserID="S-1-5-19"></Security>
</System>
<EventData><Data Name="SleepTime">2024-06-28 07:40:18.231094+00:00</Data>
<Data Name="WakeTime">2024-06-28 10:37:44.181721+00:00</Data>
<Data Name="SleepDuration">2288</Data>
<Data Name="WakeDuration">679</Data>
<Data Name="DriverInitDuration">661</Data>
<Data Name="BiosInitDuration">1786</Data>
<Data Name="HiberWriteDuration">0</Data>
<Data Name="HiberReadDuration">0</Data>
<Data Name="HiberPagesWritten">0</Data>
<Data Name="Attributes">1912621088</Data>
<Data Name="TargetState">4</Data>
<Data Name="EffectiveState">4</Data>
<Data Name="WakeSourceType">1</Data>
<Data Name="WakeSourceTextLength">0</Data>
<Data Name="WakeSourceText"></Data>
<Data Name="WakeTimerOwnerLength">0</Data>
<Data Name="WakeTimerContextLength">0</Data>
<Data Name="NoMultiStageResumeReason">0</Data>
<Data Name="WakeTimerOwner"></Data>
<Data Name="WakeTimerContext"></Data>
<Data Name="CheckpointDuration">37</Data>
</EventData>
</Event>

<Event xmlns="http://schemas.microsoft.com/win/2004/08/events/event"><System><Provider Name="Microsoft-Windows-Kernel-Power" Guid="{331c3b3a-2005-44c2-ac5e-77220c37d6b4}"></Provider>
<EventID Qualifiers="">105</EventID>
<Version>1</Version>
<Level>4</Level>
<Task>100</Task>
<Opcode>0</Opcode>
<Keywords>0x8000000000000404</Keywords>
<TimeCreated SystemTime="2024-06-28 10:37:45.998343+00:00"></TimeCreated>
<EventRecordID>299562</EventRecordID>
<Correlation ActivityID="" RelatedActivityID=""></Correlation>
<Execution ProcessID="4" ThreadID="20248"></Execution>
<Channel>System</Channel>
<Computer>DESKTOP-LLF4HB6</Computer>
<Security UserID="S-1-5-18"></Security>
</System>
<EventData><Data Name="AcOnline">False</Data>
<Data Name="RemainingCapacity">29395</Data>
<Data Name="FullChargeCapacity">33380</Data>
</EventData>
</Event>

<Event xmlns="http://schemas.microsoft.com/win/2004/08/events/event"><System><Provider Name="Netwtw10"></Provider>
<EventID Qualifiers="32768">6062</EventID>
<Version>0</Version>
<Level>3</Level>
<Task>0</Task>
<Opcode>0</Opcode>
<Keywords>0x0080000000000000</Keywords>
<TimeCreated SystemTime="2024-06-28 10:37:47.463896+00:00"></TimeCreated>
<EventRecordID>299563</EventRecordID>
<Correlation ActivityID="" RelatedActivityID=""></Correlation>
<Execution ProcessID="4" ThreadID="12712"></Execution>
<Channel>System</Channel>
<Computer>DESKTOP-LLF4HB6</Computer>
<Security UserID=""></Security>
</System>
<EventData><Data>&lt;string&gt;\Device\NDMP6&lt;/string&gt;
&lt;string&gt;Intel(R) Wi-Fi 6 AX200 160MHz&lt;/string&gt;
</Data>
<Binary>AAAAAAIAMAAAAAAArhcAgAAAAAAAAAAAAAAAAAAAAAAAAAAAAAAAAA==</Binary>
</EventData>
</Event>

