<Event xmlns="http://schemas.microsoft.com/win/2004/08/events/event"><System><Provider Name="Microsoft-Windows-WindowsUpdateClient" Guid="{945a8954-c147-4acd-923f-40c45405a658}"></Provider>
<EventID Qualifiers="">44</EventID>
<Version>1</Version>
<Level>4</Level>
<Task>1</Task>
<Opcode>12</Opcode>
<Keywords>0x8000000000002004</Keywords>
<TimeCreated SystemTime="2024-06-30 05:14:59.211393+00:00"></TimeCreated>
<EventRecordID>300741</EventRecordID>
<Correlation ActivityID="" RelatedActivityID=""></Correlation>
<Execution ProcessID="18520" ThreadID="15096"></Execution>
<Channel>System</Channel>
<Computer>DESKTOP-LLF4HB6</Computer>
<Security UserID="S-1-5-18"></Security>
</System>
<EventData><Data Name="updateTitle">Security Intelligence Update for Microsoft Defender Antivirus - KB2267602 (Version 1.413.606.0) - Current Channel (Broad)</Data>
<Data Name="updateGuid">{3e015eec-dccb-4e89-afff-200562bfe327}</Data>
<Data Name="updateRevisionNumber">200</Data>
</EventData>
</Event>

<Event xmlns="http://schemas.microsoft.com/win/2004/08/events/event"><System><Provider Name="Microsoft-Windows-WindowsUpdateClient" Guid="{945a8954-c147-4acd-923f-40c45405a658}"></Provider>
<EventID Qualifiers="">43</EventID>
<Version>1</Version>
<Level>4</Level>
<Task>1</Task>
<Opcode>13</Opcode>
<Keywords>0x8000000000002008</Keywords>
<TimeCreated SystemTime="2024-06-30 05:15:01.934984+00:00"></TimeCreated>
<EventRecordID>300742</EventRecordID>
<Correlation ActivityID="" RelatedActivityID=""></Correlation>
<Execution ProcessID="18520" ThreadID="18248"></Execution>
<Channel>System</Channel>
<Computer>DESKTOP-LLF4HB6</Computer>
<Security UserID="S-1-5-18"></Security>
</System>
<EventData><Data Name="updateTitle">Security Intelligence Update for Microsoft Defender Antivirus - KB2267602 (Version 1.413.606.0) - Current Channel (Broad)</Data>
<Data Name="updateGuid">{3e015eec-dccb-4e89-afff-200562bfe327}</Data>
<Data Name="updateRevisionNumber">200</Data>
</EventData>
</Event>

<Event xmlns="http://schemas.microsoft.com/win/2004/08/events/event"><System><Provider Name="Service Control Manager" Guid="{555908d1-a6d7-4695-8e1e-26931d2012f4}" EventSourceName="Service Control Manager"></Provider>
<EventID Qualifiers="16384">7045</EventID>
<Version>0</Version>
<Level>4</Level>
<Task>0</Task>
<Opcode>0</Opcode>
<Keywords>0x8080000000000000</Keywords>
<TimeCreated SystemTime="2024-06-30 05:15:19.021698+00:00"></TimeCreated>
<EventRecordID>300743</EventRecordID>
<Correlation ActivityID="" RelatedActivityID=""></Correlation>
<Execution ProcessID="1100" ThreadID="9348"></Execution>
<Channel>System</Channel>
<Computer>DESKTOP-LLF4HB6</Computer>
<Security UserID="S-1-5-18"></Security>
</System>
<EventData><Data Name="ServiceName">MpKsl7bf85228</Data>
<Data Name="ImagePath">C:\ProgramData\Microsoft\Windows Defender\Definition Updates\{1A2CF56F-299E-4131-927F-B5497488B8A8}\MpKslDrv.sys</Data>
<Data Name="ServiceType">kernel mode driver</Data>
<Data Name="StartType">demand start</Data>
<Data Name="AccountName"></Data>
</EventData>
</Event>

<Event xmlns="http://schemas.microsoft.com/win/2004/08/events/event"><System><Provider Name="Microsoft-Windows-WindowsUpdateClient" Guid="{945a8954-c147-4acd-923f-40c45405a658}"></Provider>
<EventID Qualifiers="">19</EventID>
<Version>1</Version>
<Level>4</Level>
<Task>1</Task>
<Opcode>13</Opcode>
<Keywords>0x8000000000000018</Keywords>
<TimeCreated SystemTime="2024-06-30 05:15:19.120811+00:00"></TimeCreated>
<EventRecordID>300744</EventRecordID>
<Correlation ActivityID="" RelatedActivityID=""></Correlation>
<Execution ProcessID="18520" ThreadID="18248"></Execution>
<Channel>System</Channel>
<Computer>DESKTOP-LLF4HB6</Computer>
<Security UserID="S-1-5-18"></Security>
</System>
<EventData><Data Name="updateTitle">Security Intelligence Update for Microsoft Defender Antivirus - KB2267602 (Version 1.413.606.0) - Current Channel (Broad)</Data>
<Data Name="updateGuid">{3e015eec-dccb-4e89-afff-200562bfe327}</Data>
<Data Name="updateRevisionNumber">200</Data>
<Data Name="serviceGuid">{9482f4b4-e343-43b6-b170-9a65bc822c77}</Data>
</EventData>
</Event>

<Event xmlns="http://schemas.microsoft.com/win/2004/08/events/event"><System><Provider Name="Microsoft-Windows-DNS-Client" Guid="{1c95126e-7eea-49a9-a3fe-a378b03ddb4d}"></Provider>
<EventID Qualifiers="">1014</EventID>
<Version>1</Version>
<Level>3</Level>
<Task>1014</Task>
<Opcode>0</Opcode>
<Keywords>0x4000000010000000</Keywords>
<TimeCreated SystemTime="2024-06-30 05:58:12.337837+00:00"></TimeCreated>
<EventRecordID>300745</EventRecordID>
<Correlation ActivityID="" RelatedActivityID=""></Correlation>
<Execution ProcessID="2520" ThreadID="8848"></Execution>
<Channel>System</Channel>
<Computer>DESKTOP-LLF4HB6</Computer>
<Security UserID="S-1-5-20"></Security>
</System>
<EventData><Data Name="QueryName">ssl.gstatic.com</Data>
<Data Name="AddressLength">128</Data>
<Data Name="Address">AgAAAMCoAAEAAAAAAAAAAAAAAAAAAAAAAAAAAAAAAAAAAAAAAAAAAAAAAAAAAAAAAAAAAAAAAAAAAAAAAAAAAAAAAAAAAAAAAAAAAAAAAAAAAAAAAAAAAAAAAAAAAAAAAAAAAAAAAAAAAAAAAAAAAAAAAAAAAAAAAAAAAAAAAAA=</Data>
<Data Name="ClientPID">5184</Data>
</EventData>
</Event>

<Event xmlns="http://schemas.microsoft.com/win/2004/08/events/event"><System><Provider Name="Netwtw10"></Provider>
<EventID Qualifiers="16384">7021</EventID>
<Version>0</Version>
<Level>4</Level>
<Task>0</Task>
<Opcode>0</Opcode>
<Keywords>0x0080000000000000</Keywords>
<TimeCreated SystemTime="2024-06-30 05:58:15.599100+00:00"></TimeCreated>
<EventRecordID>300746</EventRecordID>
<Correlation ActivityID="" RelatedActivityID=""></Correlation>
<Execution ProcessID="4" ThreadID="15404"></Execution>
<Channel>System</Channel>
<Computer>DESKTOP-LLF4HB6</Computer>
<Security UserID=""></Security>
</System>
<EventData><Data>&lt;string&gt;&lt;/string&gt;
</Data>
<Binary>AACAAAEArAAAAAAAbRsAQAAAAAAAAAAAAAAAAAAAAAAAAAAAAAAAACkAAAAHAAAACgAAAKyExutyzgAAM3JkIEZsb29yIAAAAAAAAAAAAAAAAAAAAAAAAAAAAABkjVQAxXeufwEAAAABAAAACQAAAAEAAABUUC1MaW5rAFRMLVdSODQANi4wAAAAAAAAAAAAAwcG0wUAAABVQQcBAgEAAAAAAAAAAAAA</Binary>
</EventData>
</Event>

<Event xmlns="http://schemas.microsoft.com/win/2004/08/events/event"><System><Provider Name="Netwtw10"></Provider>
<EventID Qualifiers="16384">7021</EventID>
<Version>0</Version>
<Level>4</Level>
<Task>0</Task>
<Opcode>0</Opcode>
<Keywords>0x0080000000000000</Keywords>
<TimeCreated SystemTime="2024-06-30 05:58:16.198704+00:00"></TimeCreated>
<EventRecordID>300747</EventRecordID>
<Correlation ActivityID="" RelatedActivityID=""></Correlation>
<Execution ProcessID="4" ThreadID="6968"></Execution>
<Channel>System</Channel>
<Computer>DESKTOP-LLF4HB6</Computer>
<Security UserID=""></Security>
</System>
<EventData><Data>&lt;string&gt;&lt;/string&gt;
</Data>
<Binary>AACAAAEArAAAAAAAbRsAQAAAAAAAAAAAAAAAAAAAAAAAAAAAAAAAAAAAAAAHAAAACgAAAKyExutyzgAAM3JkIEZsb29yIAAAAAAAAAAAAAAAAAAAAAAAAAAAAAB5M7AA2h0KgAIAAAABAAAACQAAAAEAAABUUC1MaW5rAFRMLVdSODQANi4wAAAAAAAAAAAAAwcG1AQAAABVQQcBAgEAAAAAAAAAAAAA</Binary>
</EventData>
</Event>

<Event xmlns="http://schemas.microsoft.com/win/2004/08/events/event"><System><Provider Name="Netwtw10"></Provider>
<EventID Qualifiers="16384">7021</EventID>
<Version>0</Version>
<Level>4</Level>
<Task>0</Task>
<Opcode>0</Opcode>
<Keywords>0x0080000000000000</Keywords>
<TimeCreated SystemTime="2024-06-30 05:58:21.936752+00:00"></TimeCreated>
<EventRecordID>300748</EventRecordID>
<Correlation ActivityID="" RelatedActivityID=""></Correlation>
<Execution ProcessID="4" ThreadID="16196"></Execution>
<Channel>System</Channel>
<Computer>DESKTOP-LLF4HB6</Computer>
<Security UserID=""></Security>
</System>
<EventData><Data>&lt;string&gt;&lt;/string&gt;
</Data>
<Binary>AACAAAEArAAAAAAAbRsAQAAAAAAAAAAAAAAAAAAAAAAAAAAAAAAAAAAAAAAHAAAACgAAANgNF31W0gAAM3JkIEZsb29yIDIAAAAAAAAAAAAAAAAAAAAAAAAAAACf9g0AZ6x1gwEAAAAAAAAACQAAAAEAAABUUC1MaW5rAFRMLVdSODQANi4wAAAAAAAAAAAABAcGwwMAAABVQQcBAgEAAAAAAAAAAAAA</Binary>
</EventData>
</Event>

<Event xmlns="http://schemas.microsoft.com/win/2004/08/events/event"><System><Provider Name="Netwtw10"></Provider>
<EventID Qualifiers="32768">6062</EventID>
<Version>0</Version>
<Level>3</Level>
<Task>0</Task>
<Opcode>0</Opcode>
<Keywords>0x0080000000000000</Keywords>
<TimeCreated SystemTime="2024-06-30 05:58:25.505421+00:00"></TimeCreated>
<EventRecordID>300749</EventRecordID>
<Correlation ActivityID="" RelatedActivityID=""></Correlation>
<Execution ProcessID="4" ThreadID="16052"></Execution>
<Channel>System</Channel>
<Computer>DESKTOP-LLF4HB6</Computer>
<Security UserID=""></Security>
</System>
<EventData><Data>&lt;string&gt;\Device\NDMP6&lt;/string&gt;
&lt;string&gt;Intel(R) Wi-Fi 6 AX200 160MHz&lt;/string&gt;
</Data>
<Binary>AAAAAAIAMAAAAAAArhcAgAAAAAAAAAAAAAAAAAAAAAAAAAAAAAAAAA==</Binary>
</EventData>
</Event>

<Event xmlns="http://schemas.microsoft.com/win/2004/08/events/event"><System><Provider Name="Microsoft-Windows-DNS-Client" Guid="{1c95126e-7eea-49a9-a3fe-a378b03ddb4d}"></Provider>
<EventID Qualifiers="">1014</EventID>
<Version>1</Version>
<Level>3</Level>
<Task>1014</Task>
<Opcode>0</Opcode>
<Keywords>0x4000000010000000</Keywords>
<TimeCreated SystemTime="2024-06-30 05:58:37.534128+00:00"></TimeCreated>
<EventRecordID>300750</EventRecordID>
<Correlation ActivityID="" RelatedActivityID=""></Correlation>
<Execution ProcessID="2520" ThreadID="19188"></Execution>
<Channel>System</Channel>
<Computer>DESKTOP-LLF4HB6</Computer>
<Security UserID="S-1-5-20"></Security>
</System>
<EventData><Data Name="QueryName">client.wns.windows.com</Data>
<Data Name="AddressLength">128</Data>
<Data Name="Address">AgAAAMCoAAEAAAAAAAAAAAAAAAAAAAAAAAAAAAAAAAAAAAAAAAAAAAAAAAAAAAAAAAAAAAAAAAAAAAAAAAAAAAAAAAAAAAAAAAAAAAAAAAAAAAAAAAAAAAAAAAAAAAAAAAAAAAAAAAAAAAAAAAAAAAAAAAAAAAAAAAAAAAAAAAA=</Data>
<Data Name="ClientPID">6252</Data>
</EventData>
</Event>

<Event xmlns="http://schemas.microsoft.com/win/2004/08/events/event"><System><Provider Name="Microsoft-Windows-Kernel-Power" Guid="{331c3b3a-2005-44c2-ac5e-77220c37d6b4}"></Provider>
<EventID Qualifiers="">524</EventID>
<Version>0</Version>
<Level>4</Level>
<Task>223</Task>
<Opcode>0</Opcode>
<Keywords>0x8000000000000404</Keywords>
<TimeCreated SystemTime="2024-06-30 06:45:21.969109+00:00"></TimeCreated>
<EventRecordID>300751</EventRecordID>
<Correlation ActivityID="" RelatedActivityID=""></Correlation>
<Execution ProcessID="4" ThreadID="9040"></Execution>
<Channel>System</Channel>
<Computer>DESKTOP-LLF4HB6</Computer>
<Security UserID="S-1-5-18"></Security>
</System>
<EventData><Data Name="Index">0</Data>
<Data Name="ActiveBatteryCount">1</Data>
<Data Name="RemainingPercentage">5</Data>
<Data Name="IsAcOnline">0</Data>
<Data Name="BatteryActionInternalFlags">0x00000080</Data>
<Data Name="IsPowerActionCallIgnored">0</Data>
<Data Name="IsPowerPolicyEnabled">1</Data>
<Data Name="PowerPolicyAction">3</Data>
<Data Name="PowerPolicyBatteryLevel">5</Data>
<Data Name="PowerPolicyEventCode">1</Data>
<Data Name="PowerPolicyMinState">4</Data>
</EventData>
</Event>

<Event xmlns="http://schemas.microsoft.com/win/2004/08/events/event"><System><Provider Name="Microsoft-Windows-Kernel-Power" Guid="{331c3b3a-2005-44c2-ac5e-77220c37d6b4}"></Provider>
<EventID Qualifiers="">566</EventID>
<Version>0</Version>
<Level>4</Level>
<Task>268</Task>
<Opcode>0</Opcode>
<Keywords>0x8000000000000604</Keywords>
<TimeCreated SystemTime="2024-06-30 06:45:22.558247+00:00"></TimeCreated>
<EventRecordID>300752</EventRecordID>
<Correlation ActivityID="" RelatedActivityID=""></Correlation>
<Execution ProcessID="4" ThreadID="3864"></Execution>
<Channel>System</Channel>
<Computer>DESKTOP-LLF4HB6</Computer>
<Security UserID="S-1-5-18"></Security>
</System>
<EventData><Data Name="BootId">662</Data>
<Data Name="Reason">17</Data>
<Data Name="PreviousSessionId">0</Data>
<Data Name="PreviousSessionType">0</Data>
<Data Name="PreviousSessionDurationInUs">8480058530</Data>
<Data Name="PreviousEnergyCapacityAtStart">0</Data>
<Data Name="PreviousFullEnergyCapacityAtStart">0</Data>
<Data Name="PreviousEnergyCapacityAtEnd">1779</Data>
<Data Name="PreviousFullEnergyCapacityAtEnd">33380</Data>
<Data Name="NextSessionId">1</Data>
<Data Name="NextSessionType">3</Data>
<Data Name="PowerStateAc">False</Data>
<Data Name="MonitorReason">17</Data>
</EventData>
</Event>

<Event xmlns="http://schemas.microsoft.com/win/2004/08/events/event"><System><Provider Name="Microsoft-Windows-Kernel-Power" Guid="{331c3b3a-2005-44c2-ac5e-77220c37d6b4}"></Provider>
<EventID Qualifiers="">42</EventID>
<Version>3</Version>
<Level>4</Level>
<Task>64</Task>
<Opcode>0</Opcode>
<Keywords>0x8000000000000404</Keywords>
<TimeCreated SystemTime="2024-06-30 06:45:24.251907+00:00"></TimeCreated>
<EventRecordID>300753</EventRecordID>
<Correlation ActivityID="" RelatedActivityID=""></Correlation>
<Execution ProcessID="4" ThreadID="16196"></Execution>
<Channel>System</Channel>
<Computer>DESKTOP-LLF4HB6</Computer>
<Security UserID=""></Security>
</System>
<EventData><Data Name="TargetState">5</Data>
<Data Name="EffectiveState">5</Data>
<Data Name="Reason">2</Data>
<Data Name="Flags">0</Data>
<Data Name="TransitionsToOn">1</Data>
</EventData>
</Event>

<Event xmlns="http://schemas.microsoft.com/win/2004/08/events/event"><System><Provider Name="nhi"></Provider>
<EventID Qualifiers="16388">9008</EventID>
<Version>0</Version>
<Level>4</Level>
<Task>0</Task>
<Opcode>0</Opcode>
<Keywords>0x0080000000000000</Keywords>
<TimeCreated SystemTime="2024-06-30 06:45:25.718725+00:00"></TimeCreated>
<EventRecordID>300754</EventRecordID>
<Correlation ActivityID="" RelatedActivityID=""></Correlation>
<Execution ProcessID="4" ThreadID="8096"></Execution>
<Channel>System</Channel>
<Computer>DESKTOP-LLF4HB6</Computer>
<Security UserID=""></Security>
</System>
<EventData><Data>&lt;string&gt;&lt;/string&gt;
</Data>
<Binary>AAAAAAEAAAAAAAAAMCMEQAAAAAAAAAAAAAAAAAAAAAAAAAAAAAAAAA==</Binary>
</EventData>
</Event>

<Event xmlns="http://schemas.microsoft.com/win/2004/08/events/event"><System><Provider Name="Microsoft-Windows-Kernel-Power" Guid="{331c3b3a-2005-44c2-ac5e-77220c37d6b4}"></Provider>
<EventID Qualifiers="">107</EventID>
<Version>1</Version>
<Level>4</Level>
<Task>102</Task>
<Opcode>0</Opcode>
<Keywords>0x8000000000000444</Keywords>
<TimeCreated SystemTime="2024-06-30 06:45:28.078846+00:00"></TimeCreated>
<EventRecordID>300755</EventRecordID>
<Correlation ActivityID="" RelatedActivityID=""></Correlation>
<Execution ProcessID="4" ThreadID="16196"></Execution>
<Channel>System</Channel>
<Computer>DESKTOP-LLF4HB6</Computer>
<Security UserID=""></Security>
</System>
<EventData><Data Name="TargetState">5</Data>
<Data Name="EffectiveState">5</Data>
<Data Name="WakeFromState">5</Data>
<Data Name="ProgrammedWakeTimeAc">0001-01-01 00:00:00</Data>
<Data Name="ProgrammedWakeTimeDc">0001-01-01 00:00:00</Data>
<Data Name="WakeRequesterTypeAc">0</Data>
<Data Name="WakeRequesterTypeDc">0</Data>
</EventData>
</Event>

<Event xmlns="http://schemas.microsoft.com/win/2004/08/events/event"><System><Provider Name="Microsoft-Windows-Kernel-General" Guid="{a68ca8b7-004f-d7b6-a698-07e2de0f1f5d}"></Provider>
<EventID Qualifiers="">1</EventID>
<Version>4</Version>
<Level>4</Level>
<Task>5</Task>
<Opcode>0</Opcode>
<Keywords>0x8000000000000010</Keywords>
<TimeCreated SystemTime="2024-06-30 06:57:52.500349+00:00"></TimeCreated>
<EventRecordID>300756</EventRecordID>
<Correlation ActivityID="" RelatedActivityID=""></Correlation>
<Execution ProcessID="4" ThreadID="16196"></Execution>
<Channel>System</Channel>
<Computer>DESKTOP-LLF4HB6</Computer>
<Security UserID=""></Security>
</System>
<EventData><Data Name="NewTime">2024-06-30 06:57:52.500000+00:00</Data>
<Data Name="OldTime">2024-06-30 06:45:28.079000+00:00</Data>
<Data Name="TimeDeltaInMs">744420</Data>
<Data Name="Reason">2</Data>
<Data Name="ProcessName"></Data>
<Data Name="ProcessID">4</Data>
<Data Name="CmosTime">2024-06-30 11:57:52.500000+00:00</Data>
<Data Name="TimeZoneBias">-300</Data>
<Data Name="RealTimeIsUniversal">False</Data>
<Data Name="SystemInCmosMode">False</Data>
</EventData>
</Event>

<Event xmlns="http://schemas.microsoft.com/win/2004/08/events/event"><System><Provider Name="Netwtw10"></Provider>
<EventID Qualifiers="16384">7025</EventID>
<Version>0</Version>
<Level>4</Level>
<Task>0</Task>
<Opcode>0</Opcode>
<Keywords>0x0080000000000000</Keywords>
<TimeCreated SystemTime="2024-06-30 06:57:53.040565+00:00"></TimeCreated>
<EventRecordID>300757</EventRecordID>
<Correlation ActivityID="" RelatedActivityID=""></Correlation>
<Execution ProcessID="4" ThreadID="13176"></Execution>
<Channel>System</Channel>
<Computer>DESKTOP-LLF4HB6</Computer>
<Security UserID=""></Security>
</System>
<EventData><Data>&lt;string&gt;\Device\NDMP6&lt;/string&gt;
&lt;string&gt;Intel(R) Wi-Fi 6 AX200 160MHz&lt;/string&gt;
</Data>
<Binary>AAAEAAIANAAAAAAAcRsAQAAAAAAAAAAAAAAAAAAAAAAAAAAAAAAAAAAAAAA=</Binary>
</EventData>
</Event>

<Event xmlns="http://schemas.microsoft.com/win/2004/08/events/event"><System><Provider Name="TPM" Guid="{1b6b0772-251b-4d42-917d-faca166bc059}"></Provider>
<EventID Qualifiers="">30</EventID>
<Version>0</Version>
<Level>3</Level>
<Task>0</Task>
<Opcode>0</Opcode>
<Keywords>0x8000000000000000</Keywords>
<TimeCreated SystemTime="2024-06-30 06:57:53.102829+00:00"></TimeCreated>
<EventRecordID>300758</EventRecordID>
<Correlation ActivityID="" RelatedActivityID=""></Correlation>
<Execution ProcessID="4" ThreadID="340"></Execution>
<Channel>System</Channel>
<Computer>DESKTOP-LLF4HB6</Computer>
<Security UserID=""></Security>
</System>
<EventData><Data Name="driverFile">0x0000001c</Data>
<Data Name="lineNumber">1381</Data>
<Data Name="resetCountBefore">1620</Data>
<Data Name="restartCountBefore">0</Data>
<Data Name="resetCountAfter">1621</Data>
<Data Name="restartCountAfter">0</Data>
</EventData>
</Event>

<Event xmlns="http://schemas.microsoft.com/win/2004/08/events/event"><System><Provider Name="Microsoft-Windows-Kernel-Boot" Guid="{15ca44ff-4d7a-4baa-bba5-0998955e531e}"></Provider>
<EventID Qualifiers="">30</EventID>
<Version>0</Version>
<Level>4</Level>
<Task>21</Task>
<Opcode>0</Opcode>
<Keywords>0x8000000000000000</Keywords>
<TimeCreated SystemTime="2024-06-30 06:57:53.152651+00:00"></TimeCreated>
<EventRecordID>300759</EventRecordID>
<Correlation ActivityID="" RelatedActivityID=""></Correlation>
<Execution ProcessID="4" ThreadID="16196"></Execution>
<Channel>System</Channel>
<Computer>DESKTOP-LLF4HB6</Computer>
<Security UserID=""></Security>
</System>
<EventData><Data Name="ResetEndStart">8</Data>
<Data Name="LoadOSImageStart">7566</Data>
<Data Name="StartOSImageStart">7624</Data>
<Data Name="ExitBootServicesEntry">10371</Data>
<Data Name="ExitBootServicesExit">10372</Data>
</EventData>
</Event>

<Event xmlns="http://schemas.microsoft.com/win/2004/08/events/event"><System><Provider Name="Microsoft-Windows-Kernel-Boot" Guid="{15ca44ff-4d7a-4baa-bba5-0998955e531e}"></Provider>
<EventID Qualifiers="">18</EventID>
<Version>0</Version>
<Level>4</Level>
<Task>57</Task>
<Opcode>0</Opcode>
<Keywords>0x8000000000000000</Keywords>
<TimeCreated SystemTime="2024-06-30 06:57:53.153036+00:00"></TimeCreated>
<EventRecordID>300760</EventRecordID>
<Correlation ActivityID="" RelatedActivityID=""></Correlation>
<Execution ProcessID="4" ThreadID="16196"></Execution>
<Channel>System</Channel>
<Computer>DESKTOP-LLF4HB6</Computer>
<Security UserID=""></Security>
</System>
<EventData><Data Name="EntryCount">1</Data>
</EventData>
</Event>

<Event xmlns="http://schemas.microsoft.com/win/2004/08/events/event"><System><Provider Name="Microsoft-Windows-Kernel-Boot" Guid="{15ca44ff-4d7a-4baa-bba5-0998955e531e}"></Provider>
<EventID Qualifiers="">32</EventID>
<Version>0</Version>
<Level>4</Level>
<Task>58</Task>
<Opcode>0</Opcode>
<Keywords>0x8000000000000000</Keywords>
<TimeCreated SystemTime="2024-06-30 06:57:53.153217+00:00"></TimeCreated>
<EventRecordID>300761</EventRecordID>
<Correlation ActivityID="" RelatedActivityID=""></Correlation>
<Execution ProcessID="4" ThreadID="16196"></Execution>
<Channel>System</Channel>
<Computer>DESKTOP-LLF4HB6</Computer>
<Security UserID=""></Security>
</System>
<EventData><Data Name="BitlockerUserInputTime">0</Data>
</EventData>
</Event>

<Event xmlns="http://schemas.microsoft.com/win/2004/08/events/event"><System><Provider Name="Netwtw10"></Provider>
<EventID Qualifiers="16384">7023</EventID>
<Version>0</Version>
<Level>4</Level>
<Task>0</Task>
<Opcode>0</Opcode>
<Keywords>0x0080000000000000</Keywords>
<TimeCreated SystemTime="2024-06-30 06:57:53.399612+00:00"></TimeCreated>
<EventRecordID>300762</EventRecordID>
<Correlation ActivityID="" RelatedActivityID=""></Correlation>
<Execution ProcessID="4" ThreadID="5148"></Execution>
<Channel>System</Channel>
<Computer>DESKTOP-LLF4HB6</Computer>
<Security UserID=""></Security>
</System>
<EventData><Data>&lt;string&gt;&lt;/string&gt;
</Data>
<Binary>AAAYAAEARAAAAAAAbxsAQAAAAAAAAAAAAAAAAAAAAAAAAAAAAAAAAAAAAAAAAAAAAAAAAAAAAAAAAAAC/////w==</Binary>
</EventData>
</Event>

<Event xmlns="http://schemas.microsoft.com/win/2004/08/events/event"><System><Provider Name="Microsoft-Windows-Kernel-Power" Guid="{331c3b3a-2005-44c2-ac5e-77220c37d6b4}"></Provider>
<EventID Qualifiers="">566</EventID>
<Version>0</Version>
<Level>4</Level>
<Task>268</Task>
<Opcode>0</Opcode>
<Keywords>0x8000000000000604</Keywords>
<TimeCreated SystemTime="2024-06-30 06:57:53.413757+00:00"></TimeCreated>
<EventRecordID>300763</EventRecordID>
<Correlation ActivityID="" RelatedActivityID=""></Correlation>
<Execution ProcessID="4" ThreadID="10468"></Execution>
<Channel>System</Channel>
<Computer>DESKTOP-LLF4HB6</Computer>
<Security UserID=""></Security>
</System>
<EventData><Data Name="BootId">662</Data>
<Data Name="Reason">20</Data>
<Data Name="PreviousSessionId">1</Data>
<Data Name="PreviousSessionType">3</Data>
<Data Name="PreviousSessionDurationInUs">750597115</Data>
<Data Name="PreviousEnergyCapacityAtStart">1779</Data>
<Data Name="PreviousFullEnergyCapacityAtStart">33380</Data>
<Data Name="PreviousEnergyCapacityAtEnd">1779</Data>
<Data Name="PreviousFullEnergyCapacityAtEnd">33380</Data>
<Data Name="NextSessionId">2</Data>
<Data Name="NextSessionType">1</Data>
<Data Name="PowerStateAc">False</Data>
<Data Name="MonitorReason">20</Data>
</EventData>
</Event>

<Event xmlns="http://schemas.microsoft.com/win/2004/08/events/event"><System><Provider Name="Netwtw10"></Provider>
<EventID Qualifiers="16384">7021</EventID>
<Version>0</Version>
<Level>4</Level>
<Task>0</Task>
<Opcode>0</Opcode>
<Keywords>0x0080000000000000</Keywords>
<TimeCreated SystemTime="2024-06-30 06:57:53.614979+00:00"></TimeCreated>
<EventRecordID>300764</EventRecordID>
<Correlation ActivityID="" RelatedActivityID=""></Correlation>
<Execution ProcessID="4" ThreadID="1848"></Execution>
<Channel>System</Channel>
<Computer>DESKTOP-LLF4HB6</Computer>
<Security UserID=""></Security>
</System>
<EventData><Data>&lt;string&gt;&lt;/string&gt;
</Data>
<Binary>AACAAAEArAAAAAAAbRsAQAAAAAAAAAAAAAAAAAAAAAAAAAAAAAAAAAAAAAAHAAAACgAAANgNF31W0gAAM3JkIEZsb29yIDIAAAAAAAAAAAAAAAAAAAAAAAAAAABZAg4AiiwVAAEAAAABAAAAAQAAAAEAAABUUC1MaW5rAFRMLVdSODQANi4wAAAAAAAAAAAABAcGvQMAAAAwMAcBAgEAAAAAAAAAAAAA</Binary>
</EventData>
</Event>

<Event xmlns="http://schemas.microsoft.com/win/2004/08/events/event"><System><Provider Name="Microsoft-Windows-Power-Troubleshooter" Guid="{cdc05e28-c449-49c6-b9d2-88cf761644df}"></Provider>
<EventID Qualifiers="">1</EventID>
<Version>3</Version>
<Level>4</Level>
<Task>0</Task>
<Opcode>0</Opcode>
<Keywords>0x8000000000000000</Keywords>
<TimeCreated SystemTime="2024-06-30 06:57:54.411432+00:00"></TimeCreated>
<EventRecordID>300765</EventRecordID>
<Correlation ActivityID="{4c32cf07-08a1-4311-ba0d-cc9aad1b26e4}" RelatedActivityID=""></Correlation>
<Execution ProcessID="5636" ThreadID="17656"></Execution>
<Channel>System</Channel>
<Computer>DESKTOP-LLF4HB6</Computer>
<Security UserID="S-1-5-19"></Security>
</System>
<EventData><Data Name="SleepTime">2024-06-30 06:45:21.969013+00:00</Data>
<Data Name="WakeTime">2024-06-30 06:57:53.170200+00:00</Data>
<Data Name="SleepDuration">3033</Data>
<Data Name="WakeDuration">667</Data>
<Data Name="DriverInitDuration">650</Data>
<Data Name="BiosInitDuration">7643</Data>
<Data Name="HiberWriteDuration">12435</Data>
<Data Name="HiberReadDuration">9145</Data>
<Data Name="HiberPagesWritten">710438</Data>
<Data Name="Attributes">1979728005</Data>
<Data Name="TargetState">5</Data>
<Data Name="EffectiveState">5</Data>
<Data Name="WakeSourceType">0</Data>
<Data Name="WakeSourceTextLength">0</Data>
<Data Name="WakeSourceText"></Data>
<Data Name="WakeTimerOwnerLength">0</Data>
<Data Name="WakeTimerContextLength">0</Data>
<Data Name="NoMultiStageResumeReason">0</Data>
<Data Name="WakeTimerOwner"></Data>
<Data Name="WakeTimerContext"></Data>
<Data Name="CheckpointDuration">36</Data>
</EventData>
</Event>

<Event xmlns="http://schemas.microsoft.com/win/2004/08/events/event"><System><Provider Name="Microsoft-Windows-Kernel-Power" Guid="{331c3b3a-2005-44c2-ac5e-77220c37d6b4}"></Provider>
<EventID Qualifiers="">566</EventID>
<Version>0</Version>
<Level>4</Level>
<Task>268</Task>
<Opcode>0</Opcode>
<Keywords>0x8000000000000604</Keywords>
<TimeCreated SystemTime="2024-06-30 06:57:54.730005+00:00"></TimeCreated>
<EventRecordID>300766</EventRecordID>
<Correlation ActivityID="" RelatedActivityID=""></Correlation>
<Execution ProcessID="4" ThreadID="13136"></Execution>
<Channel>System</Channel>
<Computer>DESKTOP-LLF4HB6</Computer>
<Security UserID="S-1-5-18"></Security>
</System>
<EventData><Data Name="BootId">662</Data>
<Data Name="Reason">1</Data>
<Data Name="PreviousSessionId">2</Data>
<Data Name="PreviousSessionType">1</Data>
<Data Name="PreviousSessionDurationInUs">1314514</Data>
<Data Name="PreviousEnergyCapacityAtStart">1779</Data>
<Data Name="PreviousFullEnergyCapacityAtStart">33380</Data>
<Data Name="PreviousEnergyCapacityAtEnd">1779</Data>
<Data Name="PreviousFullEnergyCapacityAtEnd">33380</Data>
<Data Name="NextSessionId">4</Data>
<Data Name="NextSessionType">0</Data>
<Data Name="PowerStateAc">False</Data>
<Data Name="MonitorReason">1</Data>
</EventData>
</Event>

<Event xmlns="http://schemas.microsoft.com/win/2004/08/events/event"><System><Provider Name="Microsoft-Windows-Kernel-Power" Guid="{331c3b3a-2005-44c2-ac5e-77220c37d6b4}"></Provider>
<EventID Qualifiers="">105</EventID>
<Version>1</Version>
<Level>4</Level>
<Task>100</Task>
<Opcode>0</Opcode>
<Keywords>0x8000000000000404</Keywords>
<TimeCreated SystemTime="2024-06-30 06:57:55.415390+00:00"></TimeCreated>
<EventRecordID>300767</EventRecordID>
<Correlation ActivityID="" RelatedActivityID=""></Correlation>
<Execution ProcessID="4" ThreadID="20044"></Execution>
<Channel>System</Channel>
<Computer>DESKTOP-LLF4HB6</Computer>
<Security UserID="S-1-5-18"></Security>
</System>
<EventData><Data Name="AcOnline">True</Data>
<Data Name="RemainingCapacity">1779</Data>
<Data Name="FullChargeCapacity">33380</Data>
</EventData>
</Event>

<Event xmlns="http://schemas.microsoft.com/win/2004/08/events/event"><System><Provider Name="Netwtw10"></Provider>
<EventID Qualifiers="32768">6062</EventID>
<Version>0</Version>
<Level>3</Level>
<Task>0</Task>
<Opcode>0</Opcode>
<Keywords>0x0080000000000000</Keywords>
<TimeCreated SystemTime="2024-06-30 06:57:55.982378+00:00"></TimeCreated>
<EventRecordID>300768</EventRecordID>
<Correlation ActivityID="" RelatedActivityID=""></Correlation>
<Execution ProcessID="4" ThreadID="9040"></Execution>
<Channel>System</Channel>
<Computer>DESKTOP-LLF4HB6</Computer>
<Security UserID=""></Security>
</System>
<EventData><Data>&lt;string&gt;\Device\NDMP6&lt;/string&gt;
&lt;string&gt;Intel(R) Wi-Fi 6 AX200 160MHz&lt;/string&gt;
</Data>
<Binary>AAAAAAIAMAAAAAAArhcAgAAAAAAAAAAAAAAAAAAAAAAAAAAAAAAAAA==</Binary>
</EventData>
</Event>

<Event xmlns="http://schemas.microsoft.com/win/2004/08/events/event"><System><Provider Name="Service Control Manager" Guid="{555908d1-a6d7-4695-8e1e-26931d2012f4}" EventSourceName="Service Control Manager"></Provider>
<EventID Qualifiers="16384">7040</EventID>
<Version>0</Version>
<Level>4</Level>
<Task>0</Task>
<Opcode>0</Opcode>
<Keywords>0x8080000000000000</Keywords>
<TimeCreated SystemTime="2024-06-30 06:58:01.603209+00:00"></TimeCreated>
<EventRecordID>300769</EventRecordID>
<Correlation ActivityID="" RelatedActivityID=""></Correlation>
<Execution ProcessID="1100" ThreadID="17648"></Execution>
<Channel>System</Channel>
<Computer>DESKTOP-LLF4HB6</Computer>
<Security UserID="S-1-5-18"></Security>
</System>
<EventData><Data Name="param1">Background Intelligent Transfer Service</Data>
<Data Name="param2">demand start</Data>
<Data Name="param3">auto start</Data>
<Data Name="param4">BITS</Data>
</EventData>
</Event>

<Event xmlns="http://schemas.microsoft.com/win/2004/08/events/event"><System><Provider Name="nhi"></Provider>
<EventID Qualifiers="16388">9007</EventID>
<Version>0</Version>
<Level>4</Level>
<Task>0</Task>
<Opcode>0</Opcode>
<Keywords>0x0080000000000000</Keywords>
<TimeCreated SystemTime="2024-06-30 06:58:09.978172+00:00"></TimeCreated>
<EventRecordID>300770</EventRecordID>
<Correlation ActivityID="" RelatedActivityID=""></Correlation>
<Execution ProcessID="4" ThreadID="18536"></Execution>
<Channel>System</Channel>
<Computer>DESKTOP-LLF4HB6</Computer>
<Security UserID=""></Security>
</System>
<EventData><Data>&lt;string&gt;&lt;/string&gt;
</Data>
<Binary>AAAAAAEAAAAAAAAALyMEQAAAAAAAAAAAAAAAAAAAAAAAAAAAAAAAAA==</Binary>
</EventData>
</Event>

<Event xmlns="http://schemas.microsoft.com/win/2004/08/events/event"><System><Provider Name="Microsoft-Windows-DNS-Client" Guid="{1c95126e-7eea-49a9-a3fe-a378b03ddb4d}"></Provider>
<EventID Qualifiers="">1014</EventID>
<Version>1</Version>
<Level>3</Level>
<Task>1014</Task>
<Opcode>0</Opcode>
<Keywords>0x4000000010000000</Keywords>
<TimeCreated SystemTime="2024-06-30 06:59:01.837553+00:00"></TimeCreated>
<EventRecordID>300771</EventRecordID>
<Correlation ActivityID="" RelatedActivityID=""></Correlation>
<Execution ProcessID="2520" ThreadID="13860"></Execution>
<Channel>System</Channel>
<Computer>DESKTOP-LLF4HB6</Computer>
<Security UserID="S-1-5-20"></Security>
</System>
<EventData><Data Name="QueryName">v10.events.data.microsoft.com</Data>
<Data Name="AddressLength">128</Data>
<Data Name="Address">AgAAAMCoAAEAAAAAAAAAAAAAAAAAAAAAAAAAAAAAAAAAAAAAAAAAAAAAAAAAAAAAAAAAAAAAAAAAAAAAAAAAAAAAAAAAAAAAAAAAAAAAAAAAAAAAAAAAAAAAAAAAAAAAAAAAAAAAAAAAAAAAAAAAAAAAAAAAAAAAAAAAAAAAAAA=</Data>
<Data Name="ClientPID">5588</Data>
</EventData>
</Event>

<Event xmlns="http://schemas.microsoft.com/win/2004/08/events/event"><System><Provider Name="Microsoft-Windows-DistributedCOM" Guid="{1B562E86-B7AA-4131-BADC-B6F3A001407E}" EventSourceName="DCOM"></Provider>
<EventID Qualifiers="0">10016</EventID>
<Version>0</Version>
<Level>3</Level>
<Task>0</Task>
<Opcode>0</Opcode>
<Keywords>0x8080000000000000</Keywords>
<TimeCreated SystemTime="2024-06-30 06:59:50.158533+00:00"></TimeCreated>
<EventRecordID>300772</EventRecordID>
<Correlation ActivityID="{56e03036-caa5-0000-f930-f056a5cada01}" RelatedActivityID=""></Correlation>
<Execution ProcessID="1508" ThreadID="19324"></Execution>
<Channel>System</Channel>
<Computer>DESKTOP-LLF4HB6</Computer>
<Security UserID="S-1-5-21-3356611828-2158967444-2878968500-1001"></Security>
</System>
<EventData><Data Name="param1">application-specific</Data>
<Data Name="param2">Local</Data>
<Data Name="param3">Activation</Data>
<Data Name="param4">{2593F8B9-4EAF-457C-B68A-50F6B8EA6B54}</Data>
<Data Name="param5">{15C20B67-12E7-4BB6-92BB-7AFF07997402}</Data>
<Data Name="param6">DESKTOP-LLF4HB6</Data>
<Data Name="param7">hp</Data>
<Data Name="param8">S-1-5-21-3356611828-2158967444-2878968500-1001</Data>
<Data Name="param9">LocalHost (Using LRPC)</Data>
<Data Name="param10">MicrosoftWindows.Client.WebExperience_524.13200.20.0_x64__cw5n1h2txyewy</Data>
<Data Name="param11">Unavailable</Data>
</EventData>
</Event>

<Event xmlns="http://schemas.microsoft.com/win/2004/08/events/event"><System><Provider Name="EventLog"></Provider>
<EventID Qualifiers="32768">6013</EventID>
<Version>0</Version>
<Level>4</Level>
<Task>0</Task>
<Opcode>0</Opcode>
<Keywords>0x0080000000000000</Keywords>
<TimeCreated SystemTime="2024-06-30 07:00:00.101561+00:00"></TimeCreated>
<EventRecordID>300773</EventRecordID>
<Correlation ActivityID="" RelatedActivityID=""></Correlation>
<Execution ProcessID="3280" ThreadID="3540"></Execution>
<Channel>System</Channel>
<Computer>DESKTOP-LLF4HB6</Computer>
<Security UserID=""></Security>
</System>
<EventData><Data>&lt;string&gt;9357&lt;/string&gt;
&lt;string&gt;357&lt;/string&gt;
&lt;string&gt;60&lt;/string&gt;
&lt;string&gt;&lt;/string&gt;
</Data>
<Binary>MQAuADEAAAAwAAAAVwBpAG4AZABvAHcAcwAgADEAMAAgAFAAcgBvAAAAMQAwAC4AMAAuADIAMgA2ADMAMQAgAEIAdQBpAGwAZAAgADIAMgA2ADMAMQAgACAAAABNAHUAbAB0AGkAcAByAG8AYwBlAHMAcwBvAHIAIABGAHIAZQBlAAAAMgAyADYAMgAxAC4AbgBpAF8AcgBlAGwAZQBhAHMAZQAuADIAMgAwADUAMAA2AC0AMQAyADUAMAAAADYANAA1ADQAZgA2ADQAZAAAAE4AbwB0ACAAQQB2AGEAaQBsAGEAYgBsAGUAAABOAG8AdAAgAEEAdgBhAGkAbABhAGIAbABlAAAAOQAAADgAAAAxADYAMQA5ADEAAAA0ADAAOQAAAEQARQBTAEsAVABPAFAALQBMAEwARgA0AEgAQgA2AAAAAAA=</Binary>
</EventData>
</Event>

<Event xmlns="http://schemas.microsoft.com/win/2004/08/events/event"><System><Provider Name="Service Control Manager" Guid="{555908d1-a6d7-4695-8e1e-26931d2012f4}" EventSourceName="Service Control Manager"></Provider>
<EventID Qualifiers="16384">7040</EventID>
<Version>0</Version>
<Level>4</Level>
<Task>0</Task>
<Opcode>0</Opcode>
<Keywords>0x8080000000000000</Keywords>
<TimeCreated SystemTime="2024-06-30 07:00:05.832687+00:00"></TimeCreated>
<EventRecordID>300774</EventRecordID>
<Correlation ActivityID="" RelatedActivityID=""></Correlation>
<Execution ProcessID="1100" ThreadID="8140"></Execution>
<Channel>System</Channel>
<Computer>DESKTOP-LLF4HB6</Computer>
<Security UserID="S-1-5-18"></Security>
</System>
<EventData><Data Name="param1">Background Intelligent Transfer Service</Data>
<Data Name="param2">auto start</Data>
<Data Name="param3">demand start</Data>
<Data Name="param4">BITS</Data>
</EventData>
</Event>

<Event xmlns="http://schemas.microsoft.com/win/2004/08/events/event"><System><Provider Name="Microsoft-Windows-DNS-Client" Guid="{1c95126e-7eea-49a9-a3fe-a378b03ddb4d}"></Provider>
<EventID Qualifiers="">1014</EventID>
<Version>1</Version>
<Level>3</Level>
<Task>1014</Task>
<Opcode>0</Opcode>
<Keywords>0x4000000010000000</Keywords>
<TimeCreated SystemTime="2024-06-30 08:00:15.446304+00:00"></TimeCreated>
<EventRecordID>300775</EventRecordID>
<Correlation ActivityID="" RelatedActivityID=""></Correlation>
<Execution ProcessID="2520" ThreadID="16436"></Execution>
<Channel>System</Channel>
<Computer>DESKTOP-LLF4HB6</Computer>
<Security UserID="S-1-5-20"></Security>
</System>
<EventData><Data Name="QueryName">v10.events.data.microsoft.com</Data>
<Data Name="AddressLength">128</Data>
<Data Name="Address">AgAAAMCoAAEAAAAAAAAAAAAAAAAAAAAAAAAAAAAAAAAAAAAAAAAAAAAAAAAAAAAAAAAAAAAAAAAAAAAAAAAAAAAAAAAAAAAAAAAAAAAAAAAAAAAAAAAAAAAAAAAAAAAAAAAAAAAAAAAAAAAAAAAAAAAAAAAAAAAAAAAAAAAAAAA=</Data>
<Data Name="ClientPID">5588</Data>
</EventData>
</Event>

<Event xmlns="http://schemas.microsoft.com/win/2004/08/events/event"><System><Provider Name="Service Control Manager" Guid="{555908d1-a6d7-4695-8e1e-26931d2012f4}" EventSourceName="Service Control Manager"></Provider>
<EventID Qualifiers="16384">7040</EventID>
<Version>0</Version>
<Level>4</Level>
<Task>0</Task>
<Opcode>0</Opcode>
<Keywords>0x8080000000000000</Keywords>
<TimeCreated SystemTime="2024-06-30 08:04:53.328911+00:00"></TimeCreated>
<EventRecordID>300776</EventRecordID>
<Correlation ActivityID="" RelatedActivityID=""></Correlation>
<Execution ProcessID="1100" ThreadID="3036"></Execution>
<Channel>System</Channel>
<Computer>DESKTOP-LLF4HB6</Computer>
<Security UserID="S-1-5-18"></Security>
</System>
<EventData><Data Name="param1">Background Intelligent Transfer Service</Data>
<Data Name="param2">demand start</Data>
<Data Name="param3">auto start</Data>
<Data Name="param4">BITS</Data>
</EventData>
</Event>

<Event xmlns="http://schemas.microsoft.com/win/2004/08/events/event"><System><Provider Name="Microsoft-Windows-HttpService" Guid="{dd5ef90a-6398-47a4-ad34-4dcecdef795f}"></Provider>
<EventID Qualifiers="">113</EventID>
<Version>0</Version>
<Level>4</Level>
<Task>5</Task>
<Opcode>122</Opcode>
<Keywords>0x4000000000000040</Keywords>
<TimeCreated SystemTime="2024-06-30 08:04:57.791983+00:00"></TimeCreated>
<EventRecordID>300777</EventRecordID>
<Correlation ActivityID="" RelatedActivityID=""></Correlation>
<Execution ProcessID="11896" ThreadID="20900"></Execution>
<Channel>System</Channel>
<Computer>DESKTOP-LLF4HB6</Computer>
<Security UserID="S-1-5-19"></Security>
</System>
<EventData><Data Name="UrlGroupId">18302628911940370434</Data>
<Data Name="Url">http://*:2869/upnp/eventing/</Data>
<Data Name="Status">0</Data>
<Data Name="ProcessId">11896</Data>
<Data Name="ExecutablePath">\Device\HarddiskVolume3\Windows\System32\svchost.exe</Data>
<Data Name="UserSid">S-1-5-19</Data>
</EventData>
</Event>

<Event xmlns="http://schemas.microsoft.com/win/2004/08/events/event"><System><Provider Name="Microsoft-Windows-HttpService" Guid="{dd5ef90a-6398-47a4-ad34-4dcecdef795f}"></Provider>
<EventID Qualifiers="">114</EventID>
<Version>0</Version>
<Level>4</Level>
<Task>5</Task>
<Opcode>123</Opcode>
<Keywords>0x4000000000000040</Keywords>
<TimeCreated SystemTime="2024-06-30 08:05:02.380795+00:00"></TimeCreated>
<EventRecordID>300778</EventRecordID>
<Correlation ActivityID="" RelatedActivityID=""></Correlation>
<Execution ProcessID="11896" ThreadID="9108"></Execution>
<Channel>System</Channel>
<Computer>DESKTOP-LLF4HB6</Computer>
<Security UserID="S-1-5-19"></Security>
</System>
<EventData><Data Name="UrlGroupId">18302628911940370434</Data>
<Data Name="Url">http://*:2869/upnp/eventing/</Data>
<Data Name="ProcessId">11896</Data>
<Data Name="ExecutablePath">\Device\HarddiskVolume3\Windows\System32\svchost.exe</Data>
<Data Name="UserSid">S-1-5-19</Data>
</EventData>
</Event>

<Event xmlns="http://schemas.microsoft.com/win/2004/08/events/event"><System><Provider Name="Microsoft-Windows-HttpService" Guid="{dd5ef90a-6398-47a4-ad34-4dcecdef795f}"></Provider>
<EventID Qualifiers="">113</EventID>
<Version>0</Version>
<Level>4</Level>
<Task>5</Task>
<Opcode>122</Opcode>
<Keywords>0x4000000000000040</Keywords>
<TimeCreated SystemTime="2024-06-30 08:05:03.426054+00:00"></TimeCreated>
<EventRecordID>300779</EventRecordID>
<Correlation ActivityID="" RelatedActivityID=""></Correlation>
<Execution ProcessID="11896" ThreadID="9108"></Execution>
<Channel>System</Channel>
<Computer>DESKTOP-LLF4HB6</Computer>
<Security UserID="S-1-5-19"></Security>
</System>
<EventData><Data Name="UrlGroupId">18302628911940370435</Data>
<Data Name="Url">http://*:2869/upnp/eventing/</Data>
<Data Name="Status">0</Data>
<Data Name="ProcessId">11896</Data>
<Data Name="ExecutablePath">\Device\HarddiskVolume3\Windows\System32\svchost.exe</Data>
<Data Name="UserSid">S-1-5-19</Data>
</EventData>
</Event>

<Event xmlns="http://schemas.microsoft.com/win/2004/08/events/event"><System><Provider Name="Service Control Manager" Guid="{555908d1-a6d7-4695-8e1e-26931d2012f4}" EventSourceName="Service Control Manager"></Provider>
<EventID Qualifiers="16384">7040</EventID>
<Version>0</Version>
<Level>4</Level>
<Task>0</Task>
<Opcode>0</Opcode>
<Keywords>0x8080000000000000</Keywords>
<TimeCreated SystemTime="2024-06-30 08:07:25.642057+00:00"></TimeCreated>
<EventRecordID>300780</EventRecordID>
<Correlation ActivityID="" RelatedActivityID=""></Correlation>
<Execution ProcessID="1100" ThreadID="1956"></Execution>
<Channel>System</Channel>
<Computer>DESKTOP-LLF4HB6</Computer>
<Security UserID="S-1-5-18"></Security>
</System>
<EventData><Data Name="param1">Background Intelligent Transfer Service</Data>
<Data Name="param2">auto start</Data>
<Data Name="param3">demand start</Data>
<Data Name="param4">BITS</Data>
</EventData>
</Event>

<Event xmlns="http://schemas.microsoft.com/win/2004/08/events/event"><System><Provider Name="Microsoft-Windows-HttpService" Guid="{dd5ef90a-6398-47a4-ad34-4dcecdef795f}"></Provider>
<EventID Qualifiers="">114</EventID>
<Version>0</Version>
<Level>4</Level>
<Task>5</Task>
<Opcode>123</Opcode>
<Keywords>0x4000000000000040</Keywords>
<TimeCreated SystemTime="2024-06-30 08:07:25.664675+00:00"></TimeCreated>
<EventRecordID>300781</EventRecordID>
<Correlation ActivityID="" RelatedActivityID=""></Correlation>
<Execution ProcessID="11896" ThreadID="9108"></Execution>
<Channel>System</Channel>
<Computer>DESKTOP-LLF4HB6</Computer>
<Security UserID="S-1-5-19"></Security>
</System>
<EventData><Data Name="UrlGroupId">18302628911940370435</Data>
<Data Name="Url">http://*:2869/upnp/eventing/</Data>
<Data Name="ProcessId">11896</Data>
<Data Name="ExecutablePath">\Device\HarddiskVolume3\Windows\System32\svchost.exe</Data>
<Data Name="UserSid">S-1-5-19</Data>
</EventData>
</Event>

<Event xmlns="http://schemas.microsoft.com/win/2004/08/events/event"><System><Provider Name="Microsoft-Windows-DistributedCOM" Guid="{1B562E86-B7AA-4131-BADC-B6F3A001407E}" EventSourceName="DCOM"></Provider>
<EventID Qualifiers="0">10016</EventID>
<Version>0</Version>
<Level>3</Level>
<Task>0</Task>
<Opcode>0</Opcode>
<Keywords>0x8080000000000000</Keywords>
<TimeCreated SystemTime="2024-06-30 08:10:59.017103+00:00"></TimeCreated>
<EventRecordID>300782</EventRecordID>
<Correlation ActivityID="{56e03036-caa5-0004-a0b6-f956a5cada01}" RelatedActivityID=""></Correlation>
<Execution ProcessID="1508" ThreadID="21368"></Execution>
<Channel>System</Channel>
<Computer>DESKTOP-LLF4HB6</Computer>
<Security UserID="S-1-5-21-3356611828-2158967444-2878968500-1001"></Security>
</System>
<EventData><Data Name="param1">application-specific</Data>
<Data Name="param2">Local</Data>
<Data Name="param3">Activation</Data>
<Data Name="param4">{2593F8B9-4EAF-457C-B68A-50F6B8EA6B54}</Data>
<Data Name="param5">{15C20B67-12E7-4BB6-92BB-7AFF07997402}</Data>
<Data Name="param6">DESKTOP-LLF4HB6</Data>
<Data Name="param7">hp</Data>
<Data Name="param8">S-1-5-21-3356611828-2158967444-2878968500-1001</Data>
<Data Name="param9">LocalHost (Using LRPC)</Data>
<Data Name="param10">Unavailable</Data>
<Data Name="param11">Unavailable</Data>
</EventData>
</Event>

<Event xmlns="http://schemas.microsoft.com/win/2004/08/events/event"><System><Provider Name="Microsoft-Windows-DistributedCOM" Guid="{1B562E86-B7AA-4131-BADC-B6F3A001407E}" EventSourceName="DCOM"></Provider>
<EventID Qualifiers="0">10016</EventID>
<Version>0</Version>
<Level>3</Level>
<Task>0</Task>
<Opcode>0</Opcode>
<Keywords>0x8080000000000000</Keywords>
<TimeCreated SystemTime="2024-06-30 08:13:25.913576+00:00"></TimeCreated>
<EventRecordID>300783</EventRecordID>
<Correlation ActivityID="{56e03036-caa5-0006-a662-fa56a5cada01}" RelatedActivityID=""></Correlation>
<Execution ProcessID="1508" ThreadID="16464"></Execution>
<Channel>System</Channel>
<Computer>DESKTOP-LLF4HB6</Computer>
<Security UserID="S-1-5-21-3356611828-2158967444-2878968500-1001"></Security>
</System>
<EventData><Data Name="param1">application-specific</Data>
<Data Name="param2">Local</Data>
<Data Name="param3">Activation</Data>
<Data Name="param4">{2593F8B9-4EAF-457C-B68A-50F6B8EA6B54}</Data>
<Data Name="param5">{15C20B67-12E7-4BB6-92BB-7AFF07997402}</Data>
<Data Name="param6">DESKTOP-LLF4HB6</Data>
<Data Name="param7">hp</Data>
<Data Name="param8">S-1-5-21-3356611828-2158967444-2878968500-1001</Data>
<Data Name="param9">LocalHost (Using LRPC)</Data>
<Data Name="param10">Unavailable</Data>
<Data Name="param11">Unavailable</Data>
</EventData>
</Event>

<Event xmlns="http://schemas.microsoft.com/win/2004/08/events/event"><System><Provider Name="Tcpip"></Provider>
<EventID Qualifiers="32768">4266</EventID>
<Version>0</Version>
<Level>3</Level>
<Task>0</Task>
<Opcode>0</Opcode>
<Keywords>0x0080000000000000</Keywords>
<TimeCreated SystemTime="2024-06-30 08:17:45.269655+00:00"></TimeCreated>
<EventRecordID>300784</EventRecordID>
<Correlation ActivityID="" RelatedActivityID=""></Correlation>
<Execution ProcessID="4" ThreadID="20116"></Execution>
<Channel>System</Channel>
<Computer>DESKTOP-LLF4HB6</Computer>
<Security UserID=""></Security>
</System>
<EventData><Data>&lt;string&gt;&lt;/string&gt;
</Data>
<Binary>AAAAAAEAAAAAAAAAqhAAgAAAAAAAAAAAAAAAAAAAAAAAAAAAAAAAAA==</Binary>
</EventData>
</Event>

<Event xmlns="http://schemas.microsoft.com/win/2004/08/events/event"><System><Provider Name="Microsoft-Windows-Kernel-Power" Guid="{331c3b3a-2005-44c2-ac5e-77220c37d6b4}"></Provider>
<EventID Qualifiers="">105</EventID>
<Version>1</Version>
<Level>4</Level>
<Task>100</Task>
<Opcode>0</Opcode>
<Keywords>0x8000000000000404</Keywords>
<TimeCreated SystemTime="2024-06-30 08:26:33.039875+00:00"></TimeCreated>
<EventRecordID>300785</EventRecordID>
<Correlation ActivityID="" RelatedActivityID=""></Correlation>
<Execution ProcessID="4" ThreadID="22664"></Execution>
<Channel>System</Channel>
<Computer>DESKTOP-LLF4HB6</Computer>
<Security UserID="S-1-5-18"></Security>
</System>
<EventData><Data Name="AcOnline">False</Data>
<Data Name="RemainingCapacity">31035</Data>
<Data Name="FullChargeCapacity">33380</Data>
</EventData>
</Event>

<Event xmlns="http://schemas.microsoft.com/win/2004/08/events/event"><System><Provider Name="Microsoft-Windows-DNS-Client" Guid="{1c95126e-7eea-49a9-a3fe-a378b03ddb4d}"></Provider>
<EventID Qualifiers="">1014</EventID>
<Version>1</Version>
<Level>3</Level>
<Task>1014</Task>
<Opcode>0</Opcode>
<Keywords>0x4000000010000000</Keywords>
<TimeCreated SystemTime="2024-06-30 08:59:00.190685+00:00"></TimeCreated>
<EventRecordID>300786</EventRecordID>
<Correlation ActivityID="" RelatedActivityID=""></Correlation>
<Execution ProcessID="2520" ThreadID="17700"></Execution>
<Channel>System</Channel>
<Computer>DESKTOP-LLF4HB6</Computer>
<Security UserID="S-1-5-20"></Security>
</System>
<EventData><Data Name="QueryName">media.fisb7-1.fna.whatsapp.net</Data>
<Data Name="AddressLength">128</Data>
<Data Name="Address">AgAAAMCoAAEAAAAAAAAAAAAAAAAAAAAAAAAAAAAAAAAAAAAAAAAAAAAAAAAAAAAAAAAAAAAAAAAAAAAAAAAAAAAAAAAAAAAAAAAAAAAAAAAAAAAAAAAAAAAAAAAAAAAAAAAAAAAAAAAAAAAAAAAAAAAAAAAAAAAAAAAAAAAAAAA=</Data>
<Data Name="ClientPID">7792</Data>
</EventData>
</Event>

<Event xmlns="http://schemas.microsoft.com/win/2004/08/events/event"><System><Provider Name="nhi"></Provider>
<EventID Qualifiers="16388">9008</EventID>
<Version>0</Version>
<Level>4</Level>
<Task>0</Task>
<Opcode>0</Opcode>
<Keywords>0x0080000000000000</Keywords>
<TimeCreated SystemTime="2024-06-30 09:04:13.597174+00:00"></TimeCreated>
<EventRecordID>300787</EventRecordID>
<Correlation ActivityID="" RelatedActivityID=""></Correlation>
<Execution ProcessID="4" ThreadID="2872"></Execution>
<Channel>System</Channel>
<Computer>DESKTOP-LLF4HB6</Computer>
<Security UserID=""></Security>
</System>
<EventData><Data>&lt;string&gt;&lt;/string&gt;
</Data>
<Binary>AAAAAAEAAAAAAAAAMCMEQAAAAAAAAAAAAAAAAAAAAAAAAAAAAAAAAA==</Binary>
</EventData>
</Event>

<Event xmlns="http://schemas.microsoft.com/win/2004/08/events/event"><System><Provider Name="nhi"></Provider>
<EventID Qualifiers="16388">9007</EventID>
<Version>0</Version>
<Level>4</Level>
<Task>0</Task>
<Opcode>0</Opcode>
<Keywords>0x0080000000000000</Keywords>
<TimeCreated SystemTime="2024-06-30 09:04:29.513824+00:00"></TimeCreated>
<EventRecordID>300788</EventRecordID>
<Correlation ActivityID="" RelatedActivityID=""></Correlation>
<Execution ProcessID="4" ThreadID="21088"></Execution>
<Channel>System</Channel>
<Computer>DESKTOP-LLF4HB6</Computer>
<Security UserID=""></Security>
</System>
<EventData><Data>&lt;string&gt;&lt;/string&gt;
</Data>
<Binary>AAAAAAEAAAAAAAAALyMEQAAAAAAAAAAAAAAAAAAAAAAAAAAAAAAAAA==</Binary>
</EventData>
</Event>

<Event xmlns="http://schemas.microsoft.com/win/2004/08/events/event"><System><Provider Name="Microsoft-Windows-DNS-Client" Guid="{1c95126e-7eea-49a9-a3fe-a378b03ddb4d}"></Provider>
<EventID Qualifiers="">1014</EventID>
<Version>1</Version>
<Level>3</Level>
<Task>1014</Task>
<Opcode>0</Opcode>
<Keywords>0x4000000010000000</Keywords>
<TimeCreated SystemTime="2024-06-30 09:40:03.078106+00:00"></TimeCreated>
<EventRecordID>300789</EventRecordID>
<Correlation ActivityID="" RelatedActivityID=""></Correlation>
<Execution ProcessID="2520" ThreadID="17736"></Execution>
<Channel>System</Channel>
<Computer>DESKTOP-LLF4HB6</Computer>
<Security UserID="S-1-5-20"></Security>
</System>
<EventData><Data Name="QueryName">beacons.gcp.gvt2.com</Data>
<Data Name="AddressLength">128</Data>
<Data Name="Address">AgAAAMCoAAEAAAAAAAAAAAAAAAAAAAAAAAAAAAAAAAAAAAAAAAAAAAAAAAAAAAAAAAAAAAAAAAAAAAAAAAAAAAAAAAAAAAAAAAAAAAAAAAAAAAAAAAAAAAAAAAAAAAAAAAAAAAAAAAAAAAAAAAAAAAAAAAAAAAAAAAAAAAAAAAA=</Data>
<Data Name="ClientPID">15944</Data>
</EventData>
</Event>

<Event xmlns="http://schemas.microsoft.com/win/2004/08/events/event"><System><Provider Name="Netwtw10"></Provider>
<EventID Qualifiers="16384">7021</EventID>
<Version>0</Version>
<Level>4</Level>
<Task>0</Task>
<Opcode>0</Opcode>
<Keywords>0x0080000000000000</Keywords>
<TimeCreated SystemTime="2024-06-30 09:40:04.588057+00:00"></TimeCreated>
<EventRecordID>300790</EventRecordID>
<Correlation ActivityID="" RelatedActivityID=""></Correlation>
<Execution ProcessID="4" ThreadID="22632"></Execution>
<Channel>System</Channel>
<Computer>DESKTOP-LLF4HB6</Computer>
<Security UserID=""></Security>
</System>
<EventData><Data>&lt;string&gt;&lt;/string&gt;
</Data>
<Binary>AACAAAEArAAAAAAAbRsAQAAAAAAAAAAAAAAAAAAAAAAAAAAAAAAAAAAAAAAHAAAACgAAAKyExutyzgAAM3JkIEZsb29yIAAAAAAAAAAAAAAAAAAAAAAAAAAAAADRBQoAbNQxqAEAAAABAAAACQAAAAEAAABUUC1MaW5rAFRMLVdSODQANi4wAAAAAAAAAAAAAwcG1QQAAABVQQcBAgEAAAAAAAAAAAAA</Binary>
</EventData>
</Event>

